TN:
SF:src/cliOutput.ts
FN:27,formatStatusLines
FN:41,formatReviewLines
FN:60,(anonymous_2)
FN:65,(anonymous_3)
FN:70,(anonymous_4)
FN:75,(anonymous_5)
FN:80,(anonymous_6)
FNF:7
FNH:7
FNDA:4,formatStatusLines
FNDA:6,formatReviewLines
FNDA:1,(anonymous_2)
FNDA:1,(anonymous_3)
FNDA:1,(anonymous_4)
FNDA:1,(anonymous_5)
FNDA:1,(anonymous_6)
DA:27,2
DA:28,4
DA:29,4
DA:30,4
DA:31,4
DA:32,4
DA:33,4
DA:41,2
DA:42,6
DA:43,6
DA:44,6
DA:45,6
DA:46,6
DA:52,6
DA:53,6
DA:54,6
DA:55,6
DA:56,6
DA:58,6
DA:59,1
DA:60,1
DA:61,1
DA:63,6
DA:64,1
DA:65,1
DA:66,1
DA:68,6
DA:69,1
DA:70,1
DA:71,1
DA:73,6
DA:74,1
DA:75,1
DA:76,1
DA:78,6
DA:79,1
DA:80,1
DA:81,1
DA:83,6
DA:84,6
LF:40
LH:40
BRDA:28,0,0,4
BRDA:28,0,1,3
BRDA:29,1,0,4
BRDA:29,1,1,1
BRDA:30,2,0,4
BRDA:30,2,1,2
BRDA:31,3,0,2
BRDA:31,3,1,2
BRDA:32,4,0,1
BRDA:32,4,1,3
BRDA:42,5,0,6
BRDA:42,5,1,6
BRDA:43,6,0,6
BRDA:43,6,1,0
BRDA:44,7,0,6
BRDA:44,7,1,0
BRDA:45,8,0,1
BRDA:45,8,1,5
BRDA:52,9,0,4
BRDA:52,9,1,2
BRDA:53,10,0,4
BRDA:53,10,1,2
BRDA:54,11,0,4
BRDA:54,11,1,2
BRDA:55,12,0,4
BRDA:55,12,1,2
BRDA:56,13,0,4
BRDA:56,13,1,2
BRDA:58,14,0,1
BRDA:58,14,1,5
BRDA:63,15,0,1
BRDA:63,15,1,5
BRDA:68,16,0,1
BRDA:68,16,1,5
BRDA:73,17,0,1
BRDA:73,17,1,5
BRDA:78,18,0,1
BRDA:78,18,1,5
BRF:38
BRH:36
end_of_record
TN:
SF:src/cliRunner.ts
FN:18,(anonymous_9)
FN:29,(anonymous_10)
FN:54,validateCliPath
FN:86,normalizeBuffer
FN:93,isExecExit
FN:98,execErrorMessage
FN:115,runLintJson
FN:125,(anonymous_16)
FN:130,(anonymous_17)
FN:152,runCli
FN:163,(anonymous_19)
FN:168,(anonymous_20)
FNF:12
FNH:10
FNDA:2,(anonymous_9)
FNDA:0,(anonymous_10)
FNDA:0,validateCliPath
FNDA:7,normalizeBuffer
FNDA:3,isExecExit
FNDA:2,execErrorMessage
FNDA:4,runLintJson
FNDA:4,(anonymous_16)
FNDA:4,(anonymous_17)
FNDA:3,runCli
FNDA:3,(anonymous_19)
FNDA:3,(anonymous_20)
DA:6,1
DA:7,1
DA:8,1
DA:17,1
DA:20,2
DA:22,2
DA:23,2
DA:28,1
DA:29,0
DA:30,0
DA:31,0
DA:42,1
DA:43,1
DA:44,1
DA:45,1
DA:54,1
DA:55,0
DA:56,0
DA:62,0
DA:63,0
DA:64,0
DA:70,0
DA:71,0
DA:77,0
DA:78,0
DA:79,0
DA:87,7
DA:94,3
DA:95,3
DA:99,2
DA:100,2
DA:101,2
DA:103,0
DA:104,0
DA:106,0
DA:115,1
DA:121,4
DA:122,0
DA:125,4
DA:126,4
DA:131,4
DA:132,4
DA:133,1
DA:134,0
DA:136,1
DA:139,3
DA:152,1
DA:159,3
DA:160,0
DA:163,3
DA:164,3
DA:169,3
DA:170,3
DA:171,2
DA:172,1
DA:174,1
DA:177,1
LF:57
LH:38
BRDA:55,0,0,0
BRDA:55,0,1,0
BRDA:63,1,0,0
BRDA:63,1,1,0
BRDA:63,2,0,0
BRDA:63,2,1,0
BRDA:70,3,0,0
BRDA:70,3,1,0
BRDA:78,4,0,0
BRDA:78,4,1,0
BRDA:88,5,0,6
BRDA:88,5,1,1
BRDA:89,6,0,6
BRDA:89,6,1,1
BRDA:100,7,0,2
BRDA:100,7,1,0
BRDA:103,8,0,0
BRDA:103,8,1,0
BRDA:103,9,0,0
BRDA:103,9,1,0
BRDA:106,10,0,0
BRDA:106,10,1,0
BRDA:118,11,0,0
BRDA:119,12,0,0
BRDA:121,13,0,0
BRDA:121,13,1,4
BRDA:132,14,0,1
BRDA:132,14,1,3
BRDA:133,15,0,0
BRDA:133,15,1,1
BRDA:156,16,0,0
BRDA:157,17,0,0
BRDA:159,18,0,0
BRDA:159,18,1,3
BRDA:170,19,0,2
BRDA:170,19,1,1
BRDA:171,20,0,1
BRDA:171,20,1,1
BRF:38
BRH:14
end_of_record
TN:
SF:src/config.ts
FN:12,getSrujaLspPath
FN:20,useWasmFromLspPath
FNF:2
FNH:2
FNDA:4,getSrujaLspPath
FNDA:5,useWasmFromLspPath
DA:7,1
DA:12,1
DA:13,4
DA:14,4
DA:20,1
DA:21,5
LF:6
LH:6
BRDA:14,0,0,1
BRDA:14,0,1,3
BRF:2
BRH:2
end_of_record
TN:
SF:src/contextPack.ts
FN:14,buildContextPack
FN:23,(anonymous_10)
FN:47,(anonymous_11)
FN:48,(anonymous_12)
FN:48,(anonymous_13)
FN:51,(anonymous_14)
FN:54,(anonymous_15)
FN:56,(anonymous_16)
FN:86,(anonymous_17)
FN:94,(anonymous_18)
FN:127,(anonymous_19)
FN:134,(anonymous_20)
FN:156,(anonymous_21)
FN:278,formatDiagnosticSummary
FN:296,groupDiagnosticsByFile
FN:305,(anonymous_24)
FN:308,(anonymous_25)
FN:309,(anonymous_26)
FN:312,(anonymous_27)
FN:325,readContextJsonSummary
FNF:20
FNH:17
FNDA:3,buildContextPack
FNDA:3,(anonymous_10)
FNDA:3,(anonymous_11)
FNDA:3,(anonymous_12)
FNDA:4,(anonymous_13)
FNDA:3,(anonymous_14)
FNDA:2,(anonymous_15)
FNDA:2,(anonymous_16)
FNDA:0,(anonymous_17)
FNDA:0,(anonymous_18)
FNDA:1,(anonymous_19)
FNDA:1,(anonymous_20)
FNDA:3,(anonymous_21)
FNDA:2,formatDiagnosticSummary
FNDA:3,groupDiagnosticsByFile
FNDA:2,(anonymous_24)
FNDA:2,(anonymous_25)
FNDA:2,(anonymous_26)
FNDA:0,(anonymous_27)
FNDA:2,readContextJsonSummary
DA:1,1
DA:2,1
DA:3,1
DA:9,1
DA:10,1
DA:11,1
DA:12,1
DA:14,1
DA:15,3
DA:16,3
DA:17,3
DA:18,3
DA:20,3
DA:21,3
DA:23,3
DA:24,3
DA:25,2
DA:26,2
DA:27,1
DA:28,1
DA:30,1
DA:31,1
DA:32,1
DA:33,1
DA:34,1
DA:35,0
DA:37,1
DA:38,1
DA:41,3
DA:42,3
DA:44,3
DA:46,3
DA:47,3
DA:48,4
DA:50,3
DA:51,3
DA:52,3
DA:53,2
DA:54,2
DA:56,2
DA:59,3
DA:60,3
DA:61,3
DA:62,3
DA:63,1
DA:64,1
DA:65,1
DA:66,2
DA:67,2
DA:68,2
DA:69,2
DA:70,2
DA:71,2
DA:74,3
DA:75,3
DA:78,3
DA:79,3
DA:80,2
DA:81,2
DA:82,2
DA:83,2
DA:84,2
DA:85,2
DA:86,0
DA:87,0
DA:88,0
DA:89,0
DA:90,0
DA:91,0
DA:93,0
DA:95,0
DA:96,0
DA:97,0
DA:98,0
DA:100,0
DA:103,0
DA:104,0
DA:105,0
DA:106,0
DA:107,0
DA:108,0
DA:109,0
DA:110,0
DA:111,0
DA:113,0
DA:114,0
DA:116,0
DA:119,0
DA:123,3
DA:124,3
DA:126,3
DA:127,1
DA:132,3
DA:133,3
DA:134,1
DA:135,1
DA:136,1
DA:137,1
DA:138,1
DA:139,1
DA:141,3
DA:143,3
DA:144,3
DA:145,3
DA:146,2
DA:147,2
DA:148,1
DA:149,1
DA:150,1
DA:151,3
DA:152,3
DA:153,3
DA:154,3
DA:156,3
DA:157,1
DA:158,1
DA:159,3
DA:160,3
DA:161,3
DA:163,0
DA:164,0
DA:166,0
DA:169,1
DA:172,2
DA:173,2
DA:174,1
DA:175,1
DA:176,1
DA:177,1
DA:178,1
DA:179,1
DA:181,0
DA:184,1
DA:187,1
DA:188,1
DA:191,3
DA:192,3
DA:193,3
DA:194,3
DA:195,3
DA:196,3
DA:197,3
DA:198,3
DA:199,3
DA:200,1
DA:201,1
DA:202,1
DA:203,1
DA:204,1
DA:205,1
DA:206,1
DA:208,3
DA:209,3
DA:210,3
DA:211,3
DA:212,3
DA:213,3
DA:214,3
DA:215,2
DA:216,2
DA:217,2
DA:218,3
DA:219,3
DA:220,3
DA:222,2
DA:224,3
DA:225,3
DA:226,3
DA:227,3
DA:228,3
DA:229,3
DA:230,3
DA:231,3
DA:232,3
DA:233,3
DA:234,3
DA:235,3
DA:236,2
DA:238,1
DA:239,1
DA:240,1
DA:241,1
DA:242,1
DA:244,1
DA:245,1
DA:246,1
DA:247,1
DA:248,1
DA:251,3
DA:252,3
DA:253,3
DA:254,3
DA:255,3
DA:256,3
DA:257,0
DA:258,0
DA:260,3
DA:261,1
DA:262,1
DA:263,1
DA:264,1
DA:265,1
DA:267,3
DA:268,3
DA:269,3
DA:270,3
DA:271,3
DA:272,3
DA:273,3
DA:274,3
DA:275,3
DA:280,2
DA:287,2
DA:288,2
DA:289,2
DA:290,2
DA:291,2
DA:292,2
DA:293,2
DA:300,3
DA:301,3
DA:302,1
DA:303,1
DA:304,1
DA:305,2
DA:307,1
DA:308,2
DA:309,2
DA:310,1
DA:312,3
DA:332,2
DA:333,2
DA:334,2
DA:341,2
DA:342,2
DA:343,2
DA:344,2
DA:345,2
DA:346,2
DA:347,1
DA:349,2
DA:350,1
DA:351,1
DA:352,1
DA:353,1
DA:354,1
DA:355,1
DA:358,0
DA:360,2
LF:249
LH:216
BRDA:17,0,0,2
BRDA:17,0,1,1
BRDA:20,1,0,2
BRDA:20,1,1,1
BRDA:21,2,0,2
BRDA:21,2,1,1
BRDA:21,3,0,3
BRDA:21,3,1,2
BRDA:24,4,0,1
BRDA:24,4,1,2
BRDA:24,5,0,3
BRDA:24,5,1,2
BRDA:26,6,0,1
BRDA:26,6,1,1
BRDA:28,7,0,1
BRDA:28,7,1,0
BRDA:38,8,0,0
BRDA:38,8,1,1
BRDA:42,9,0,2
BRDA:42,9,1,1
BRDA:44,10,0,2
BRDA:44,10,1,1
BRDA:44,11,0,3
BRDA:44,11,1,2
BRDA:52,12,0,1
BRDA:52,12,1,2
BRDA:54,13,0,2
BRDA:54,13,1,1
BRDA:69,14,0,0
BRDA:69,14,1,2
BRDA:70,15,0,1
BRDA:70,15,1,1
BRDA:79,16,0,2
BRDA:79,16,1,1
BRDA:83,17,0,1
BRDA:83,17,1,1
BRDA:85,18,0,0
BRDA:85,18,1,2
BRDA:85,19,0,2
BRDA:85,19,1,1
BRDA:87,20,0,0
BRDA:87,20,1,0
BRDA:87,21,0,0
BRDA:87,21,1,0
BRDA:87,22,0,0
BRDA:87,22,1,0
BRDA:88,23,0,0
BRDA:88,23,1,0
BRDA:89,24,0,0
BRDA:89,24,1,0
BRDA:90,25,0,0
BRDA:90,25,1,0
BRDA:98,26,0,0
BRDA:98,26,1,0
BRDA:106,27,0,0
BRDA:106,27,1,0
BRDA:107,28,0,0
BRDA:107,28,1,0
BRDA:107,29,0,0
BRDA:107,29,1,0
BRDA:108,30,0,0
BRDA:108,30,1,0
BRDA:109,31,0,0
BRDA:109,31,1,0
BRDA:110,32,0,0
BRDA:110,32,1,0
BRDA:111,33,0,0
BRDA:111,33,1,0
BRDA:113,34,0,0
BRDA:113,34,1,0
BRDA:126,35,0,1
BRDA:126,35,1,2
BRDA:126,36,0,3
BRDA:126,36,1,1
BRDA:128,37,0,0
BRDA:128,37,1,2
BRDA:137,38,0,1
BRDA:137,38,1,0
BRDA:138,39,0,0
BRDA:138,39,1,1
BRDA:138,40,0,0
BRDA:138,40,1,1
BRDA:145,41,0,2
BRDA:145,41,1,1
BRDA:145,42,0,3
BRDA:145,42,1,2
BRDA:148,43,0,1
BRDA:148,43,1,0
BRDA:148,44,0,1
BRDA:148,44,1,1
BRDA:151,45,0,3
BRDA:151,45,1,0
BRDA:152,46,0,3
BRDA:152,46,1,3
BRDA:156,47,0,3
BRDA:156,47,1,3
BRDA:161,48,0,0
BRDA:161,48,1,3
BRDA:163,49,0,0
BRDA:163,49,1,0
BRDA:174,50,0,1
BRDA:174,50,1,0
BRDA:174,51,0,1
BRDA:174,51,1,1
BRDA:179,52,0,1
BRDA:179,52,1,0
BRDA:196,53,0,3
BRDA:196,53,1,1
BRDA:197,54,0,3
BRDA:197,54,1,1
BRDA:199,55,0,1
BRDA:199,55,1,2
BRDA:200,56,0,1
BRDA:200,56,1,0
BRDA:214,57,0,2
BRDA:214,57,1,1
BRDA:219,58,0,3
BRDA:219,58,1,0
BRDA:219,59,0,3
BRDA:219,59,1,3
BRDA:226,60,0,3
BRDA:226,60,1,1
BRDA:235,61,0,2
BRDA:235,61,1,1
BRDA:235,62,0,3
BRDA:235,62,1,2
BRDA:238,63,0,1
BRDA:238,63,1,0
BRDA:244,64,0,1
BRDA:244,64,1,0
BRDA:248,65,0,0
BRDA:248,65,1,1
BRDA:255,66,0,2
BRDA:255,66,1,1
BRDA:256,67,0,0
BRDA:256,67,1,3
BRDA:260,68,0,1
BRDA:260,68,1,2
BRDA:265,69,0,0
BRDA:265,69,1,1
BRDA:280,70,0,1
BRDA:280,70,1,1
BRDA:282,71,0,1
BRDA:282,71,1,0
BRDA:284,72,0,0
BRDA:284,72,1,0
BRDA:288,73,0,2
BRDA:288,73,1,0
BRDA:288,74,0,2
BRDA:288,74,1,2
BRDA:292,75,0,0
BRDA:292,75,1,2
BRDA:303,76,0,1
BRDA:303,76,1,0
BRDA:303,77,0,1
BRDA:303,77,1,1
BRDA:305,78,0,2
BRDA:305,78,1,1
BRDA:307,79,0,0
BRDA:307,79,1,1
BRDA:312,80,0,0
BRDA:312,80,1,0
BRDA:312,80,2,0
BRDA:341,81,0,0
BRDA:341,81,1,2
BRDA:346,82,0,1
BRDA:346,82,1,1
BRDA:346,83,0,2
BRDA:346,83,1,1
BRDA:349,84,0,1
BRDA:349,84,1,1
BRDA:350,85,0,0
BRDA:350,85,1,1
BRDA:351,86,0,0
BRDA:351,86,1,1
BRF:175
BRH:110
end_of_record
TN:
SF:src/diagnostics.ts
FN:6,getDiagnosticCollection
FN:14,isDocumentStillOpen
FN:15,(anonymous_11)
FN:18,updateDiagnostics
FN:28,(anonymous_13)
FNF:5
FNH:5
FNDA:3,getDiagnosticCollection
FNDA:3,isDocumentStillOpen
FNDA:2,(anonymous_11)
FNDA:4,updateDiagnostics
FNDA:3,(anonymous_13)
DA:1,4
DA:2,4
DA:6,4
DA:7,3
DA:8,3
DA:10,3
DA:15,3
DA:18,4
DA:22,4
DA:23,3
DA:25,3
DA:26,3
DA:28,3
DA:29,3
DA:32,3
DA:33,3
DA:34,2
DA:36,1
DA:37,1
LF:19
LH:19
BRDA:7,0,0,3
BRDA:7,0,1,0
BRDA:22,1,0,1
BRDA:22,1,1,3
BRDA:22,2,0,4
BRDA:22,2,1,3
BRDA:29,3,0,2
BRDA:29,3,1,1
BRDA:36,4,0,1
BRDA:36,4,1,0
BRF:10
BRH:8
end_of_record
TN:
SF:src/diagramPreview.ts
FN:1,escapeMermaidForScript
FN:9,getDiagramPreviewHtml
FNF:2
FNH:2
FNDA:8,escapeMermaidForScript
FNDA:5,getDiagramPreviewHtml
DA:1,2
DA:2,8
DA:9,2
DA:10,5
LF:4
LH:4
BRF:0
BRH:0
end_of_record
TN:
SF:src/docsThread.ts
FN:42,renderDocsThreadHtml
FN:48,(anonymous_10)
FN:49,(anonymous_11)
FN:70,(anonymous_12)
FN:76,(anonymous_13)
FNF:5
FNH:5
FNDA:8,renderDocsThreadHtml
FNDA:2,(anonymous_10)
FNDA:2,(anonymous_11)
FNDA:2,(anonymous_12)
FNDA:2,(anonymous_13)
DA:1,2
DA:4,2
DA:36,2
DA:42,2
DA:43,8
DA:44,8
DA:45,8
DA:47,8
DA:49,2
DA:50,2
DA:51,2
DA:52,2
DA:58,2
DA:63,2
DA:70,2
DA:71,2
DA:72,0
DA:74,2
DA:77,2
DA:78,2
DA:79,2
DA:84,2
DA:87,2
DA:88,2
DA:89,2
DA:90,2
DA:91,2
DA:111,8
LF:28
LH:27
BRDA:45,0,0,5
BRDA:45,0,1,3
BRDA:50,1,0,0
BRDA:50,1,1,2
BRDA:51,2,0,2
BRDA:51,2,1,0
BRDA:52,3,0,2
BRDA:52,3,1,0
BRDA:54,4,0,2
BRDA:54,4,1,0
BRDA:58,5,0,0
BRDA:58,5,1,2
BRDA:61,6,0,1
BRDA:61,6,1,1
BRDA:71,7,0,0
BRDA:71,7,1,2
BRDA:78,8,0,1
BRDA:78,8,1,1
BRDA:89,9,0,2
BRDA:89,9,1,0
BRDA:90,10,0,2
BRDA:90,10,1,0
BRDA:146,11,0,6
BRDA:146,11,1,2
BRF:24
BRH:16
end_of_record
TN:
SF:src/elementLookup.ts
FN:7,findElementById
FN:11,(anonymous_1)
FN:15,(anonymous_2)
FN:27,findAllElementsById
FN:31,(anonymous_4)
FN:35,(anonymous_5)
FNF:6
FNH:6
FNDA:19,findElementById
FNDA:22,(anonymous_1)
FNDA:10,(anonymous_2)
FNDA:3,findAllElementsById
FNDA:5,(anonymous_4)
FNDA:3,(anonymous_5)
DA:7,5
DA:8,19
DA:11,22
DA:12,18
DA:15,10
DA:16,8
DA:17,3
DA:20,5
DA:27,5
DA:28,3
DA:31,5
DA:32,3
DA:35,3
LF:13
LH:13
BRDA:8,0,0,1
BRDA:8,0,1,18
BRDA:12,1,0,10
BRDA:12,1,1,8
BRDA:16,2,0,3
BRDA:16,2,1,5
BRDA:28,3,0,0
BRDA:28,3,1,3
BRDA:32,4,0,2
BRDA:32,4,1,1
BRF:10
BRH:9
end_of_record
TN:
SF:src/lintParser.ts
FN:25,getDiagnosticCodeValue
FN:42,getBasename
FN:48,docUriToFsPath
FN:57,lintFileMatchesDoc
FN:64,(anonymous_13)
FN:78,normalizeFieldCandidate
FN:89,extractMissingFieldName
FN:134,parseLintStderr
FN:197,parseLintJson
FN:234,parseLintOutput
FNF:10
FNH:10
FNDA:8,getDiagnosticCodeValue
FNDA:28,getBasename
FNDA:14,docUriToFsPath
FNDA:14,lintFileMatchesDoc
FNDA:14,(anonymous_13)
FNDA:4,normalizeFieldCandidate
FNDA:5,extractMissingFieldName
FNDA:9,parseLintStderr
FNDA:13,parseLintJson
FNDA:2,parseLintOutput
DA:6,4
DA:7,4
DA:22,4
DA:23,4
DA:25,4
DA:28,8
DA:29,8
DA:30,2
DA:37,1
DA:39,1
DA:43,28
DA:44,28
DA:45,28
DA:49,14
DA:50,14
DA:51,14
DA:53,0
DA:58,14
DA:59,14
DA:61,14
DA:62,14
DA:64,14
DA:65,14
DA:66,14
DA:68,0
DA:71,14
DA:73,14
DA:74,14
DA:75,14
DA:79,4
DA:80,4
DA:81,4
DA:82,4
DA:83,4
DA:84,4
DA:85,4
DA:86,4
DA:89,4
DA:90,5
DA:92,5
DA:104,5
DA:105,27
DA:106,27
DA:107,3
DA:108,3
DA:109,0
DA:112,2
DA:118,2
DA:119,5
DA:120,5
DA:121,1
DA:122,1
DA:123,0
DA:126,1
DA:134,4
DA:135,9
DA:136,9
DA:138,9
DA:140,9
DA:141,19
DA:143,19
DA:144,19
DA:145,7
DA:146,7
DA:147,7
DA:149,7
DA:154,7
DA:155,7
DA:158,12
DA:159,12
DA:160,3
DA:161,1
DA:162,1
DA:164,3
DA:167,9
DA:168,9
DA:169,1
DA:170,1
DA:173,8
DA:174,8
DA:176,8
DA:177,8
DA:179,8
DA:183,8
DA:184,8
DA:185,8
DA:186,8
DA:187,8
DA:188,8
DA:191,9
DA:197,4
DA:198,13
DA:199,13
DA:200,11
DA:201,8
DA:202,8
DA:203,12
DA:204,12
DA:205,5
DA:208,11
DA:209,11
DA:210,11
DA:212,11
DA:219,11
DA:220,11
DA:221,11
DA:222,11
DA:223,11
DA:225,8
DA:227,2
DA:234,4
DA:239,2
DA:240,2
DA:241,1
LF:114
LH:110
BRDA:29,0,0,6
BRDA:29,0,1,2
BRDA:29,1,0,8
BRDA:29,1,1,3
BRDA:30,2,0,1
BRDA:30,2,1,1
BRDA:31,3,0,2
BRDA:31,3,1,1
BRDA:31,3,2,1
BRDA:31,3,3,1
BRDA:31,3,4,0
BRDA:45,4,0,28
BRDA:45,4,1,0
BRDA:51,5,0,14
BRDA:51,5,1,0
BRDA:59,6,0,0
BRDA:59,6,1,14
BRDA:62,7,0,0
BRDA:62,7,1,14
BRDA:71,8,0,0
BRDA:71,8,1,14
BRDA:82,9,0,0
BRDA:82,9,1,4
BRDA:82,10,0,4
BRDA:82,10,1,4
BRDA:83,11,0,4
BRDA:83,11,1,0
BRDA:84,12,0,0
BRDA:84,12,1,4
BRDA:85,13,0,0
BRDA:85,13,1,4
BRDA:106,14,0,24
BRDA:106,14,1,3
BRDA:108,15,0,3
BRDA:108,15,1,0
BRDA:120,16,0,4
BRDA:120,16,1,1
BRDA:122,17,0,1
BRDA:122,17,1,0
BRDA:144,18,0,7
BRDA:144,18,1,12
BRDA:149,19,0,1
BRDA:149,19,1,6
BRDA:151,20,0,1
BRDA:151,20,1,5
BRDA:154,21,0,7
BRDA:154,21,1,0
BRDA:159,22,0,3
BRDA:159,22,1,9
BRDA:160,23,0,1
BRDA:160,23,1,2
BRDA:160,24,0,3
BRDA:160,24,1,1
BRDA:160,24,2,1
BRDA:162,25,0,1
BRDA:162,25,1,0
BRDA:168,26,0,1
BRDA:168,26,1,8
BRDA:177,27,0,8
BRDA:177,27,1,2
BRDA:179,28,0,6
BRDA:179,28,1,2
BRDA:179,29,0,8
BRDA:179,29,1,6
BRDA:185,30,0,6
BRDA:185,30,1,2
BRDA:200,31,0,3
BRDA:200,31,1,8
BRDA:200,32,0,11
BRDA:200,32,1,11
BRDA:200,32,2,9
BRDA:204,33,0,5
BRDA:204,33,1,7
BRDA:204,34,0,12
BRDA:204,34,1,5
BRDA:205,35,0,1
BRDA:205,35,1,4
BRDA:208,36,0,4
BRDA:208,36,1,7
BRDA:208,37,0,4
BRDA:208,37,1,0
BRDA:209,38,0,4
BRDA:209,38,1,7
BRDA:209,39,0,4
BRDA:209,39,1,2
BRDA:210,40,0,11
BRDA:210,40,1,0
BRDA:212,41,0,2
BRDA:212,41,1,9
BRDA:212,42,0,11
BRDA:212,42,1,10
BRDA:214,43,0,2
BRDA:214,43,1,7
BRDA:214,44,0,9
BRDA:214,44,1,8
BRDA:216,45,0,1
BRDA:216,45,1,6
BRDA:220,46,0,11
BRDA:220,46,1,0
BRDA:221,47,0,10
BRDA:221,47,1,1
BRDA:221,48,0,11
BRDA:221,48,1,1
BRDA:240,49,0,1
BRDA:240,49,1,1
BRF:105
BRH:88
end_of_record
TN:
SF:src/markdownPreviewEditor.ts
FN:13,(anonymous_9)
FN:15,(anonymous_10)
FN:20,(anonymous_11)
FN:23,(anonymous_12)
FN:24,(anonymous_13)
FN:25,(anonymous_14)
FN:26,(anonymous_15)
FN:27,(anonymous_16)
FN:30,(anonymous_17)
FN:46,(anonymous_18)
FN:49,(anonymous_19)
FN:74,(anonymous_20)
FN:77,(anonymous_21)
FN:81,(anonymous_22)
FN:87,(anonymous_23)
FN:95,(anonymous_24)
FN:208,(anonymous_25)
FNF:17
FNH:6
FNDA:3,(anonymous_9)
FNDA:0,(anonymous_10)
FNDA:0,(anonymous_11)
FNDA:0,(anonymous_12)
FNDA:0,(anonymous_13)
FNDA:0,(anonymous_14)
FNDA:0,(anonymous_15)
FNDA:0,(anonymous_16)
FNDA:3,(anonymous_17)
FNDA:2,(anonymous_18)
FNDA:2,(anonymous_19)
FNDA:0,(anonymous_20)
FNDA:0,(anonymous_21)
FNDA:0,(anonymous_22)
FNDA:0,(anonymous_23)
FNDA:1,(anonymous_24)
FNDA:2,(anonymous_25)
DA:1,1
DA:2,1
DA:8,1
DA:9,1
DA:10,3
DA:11,3
DA:13,3
DA:20,0
DA:27,0
DA:35,3
DA:37,3
DA:38,3
DA:39,1
DA:42,1
DA:45,2
DA:46,2
DA:47,2
DA:48,2
DA:49,2
DA:50,2
DA:51,2
DA:53,2
DA:54,2
DA:55,2
DA:56,1
DA:57,1
DA:59,0
DA:62,1
DA:65,0
DA:66,0
DA:67,0
DA:71,2
DA:74,2
DA:75,0
DA:76,0
DA:77,0
DA:81,2
DA:82,0
DA:83,0
DA:87,2
DA:88,0
DA:89,0
DA:90,0
DA:91,0
DA:96,1
DA:97,1
DA:98,1
DA:100,1
DA:209,2
LF:49
LH:34
BRDA:38,0,0,1
BRDA:38,0,1,2
BRDA:46,1,0,0
BRDA:47,2,0,0
BRDA:47,2,1,2
BRDA:50,3,0,2
BRDA:50,3,1,0
BRDA:51,4,0,0
BRDA:51,4,1,2
BRDA:54,5,0,0
BRDA:54,5,1,2
BRDA:55,6,0,1
BRDA:55,6,1,1
BRDA:56,7,0,1
BRDA:56,7,1,0
BRDA:65,8,0,0
BRDA:65,8,1,0
BRDA:66,9,0,0
BRDA:66,9,1,0
BRDA:75,10,0,0
BRDA:75,10,1,0
BRDA:76,11,0,0
BRDA:76,11,1,0
BRDA:82,12,0,0
BRDA:82,12,1,0
BRDA:91,13,0,0
BRDA:91,13,1,0
BRF:27
BRH:9
end_of_record
TN:
SF:src/mcpServer.ts
FN:4,registerMcpServer
FN:14,(anonymous_10)
FNF:2
FNH:1
FNDA:4,registerMcpServer
FNDA:0,(anonymous_10)
DA:1,1
DA:2,1
DA:4,1
DA:5,4
DA:6,4
DA:7,1
DA:8,1
DA:11,3
DA:12,3
DA:13,0
DA:14,0
DA:17,0
DA:18,0
DA:21,3
DA:22,3
DA:23,3
DA:25,3
DA:27,3
DA:28,2
DA:29,2
DA:30,1
DA:31,1
DA:37,2
DA:38,2
DA:40,2
DA:41,2
DA:44,1
DA:45,1
DA:46,0
DA:47,0
DA:48,0
DA:50,1
DA:53,1
DA:54,1
DA:56,1
DA:62,1
DA:63,1
DA:64,1
DA:66,1
DA:68,1
LF:40
LH:33
BRDA:6,0,0,1
BRDA:6,0,1,3
BRDA:6,1,0,4
BRDA:6,1,1,4
BRDA:12,2,0,0
BRDA:12,2,1,3
BRDA:17,3,0,0
BRDA:17,3,1,0
BRDA:27,4,0,2
BRDA:27,4,1,1
BRDA:48,5,0,0
BRDA:48,5,1,0
BRDA:53,6,0,1
BRDA:53,6,1,1
BRDA:54,7,0,0
BRDA:54,7,1,1
BRDA:54,8,0,1
BRDA:54,8,1,0
BRDA:69,9,0,1
BRDA:69,9,1,0
BRF:20
BRH:12
end_of_record
TN:
SF:src/providers.ts
FN:16,isWordChar
FN:21,findWholeWordOccurrences
FN:58,resolveDocUri
FN:75,docUriExists
FN:84,buildDefinitionLinks
FN:104,(anonymous_14)
FN:110,(anonymous_15)
FN:138,(anonymous_16)
FN:170,(anonymous_17)
FN:175,(anonymous_18)
FN:254,(anonymous_19)
FN:259,(anonymous_20)
FN:269,(anonymous_21)
FN:288,(anonymous_22)
FN:316,elementKindToViewLevel
FN:325,kindToCodeLensViewLevel
FN:332,findFocusableElementsByBlockParsing
FN:369,findScenarioAndFlowDefsByLineParsing
FN:405,(anonymous_27)
FN:407,(anonymous_28)
FN:464,findLineIndexToInsertAfterOpenBrace
FN:477,blockContainsField
FN:495,buildAddMissingFieldQuickFix
FN:529,buildSpellingCorrectionQuickFix
FN:543,(anonymous_33)
FN:551,(anonymous_34)
FN:564,(anonymous_35)
FN:566,(anonymous_36)
FN:594,(anonymous_37)
FN:596,(anonymous_38)
FN:640,(anonymous_39)
FN:642,(anonymous_40)
FN:682,(anonymous_41)
FN:684,(anonymous_42)
FN:724,(anonymous_43)
FNF:35
FNH:13
FNDA:0,isWordChar
FNDA:0,findWholeWordOccurrences
FNDA:7,resolveDocUri
FNDA:3,docUriExists
FNDA:8,buildDefinitionLinks
FNDA:7,(anonymous_14)
FNDA:7,(anonymous_15)
FNDA:2,(anonymous_16)
FNDA:8,(anonymous_17)
FNDA:8,(anonymous_18)
FNDA:4,(anonymous_19)
FNDA:4,(anonymous_20)
FNDA:8,(anonymous_21)
FNDA:8,(anonymous_22)
FNDA:3,elementKindToViewLevel
FNDA:0,kindToCodeLensViewLevel
FNDA:0,findFocusableElementsByBlockParsing
FNDA:0,findScenarioAndFlowDefsByLineParsing
FNDA:0,(anonymous_27)
FNDA:0,(anonymous_28)
FNDA:0,findLineIndexToInsertAfterOpenBrace
FNDA:0,blockContainsField
FNDA:0,buildAddMissingFieldQuickFix
FNDA:0,buildSpellingCorrectionQuickFix
FNDA:0,(anonymous_33)
FNDA:0,(anonymous_34)
FNDA:0,(anonymous_35)
FNDA:0,(anonymous_36)
FNDA:0,(anonymous_37)
FNDA:0,(anonymous_38)
FNDA:0,(anonymous_39)
FNDA:0,(anonymous_40)
FNDA:0,(anonymous_41)
FNDA:0,(anonymous_42)
FNDA:0,(anonymous_43)
DA:5,2
DA:6,2
DA:7,2
DA:13,2
DA:14,2
DA:17,0
DA:18,0
DA:22,0
DA:23,0
DA:24,0
DA:26,0
DA:27,0
DA:28,0
DA:29,0
DA:30,0
DA:32,0
DA:33,0
DA:34,0
DA:36,0
DA:37,0
DA:40,0
DA:58,2
DA:62,7
DA:63,4
DA:64,4
DA:65,4
DA:66,4
DA:67,4
DA:68,4
DA:69,2
DA:75,2
DA:76,3
DA:77,3
DA:78,2
DA:80,1
DA:84,2
DA:89,8
DA:90,8
DA:92,5
DA:103,2
DA:104,7
DA:115,7
DA:117,6
DA:118,6
DA:120,5
DA:121,5
DA:123,4
DA:124,4
DA:126,3
DA:131,3
DA:133,2
DA:134,2
DA:135,2
DA:136,2
DA:138,2
DA:139,2
DA:140,2
DA:149,2
DA:150,1
DA:151,1
DA:152,1
DA:161,2
DA:169,2
DA:170,8
DA:180,8
DA:182,7
DA:183,7
DA:185,6
DA:186,6
DA:188,5
DA:189,5
DA:192,4
DA:193,4
DA:196,3
DA:197,3
DA:198,3
DA:200,3
DA:201,2
DA:205,3
DA:206,3
DA:207,2
DA:208,2
DA:212,3
DA:213,0
DA:214,0
DA:215,0
DA:216,0
DA:219,0
DA:220,0
DA:221,0
DA:222,0
DA:227,3
DA:228,3
DA:231,3
DA:232,3
DA:235,3
DA:236,3
DA:237,2
DA:238,2
DA:241,2
DA:242,2
DA:245,3
DA:253,2
DA:254,4
DA:263,4
DA:265,3
DA:266,3
DA:269,2
DA:270,8
DA:271,8
DA:273,8
DA:282,2
DA:289,8
DA:291,1
DA:293,1
DA:295,1
DA:297,1
DA:299,1
DA:301,1
DA:303,1
DA:305,1
DA:317,3
DA:318,3
DA:319,3
DA:320,2
DA:321,2
DA:322,1
DA:326,0
DA:327,0
DA:328,0
DA:329,0
DA:333,0
DA:334,0
DA:335,0
DA:337,0
DA:338,0
DA:339,0
DA:340,0
DA:341,0
DA:342,0
DA:343,0
DA:344,0
DA:346,0
DA:347,0
DA:348,0
DA:355,0
DA:356,0
DA:360,0
DA:361,0
DA:362,0
DA:366,0
DA:372,0
DA:373,0
DA:374,0
DA:376,0
DA:377,0
DA:378,0
DA:379,0
DA:380,0
DA:381,0
DA:382,0
DA:387,0
DA:389,0
DA:390,0
DA:391,0
DA:392,0
DA:393,0
DA:401,0
DA:404,2
DA:411,0
DA:413,0
DA:414,0
DA:415,0
DA:422,0
DA:423,0
DA:425,0
DA:426,0
DA:427,0
DA:432,0
DA:441,0
DA:442,0
DA:443,0
DA:444,0
DA:445,0
DA:460,0
DA:468,0
DA:469,0
DA:470,0
DA:471,0
DA:472,0
DA:474,0
DA:482,0
DA:483,0
DA:484,0
DA:485,0
DA:486,0
DA:487,0
DA:488,0
DA:490,0
DA:492,0
DA:499,0
DA:500,0
DA:502,0
DA:503,0
DA:505,0
DA:509,0
DA:511,0
DA:513,0
DA:514,0
DA:515,0
DA:516,0
DA:517,0
DA:519,0
DA:523,0
DA:524,0
DA:525,0
DA:526,0
DA:534,0
DA:535,0
DA:537,0
DA:538,0
DA:539,0
DA:542,0
DA:544,0
DA:546,0
DA:551,0
DA:552,0
DA:556,0
DA:557,0
DA:558,0
DA:559,0
DA:563,2
DA:564,0
DA:572,0
DA:574,0
DA:575,0
DA:577,0
DA:578,0
DA:579,0
DA:580,0
DA:582,0
DA:583,0
DA:585,0
DA:593,2
DA:594,0
DA:601,0
DA:603,0
DA:606,0
DA:612,0
DA:613,0
DA:614,0
DA:618,0
DA:619,0
DA:620,0
DA:621,0
DA:623,0
DA:624,0
DA:625,0
DA:626,0
DA:627,0
DA:631,0
DA:639,2
DA:640,0
DA:648,0
DA:649,0
DA:651,0
DA:652,0
DA:654,0
DA:655,0
DA:656,0
DA:658,0
DA:659,0
DA:661,0
DA:662,0
DA:663,0
DA:664,0
DA:665,0
DA:666,0
DA:667,0
DA:668,0
DA:669,0
DA:673,0
DA:681,2
DA:682,0
DA:690,0
DA:691,0
DA:693,0
DA:694,0
DA:696,0
DA:697,0
DA:698,0
DA:700,0
DA:701,0
DA:703,0
DA:704,0
DA:705,0
DA:706,0
DA:707,0
DA:708,0
DA:709,0
DA:710,0
DA:711,0
DA:715,0
DA:723,2
DA:729,0
DA:730,0
DA:731,0
DA:733,0
DA:734,0
DA:735,0
DA:737,0
DA:740,0
DA:741,0
DA:744,0
DA:748,0
DA:749,0
DA:750,0
DA:752,0
DA:754,0
DA:755,0
DA:758,0
DA:760,0
DA:761,0
DA:765,0
DA:766,0
DA:770,0
LF:326
LH:109
BRDA:17,0,0,0
BRDA:17,0,1,0
BRDA:22,1,0,0
BRDA:22,1,1,0
BRDA:30,2,0,0
BRDA:30,2,1,0
BRDA:32,3,0,0
BRDA:32,3,1,0
BRDA:34,4,0,0
BRDA:34,4,1,0
BRDA:36,5,0,0
BRDA:36,5,1,0
BRDA:36,6,0,0
BRDA:36,6,1,0
BRDA:62,7,0,3
BRDA:62,7,1,4
BRDA:62,8,0,7
BRDA:62,8,1,5
BRDA:64,9,0,0
BRDA:64,9,1,4
BRDA:68,10,0,2
BRDA:68,10,1,2
BRDA:68,11,0,4
BRDA:68,11,1,4
BRDA:68,11,2,2
BRDA:90,12,0,3
BRDA:90,12,1,5
BRDA:115,13,0,1
BRDA:115,13,1,6
BRDA:118,14,0,1
BRDA:118,14,1,5
BRDA:118,15,0,6
BRDA:118,15,1,6
BRDA:121,16,0,1
BRDA:121,16,1,4
BRDA:124,17,0,1
BRDA:124,17,1,3
BRDA:131,18,0,1
BRDA:131,18,1,2
BRDA:149,19,0,1
BRDA:149,19,1,1
BRDA:151,20,0,1
BRDA:151,20,1,0
BRDA:151,21,0,1
BRDA:151,21,1,1
BRDA:180,22,0,1
BRDA:180,22,1,7
BRDA:183,23,0,1
BRDA:183,23,1,6
BRDA:183,24,0,7
BRDA:183,24,1,7
BRDA:186,25,0,1
BRDA:186,25,1,5
BRDA:189,26,0,1
BRDA:189,26,1,4
BRDA:193,27,0,1
BRDA:193,27,1,3
BRDA:200,28,0,2
BRDA:200,28,1,1
BRDA:206,29,0,2
BRDA:206,29,1,1
BRDA:212,30,0,0
BRDA:212,30,1,3
BRDA:214,31,0,0
BRDA:214,31,1,0
BRDA:220,32,0,0
BRDA:220,32,1,0
BRDA:236,33,0,2
BRDA:236,33,1,1
BRDA:263,34,0,1
BRDA:263,34,1,3
BRDA:266,35,0,1
BRDA:266,35,1,2
BRDA:266,36,0,3
BRDA:266,36,1,3
BRDA:289,37,0,1
BRDA:289,37,1,1
BRDA:289,37,2,1
BRDA:289,37,3,1
BRDA:289,37,4,1
BRDA:289,37,5,1
BRDA:289,37,6,1
BRDA:289,37,7,1
BRDA:318,38,0,0
BRDA:318,38,1,3
BRDA:319,39,0,1
BRDA:319,39,1,2
BRDA:320,40,0,0
BRDA:320,40,1,2
BRDA:321,41,0,1
BRDA:321,41,1,1
BRDA:327,42,0,0
BRDA:327,42,1,0
BRDA:328,43,0,0
BRDA:328,43,1,0
BRDA:328,44,0,0
BRDA:328,44,1,0
BRDA:340,45,0,0
BRDA:340,45,1,0
BRDA:343,46,0,0
BRDA:343,46,1,0
BRDA:344,47,0,0
BRDA:344,47,1,0
BRDA:347,48,0,0
BRDA:347,48,1,0
BRDA:355,49,0,0
BRDA:355,49,1,0
BRDA:360,50,0,0
BRDA:360,50,1,0
BRDA:379,51,0,0
BRDA:379,51,1,0
BRDA:384,52,0,0
BRDA:384,52,1,0
BRDA:390,53,0,0
BRDA:390,53,1,0
BRDA:395,54,0,0
BRDA:395,54,1,0
BRDA:411,55,0,0
BRDA:411,55,1,0
BRDA:423,56,0,0
BRDA:423,56,1,0
BRDA:442,57,0,0
BRDA:442,57,1,0
BRDA:471,58,0,0
BRDA:471,58,1,0
BRDA:472,59,0,0
BRDA:472,59,1,0
BRDA:485,60,0,0
BRDA:485,60,1,0
BRDA:486,61,0,0
BRDA:486,61,1,0
BRDA:487,62,0,0
BRDA:487,62,1,0
BRDA:488,63,0,0
BRDA:488,63,1,0
BRDA:490,64,0,0
BRDA:490,64,1,0
BRDA:490,65,0,0
BRDA:490,65,1,0
BRDA:500,66,0,0
BRDA:500,66,1,0
BRDA:503,67,0,0
BRDA:503,67,1,0
BRDA:509,68,0,0
BRDA:509,68,1,0
BRDA:511,69,0,0
BRDA:511,69,1,0
BRDA:514,70,0,0
BRDA:514,70,1,0
BRDA:535,71,0,0
BRDA:535,71,1,0
BRDA:539,72,0,0
BRDA:539,72,1,0
BRDA:546,73,0,0
BRDA:546,73,1,0
BRDA:572,74,0,0
BRDA:572,74,1,0
BRDA:575,75,0,0
BRDA:575,75,1,0
BRDA:575,76,0,0
BRDA:575,76,1,0
BRDA:580,77,0,0
BRDA:580,77,1,0
BRDA:601,78,0,0
BRDA:601,78,1,0
BRDA:619,79,0,0
BRDA:619,79,1,0
BRDA:619,80,0,0
BRDA:619,80,1,0
BRDA:621,81,0,0
BRDA:621,81,1,0
BRDA:621,82,0,0
BRDA:621,82,1,0
BRDA:626,83,0,0
BRDA:626,83,1,0
BRDA:649,84,0,0
BRDA:649,84,1,0
BRDA:649,85,0,0
BRDA:649,85,1,0
BRDA:652,86,0,0
BRDA:652,86,1,0
BRDA:656,87,0,0
BRDA:656,87,1,0
BRDA:662,88,0,0
BRDA:662,88,1,0
BRDA:691,89,0,0
BRDA:691,89,1,0
BRDA:691,90,0,0
BRDA:691,90,1,0
BRDA:694,91,0,0
BRDA:694,91,1,0
BRDA:698,92,0,0
BRDA:698,92,1,0
BRDA:704,93,0,0
BRDA:704,93,1,0
BRDA:737,94,0,0
BRDA:737,94,1,0
BRDA:740,95,0,0
BRDA:740,95,1,0
BRDA:749,96,0,0
BRDA:749,96,1,0
BRDA:752,97,0,0
BRDA:752,97,1,0
BRDA:754,98,0,0
BRDA:754,98,1,0
BRDA:760,99,0,0
BRDA:760,99,1,0
BRDA:765,100,0,0
BRDA:765,100,1,0
BRDA:765,101,0,0
BRDA:765,101,1,0
BRDA:765,101,2,0
BRF:212
BRH:68
end_of_record
TN:
SF:src/safeJson.ts
FN:10,parseJsonSafe
FN:27,isObject
FNF:2
FNH:2
FNDA:8,parseJsonSafe
FNDA:6,isObject
DA:10,4
DA:14,8
DA:15,8
DA:16,5
DA:17,1
DA:19,4
DA:21,3
DA:22,3
DA:27,4
DA:28,6
LF:10
LH:10
BRDA:16,0,0,1
BRDA:16,0,1,4
BRDA:16,1,0,5
BRDA:16,1,1,2
BRDA:21,2,0,3
BRDA:21,2,1,0
BRDA:28,3,0,6
BRDA:28,3,1,4
BRDA:28,3,2,3
BRF:9
BRH:8
end_of_record
TN:
SF:src/skills.ts
FN:17,getSkillsRoots
FN:51,getSkillsRoot
FN:56,getSkills
FN:67,(anonymous_12)
FN:68,(anonymous_13)
FN:93,(anonymous_14)
FN:114,(anonymous_15)
FNF:7
FNH:6
FNDA:22,getSkillsRoots
FNDA:6,getSkillsRoot
FNDA:16,getSkills
FNDA:15,(anonymous_12)
FNDA:15,(anonymous_13)
FNDA:5,(anonymous_14)
FNDA:0,(anonymous_15)
DA:1,2
DA:2,2
DA:3,2
DA:18,22
DA:19,22
DA:20,22
DA:21,6
DA:22,6
DA:25,6
DA:30,18
DA:31,18
DA:32,18
DA:33,18
DA:34,18
DA:35,18
DA:37,0
DA:40,18
DA:41,5
DA:42,5
DA:43,5
DA:47,3
DA:51,2
DA:52,6
DA:53,6
DA:56,2
DA:57,16
DA:58,16
DA:60,14
DA:61,14
DA:63,14
DA:65,15
DA:66,15
DA:67,15
DA:68,15
DA:70,0
DA:73,15
DA:74,15
DA:75,15
DA:76,15
DA:77,15
DA:78,15
DA:80,15
DA:81,14
DA:82,14
DA:83,13
DA:85,13
DA:86,13
DA:89,13
DA:91,13
DA:92,5
DA:93,5
DA:95,5
DA:96,5
DA:97,5
DA:101,13
DA:109,0
DA:114,14
LF:57
LH:54
BRDA:20,0,0,6
BRDA:20,0,1,16
BRDA:22,1,0,2
BRDA:22,1,1,4
BRDA:25,2,0,4
BRDA:25,2,1,2
BRDA:31,3,0,18
BRDA:31,3,1,0
BRDA:35,4,0,14
BRDA:35,4,1,4
BRDA:40,5,0,13
BRDA:40,5,1,5
BRDA:43,6,0,2
BRDA:43,6,1,3
BRDA:53,7,0,6
BRDA:53,7,1,1
BRDA:58,8,0,2
BRDA:58,8,1,14
BRDA:67,9,0,15
BRDA:67,9,1,15
BRDA:80,10,0,1
BRDA:80,10,1,14
BRDA:82,11,0,1
BRDA:82,11,1,13
BRDA:86,12,0,3
BRDA:86,12,1,10
BRDA:91,13,0,5
BRDA:91,13,1,8
BRDA:91,14,0,13
BRDA:91,14,1,5
BRF:30
BRH:29
end_of_record
TN:
SF:src/skillsTree.ts
FN:8,(anonymous_9)
FN:10,(anonymous_10)
FN:14,(anonymous_11)
FN:18,(anonymous_12)
FN:24,(anonymous_13)
FN:44,(anonymous_14)
FNF:6
FNH:6
FNDA:7,(anonymous_9)
FNDA:1,(anonymous_10)
FNDA:1,(anonymous_11)
FNDA:7,(anonymous_12)
FNDA:3,(anonymous_13)
FNDA:14,(anonymous_14)
DA:1,1
DA:2,1
DA:4,1
DA:5,7
DA:6,7
DA:8,7
DA:11,1
DA:15,1
DA:19,7
DA:20,7
DA:21,1
DA:23,6
DA:24,3
DA:26,3
DA:27,3
DA:28,2
DA:29,2
DA:30,2
DA:31,1
DA:33,2
DA:34,2
DA:36,2
DA:38,1
DA:42,1
DA:48,14
DA:52,14
DA:53,7
DA:54,7
DA:56,14
DA:57,14
DA:58,14
LF:31
LH:31
BRDA:20,0,0,1
BRDA:20,0,1,6
BRDA:23,1,0,3
BRDA:23,1,1,3
BRDA:27,2,0,2
BRDA:27,2,1,1
BRDA:30,3,0,1
BRDA:30,3,1,1
BRDA:50,4,0,4
BRDA:50,4,1,10
BRDA:52,5,0,7
BRDA:52,5,1,7
BRDA:52,6,0,14
BRDA:52,6,1,7
BRDA:56,7,0,7
BRDA:56,7,1,7
BRDA:57,8,0,4
BRDA:57,8,1,10
BRF:18
BRH:18
end_of_record
TN:
SF:src/utils.ts
FN:3,toFsPathOrUri
FN:7,pickActiveSrujaDoc
FN:19,formatRangeOneBased
FN:25,truncateLines
FN:31,escapeHtml
FN:40,nonce
FN:47,formatRelPath
FNF:7
FNH:7
FNDA:10,toFsPathOrUri
FNDA:6,pickActiveSrujaDoc
FNDA:6,formatRangeOneBased
FNDA:3,truncateLines
FNDA:31,escapeHtml
FNDA:7,nonce
FNDA:4,formatRelPath
DA:1,5
DA:3,5
DA:4,10
DA:7,5
DA:8,6
DA:9,6
DA:10,4
DA:11,3
DA:13,2
DA:14,1
DA:16,1
DA:19,5
DA:20,6
DA:21,6
DA:22,6
DA:25,5
DA:26,3
DA:27,3
DA:28,3
DA:31,5
DA:32,31
DA:40,5
DA:41,7
DA:42,7
DA:43,112
DA:44,7
DA:47,5
DA:48,4
DA:49,4
DA:50,2
DA:51,2
DA:53,2
LF:32
LH:32
BRDA:4,0,0,9
BRDA:4,0,1,1
BRDA:9,1,0,2
BRDA:9,1,1,4
BRDA:10,2,0,4
BRDA:10,2,1,0
BRDA:11,3,0,2
BRDA:11,3,1,1
BRDA:13,4,0,2
BRDA:13,4,1,0
BRDA:14,5,0,1
BRDA:14,5,1,0
BRDA:49,6,0,2
BRDA:49,6,1,2
BRDA:49,7,0,4
BRDA:49,7,1,2
BRDA:53,8,0,2
BRDA:53,8,1,0
BRF:18
BRH:14
end_of_record
TN:
SF:src/wasm.ts
FN:21,(anonymous_9)
FN:32,(anonymous_10)
FN:39,(anonymous_11)
FN:46,wasmRangeToVscodeRange
FN:64,mapWasmDiagnosticsJsonToVscode
FN:67,(anonymous_14)
FN:106,(anonymous_15)
FN:114,(anonymous_16)
FN:118,(anonymous_17)
FN:122,(anonymous_18)
FN:131,resetWasmForTesting
FN:141,invalidateWasmCache
FN:146,wasmDir
FN:150,isWasmAvailable
FN:163,initWasm
FN:168,(anonymous_24)
FN:188,getDiagnosticsFromWasm
FN:208,exportMarkdownFromWasm
FN:226,getMermaidFromWasm
FN:246,getSequenceDiagramFromWasm
FN:286,isSrujaElement
FN:301,isSrujaDocumentSymbol
FN:316,parseJsonArray
FN:345,getElementsFromWasm
FN:377,getDocumentSymbolsFromWasm
FNF:25
FNH:15
FNDA:0,(anonymous_9)
FNDA:0,(anonymous_10)
FNDA:0,(anonymous_11)
FNDA:17,wasmRangeToVscodeRange
FNDA:6,mapWasmDiagnosticsJsonToVscode
FNDA:6,(anonymous_14)
FNDA:0,(anonymous_15)
FNDA:0,(anonymous_16)
FNDA:0,(anonymous_17)
FNDA:12,(anonymous_18)
FNDA:6,resetWasmForTesting
FNDA:0,invalidateWasmCache
FNDA:17,wasmDir
FNDA:11,isWasmAvailable
FNDA:16,initWasm
FNDA:6,(anonymous_24)
FNDA:3,getDiagnosticsFromWasm
FNDA:3,exportMarkdownFromWasm
FNDA:3,getMermaidFromWasm
FNDA:0,getSequenceDiagramFromWasm
FNDA:0,isSrujaElement
FNDA:0,isSrujaDocumentSymbol
FNDA:3,parseJsonArray
FNDA:3,getElementsFromWasm
FNDA:2,getDocumentSymbolsFromWasm
DA:6,12
DA:7,12
DA:8,12
DA:20,12
DA:23,0
DA:24,0
DA:26,0
DA:27,0
DA:31,12
DA:33,0
DA:34,0
DA:38,12
DA:39,0
DA:40,0
DA:41,0
DA:46,12
DA:50,17
DA:54,17
DA:58,17
DA:64,12
DA:65,6
DA:66,6
DA:67,5
DA:68,6
DA:70,6
DA:75,6
DA:76,6
DA:77,6
DA:78,6
DA:81,1
DA:82,1
DA:96,12
DA:97,12
DA:104,24
DA:107,0
DA:108,0
DA:109,0
DA:111,0
DA:115,0
DA:119,0
DA:123,12
DA:127,12
DA:128,12
DA:131,12
DA:132,6
DA:133,6
DA:134,6
DA:135,6
DA:141,12
DA:142,0
DA:143,0
DA:147,17
DA:151,11
DA:152,11
DA:163,12
DA:164,16
DA:165,11
DA:166,11
DA:168,6
DA:169,6
DA:170,6
DA:171,6
DA:172,6
DA:173,5
DA:174,5
DA:175,5
DA:177,1
DA:178,1
DA:179,1
DA:182,6
DA:188,12
DA:193,3
DA:194,3
DA:196,2
DA:197,2
DA:198,1
DA:200,1
DA:201,1
DA:208,12
DA:212,3
DA:213,3
DA:215,2
DA:216,2
DA:218,1
DA:219,1
DA:226,12
DA:231,3
DA:232,3
DA:234,2
DA:235,2
DA:237,0
DA:238,0
DA:246,12
DA:251,0
DA:252,0
DA:254,0
DA:255,0
DA:257,0
DA:258,0
DA:287,0
DA:288,0
DA:289,0
DA:302,0
DA:303,0
DA:304,0
DA:305,0
DA:317,3
DA:318,3
DA:319,2
DA:320,0
DA:321,0
DA:323,2
DA:324,2
DA:325,2
DA:326,0
DA:327,0
DA:329,0
DA:332,2
DA:334,0
DA:336,1
DA:337,1
DA:345,12
DA:352,3
DA:353,0
DA:354,0
DA:357,3
DA:358,3
DA:360,2
DA:361,2
DA:362,2
DA:363,2
DA:364,0
DA:366,2
DA:368,0
DA:369,0
DA:377,12
DA:384,2
DA:385,0
DA:386,0
DA:389,2
DA:390,2
DA:392,1
DA:393,1
DA:394,1
DA:395,1
DA:396,0
DA:398,1
DA:400,0
DA:401,0
LF:149
LH:101
BRDA:70,0,0,4
BRDA:70,0,1,2
BRDA:72,1,0,1
BRDA:72,1,1,1
BRDA:76,2,0,1
BRDA:76,2,1,5
BRDA:77,3,0,6
BRDA:77,3,1,5
BRDA:108,4,0,0
BRDA:108,4,1,0
BRDA:108,5,0,0
BRDA:108,5,1,0
BRDA:153,6,0,11
BRDA:153,6,1,6
BRDA:164,7,0,5
BRDA:164,7,1,11
BRDA:165,8,0,0
BRDA:165,8,1,11
BRDA:166,9,0,5
BRDA:166,9,1,6
BRDA:172,10,0,6
BRDA:172,10,1,0
BRDA:172,11,0,0
BRDA:172,11,1,0
BRDA:173,12,0,5
BRDA:173,12,1,0
BRDA:194,13,0,1
BRDA:194,13,1,2
BRDA:213,14,0,1
BRDA:213,14,1,2
BRDA:232,15,0,1
BRDA:232,15,1,2
BRDA:235,16,0,2
BRDA:235,16,1,1
BRDA:252,17,0,0
BRDA:252,17,1,0
BRDA:255,18,0,0
BRDA:255,18,1,0
BRDA:287,19,0,0
BRDA:287,19,1,0
BRDA:287,20,0,0
BRDA:287,20,1,0
BRDA:290,21,0,0
BRDA:290,21,1,0
BRDA:290,21,2,0
BRDA:290,21,3,0
BRDA:290,21,4,0
BRDA:290,21,5,0
BRDA:290,21,6,0
BRDA:290,21,7,0
BRDA:302,22,0,0
BRDA:302,22,1,0
BRDA:302,23,0,0
BRDA:302,23,1,0
BRDA:306,24,0,0
BRDA:306,24,1,0
BRDA:306,24,2,0
BRDA:306,24,3,0
BRDA:306,24,4,0
BRDA:306,24,5,0
BRDA:306,24,6,0
BRDA:319,25,0,0
BRDA:319,25,1,2
BRDA:323,26,0,2
BRDA:323,26,1,0
BRDA:326,27,0,0
BRDA:326,27,1,0
BRDA:352,28,0,0
BRDA:352,28,1,3
BRDA:352,29,0,3
BRDA:352,29,1,0
BRDA:354,30,0,0
BRDA:354,30,1,0
BRDA:358,31,0,1
BRDA:358,31,1,2
BRDA:361,32,0,2
BRDA:361,32,1,1
BRDA:363,33,0,0
BRDA:363,33,1,2
BRDA:363,34,0,2
BRDA:363,34,1,1
BRDA:363,34,2,0
BRDA:384,35,0,0
BRDA:384,35,1,2
BRDA:384,36,0,2
BRDA:384,36,1,0
BRDA:386,37,0,0
BRDA:386,37,1,0
BRDA:390,38,0,1
BRDA:390,38,1,1
BRDA:393,39,0,1
BRDA:393,39,1,1
BRDA:395,40,0,0
BRDA:395,40,1,1
BRDA:395,41,0,1
BRDA:395,41,1,1
BRDA:395,41,2,0
BRF:97
BRH:45
end_of_record
TN:
SF:src/commands/commandCenter.ts
FN:3,registerCommandCenter
FN:5,(anonymous_10)
FNF:2
FNH:2
FNDA:2,registerCommandCenter
FNDA:2,(anonymous_10)
DA:1,1
DA:3,1
DA:4,2
DA:6,2
DA:49,2
DA:54,2
DA:55,1
LF:7
LH:7
BRDA:54,0,0,1
BRDA:54,0,1,1
BRF:2
BRH:2
end_of_record
TN:
SF:src/commands/contextEngineering.ts
FN:9,getCliOutputChannel
FN:16,getTargetWorkspaceFolder
FN:30,(anonymous_11)
FN:36,runCliInWorkspace
FN:45,registerContextEngineeringCommands
FN:47,(anonymous_14)
FN:50,(anonymous_15)
FN:75,(anonymous_16)
FN:83,(anonymous_17)
FN:120,(anonymous_18)
FN:123,(anonymous_19)
FN:158,(anonymous_20)
FN:161,(anonymous_21)
FNF:13
FNH:11
FNDA:3,getCliOutputChannel
FNDA:4,getTargetWorkspaceFolder
FNDA:0,(anonymous_11)
FNDA:3,runCliInWorkspace
FNDA:4,registerContextEngineeringCommands
FNDA:1,(anonymous_14)
FNDA:1,(anonymous_15)
FNDA:1,(anonymous_16)
FNDA:0,(anonymous_17)
FNDA:1,(anonymous_18)
FNDA:1,(anonymous_19)
FNDA:1,(anonymous_20)
FNDA:1,(anonymous_21)
DA:1,1
DA:2,1
DA:3,1
DA:4,1
DA:5,1
DA:10,3
DA:11,1
DA:13,3
DA:17,4
DA:18,4
DA:19,2
DA:22,0
DA:23,0
DA:24,0
DA:25,0
DA:29,0
DA:30,0
DA:33,0
DA:37,3
DA:38,3
DA:39,1
DA:41,2
DA:42,2
DA:45,1
DA:46,4
DA:48,1
DA:51,1
DA:52,1
DA:53,1
DA:54,1
DA:55,1
DA:56,1
DA:57,0
DA:58,0
DA:59,0
DA:60,0
DA:61,0
DA:63,0
DA:65,1
DA:66,1
DA:67,1
DA:76,1
DA:77,1
DA:78,1
DA:79,1
DA:81,0
DA:84,0
DA:85,0
DA:86,0
DA:87,0
DA:88,0
DA:95,0
DA:96,0
DA:97,0
DA:98,0
DA:99,0
DA:101,0
DA:102,0
DA:103,0
DA:104,0
DA:105,0
DA:106,0
DA:107,0
DA:109,0
DA:110,0
DA:112,0
DA:113,0
DA:114,0
DA:121,1
DA:124,1
DA:125,1
DA:126,1
DA:127,1
DA:128,1
DA:135,1
DA:136,1
DA:137,0
DA:138,0
DA:139,0
DA:141,1
DA:142,1
DA:143,0
DA:144,0
DA:146,1
DA:147,3
DA:150,0
DA:151,0
DA:152,0
DA:159,1
DA:162,1
DA:163,1
DA:164,1
DA:165,1
DA:166,1
DA:173,1
DA:174,1
DA:175,0
DA:176,0
DA:177,0
DA:179,1
DA:180,1
DA:181,1
DA:182,1
DA:184,0
DA:185,0
DA:188,0
DA:189,0
DA:190,0
LF:108
LH:56
BRDA:10,0,0,1
BRDA:10,0,1,2
BRDA:18,1,0,2
BRDA:18,1,1,2
BRDA:18,2,0,4
BRDA:18,2,1,4
BRDA:19,3,0,2
BRDA:19,3,1,0
BRDA:23,4,0,0
BRDA:23,4,1,0
BRDA:25,5,0,0
BRDA:25,5,1,0
BRDA:38,6,0,1
BRDA:38,6,1,2
BRDA:58,7,0,0
BRDA:58,7,1,0
BRDA:60,8,0,0
BRDA:60,8,1,0
BRDA:65,9,0,1
BRDA:65,9,1,0
BRDA:77,10,0,1
BRDA:77,10,1,0
BRDA:95,11,0,0
BRDA:95,11,1,0
BRDA:96,12,0,0
BRDA:96,12,1,0
BRDA:102,13,0,0
BRDA:102,13,1,0
BRDA:106,14,0,0
BRDA:106,14,1,0
BRDA:106,15,0,0
BRDA:106,15,1,0
BRDA:107,16,0,0
BRDA:107,16,1,0
BRDA:112,17,0,0
BRDA:112,17,1,0
BRDA:135,18,0,0
BRDA:135,18,1,1
BRDA:136,19,0,0
BRDA:136,19,1,1
BRDA:142,20,0,0
BRDA:142,20,1,1
BRDA:150,21,0,0
BRDA:150,21,1,0
BRDA:173,22,0,0
BRDA:173,22,1,1
BRDA:174,23,0,0
BRDA:174,23,1,1
BRDA:180,24,0,1
BRDA:180,24,1,0
BRDA:188,25,0,0
BRDA:188,25,1,0
BRF:52
BRH:17
end_of_record
TN:
SF:src/commands/diagrams.ts
FN:13,registerDiagramCommands
FN:15,(anonymous_10)
FN:41,(anonymous_11)
FN:87,(anonymous_12)
FN:116,(anonymous_13)
FN:122,(anonymous_14)
FN:152,(anonymous_15)
FN:171,(anonymous_16)
FN:172,(anonymous_17)
FN:178,(anonymous_18)
FN:200,(anonymous_19)
FN:250,setupLiveUpdateListener
FN:254,(anonymous_21)
FN:257,(anonymous_22)
FN:284,createDiagramPanel
FN:294,(anonymous_24)
FN:304,(anonymous_25)
FN:315,jumpToElementInDocument
FNF:18
FNH:11
FNDA:5,registerDiagramCommands
FNDA:2,(anonymous_10)
FNDA:0,(anonymous_11)
FNDA:1,(anonymous_12)
FNDA:1,(anonymous_13)
FNDA:0,(anonymous_14)
FNDA:1,(anonymous_15)
FNDA:1,(anonymous_16)
FNDA:1,(anonymous_17)
FNDA:0,(anonymous_18)
FNDA:1,(anonymous_19)
FNDA:3,setupLiveUpdateListener
FNDA:0,(anonymous_21)
FNDA:0,(anonymous_22)
FNDA:3,createDiagramPanel
FNDA:2,(anonymous_24)
FNDA:0,(anonymous_25)
FNDA:0,jumpToElementInDocument
DA:1,1
DA:2,1
DA:3,1
DA:4,1
DA:5,1
DA:13,1
DA:14,5
DA:16,2
DA:17,2
DA:18,2
DA:19,1
DA:20,1
DA:23,1
DA:24,1
DA:26,1
DA:27,1
DA:28,0
DA:31,0
DA:34,1
DA:35,1
DA:36,1
DA:38,1
DA:43,0
DA:47,0
DA:48,0
DA:49,0
DA:50,0
DA:53,0
DA:54,0
DA:55,0
DA:57,0
DA:60,0
DA:63,0
DA:64,0
DA:65,0
DA:68,0
DA:69,0
DA:71,0
DA:72,0
DA:73,0
DA:76,0
DA:79,0
DA:80,0
DA:81,0
DA:82,0
DA:84,0
DA:88,1
DA:89,1
DA:90,1
DA:91,0
DA:92,0
DA:95,1
DA:103,1
DA:106,1
DA:107,1
DA:108,1
DA:109,0
DA:112,0
DA:115,1
DA:116,1
DA:122,0
DA:124,1
DA:129,1
DA:130,1
DA:133,1
DA:134,1
DA:136,1
DA:137,1
DA:138,0
DA:141,0
DA:144,1
DA:145,1
DA:146,1
DA:147,1
DA:149,1
DA:153,1
DA:154,1
DA:155,1
DA:156,0
DA:157,0
DA:160,1
DA:161,1
DA:162,0
DA:165,0
DA:170,1
DA:171,1
DA:172,1
DA:178,0
DA:180,1
DA:181,0
DA:182,0
DA:185,1
DA:191,1
DA:193,1
DA:202,1
DA:206,1
DA:207,1
DA:208,1
DA:211,1
DA:212,1
DA:213,1
DA:215,0
DA:218,0
DA:221,1
DA:222,0
DA:223,0
DA:225,1
DA:226,0
DA:227,0
DA:230,1
DA:231,1
DA:233,1
DA:234,1
DA:235,0
DA:238,0
DA:241,1
DA:242,1
DA:243,1
DA:245,1
DA:251,3
DA:252,0
DA:254,3
DA:255,0
DA:256,0
DA:257,0
DA:258,0
DA:260,0
DA:262,0
DA:263,0
DA:264,0
DA:270,0
DA:273,0
DA:274,0
DA:277,0
DA:285,3
DA:286,2
DA:288,3
DA:294,3
DA:295,2
DA:296,2
DA:297,2
DA:298,2
DA:299,2
DA:300,2
DA:303,3
DA:305,0
DA:306,0
DA:312,3
DA:317,0
DA:318,0
DA:319,0
DA:321,0
DA:324,0
DA:327,0
DA:328,0
DA:329,0
DA:330,0
DA:331,0
DA:332,0
DA:333,0
DA:334,0
DA:335,0
LF:162
LH:85
BRDA:18,0,0,1
BRDA:18,0,1,1
BRDA:18,1,0,2
BRDA:18,1,1,1
BRDA:27,2,0,0
BRDA:27,2,1,1
BRDA:27,3,0,1
BRDA:27,3,1,1
BRDA:43,4,0,0
BRDA:43,4,1,0
BRDA:43,5,0,0
BRDA:43,5,1,0
BRDA:47,6,0,0
BRDA:47,6,1,0
BRDA:48,7,0,0
BRDA:48,7,1,0
BRDA:49,8,0,0
BRDA:49,8,1,0
BRDA:49,9,0,0
BRDA:49,9,1,0
BRDA:49,9,2,0
BRDA:50,10,0,0
BRDA:50,10,1,0
BRDA:50,11,0,0
BRDA:50,11,1,0
BRDA:53,12,0,0
BRDA:53,12,1,0
BRDA:63,13,0,0
BRDA:63,13,1,0
BRDA:63,14,0,0
BRDA:63,14,1,0
BRDA:72,15,0,0
BRDA:72,15,1,0
BRDA:72,16,0,0
BRDA:72,16,1,0
BRDA:79,17,0,0
BRDA:79,17,1,0
BRDA:90,18,0,0
BRDA:90,18,1,1
BRDA:90,19,0,1
BRDA:90,19,1,1
BRDA:103,20,0,0
BRDA:103,20,1,1
BRDA:106,21,0,1
BRDA:106,21,1,0
BRDA:108,22,0,0
BRDA:108,22,1,1
BRDA:119,23,0,1
BRDA:119,23,1,1
BRDA:129,24,0,0
BRDA:129,24,1,1
BRDA:137,25,0,0
BRDA:137,25,1,1
BRDA:137,26,0,1
BRDA:137,26,1,1
BRDA:144,27,0,1
BRDA:144,27,1,0
BRDA:155,28,0,0
BRDA:155,28,1,1
BRDA:155,29,0,1
BRDA:155,29,1,1
BRDA:161,30,0,0
BRDA:161,30,1,1
BRDA:171,31,0,1
BRDA:171,31,1,0
BRDA:174,32,0,0
BRDA:174,32,1,1
BRDA:175,33,0,0
BRDA:175,33,1,1
BRDA:180,34,0,0
BRDA:180,34,1,1
BRDA:185,35,0,1
BRDA:185,35,1,0
BRDA:191,36,0,0
BRDA:191,36,1,1
BRDA:202,37,0,1
BRDA:202,37,1,0
BRDA:202,38,0,1
BRDA:202,38,1,1
BRDA:207,39,0,1
BRDA:207,39,1,0
BRDA:211,40,0,1
BRDA:211,40,1,0
BRDA:221,41,0,0
BRDA:221,41,1,1
BRDA:221,42,0,1
BRDA:221,42,1,1
BRDA:225,43,0,0
BRDA:225,43,1,1
BRDA:225,44,0,1
BRDA:225,44,1,1
BRDA:234,45,0,0
BRDA:234,45,1,1
BRDA:234,46,0,1
BRDA:234,46,1,1
BRDA:251,47,0,0
BRDA:251,47,1,3
BRDA:255,48,0,0
BRDA:255,48,1,0
BRDA:255,49,0,0
BRDA:255,49,1,0
BRDA:256,50,0,0
BRDA:256,50,1,0
BRDA:258,51,0,0
BRDA:258,51,1,0
BRDA:258,52,0,0
BRDA:258,52,1,0
BRDA:263,53,0,0
BRDA:263,53,1,0
BRDA:263,54,0,0
BRDA:263,54,1,0
BRDA:273,55,0,0
BRDA:273,55,1,0
BRDA:273,56,0,0
BRDA:273,56,1,0
BRDA:285,57,0,2
BRDA:285,57,1,1
BRDA:298,58,0,2
BRDA:298,58,1,0
BRDA:305,59,0,0
BRDA:305,59,1,0
BRDA:305,60,0,0
BRDA:305,60,1,0
BRDA:317,61,0,0
BRDA:317,61,1,0
BRDA:327,62,0,0
BRDA:327,62,1,0
BRDA:329,63,0,0
BRDA:329,63,1,0
BRDA:331,64,0,0
BRDA:331,64,1,0
BRF:131
BRH:48
end_of_record
TN:
SF:src/commands/export.ts
FN:8,registerExportCommands
FN:10,(anonymous_10)
FN:23,(anonymous_11)
FNF:3
FNH:3
FNDA:4,registerExportCommands
FNDA:4,(anonymous_10)
FNDA:3,(anonymous_11)
DA:1,1
DA:2,1
DA:8,1
DA:9,4
DA:11,4
DA:12,4
DA:13,1
DA:14,1
DA:17,3
DA:24,3
DA:25,3
DA:26,2
DA:27,1
DA:28,1
DA:31,1
DA:34,1
DA:38,1
DA:40,1
LF:18
LH:18
BRDA:12,0,0,1
BRDA:12,0,1,3
BRDA:12,1,0,4
BRDA:12,1,1,3
BRDA:26,2,0,1
BRDA:26,2,1,1
BRDA:40,3,0,1
BRDA:40,3,1,0
BRF:8
BRH:7
end_of_record
TN:
SF:src/commands/knowledge.ts
FN:16,registerKnowledgeCommands
FN:18,(anonymous_10)
FN:19,openDocInSplit
FN:73,(anonymous_12)
FN:79,(anonymous_13)
FN:106,createDocsThreadPanel
FN:116,(anonymous_15)
FN:120,(anonymous_16)
FN:178,pushDocsThreadEntryForElement
FN:188,(anonymous_18)
FN:203,(anonymous_19)
FN:242,pushDocsThreadEntryFromActiveEditor
FN:252,(anonymous_21)
FN:261,readDocPreview
FNF:14
FNH:10
FNDA:3,registerKnowledgeCommands
FNDA:3,(anonymous_10)
FNDA:2,openDocInSplit
FNDA:0,(anonymous_12)
FNDA:0,(anonymous_13)
FNDA:2,createDocsThreadPanel
FNDA:1,(anonymous_15)
FNDA:3,(anonymous_16)
FNDA:1,pushDocsThreadEntryForElement
FNDA:1,(anonymous_18)
FNDA:1,(anonymous_19)
FNDA:0,pushDocsThreadEntryFromActiveEditor
FNDA:0,(anonymous_21)
FNDA:1,readDocPreview
DA:1,1
DA:2,1
DA:3,1
DA:4,1
DA:5,1
DA:12,1
DA:16,1
DA:17,3
DA:20,2
DA:21,2
DA:22,2
DA:23,2
DA:25,0
DA:26,0
DA:33,3
DA:34,1
DA:35,1
DA:36,1
DA:38,0
DA:40,1
DA:43,2
DA:44,2
DA:45,2
DA:46,1
DA:47,1
DA:49,1
DA:50,1
DA:51,1
DA:52,0
DA:53,0
DA:55,0
DA:57,1
DA:58,1
DA:59,1
DA:60,1
DA:61,1
DA:62,0
DA:63,0
DA:65,1
DA:66,1
DA:67,0
DA:68,0
DA:70,1
DA:74,0
DA:75,0
DA:76,0
DA:80,0
DA:81,0
DA:84,0
DA:87,0
DA:88,0
DA:90,0
DA:91,0
DA:92,0
DA:93,0
DA:94,0
DA:95,0
DA:96,0
DA:97,0
DA:101,0
DA:106,1
DA:107,2
DA:108,1
DA:110,2
DA:116,2
DA:117,1
DA:119,2
DA:121,3
DA:122,3
DA:123,3
DA:124,1
DA:125,1
DA:126,1
DA:128,2
DA:129,1
DA:130,1
DA:131,1
DA:132,1
DA:134,1
DA:135,1
DA:136,1
DA:137,1
DA:138,1
DA:140,0
DA:141,0
DA:142,0
DA:143,0
DA:144,0
DA:145,0
DA:146,0
DA:147,0
DA:149,0
DA:150,0
DA:152,0
DA:154,0
DA:155,0
DA:156,0
DA:157,0
DA:158,0
DA:159,0
DA:163,0
DA:164,0
DA:165,0
DA:166,0
DA:167,0
DA:168,0
DA:174,2
DA:175,2
DA:178,1
DA:183,1
DA:184,1
DA:185,1
DA:186,1
DA:188,1
DA:189,1
DA:190,1
DA:193,1
DA:195,1
DA:196,1
DA:197,1
DA:202,1
DA:203,1
DA:204,1
DA:205,1
DA:206,1
DA:207,1
DA:209,1
DA:212,1
DA:215,0
DA:218,1
DA:236,1
DA:237,1
DA:238,1
DA:239,1
DA:242,1
DA:243,0
DA:244,0
DA:245,0
DA:246,0
DA:248,0
DA:249,0
DA:250,0
DA:252,0
DA:253,0
DA:254,0
DA:256,0
DA:257,0
DA:265,1
DA:266,1
DA:267,0
DA:276,1
DA:277,1
DA:278,0
DA:287,1
DA:288,1
DA:289,1
DA:290,1
DA:291,1
DA:300,0
LF:159
LH:93
BRDA:21,0,0,2
BRDA:21,0,1,0
BRDA:33,1,0,1
BRDA:33,1,1,2
BRDA:45,2,0,1
BRDA:45,2,1,1
BRDA:45,3,0,2
BRDA:45,3,1,2
BRDA:51,4,0,0
BRDA:51,4,1,1
BRDA:52,5,0,0
BRDA:52,5,1,0
BRDA:58,6,0,1
BRDA:58,6,1,0
BRDA:59,7,0,0
BRDA:59,7,1,1
BRDA:61,8,0,0
BRDA:61,8,1,1
BRDA:66,9,0,0
BRDA:66,9,1,1
BRDA:66,10,0,1
BRDA:66,10,1,1
BRDA:84,11,0,0
BRDA:84,11,1,0
BRDA:84,12,0,0
BRDA:84,12,1,0
BRDA:87,13,0,0
BRDA:87,13,1,0
BRDA:88,14,0,0
BRDA:88,14,1,0
BRDA:90,15,0,0
BRDA:90,15,1,0
BRDA:90,16,0,0
BRDA:90,16,1,0
BRDA:94,17,0,0
BRDA:94,17,1,0
BRDA:95,18,0,0
BRDA:95,18,1,0
BRDA:107,19,0,1
BRDA:107,19,1,1
BRDA:121,20,0,0
BRDA:121,20,1,3
BRDA:121,21,0,3
BRDA:121,21,1,3
BRDA:123,22,0,1
BRDA:123,22,1,2
BRDA:125,23,0,1
BRDA:125,23,1,0
BRDA:128,24,0,1
BRDA:128,24,1,1
BRDA:131,25,0,1
BRDA:131,25,1,0
BRDA:134,26,0,1
BRDA:134,26,1,0
BRDA:136,27,0,1
BRDA:136,27,1,1
BRDA:137,28,0,1
BRDA:137,28,1,0
BRDA:140,29,0,0
BRDA:140,29,1,0
BRDA:142,30,0,0
BRDA:142,30,1,0
BRDA:145,31,0,0
BRDA:145,31,1,0
BRDA:154,32,0,0
BRDA:154,32,1,0
BRDA:158,33,0,0
BRDA:158,33,1,0
BRDA:160,34,0,0
BRDA:160,34,1,0
BRDA:161,35,0,0
BRDA:161,35,1,0
BRDA:183,36,0,0
BRDA:183,36,1,1
BRDA:186,37,0,0
BRDA:186,37,1,1
BRDA:190,38,0,0
BRDA:190,38,1,1
BRDA:193,39,0,1
BRDA:193,39,1,0
BRDA:202,40,0,1
BRDA:202,40,1,0
BRDA:209,41,0,0
BRDA:209,41,1,1
BRDA:209,42,0,1
BRDA:209,42,1,0
BRDA:209,42,2,0
BRDA:238,43,0,0
BRDA:238,43,1,1
BRDA:239,44,0,1
BRDA:239,44,1,0
BRDA:243,45,0,0
BRDA:243,45,1,0
BRDA:243,46,0,0
BRDA:243,46,1,0
BRDA:246,47,0,0
BRDA:246,47,1,0
BRDA:246,48,0,0
BRDA:246,48,1,0
BRDA:250,49,0,0
BRDA:250,49,1,0
BRDA:256,50,0,0
BRDA:256,50,1,0
BRDA:266,51,0,0
BRDA:266,51,1,1
BRDA:277,52,0,0
BRDA:277,52,1,1
BRF:107
BRH:40
end_of_record
TN:
SF:src/commands/skills.ts
FN:4,registerSkillCommands
FN:6,(anonymous_10)
FN:22,(anonymous_11)
FN:24,(anonymous_12)
FN:28,(anonymous_13)
FN:30,(anonymous_14)
FN:40,(anonymous_15)
FN:42,(anonymous_16)
FN:46,(anonymous_17)
FN:61,(anonymous_18)
FN:67,(anonymous_19)
FN:82,(anonymous_20)
FN:96,(anonymous_21)
FN:98,(anonymous_22)
FN:108,(anonymous_23)
FN:110,(anonymous_24)
FNF:16
FNH:3
FNDA:3,registerSkillCommands
FNDA:2,(anonymous_10)
FNDA:0,(anonymous_11)
FNDA:0,(anonymous_12)
FNDA:0,(anonymous_13)
FNDA:0,(anonymous_14)
FNDA:0,(anonymous_15)
FNDA:0,(anonymous_16)
FNDA:0,(anonymous_17)
FNDA:0,(anonymous_18)
FNDA:1,(anonymous_19)
FNDA:0,(anonymous_20)
FNDA:0,(anonymous_21)
FNDA:0,(anonymous_22)
FNDA:0,(anonymous_23)
FNDA:0,(anonymous_24)
DA:1,1
DA:2,1
DA:4,1
DA:5,3
DA:7,2
DA:8,2
DA:9,1
DA:10,1
DA:12,1
DA:13,1
DA:14,0
DA:15,0
DA:17,1
DA:22,0
DA:24,0
DA:25,1
DA:29,0
DA:30,0
DA:31,0
DA:32,0
DA:33,0
DA:35,0
DA:40,0
DA:42,0
DA:43,0
DA:47,0
DA:48,0
DA:49,0
DA:50,0
DA:51,0
DA:54,0
DA:55,0
DA:56,0
DA:58,0
DA:61,0
DA:64,0
DA:68,1
DA:69,1
DA:70,1
DA:71,1
DA:72,1
DA:75,1
DA:76,0
DA:77,0
DA:79,1
DA:82,0
DA:85,1
DA:86,1
DA:87,1
DA:88,1
DA:89,1
DA:90,1
DA:92,0
DA:97,0
DA:98,0
DA:99,0
DA:100,0
DA:101,0
DA:103,0
DA:108,0
DA:110,0
DA:111,0
DA:112,0
DA:113,0
DA:114,0
DA:115,0
DA:116,0
DA:118,0
LF:68
LH:25
BRDA:8,0,0,1
BRDA:8,0,1,1
BRDA:13,1,0,0
BRDA:13,1,1,1
BRDA:17,2,0,1
BRDA:17,2,1,0
BRDA:19,3,0,0
BRDA:19,3,1,0
BRDA:25,4,0,1
BRDA:25,4,1,0
BRDA:31,5,0,0
BRDA:31,5,1,0
BRDA:35,6,0,0
BRDA:35,6,1,0
BRDA:37,7,0,0
BRDA:37,7,1,0
BRDA:43,8,0,0
BRDA:43,8,1,0
BRDA:54,9,0,0
BRDA:54,9,1,0
BRDA:58,10,0,0
BRDA:58,10,1,0
BRDA:64,11,0,0
BRDA:64,11,1,0
BRDA:75,12,0,0
BRDA:75,12,1,1
BRDA:79,13,0,1
BRDA:79,13,1,0
BRDA:85,14,0,0
BRDA:85,14,1,1
BRDA:92,15,0,0
BRDA:92,15,1,0
BRDA:99,16,0,0
BRDA:99,16,1,0
BRDA:103,17,0,0
BRDA:103,17,1,0
BRDA:105,18,0,0
BRDA:105,18,1,0
BRDA:111,19,0,0
BRDA:111,19,1,0
BRDA:118,20,0,0
BRDA:118,20,1,0
BRF:42
BRH:8
end_of_record
TN:
SF:src/commands/validation.ts
FN:7,registerValidationCommands
FN:9,(anonymous_10)
FN:22,(anonymous_11)
FNF:3
FNH:3
FNDA:2,registerValidationCommands
FNDA:2,(anonymous_10)
FNDA:1,(anonymous_11)
DA:1,1
DA:7,1
DA:8,2
DA:10,2
DA:11,2
DA:12,1
DA:13,1
DA:16,1
DA:23,1
LF:9
LH:9
BRDA:11,0,0,1
BRDA:11,0,1,1
BRDA:11,1,0,2
BRDA:11,1,1,1
BRF:4
BRH:4
end_of_record
