{"/Users/dilipkola/Workspace/sruja-lang/apps/storybook": {"path":"/Users/dilipkola/Workspace/sruja-lang/apps/storybook","statementMap":{},"fnMap":{},"branchMap":{},"s":{},"f":{},"b":{},"meta":{"lastBranch":0,"lastFunction":0,"lastStatement":0,"seen":{}}}
,"/Users/dilipkola/Workspace/sruja-lang/apps/storybook/.storybook/preview.tsx": {"path":"/Users/dilipkola/Workspace/sruja-lang/apps/storybook/.storybook/preview.tsx","statementMap":{"0":{"start":{"line":36,"column":8},"end":{"line":36,"column":9}},"1":{"start":{"line":1,"column":18},"end":{"line":1,"column":null}},"2":{"start":{"line":8,"column":30},"end":{"line":35,"column":7}},"3":{"start":{"line":41,"column":25},"end":{"line":62,"column":null}},"4":{"start":{"line":42,"column":17},"end":{"line":42,"column":null}},"5":{"start":{"line":43,"column":6},"end":{"line":58,"column":null}},"6":{"start":{"line":59,"column":11},"end":{"line":59,"column":null}},"7":{"start":{"line":59,"column":11},"end":{"line":62,"column":null}}},"fnMap":{"0":{"name":"(anonymous_0)","decl":{"start":{"line":41,"column":25},"end":{"line":41,"column":34}},"loc":{"start":{"line":41,"column":46},"end":{"line":62,"column":null}},"line":41}},"branchMap":{"0":{"loc":{"start":{"line":62,"column":4},"end":{"line":62,"column":null}},"type":"cond-expr","locations":[{"start":{"line":62,"column":4},"end":{"line":62,"column":null}},{"start":{"line":62,"column":4},"end":{"line":62,"column":null}}],"line":62}},"s":{"0":37,"1":37,"2":37,"3":37,"4":148,"5":148,"6":148,"7":148},"f":{"0":148},"b":{"0":[17,131]},"meta":{"lastBranch":1,"lastFunction":1,"lastStatement":8,"seen":{"s:36:8:36:9":0,"s:1:18:1:Infinity":1,"s:8:30:35:7":2,"s:41:25:62:Infinity":3,"f:41:25:41:34":0,"s:42:17:42:Infinity":4,"s:43:6:58:Infinity":5,"s:59:11:59:Infinity":6,"s:59:11:62:Infinity":7,"b:62:4:62:Infinity:62:4:62:Infinity":0}}}
,"/Users/dilipkola/Workspace/sruja-lang/apps/storybook/.storybook/theme.ts": {"path":"/Users/dilipkola/Workspace/sruja-lang/apps/storybook/.storybook/theme.ts","statementMap":{"0":{"start":{"line":3,"column":31},"end":{"line":22,"column":null}},"1":{"start":{"line":24,"column":30},"end":{"line":43,"column":null}}},"fnMap":{},"branchMap":{},"s":{"0":37,"1":37},"f":{},"b":{},"meta":{"lastBranch":0,"lastFunction":0,"lastStatement":2,"seen":{"s:3:31:22:Infinity":0,"s:24:30:43:Infinity":1}}}
,"/Users/dilipkola/Workspace/sruja-lang/apps/storybook/src/components/LayoutSVG.tsx": {"path":"/Users/dilipkola/Workspace/sruja-lang/apps/storybook/src/components/LayoutSVG.tsx","statementMap":{"0":{"start":{"line":9,"column":10},"end":{"line":9,"column":11}},"1":{"start":{"line":5,"column":2},"end":{"line":25,"column":null}},"2":{"start":{"line":8,"column":8},"end":{"line":11,"column":null}},"3":{"start":{"line":14,"column":8},"end":{"line":23,"column":null}},"4":{"start":{"line":19,"column":27},"end":{"line":19,"column":null}},"5":{"start":{"line":20,"column":14},"end":{"line":20,"column":null}},"6":{"start":{"line":30,"column":19},"end":{"line":30,"column":null}},"7":{"start":{"line":31,"column":19},"end":{"line":31,"column":null}},"8":{"start":{"line":32,"column":2},"end":{"line":32,"column":null}}},"fnMap":{"0":{"name":"LayoutSVG","decl":{"start":{"line":4,"column":16},"end":{"line":4,"column":26}},"loc":{"start":{"line":4,"column":127},"end":{"line":27,"column":null}},"line":4},"1":{"name":"(anonymous_1)","decl":{"start":{"line":7,"column":45},"end":{"line":7,"column":46}},"loc":{"start":{"line":8,"column":8},"end":{"line":11,"column":null}},"line":8},"2":{"name":"(anonymous_2)","decl":{"start":{"line":13,"column":32},"end":{"line":13,"column":33}},"loc":{"start":{"line":14,"column":8},"end":{"line":23,"column":null}},"line":14},"3":{"name":"(anonymous_3)","decl":{"start":{"line":18,"column":34},"end":{"line":18,"column":35}},"loc":{"start":{"line":18,"column":44},"end":{"line":21,"column":13}},"line":18},"4":{"name":"bezierPath","decl":{"start":{"line":29,"column":9},"end":{"line":29,"column":20}},"loc":{"start":{"line":29,"column":64},"end":{"line":33,"column":null}},"line":29}},"branchMap":{"0":{"loc":{"start":{"line":4,"column":36},"end":{"line":4,"column":50}},"type":"default-arg","locations":[{"start":{"line":4,"column":44},"end":{"line":4,"column":50}}],"line":4},"1":{"loc":{"start":{"line":4,"column":50},"end":{"line":4,"column":63}},"type":"default-arg","locations":[{"start":{"line":4,"column":59},"end":{"line":4,"column":63}}],"line":4},"2":{"loc":{"start":{"line":15,"column":11},"end":{"line":21,"column":null}},"type":"cond-expr","locations":[{"start":{"line":16,"column":12},"end":{"line":16,"column":null}},{"start":{"line":18,"column":12},"end":{"line":21,"column":null}}],"line":15},"3":{"loc":{"start":{"line":31,"column":19},"end":{"line":31,"column":null}},"type":"binary-expr","locations":[{"start":{"line":31,"column":19},"end":{"line":31,"column":38}},{"start":{"line":31,"column":38},"end":{"line":31,"column":null}}],"line":31}},"s":{"0":6,"1":17,"2":55,"3":34,"4":74,"5":74,"6":4,"7":4,"8":4},"f":{"0":17,"1":55,"2":34,"3":74,"4":4},"b":{"0":[17],"1":[17],"2":[4,30],"3":[4,0]},"meta":{"lastBranch":4,"lastFunction":5,"lastStatement":9,"seen":{"s:9:10:9:11":0,"f:4:16:4:26":0,"b:4:44:4:50":0,"b:4:59:4:63":1,"s:5:2:25:Infinity":1,"f:7:45:7:46":1,"s:8:8:11:Infinity":2,"f:13:32:13:33":2,"s:14:8:23:Infinity":3,"b:16:12:16:Infinity:18:12:21:Infinity":2,"f:18:34:18:35":3,"s:19:27:19:Infinity":4,"s:20:14:20:Infinity":5,"f:29:9:29:20":4,"s:30:19:30:Infinity":6,"s:31:19:31:Infinity":7,"b:31:19:31:38:31:38:31:Infinity":3,"s:32:2:32:Infinity":8}}}
}
