{"/Users/dilipkola/Workspace/sruja-lang/apps/website/src/env.d.ts": {"path":"/Users/dilipkola/Workspace/sruja-lang/apps/website/src/env.d.ts","statementMap":{},"fnMap":{},"branchMap":{},"s":{},"f":{},"b":{},"meta":{"lastBranch":0,"lastFunction":0,"lastStatement":0,"seen":{}}}
,"/Users/dilipkola/Workspace/sruja-lang/apps/website/src/config/env.ts": {"path":"/Users/dilipkola/Workspace/sruja-lang/apps/website/src/config/env.ts","statementMap":{"0":{"start":{"line":27,"column":2},"end":{"line":32,"column":null}},"1":{"start":{"line":28,"column":24},"end":{"line":28,"column":null}},"2":{"start":{"line":29,"column":4},"end":{"line":31,"column":null}},"3":{"start":{"line":30,"column":6},"end":{"line":30,"column":null}},"4":{"start":{"line":35,"column":23},"end":{"line":35,"column":null}},"5":{"start":{"line":37,"column":2},"end":{"line":45,"column":null}},"6":{"start":{"line":38,"column":16},"end":{"line":38,"column":null}},"7":{"start":{"line":40,"column":4},"end":{"line":42,"column":null}},"8":{"start":{"line":41,"column":6},"end":{"line":41,"column":null}},"9":{"start":{"line":44,"column":4},"end":{"line":44,"column":null}},"10":{"start":{"line":48,"column":2},"end":{"line":48,"column":null}},"11":{"start":{"line":52,"column":14},"end":{"line":52,"column":null}},"12":{"start":{"line":53,"column":18},"end":{"line":53,"column":null}},"13":{"start":{"line":54,"column":18},"end":{"line":54,"column":null}},"14":{"start":{"line":56,"column":28},"end":{"line":60,"column":null}},"15":{"start":{"line":63,"column":2},"end":{"line":68,"column":null}},"16":{"start":{"line":64,"column":4},"end":{"line":67,"column":null}},"17":{"start":{"line":72,"column":23},"end":{"line":72,"column":null}},"18":{"start":{"line":76,"column":24},"end":{"line":76,"column":null}},"19":{"start":{"line":78,"column":2},"end":{"line":96,"column":null}},"20":{"start":{"line":81,"column":29},"end":{"line":84,"column":null}},"21":{"start":{"line":86,"column":4},"end":{"line":90,"column":null}},"22":{"start":{"line":93,"column":4},"end":{"line":95,"column":null}},"23":{"start":{"line":94,"column":6},"end":{"line":94,"column":null}},"24":{"start":{"line":98,"column":2},"end":{"line":98,"column":null}},"25":{"start":{"line":101,"column":25},"end":{"line":101,"column":null}}},"fnMap":{"0":{"name":"getEnvironment","decl":{"start":{"line":25,"column":39},"end":{"line":25,"column":null}},"loc":{"start":{"line":25,"column":39},"end":{"line":49,"column":null}},"line":25},"1":{"name":"getEnvConfig","decl":{"start":{"line":51,"column":9},"end":{"line":51,"column":35}},"loc":{"start":{"line":51,"column":35},"end":{"line":99,"column":null}},"line":51}},"branchMap":{"0":{"loc":{"start":{"line":27,"column":2},"end":{"line":32,"column":null}},"type":"if","locations":[{"start":{"line":27,"column":2},"end":{"line":32,"column":null}},{"start":{},"end":{}}],"line":27},"1":{"loc":{"start":{"line":29,"column":4},"end":{"line":31,"column":null}},"type":"if","locations":[{"start":{"line":29,"column":4},"end":{"line":31,"column":null}},{"start":{},"end":{}}],"line":29},"2":{"loc":{"start":{"line":29,"column":8},"end":{"line":29,"column":100}},"type":"binary-expr","locations":[{"start":{"line":29,"column":8},"end":{"line":29,"column":40}},{"start":{"line":29,"column":40},"end":{"line":29,"column":69}},{"start":{"line":29,"column":69},"end":{"line":29,"column":100}}],"line":29},"3":{"loc":{"start":{"line":35,"column":23},"end":{"line":35,"column":null}},"type":"binary-expr","locations":[{"start":{"line":35,"column":23},"end":{"line":35,"column":64}},{"start":{"line":35,"column":64},"end":{"line":35,"column":null}}],"line":35},"4":{"loc":{"start":{"line":37,"column":2},"end":{"line":45,"column":null}},"type":"if","locations":[{"start":{"line":37,"column":2},"end":{"line":45,"column":null}},{"start":{},"end":{}}],"line":37},"5":{"loc":{"start":{"line":38,"column":16},"end":{"line":38,"column":null}},"type":"binary-expr","locations":[{"start":{"line":38,"column":16},"end":{"line":38,"column":40}},{"start":{"line":38,"column":40},"end":{"line":38,"column":null}}],"line":38},"6":{"loc":{"start":{"line":40,"column":4},"end":{"line":42,"column":null}},"type":"if","locations":[{"start":{"line":40,"column":4},"end":{"line":42,"column":null}},{"start":{},"end":{}}],"line":40},"7":{"loc":{"start":{"line":40,"column":8},"end":{"line":40,"column":81}},"type":"binary-expr","locations":[{"start":{"line":40,"column":8},"end":{"line":40,"column":35}},{"start":{"line":40,"column":35},"end":{"line":40,"column":60}},{"start":{"line":40,"column":60},"end":{"line":40,"column":81}}],"line":40},"8":{"loc":{"start":{"line":53,"column":18},"end":{"line":53,"column":null}},"type":"binary-expr","locations":[{"start":{"line":53,"column":18},"end":{"line":53,"column":43}},{"start":{"line":53,"column":43},"end":{"line":53,"column":null}}],"line":53},"9":{"loc":{"start":{"line":53,"column":43},"end":{"line":53,"column":null}},"type":"cond-expr","locations":[{"start":{"line":53,"column":66},"end":{"line":53,"column":87}},{"start":{"line":53,"column":87},"end":{"line":53,"column":null}}],"line":53},"10":{"loc":{"start":{"line":54,"column":18},"end":{"line":54,"column":null}},"type":"binary-expr","locations":[{"start":{"line":54,"column":18},"end":{"line":54,"column":42}},{"start":{"line":54,"column":42},"end":{"line":54,"column":null}}],"line":54},"11":{"loc":{"start":{"line":63,"column":2},"end":{"line":68,"column":null}},"type":"if","locations":[{"start":{"line":63,"column":2},"end":{"line":68,"column":null}},{"start":{},"end":{}}],"line":63},"12":{"loc":{"start":{"line":66,"column":12},"end":{"line":66,"column":null}},"type":"binary-expr","locations":[{"start":{"line":66,"column":12},"end":{"line":66,"column":51}},{"start":{"line":66,"column":51},"end":{"line":66,"column":null}}],"line":66},"13":{"loc":{"start":{"line":78,"column":2},"end":{"line":96,"column":null}},"type":"if","locations":[{"start":{"line":78,"column":2},"end":{"line":96,"column":null}},{"start":{},"end":{}}],"line":78},"14":{"loc":{"start":{"line":78,"column":6},"end":{"line":78,"column":37}},"type":"binary-expr","locations":[{"start":{"line":78,"column":6},"end":{"line":78,"column":22}},{"start":{"line":78,"column":22},"end":{"line":78,"column":37}}],"line":78},"15":{"loc":{"start":{"line":81,"column":29},"end":{"line":84,"column":null}},"type":"binary-expr","locations":[{"start":{"line":81,"column":29},"end":{"line":81,"column":null}},{"start":{"line":82,"column":7},"end":{"line":84,"column":null}}],"line":81},"16":{"loc":{"start":{"line":82,"column":7},"end":{"line":84,"column":null}},"type":"cond-expr","locations":[{"start":{"line":82,"column":30},"end":{"line":82,"column":null}},{"start":{"line":83,"column":7},"end":{"line":84,"column":null}}],"line":82},"17":{"loc":{"start":{"line":83,"column":7},"end":{"line":84,"column":null}},"type":"cond-expr","locations":[{"start":{"line":83,"column":27},"end":{"line":83,"column":null}},{"start":{"line":84,"column":7},"end":{"line":84,"column":null}}],"line":83},"18":{"loc":{"start":{"line":93,"column":4},"end":{"line":95,"column":null}},"type":"if","locations":[{"start":{"line":93,"column":4},"end":{"line":95,"column":null}},{"start":{},"end":{}}],"line":93},"19":{"loc":{"start":{"line":93,"column":8},"end":{"line":93,"column":65}},"type":"binary-expr","locations":[{"start":{"line":93,"column":8},"end":{"line":93,"column":33}},{"start":{"line":93,"column":33},"end":{"line":93,"column":65}}],"line":93}},"s":{"0":0,"1":0,"2":0,"3":0,"4":0,"5":0,"6":0,"7":0,"8":0,"9":0,"10":0,"11":0,"12":0,"13":0,"14":0,"15":0,"16":0,"17":0,"18":0,"19":0,"20":0,"21":0,"22":0,"23":0,"24":0,"25":0},"f":{"0":0,"1":0},"b":{"0":[0,0],"1":[0,0],"2":[0,0,0],"3":[0,0],"4":[0,0],"5":[0,0],"6":[0,0],"7":[0,0,0],"8":[0,0],"9":[0,0],"10":[0,0],"11":[0,0],"12":[0,0],"13":[0,0],"14":[0,0],"15":[0,0],"16":[0,0],"17":[0,0],"18":[0,0],"19":[0,0]},"meta":{"lastBranch":20,"lastFunction":2,"lastStatement":26,"seen":{"f:25:39:25:Infinity":0,"b:27:2:32:Infinity:undefined:undefined:undefined:undefined":0,"s:27:2:32:Infinity":0,"s:28:24:28:Infinity":1,"b:29:4:31:Infinity:undefined:undefined:undefined:undefined":1,"s:29:4:31:Infinity":2,"b:29:8:29:40:29:40:29:69:29:69:29:100":2,"s:30:6:30:Infinity":3,"s:35:23:35:Infinity":4,"b:35:23:35:64:35:64:35:Infinity":3,"b:37:2:45:Infinity:undefined:undefined:undefined:undefined":4,"s:37:2:45:Infinity":5,"s:38:16:38:Infinity":6,"b:38:16:38:40:38:40:38:Infinity":5,"b:40:4:42:Infinity:undefined:undefined:undefined:undefined":6,"s:40:4:42:Infinity":7,"b:40:8:40:35:40:35:40:60:40:60:40:81":7,"s:41:6:41:Infinity":8,"s:44:4:44:Infinity":9,"s:48:2:48:Infinity":10,"f:51:9:51:35":1,"s:52:14:52:Infinity":11,"s:53:18:53:Infinity":12,"b:53:18:53:43:53:43:53:Infinity":8,"b:53:66:53:87:53:87:53:Infinity":9,"s:54:18:54:Infinity":13,"b:54:18:54:42:54:42:54:Infinity":10,"s:56:28:60:Infinity":14,"b:63:2:68:Infinity:undefined:undefined:undefined:undefined":11,"s:63:2:68:Infinity":15,"s:64:4:67:Infinity":16,"b:66:12:66:51:66:51:66:Infinity":12,"s:72:23:72:Infinity":17,"s:76:24:76:Infinity":18,"b:78:2:96:Infinity:undefined:undefined:undefined:undefined":13,"s:78:2:96:Infinity":19,"b:78:6:78:22:78:22:78:37":14,"s:81:29:84:Infinity":20,"b:81:29:81:Infinity:82:7:84:Infinity":15,"b:82:30:82:Infinity:83:7:84:Infinity":16,"b:83:27:83:Infinity:84:7:84:Infinity":17,"s:86:4:90:Infinity":21,"b:93:4:95:Infinity:undefined:undefined:undefined:undefined":18,"s:93:4:95:Infinity":22,"b:93:8:93:33:93:33:93:65":19,"s:94:6:94:Infinity":23,"s:98:2:98:Infinity":24,"s:101:25:101:Infinity":25}}}
,"/Users/dilipkola/Workspace/sruja-lang/apps/website/src/content/config.ts": {"path":"/Users/dilipkola/Workspace/sruja-lang/apps/website/src/content/config.ts","statementMap":{"0":{"start":{"line":4,"column":6},"end":{"line":15,"column":null}},"1":{"start":{"line":17,"column":6},"end":{"line":35,"column":null}},"2":{"start":{"line":37,"column":6},"end":{"line":45,"column":null}},"3":{"start":{"line":47,"column":6},"end":{"line":57,"column":null}},"4":{"start":{"line":59,"column":6},"end":{"line":75,"column":null}},"5":{"start":{"line":77,"column":6},"end":{"line":100,"column":null}},"6":{"start":{"line":102,"column":27},"end":{"line":109,"column":null}}},"fnMap":{},"branchMap":{},"s":{"0":0,"1":0,"2":0,"3":0,"4":0,"5":0,"6":0},"f":{},"b":{},"meta":{"lastBranch":0,"lastFunction":0,"lastStatement":7,"seen":{"s:4:6:15:Infinity":0,"s:17:6:35:Infinity":1,"s:37:6:45:Infinity":2,"s:47:6:57:Infinity":3,"s:59:6:75:Infinity":4,"s:77:6:100:Infinity":5,"s:102:27:109:Infinity":6}}}
,"/Users/dilipkola/Workspace/sruja-lang/apps/website/src/features/challenges/components/ChallengeRunner.tsx": {"path":"/Users/dilipkola/Workspace/sruja-lang/apps/website/src/features/challenges/components/ChallengeRunner.tsx","statementMap":{"0":{"start":{"line":12,"column":20},"end":{"line":12,"column":null}},"1":{"start":{"line":13,"column":28},"end":{"line":13,"column":null}},"2":{"start":{"line":14,"column":26},"end":{"line":14,"column":null}},"3":{"start":{"line":15,"column":30},"end":{"line":15,"column":null}},"4":{"start":{"line":16,"column":42},"end":{"line":16,"column":null}},"5":{"start":{"line":18,"column":2},"end":{"line":20,"column":null}},"6":{"start":{"line":19,"column":4},"end":{"line":19,"column":null}},"7":{"start":{"line":22,"column":14},"end":{"line":125,"column":null}},"8":{"start":{"line":23,"column":4},"end":{"line":23,"column":null}},"9":{"start":{"line":24,"column":4},"end":{"line":24,"column":null}},"10":{"start":{"line":25,"column":30},"end":{"line":25,"column":null}},"11":{"start":{"line":26,"column":4},"end":{"line":124,"column":null}},"12":{"start":{"line":27,"column":6},"end":{"line":27,"column":null}},"13":{"start":{"line":27,"column":23},"end":{"line":27,"column":28}},"14":{"start":{"line":28,"column":18},"end":{"line":28,"column":null}},"15":{"start":{"line":29,"column":22},"end":{"line":29,"column":null}},"16":{"start":{"line":30,"column":19},"end":{"line":30,"column":null}},"17":{"start":{"line":31,"column":19},"end":{"line":31,"column":null}},"18":{"start":{"line":32,"column":6},"end":{"line":112,"column":null}},"19":{"start":{"line":33,"column":8},"end":{"line":111,"column":null}},"20":{"start":{"line":35,"column":10},"end":{"line":35,"column":null}},"21":{"start":{"line":36,"column":8},"end":{"line":111,"column":null}},"22":{"start":{"line":37,"column":26},"end":{"line":61,"column":null}},"23":{"start":{"line":38,"column":59},"end":{"line":38,"column":null}},"24":{"start":{"line":39,"column":24},"end":{"line":45,"column":null}},"25":{"start":{"line":40,"column":14},"end":{"line":44,"column":null}},"26":{"start":{"line":41,"column":16},"end":{"line":43,"column":null}},"27":{"start":{"line":42,"column":18},"end":{"line":42,"column":null}},"28":{"start":{"line":46,"column":12},"end":{"line":46,"column":null}},"29":{"start":{"line":47,"column":12},"end":{"line":54,"column":null}},"30":{"start":{"line":48,"column":14},"end":{"line":48,"column":null}},"31":{"start":{"line":49,"column":14},"end":{"line":52,"column":null}},"32":{"start":{"line":50,"column":16},"end":{"line":50,"column":null}},"33":{"start":{"line":51,"column":16},"end":{"line":51,"column":null}},"34":{"start":{"line":51,"column":58},"end":{"line":51,"column":null}},"35":{"start":{"line":53,"column":14},"end":{"line":53,"column":null}},"36":{"start":{"line":53,"column":56},"end":{"line":53,"column":null}},"37":{"start":{"line":55,"column":12},"end":{"line":58,"column":null}},"38":{"start":{"line":56,"column":14},"end":{"line":56,"column":null}},"39":{"start":{"line":57,"column":14},"end":{"line":57,"column":null}},"40":{"start":{"line":57,"column":56},"end":{"line":57,"column":null}},"41":{"start":{"line":59,"column":12},"end":{"line":59,"column":null}},"42":{"start":{"line":59,"column":55},"end":{"line":59,"column":null}},"43":{"start":{"line":60,"column":12},"end":{"line":60,"column":null}},"44":{"start":{"line":62,"column":23},"end":{"line":62,"column":null}},"45":{"start":{"line":63,"column":28},"end":{"line":74,"column":null}},"46":{"start":{"line":64,"column":12},"end":{"line":64,"column":null}},"47":{"start":{"line":64,"column":27},"end":{"line":64,"column":null}},"48":{"start":{"line":65,"column":22},"end":{"line":65,"column":null}},"49":{"start":{"line":66,"column":22},"end":{"line":66,"column":null}},"50":{"start":{"line":67,"column":12},"end":{"line":67,"column":null}},"51":{"start":{"line":67,"column":26},"end":{"line":67,"column":null}},"52":{"start":{"line":68,"column":12},"end":{"line":68,"column":null}},"53":{"start":{"line":68,"column":25},"end":{"line":68,"column":null}},"54":{"start":{"line":69,"column":23},"end":{"line":69,"column":null}},"55":{"start":{"line":70,"column":23},"end":{"line":70,"column":null}},"56":{"start":{"line":71,"column":12},"end":{"line":71,"column":null}},"57":{"start":{"line":71,"column":39},"end":{"line":71,"column":null}},"58":{"start":{"line":72,"column":12},"end":{"line":72,"column":null}},"59":{"start":{"line":72,"column":37},"end":{"line":72,"column":null}},"60":{"start":{"line":73,"column":12},"end":{"line":73,"column":null}},"61":{"start":{"line":75,"column":21},"end":{"line":75,"column":null}},"62":{"start":{"line":75,"column":43},"end":{"line":75,"column":99}},"63":{"start":{"line":76,"column":10},"end":{"line":81,"column":null}},"64":{"start":{"line":77,"column":12},"end":{"line":77,"column":null}},"65":{"start":{"line":78,"column":12},"end":{"line":78,"column":null}},"66":{"start":{"line":80,"column":12},"end":{"line":80,"column":null}},"67":{"start":{"line":82,"column":8},"end":{"line":111,"column":null}},"68":{"start":{"line":83,"column":24},"end":{"line":83,"column":null}},"69":{"start":{"line":84,"column":24},"end":{"line":95,"column":null}},"70":{"start":{"line":85,"column":12},"end":{"line":85,"column":null}},"71":{"start":{"line":85,"column":22},"end":{"line":85,"column":null}},"72":{"start":{"line":86,"column":12},"end":{"line":89,"column":null}},"73":{"start":{"line":87,"column":14},"end":{"line":87,"column":null}},"74":{"start":{"line":87,"column":38},"end":{"line":87,"column":null}},"75":{"start":{"line":88,"column":14},"end":{"line":88,"column":null}},"76":{"start":{"line":90,"column":12},"end":{"line":94,"column":null}},"77":{"start":{"line":91,"column":20},"end":{"line":91,"column":null}},"78":{"start":{"line":92,"column":14},"end":{"line":92,"column":null}},"79":{"start":{"line":92,"column":22},"end":{"line":92,"column":null}},"80":{"start":{"line":93,"column":14},"end":{"line":93,"column":null}},"81":{"start":{"line":93,"column":48},"end":{"line":93,"column":null}},"82":{"start":{"line":96,"column":10},"end":{"line":96,"column":null}},"83":{"start":{"line":97,"column":16},"end":{"line":97,"column":null}},"84":{"start":{"line":98,"column":21},"end":{"line":104,"column":null}},"85":{"start":{"line":99,"column":12},"end":{"line":99,"column":null}},"86":{"start":{"line":99,"column":20},"end":{"line":99,"column":null}},"87":{"start":{"line":100,"column":12},"end":{"line":100,"column":null}},"88":{"start":{"line":100,"column":32},"end":{"line":100,"column":null}},"89":{"start":{"line":101,"column":23},"end":{"line":101,"column":null}},"90":{"start":{"line":102,"column":23},"end":{"line":102,"column":null}},"91":{"start":{"line":103,"column":12},"end":{"line":103,"column":null}},"92":{"start":{"line":105,"column":10},"end":{"line":110,"column":null}},"93":{"start":{"line":106,"column":12},"end":{"line":106,"column":null}},"94":{"start":{"line":107,"column":12},"end":{"line":107,"column":null}},"95":{"start":{"line":109,"column":12},"end":{"line":109,"column":null}},"96":{"start":{"line":113,"column":6},"end":{"line":113,"column":null}},"97":{"start":{"line":114,"column":6},"end":{"line":116,"column":null}},"98":{"start":{"line":115,"column":8},"end":{"line":115,"column":null}},"99":{"start":{"line":115,"column":14},"end":{"line":115,"column":44}},"100":{"start":{"line":117,"column":6},"end":{"line":117,"column":null}},"101":{"start":{"line":119,"column":18},"end":{"line":119,"column":null}},"102":{"start":{"line":120,"column":12},"end":{"line":120,"column":null}},"103":{"start":{"line":121,"column":6},"end":{"line":121,"column":null}},"104":{"start":{"line":123,"column":6},"end":{"line":123,"column":null}},"105":{"start":{"line":127,"column":19},"end":{"line":133,"column":null}},"106":{"start":{"line":128,"column":4},"end":{"line":128,"column":null}},"107":{"start":{"line":128,"column":58},"end":{"line":128,"column":null}},"108":{"start":{"line":129,"column":17},"end":{"line":129,"column":null}},"109":{"start":{"line":130,"column":4},"end":{"line":130,"column":null}},"110":{"start":{"line":131,"column":24},"end":{"line":131,"column":null}},"111":{"start":{"line":132,"column":4},"end":{"line":132,"column":null}},"112":{"start":{"line":132,"column":23},"end":{"line":132,"column":94}},"113":{"start":{"line":135,"column":25},"end":{"line":138,"column":null}},"114":{"start":{"line":136,"column":4},"end":{"line":136,"column":null}},"115":{"start":{"line":136,"column":29},"end":{"line":136,"column":null}},"116":{"start":{"line":137,"column":4},"end":{"line":137,"column":null}},"117":{"start":{"line":140,"column":2},"end":{"line":184,"column":null}},"118":{"start":{"line":149,"column":27},"end":{"line":149,"column":null}},"119":{"start":{"line":167,"column":42},"end":{"line":167,"column":62}}},"fnMap":{"0":{"name":"ChallengeRunner","decl":{"start":{"line":11,"column":24},"end":{"line":11,"column":40}},"loc":{"start":{"line":11,"column":81},"end":{"line":186,"column":null}},"line":11},"1":{"name":"(anonymous_1)","decl":{"start":{"line":18,"column":12},"end":{"line":18,"column":18}},"loc":{"start":{"line":18,"column":18},"end":{"line":20,"column":5}},"line":18},"2":{"name":"(anonymous_2)","decl":{"start":{"line":22,"column":14},"end":{"line":22,"column":26}},"loc":{"start":{"line":22,"column":26},"end":{"line":125,"column":null}},"line":22},"3":{"name":"(anonymous_3)","decl":{"start":{"line":27,"column":18},"end":{"line":27,"column":23}},"loc":{"start":{"line":27,"column":23},"end":{"line":27,"column":28}},"line":27},"4":{"name":"(anonymous_4)","decl":{"start":{"line":37,"column":26},"end":{"line":37,"column":27}},"loc":{"start":{"line":37,"column":76},"end":{"line":61,"column":null}},"line":37},"5":{"name":"(anonymous_5)","decl":{"start":{"line":39,"column":24},"end":{"line":39,"column":25}},"loc":{"start":{"line":39,"column":40},"end":{"line":45,"column":null}},"line":39},"6":{"name":"(anonymous_6)","decl":{"start":{"line":63,"column":28},"end":{"line":63,"column":29}},"loc":{"start":{"line":63,"column":67},"end":{"line":74,"column":null}},"line":63},"7":{"name":"(anonymous_7)","decl":{"start":{"line":75,"column":31},"end":{"line":75,"column":32}},"loc":{"start":{"line":75,"column":43},"end":{"line":75,"column":99}},"line":75},"8":{"name":"(anonymous_8)","decl":{"start":{"line":84,"column":24},"end":{"line":84,"column":25}},"loc":{"start":{"line":84,"column":38},"end":{"line":95,"column":null}},"line":84},"9":{"name":"(anonymous_9)","decl":{"start":{"line":98,"column":56},"end":{"line":98,"column":57}},"loc":{"start":{"line":98,"column":63},"end":{"line":104,"column":11}},"line":98},"10":{"name":"(anonymous_10)","decl":{"start":{"line":127,"column":19},"end":{"line":127,"column":25}},"loc":{"start":{"line":127,"column":25},"end":{"line":133,"column":null}},"line":127},"11":{"name":"(anonymous_11)","decl":{"start":{"line":132,"column":14},"end":{"line":132,"column":23}},"loc":{"start":{"line":132,"column":23},"end":{"line":132,"column":94}},"line":132},"12":{"name":"(anonymous_12)","decl":{"start":{"line":135,"column":25},"end":{"line":135,"column":31}},"loc":{"start":{"line":135,"column":31},"end":{"line":138,"column":null}},"line":135},"13":{"name":"(anonymous_13)","decl":{"start":{"line":149,"column":20},"end":{"line":149,"column":21}},"loc":{"start":{"line":149,"column":27},"end":{"line":149,"column":null}},"line":149},"14":{"name":"(anonymous_14)","decl":{"start":{"line":167,"column":32},"end":{"line":167,"column":33}},"loc":{"start":{"line":167,"column":42},"end":{"line":167,"column":62}},"line":167}},"branchMap":{"0":{"loc":{"start":{"line":33,"column":8},"end":{"line":111,"column":null}},"type":"if","locations":[{"start":{"line":33,"column":8},"end":{"line":111,"column":null}},{"start":{"line":36,"column":8},"end":{"line":111,"column":null}}],"line":33},"1":{"loc":{"start":{"line":35,"column":23},"end":{"line":35,"column":53}},"type":"binary-expr","locations":[{"start":{"line":35,"column":23},"end":{"line":35,"column":36}},{"start":{"line":35,"column":36},"end":{"line":35,"column":53}}],"line":35},"2":{"loc":{"start":{"line":36,"column":8},"end":{"line":111,"column":null}},"type":"if","locations":[{"start":{"line":36,"column":8},"end":{"line":111,"column":null}},{"start":{"line":82,"column":8},"end":{"line":111,"column":null}}],"line":36},"3":{"loc":{"start":{"line":40,"column":30},"end":{"line":40,"column":41}},"type":"binary-expr","locations":[{"start":{"line":40,"column":30},"end":{"line":40,"column":37}},{"start":{"line":40,"column":37},"end":{"line":40,"column":41}}],"line":40},"4":{"loc":{"start":{"line":41,"column":16},"end":{"line":43,"column":null}},"type":"if","locations":[{"start":{"line":41,"column":16},"end":{"line":43,"column":null}},{"start":{},"end":{}}],"line":41},"5":{"loc":{"start":{"line":41,"column":20},"end":{"line":41,"column":69}},"type":"binary-expr","locations":[{"start":{"line":41,"column":20},"end":{"line":41,"column":26}},{"start":{"line":41,"column":26},"end":{"line":41,"column":36}},{"start":{"line":41,"column":36},"end":{"line":41,"column":50}},{"start":{"line":41,"column":50},"end":{"line":41,"column":58}},{"start":{"line":41,"column":58},"end":{"line":41,"column":69}}],"line":41},"6":{"loc":{"start":{"line":42,"column":35},"end":{"line":42,"column":55}},"type":"binary-expr","locations":[{"start":{"line":42,"column":35},"end":{"line":42,"column":45}},{"start":{"line":42,"column":45},"end":{"line":42,"column":55}}],"line":42},"7":{"loc":{"start":{"line":42,"column":59},"end":{"line":42,"column":76}},"type":"binary-expr","locations":[{"start":{"line":42,"column":59},"end":{"line":42,"column":67}},{"start":{"line":42,"column":67},"end":{"line":42,"column":76}}],"line":42},"8":{"loc":{"start":{"line":46,"column":16},"end":{"line":46,"column":37}},"type":"binary-expr","locations":[{"start":{"line":46,"column":16},"end":{"line":46,"column":35}},{"start":{"line":46,"column":35},"end":{"line":46,"column":37}}],"line":46},"9":{"loc":{"start":{"line":47,"column":30},"end":{"line":47,"column":51}},"type":"binary-expr","locations":[{"start":{"line":47,"column":30},"end":{"line":47,"column":47}},{"start":{"line":47,"column":47},"end":{"line":47,"column":51}}],"line":47},"10":{"loc":{"start":{"line":48,"column":18},"end":{"line":48,"column":38}},"type":"binary-expr","locations":[{"start":{"line":48,"column":18},"end":{"line":48,"column":36}},{"start":{"line":48,"column":36},"end":{"line":48,"column":38}}],"line":48},"11":{"loc":{"start":{"line":49,"column":32},"end":{"line":49,"column":55}},"type":"binary-expr","locations":[{"start":{"line":49,"column":32},"end":{"line":49,"column":51}},{"start":{"line":49,"column":51},"end":{"line":49,"column":55}}],"line":49},"12":{"loc":{"start":{"line":50,"column":20},"end":{"line":50,"column":40}},"type":"binary-expr","locations":[{"start":{"line":50,"column":20},"end":{"line":50,"column":38}},{"start":{"line":50,"column":38},"end":{"line":50,"column":40}}],"line":50},"13":{"loc":{"start":{"line":51,"column":35},"end":{"line":51,"column":58}},"type":"binary-expr","locations":[{"start":{"line":51,"column":35},"end":{"line":51,"column":54}},{"start":{"line":51,"column":54},"end":{"line":51,"column":58}}],"line":51},"14":{"loc":{"start":{"line":51,"column":62},"end":{"line":51,"column":83}},"type":"binary-expr","locations":[{"start":{"line":51,"column":62},"end":{"line":51,"column":81}},{"start":{"line":51,"column":81},"end":{"line":51,"column":83}}],"line":51},"15":{"loc":{"start":{"line":53,"column":33},"end":{"line":53,"column":56}},"type":"binary-expr","locations":[{"start":{"line":53,"column":33},"end":{"line":53,"column":52}},{"start":{"line":53,"column":52},"end":{"line":53,"column":56}}],"line":53},"16":{"loc":{"start":{"line":53,"column":60},"end":{"line":53,"column":81}},"type":"binary-expr","locations":[{"start":{"line":53,"column":60},"end":{"line":53,"column":79}},{"start":{"line":53,"column":79},"end":{"line":53,"column":81}}],"line":53},"17":{"loc":{"start":{"line":55,"column":30},"end":{"line":55,"column":54}},"type":"binary-expr","locations":[{"start":{"line":55,"column":30},"end":{"line":55,"column":50}},{"start":{"line":55,"column":50},"end":{"line":55,"column":54}}],"line":55},"18":{"loc":{"start":{"line":56,"column":18},"end":{"line":56,"column":38}},"type":"binary-expr","locations":[{"start":{"line":56,"column":18},"end":{"line":56,"column":36}},{"start":{"line":56,"column":36},"end":{"line":56,"column":38}}],"line":56},"19":{"loc":{"start":{"line":57,"column":33},"end":{"line":57,"column":56}},"type":"binary-expr","locations":[{"start":{"line":57,"column":33},"end":{"line":57,"column":52}},{"start":{"line":57,"column":52},"end":{"line":57,"column":56}}],"line":57},"20":{"loc":{"start":{"line":57,"column":60},"end":{"line":57,"column":81}},"type":"binary-expr","locations":[{"start":{"line":57,"column":60},"end":{"line":57,"column":79}},{"start":{"line":57,"column":79},"end":{"line":57,"column":81}}],"line":57},"21":{"loc":{"start":{"line":59,"column":31},"end":{"line":59,"column":55}},"type":"binary-expr","locations":[{"start":{"line":59,"column":31},"end":{"line":59,"column":51}},{"start":{"line":59,"column":51},"end":{"line":59,"column":55}}],"line":59},"22":{"loc":{"start":{"line":59,"column":59},"end":{"line":59,"column":80}},"type":"binary-expr","locations":[{"start":{"line":59,"column":59},"end":{"line":59,"column":78}},{"start":{"line":59,"column":78},"end":{"line":59,"column":80}}],"line":59},"23":{"loc":{"start":{"line":62,"column":31},"end":{"line":62,"column":57}},"type":"binary-expr","locations":[{"start":{"line":62,"column":31},"end":{"line":62,"column":53}},{"start":{"line":62,"column":53},"end":{"line":62,"column":57}}],"line":62},"24":{"loc":{"start":{"line":64,"column":12},"end":{"line":64,"column":null}},"type":"if","locations":[{"start":{"line":64,"column":12},"end":{"line":64,"column":null}},{"start":{},"end":{}}],"line":64},"25":{"loc":{"start":{"line":65,"column":29},"end":{"line":65,"column":41}},"type":"binary-expr","locations":[{"start":{"line":65,"column":29},"end":{"line":65,"column":39}},{"start":{"line":65,"column":39},"end":{"line":65,"column":41}}],"line":65},"26":{"loc":{"start":{"line":66,"column":29},"end":{"line":66,"column":43}},"type":"binary-expr","locations":[{"start":{"line":66,"column":29},"end":{"line":66,"column":41}},{"start":{"line":66,"column":41},"end":{"line":66,"column":43}}],"line":66},"27":{"loc":{"start":{"line":67,"column":12},"end":{"line":67,"column":null}},"type":"if","locations":[{"start":{"line":67,"column":12},"end":{"line":67,"column":null}},{"start":{},"end":{}}],"line":67},"28":{"loc":{"start":{"line":67,"column":16},"end":{"line":67,"column":26}},"type":"binary-expr","locations":[{"start":{"line":67,"column":16},"end":{"line":67,"column":22}},{"start":{"line":67,"column":22},"end":{"line":67,"column":26}}],"line":67},"29":{"loc":{"start":{"line":68,"column":12},"end":{"line":68,"column":null}},"type":"if","locations":[{"start":{"line":68,"column":12},"end":{"line":68,"column":null}},{"start":{},"end":{}}],"line":68},"30":{"loc":{"start":{"line":71,"column":12},"end":{"line":71,"column":null}},"type":"if","locations":[{"start":{"line":71,"column":12},"end":{"line":71,"column":null}},{"start":{},"end":{}}],"line":71},"31":{"loc":{"start":{"line":71,"column":16},"end":{"line":71,"column":39}},"type":"binary-expr","locations":[{"start":{"line":71,"column":16},"end":{"line":71,"column":22}},{"start":{"line":71,"column":22},"end":{"line":71,"column":28}},{"start":{"line":71,"column":28},"end":{"line":71,"column":39}}],"line":71},"32":{"loc":{"start":{"line":72,"column":12},"end":{"line":72,"column":null}},"type":"if","locations":[{"start":{"line":72,"column":12},"end":{"line":72,"column":null}},{"start":{},"end":{}}],"line":72},"33":{"loc":{"start":{"line":75,"column":43},"end":{"line":75,"column":99}},"type":"binary-expr","locations":[{"start":{"line":75,"column":43},"end":{"line":75,"column":74}},{"start":{"line":75,"column":74},"end":{"line":75,"column":99}}],"line":75},"34":{"loc":{"start":{"line":76,"column":10},"end":{"line":81,"column":null}},"type":"if","locations":[{"start":{"line":76,"column":10},"end":{"line":81,"column":null}},{"start":{"line":79,"column":17},"end":{"line":81,"column":null}}],"line":76},"35":{"loc":{"start":{"line":78,"column":25},"end":{"line":78,"column":79}},"type":"binary-expr","locations":[{"start":{"line":78,"column":25},"end":{"line":78,"column":38}},{"start":{"line":78,"column":38},"end":{"line":78,"column":79}}],"line":78},"36":{"loc":{"start":{"line":82,"column":8},"end":{"line":111,"column":null}},"type":"if","locations":[{"start":{"line":82,"column":8},"end":{"line":111,"column":null}},{"start":{},"end":{}}],"line":82},"37":{"loc":{"start":{"line":85,"column":12},"end":{"line":85,"column":null}},"type":"if","locations":[{"start":{"line":85,"column":12},"end":{"line":85,"column":null}},{"start":{},"end":{}}],"line":85},"38":{"loc":{"start":{"line":86,"column":12},"end":{"line":89,"column":null}},"type":"if","locations":[{"start":{"line":86,"column":12},"end":{"line":89,"column":null}},{"start":{},"end":{}}],"line":86},"39":{"loc":{"start":{"line":90,"column":12},"end":{"line":94,"column":null}},"type":"if","locations":[{"start":{"line":90,"column":12},"end":{"line":94,"column":null}},{"start":{},"end":{}}],"line":90},"40":{"loc":{"start":{"line":91,"column":26},"end":{"line":91,"column":52}},"type":"binary-expr","locations":[{"start":{"line":91,"column":26},"end":{"line":91,"column":38}},{"start":{"line":91,"column":38},"end":{"line":91,"column":48}},{"start":{"line":91,"column":48},"end":{"line":91,"column":52}}],"line":91},"41":{"loc":{"start":{"line":92,"column":14},"end":{"line":92,"column":null}},"type":"if","locations":[{"start":{"line":92,"column":14},"end":{"line":92,"column":null}},{"start":{},"end":{}}],"line":92},"42":{"loc":{"start":{"line":96,"column":16},"end":{"line":96,"column":42}},"type":"binary-expr","locations":[{"start":{"line":96,"column":16},"end":{"line":96,"column":38}},{"start":{"line":96,"column":38},"end":{"line":96,"column":42}}],"line":96},"43":{"loc":{"start":{"line":97,"column":28},"end":{"line":97,"column":42}},"type":"binary-expr","locations":[{"start":{"line":97,"column":28},"end":{"line":97,"column":38}},{"start":{"line":97,"column":38},"end":{"line":97,"column":42}}],"line":97},"44":{"loc":{"start":{"line":98,"column":21},"end":{"line":104,"column":null}},"type":"binary-expr","locations":[{"start":{"line":98,"column":21},"end":{"line":98,"column":33}},{"start":{"line":98,"column":33},"end":{"line":104,"column":null}}],"line":98},"45":{"loc":{"start":{"line":99,"column":12},"end":{"line":99,"column":null}},"type":"if","locations":[{"start":{"line":99,"column":12},"end":{"line":99,"column":null}},{"start":{},"end":{}}],"line":99},"46":{"loc":{"start":{"line":100,"column":12},"end":{"line":100,"column":null}},"type":"if","locations":[{"start":{"line":100,"column":12},"end":{"line":100,"column":null}},{"start":{},"end":{}}],"line":100},"47":{"loc":{"start":{"line":103,"column":19},"end":{"line":103,"column":null}},"type":"binary-expr","locations":[{"start":{"line":103,"column":19},"end":{"line":103,"column":27}},{"start":{"line":103,"column":27},"end":{"line":103,"column":35}},{"start":{"line":103,"column":35},"end":{"line":103,"column":null}}],"line":103},"48":{"loc":{"start":{"line":105,"column":10},"end":{"line":110,"column":null}},"type":"if","locations":[{"start":{"line":105,"column":10},"end":{"line":110,"column":null}},{"start":{"line":108,"column":17},"end":{"line":110,"column":null}}],"line":105},"49":{"loc":{"start":{"line":107,"column":25},"end":{"line":107,"column":66}},"type":"binary-expr","locations":[{"start":{"line":107,"column":25},"end":{"line":107,"column":38}},{"start":{"line":107,"column":38},"end":{"line":107,"column":66}}],"line":107},"50":{"loc":{"start":{"line":114,"column":6},"end":{"line":116,"column":null}},"type":"if","locations":[{"start":{"line":114,"column":6},"end":{"line":116,"column":null}},{"start":{},"end":{}}],"line":114},"51":{"loc":{"start":{"line":119,"column":18},"end":{"line":119,"column":null}},"type":"cond-expr","locations":[{"start":{"line":119,"column":39},"end":{"line":119,"column":51}},{"start":{"line":119,"column":51},"end":{"line":119,"column":null}}],"line":119},"52":{"loc":{"start":{"line":128,"column":4},"end":{"line":128,"column":null}},"type":"if","locations":[{"start":{"line":128,"column":4},"end":{"line":128,"column":null}},{"start":{},"end":{}}],"line":128},"53":{"loc":{"start":{"line":128,"column":8},"end":{"line":128,"column":58}},"type":"binary-expr","locations":[{"start":{"line":128,"column":8},"end":{"line":128,"column":28}},{"start":{"line":128,"column":28},"end":{"line":128,"column":58}}],"line":128},"54":{"loc":{"start":{"line":132,"column":54},"end":{"line":132,"column":76}},"type":"binary-expr","locations":[{"start":{"line":132,"column":54},"end":{"line":132,"column":71}},{"start":{"line":132,"column":71},"end":{"line":132,"column":76}}],"line":132},"55":{"loc":{"start":{"line":136,"column":4},"end":{"line":136,"column":null}},"type":"if","locations":[{"start":{"line":136,"column":4},"end":{"line":136,"column":null}},{"start":{},"end":{}}],"line":136},"56":{"loc":{"start":{"line":144,"column":9},"end":{"line":144,"column":null}},"type":"binary-expr","locations":[{"start":{"line":144,"column":9},"end":{"line":144,"column":30}},{"start":{"line":144,"column":30},"end":{"line":144,"column":null}}],"line":144},"57":{"loc":{"start":{"line":149,"column":34},"end":{"line":149,"column":41}},"type":"binary-expr","locations":[{"start":{"line":149,"column":34},"end":{"line":149,"column":39}},{"start":{"line":149,"column":39},"end":{"line":149,"column":41}}],"line":149},"58":{"loc":{"start":{"line":155,"column":50},"end":{"line":155,"column":87}},"type":"cond-expr","locations":[{"start":{"line":155,"column":60},"end":{"line":155,"column":75}},{"start":{"line":155,"column":75},"end":{"line":155,"column":87}}],"line":155},"59":{"loc":{"start":{"line":156,"column":9},"end":{"line":160,"column":null}},"type":"binary-expr","locations":[{"start":{"line":156,"column":9},"end":{"line":156,"column":26}},{"start":{"line":156,"column":26},"end":{"line":156,"column":null}},{"start":{"line":157,"column":10},"end":{"line":160,"column":null}}],"line":156},"60":{"loc":{"start":{"line":158,"column":49},"end":{"line":158,"column":111}},"type":"binary-expr","locations":[{"start":{"line":158,"column":49},"end":{"line":158,"column":61}},{"start":{"line":158,"column":49},"end":{"line":158,"column":111}}],"line":158},"61":{"loc":{"start":{"line":158,"column":61},"end":{"line":158,"column":95}},"type":"binary-expr","locations":[{"start":{"line":158,"column":61},"end":{"line":158,"column":88}},{"start":{"line":158,"column":88},"end":{"line":158,"column":95}}],"line":158},"62":{"loc":{"start":{"line":159,"column":55},"end":{"line":159,"column":87}},"type":"binary-expr","locations":[{"start":{"line":159,"column":55},"end":{"line":159,"column":66}},{"start":{"line":159,"column":66},"end":{"line":159,"column":87}}],"line":159},"63":{"loc":{"start":{"line":163,"column":7},"end":{"line":169,"column":null}},"type":"binary-expr","locations":[{"start":{"line":163,"column":7},"end":{"line":163,"column":null}},{"start":{"line":164,"column":8},"end":{"line":169,"column":null}}],"line":163},"64":{"loc":{"start":{"line":164,"column":34},"end":{"line":164,"column":62}},"type":"cond-expr","locations":[{"start":{"line":164,"column":50},"end":{"line":164,"column":57}},{"start":{"line":164,"column":57},"end":{"line":164,"column":62}}],"line":164},"65":{"loc":{"start":{"line":165,"column":19},"end":{"line":165,"column":70}},"type":"cond-expr","locations":[{"start":{"line":165,"column":35},"end":{"line":165,"column":56}},{"start":{"line":165,"column":56},"end":{"line":165,"column":70}}],"line":165}},"s":{"0":0,"1":0,"2":0,"3":0,"4":0,"5":0,"6":0,"7":0,"8":0,"9":0,"10":0,"11":0,"12":0,"13":0,"14":0,"15":0,"16":0,"17":0,"18":0,"19":0,"20":0,"21":0,"22":0,"23":0,"24":0,"25":0,"26":0,"27":0,"28":0,"29":0,"30":0,"31":0,"32":0,"33":0,"34":0,"35":0,"36":0,"37":0,"38":0,"39":0,"40":0,"41":0,"42":0,"43":0,"44":0,"45":0,"46":0,"47":0,"48":0,"49":0,"50":0,"51":0,"52":0,"53":0,"54":0,"55":0,"56":0,"57":0,"58":0,"59":0,"60":0,"61":0,"62":0,"63":0,"64":0,"65":0,"66":0,"67":0,"68":0,"69":0,"70":0,"71":0,"72":0,"73":0,"74":0,"75":0,"76":0,"77":0,"78":0,"79":0,"80":0,"81":0,"82":0,"83":0,"84":0,"85":0,"86":0,"87":0,"88":0,"89":0,"90":0,"91":0,"92":0,"93":0,"94":0,"95":0,"96":0,"97":0,"98":0,"99":0,"100":0,"101":0,"102":0,"103":0,"104":0,"105":0,"106":0,"107":0,"108":0,"109":0,"110":0,"111":0,"112":0,"113":0,"114":0,"115":0,"116":0,"117":0,"118":0,"119":0},"f":{"0":0,"1":0,"2":0,"3":0,"4":0,"5":0,"6":0,"7":0,"8":0,"9":0,"10":0,"11":0,"12":0,"13":0,"14":0},"b":{"0":[0,0],"1":[0,0],"2":[0,0],"3":[0,0],"4":[0,0],"5":[0,0,0,0,0],"6":[0,0],"7":[0,0],"8":[0,0],"9":[0,0],"10":[0,0],"11":[0,0],"12":[0,0],"13":[0,0],"14":[0,0],"15":[0,0],"16":[0,0],"17":[0,0],"18":[0,0],"19":[0,0],"20":[0,0],"21":[0,0],"22":[0,0],"23":[0,0],"24":[0,0],"25":[0,0],"26":[0,0],"27":[0,0],"28":[0,0],"29":[0,0],"30":[0,0],"31":[0,0,0],"32":[0,0],"33":[0,0],"34":[0,0],"35":[0,0],"36":[0,0],"37":[0,0],"38":[0,0],"39":[0,0],"40":[0,0,0],"41":[0,0],"42":[0,0],"43":[0,0],"44":[0,0],"45":[0,0],"46":[0,0],"47":[0,0,0],"48":[0,0],"49":[0,0],"50":[0,0],"51":[0,0],"52":[0,0],"53":[0,0],"54":[0,0],"55":[0,0],"56":[0,0],"57":[0,0],"58":[0,0],"59":[0,0,0],"60":[0,0],"61":[0,0],"62":[0,0],"63":[0,0],"64":[0,0],"65":[0,0]},"meta":{"lastBranch":66,"lastFunction":15,"lastStatement":120,"seen":{"f:11:24:11:40":0,"s:12:20:12:Infinity":0,"s:13:28:13:Infinity":1,"s:14:26:14:Infinity":2,"s:15:30:15:Infinity":3,"s:16:42:16:Infinity":4,"s:18:2:20:Infinity":5,"f:18:12:18:18":1,"s:19:4:19:Infinity":6,"s:22:14:125:Infinity":7,"f:22:14:22:26":2,"s:23:4:23:Infinity":8,"s:24:4:24:Infinity":9,"s:25:30:25:Infinity":10,"s:26:4:124:Infinity":11,"s:27:6:27:Infinity":12,"f:27:18:27:23":3,"s:27:23:27:28":13,"s:28:18:28:Infinity":14,"s:29:22:29:Infinity":15,"s:30:19:30:Infinity":16,"s:31:19:31:Infinity":17,"s:32:6:112:Infinity":18,"b:33:8:111:Infinity:36:8:111:Infinity":0,"s:33:8:111:Infinity":19,"s:35:10:35:Infinity":20,"b:35:23:35:36:35:36:35:53":1,"b:36:8:111:Infinity:82:8:111:Infinity":2,"s:36:8:111:Infinity":21,"s:37:26:61:Infinity":22,"f:37:26:37:27":4,"s:38:59:38:Infinity":23,"s:39:24:45:Infinity":24,"f:39:24:39:25":5,"s:40:14:44:Infinity":25,"b:40:30:40:37:40:37:40:41":3,"b:41:16:43:Infinity:undefined:undefined:undefined:undefined":4,"s:41:16:43:Infinity":26,"b:41:20:41:26:41:26:41:36:41:36:41:50:41:50:41:58:41:58:41:69":5,"s:42:18:42:Infinity":27,"b:42:35:42:45:42:45:42:55":6,"b:42:59:42:67:42:67:42:76":7,"s:46:12:46:Infinity":28,"b:46:16:46:35:46:35:46:37":8,"s:47:12:54:Infinity":29,"b:47:30:47:47:47:47:47:51":9,"s:48:14:48:Infinity":30,"b:48:18:48:36:48:36:48:38":10,"s:49:14:52:Infinity":31,"b:49:32:49:51:49:51:49:55":11,"s:50:16:50:Infinity":32,"b:50:20:50:38:50:38:50:40":12,"s:51:16:51:Infinity":33,"b:51:35:51:54:51:54:51:58":13,"s:51:58:51:Infinity":34,"b:51:62:51:81:51:81:51:83":14,"s:53:14:53:Infinity":35,"b:53:33:53:52:53:52:53:56":15,"s:53:56:53:Infinity":36,"b:53:60:53:79:53:79:53:81":16,"s:55:12:58:Infinity":37,"b:55:30:55:50:55:50:55:54":17,"s:56:14:56:Infinity":38,"b:56:18:56:36:56:36:56:38":18,"s:57:14:57:Infinity":39,"b:57:33:57:52:57:52:57:56":19,"s:57:56:57:Infinity":40,"b:57:60:57:79:57:79:57:81":20,"s:59:12:59:Infinity":41,"b:59:31:59:51:59:51:59:55":21,"s:59:55:59:Infinity":42,"b:59:59:59:78:59:78:59:80":22,"s:60:12:60:Infinity":43,"s:62:23:62:Infinity":44,"b:62:31:62:53:62:53:62:57":23,"s:63:28:74:Infinity":45,"f:63:28:63:29":6,"b:64:12:64:Infinity:undefined:undefined:undefined:undefined":24,"s:64:12:64:Infinity":46,"s:64:27:64:Infinity":47,"s:65:22:65:Infinity":48,"b:65:29:65:39:65:39:65:41":25,"s:66:22:66:Infinity":49,"b:66:29:66:41:66:41:66:43":26,"b:67:12:67:Infinity:undefined:undefined:undefined:undefined":27,"s:67:12:67:Infinity":50,"b:67:16:67:22:67:22:67:26":28,"s:67:26:67:Infinity":51,"b:68:12:68:Infinity:undefined:undefined:undefined:undefined":29,"s:68:12:68:Infinity":52,"s:68:25:68:Infinity":53,"s:69:23:69:Infinity":54,"s:70:23:70:Infinity":55,"b:71:12:71:Infinity:undefined:undefined:undefined:undefined":30,"s:71:12:71:Infinity":56,"b:71:16:71:22:71:22:71:28:71:28:71:39":31,"s:71:39:71:Infinity":57,"b:72:12:72:Infinity:undefined:undefined:undefined:undefined":32,"s:72:12:72:Infinity":58,"s:72:37:72:Infinity":59,"s:73:12:73:Infinity":60,"s:75:21:75:Infinity":61,"f:75:31:75:32":7,"s:75:43:75:99":62,"b:75:43:75:74:75:74:75:99":33,"b:76:10:81:Infinity:79:17:81:Infinity":34,"s:76:10:81:Infinity":63,"s:77:12:77:Infinity":64,"s:78:12:78:Infinity":65,"b:78:25:78:38:78:38:78:79":35,"s:80:12:80:Infinity":66,"b:82:8:111:Infinity:undefined:undefined:undefined:undefined":36,"s:82:8:111:Infinity":67,"s:83:24:83:Infinity":68,"s:84:24:95:Infinity":69,"f:84:24:84:25":8,"b:85:12:85:Infinity:undefined:undefined:undefined:undefined":37,"s:85:12:85:Infinity":70,"s:85:22:85:Infinity":71,"b:86:12:89:Infinity:undefined:undefined:undefined:undefined":38,"s:86:12:89:Infinity":72,"s:87:14:87:Infinity":73,"s:87:38:87:Infinity":74,"s:88:14:88:Infinity":75,"b:90:12:94:Infinity:undefined:undefined:undefined:undefined":39,"s:90:12:94:Infinity":76,"s:91:20:91:Infinity":77,"b:91:26:91:38:91:38:91:48:91:48:91:52":40,"b:92:14:92:Infinity:undefined:undefined:undefined:undefined":41,"s:92:14:92:Infinity":78,"s:92:22:92:Infinity":79,"s:93:14:93:Infinity":80,"s:93:48:93:Infinity":81,"s:96:10:96:Infinity":82,"b:96:16:96:38:96:38:96:42":42,"s:97:16:97:Infinity":83,"b:97:28:97:38:97:38:97:42":43,"s:98:21:104:Infinity":84,"b:98:21:98:33:98:33:104:Infinity":44,"f:98:56:98:57":9,"b:99:12:99:Infinity:undefined:undefined:undefined:undefined":45,"s:99:12:99:Infinity":85,"s:99:20:99:Infinity":86,"b:100:12:100:Infinity:undefined:undefined:undefined:undefined":46,"s:100:12:100:Infinity":87,"s:100:32:100:Infinity":88,"s:101:23:101:Infinity":89,"s:102:23:102:Infinity":90,"s:103:12:103:Infinity":91,"b:103:19:103:27:103:27:103:35:103:35:103:Infinity":47,"b:105:10:110:Infinity:108:17:110:Infinity":48,"s:105:10:110:Infinity":92,"s:106:12:106:Infinity":93,"s:107:12:107:Infinity":94,"b:107:25:107:38:107:38:107:66":49,"s:109:12:109:Infinity":95,"s:113:6:113:Infinity":96,"b:114:6:116:Infinity:undefined:undefined:undefined:undefined":50,"s:114:6:116:Infinity":97,"s:115:8:115:Infinity":98,"s:115:14:115:44":99,"s:117:6:117:Infinity":100,"s:119:18:119:Infinity":101,"b:119:39:119:51:119:51:119:Infinity":51,"s:120:12:120:Infinity":102,"s:121:6:121:Infinity":103,"s:123:6:123:Infinity":104,"s:127:19:133:Infinity":105,"f:127:19:127:25":10,"b:128:4:128:Infinity:undefined:undefined:undefined:undefined":52,"s:128:4:128:Infinity":106,"b:128:8:128:28:128:28:128:58":53,"s:128:58:128:Infinity":107,"s:129:17:129:Infinity":108,"s:130:4:130:Infinity":109,"s:131:24:131:Infinity":110,"s:132:4:132:Infinity":111,"f:132:14:132:23":11,"s:132:23:132:94":112,"b:132:54:132:71:132:71:132:76":54,"s:135:25:138:Infinity":113,"f:135:25:135:31":12,"b:136:4:136:Infinity:undefined:undefined:undefined:undefined":55,"s:136:4:136:Infinity":114,"s:136:29:136:Infinity":115,"s:137:4:137:Infinity":116,"s:140:2:184:Infinity":117,"b:144:9:144:30:144:30:144:Infinity":56,"f:149:20:149:21":13,"s:149:27:149:Infinity":118,"b:149:34:149:39:149:39:149:41":57,"b:155:60:155:75:155:75:155:87":58,"b:156:9:156:26:156:26:156:Infinity:157:10:160:Infinity":59,"b:158:49:158:61:158:49:158:111":60,"b:158:61:158:88:158:88:158:95":61,"b:159:55:159:66:159:66:159:87":62,"b:163:7:163:Infinity:164:8:169:Infinity":63,"b:164:50:164:57:164:57:164:62":64,"b:165:35:165:56:165:56:165:70":65,"f:167:32:167:33":14,"s:167:42:167:62":119}}}
,"/Users/dilipkola/Workspace/sruja-lang/apps/website/src/features/content/components/TableOfContents.tsx": {"path":"/Users/dilipkola/Workspace/sruja-lang/apps/website/src/features/content/components/TableOfContents.tsx","statementMap":{"0":{"start":{"line":12,"column":30},"end":{"line":12,"column":null}},"1":{"start":{"line":13,"column":30},"end":{"line":13,"column":null}},"2":{"start":{"line":15,"column":2},"end":{"line":82,"column":null}},"3":{"start":{"line":17,"column":27},"end":{"line":17,"column":null}},"4":{"start":{"line":18,"column":4},"end":{"line":18,"column":null}},"5":{"start":{"line":18,"column":25},"end":{"line":18,"column":null}},"6":{"start":{"line":20,"column":28},"end":{"line":20,"column":null}},"7":{"start":{"line":21,"column":41},"end":{"line":21,"column":null}},"8":{"start":{"line":23,"column":4},"end":{"line":54,"column":null}},"9":{"start":{"line":24,"column":15},"end":{"line":24,"column":null}},"10":{"start":{"line":27,"column":6},"end":{"line":45,"column":null}},"11":{"start":{"line":28,"column":21},"end":{"line":28,"column":null}},"12":{"start":{"line":29,"column":8},"end":{"line":34,"column":null}},"13":{"start":{"line":37,"column":23},"end":{"line":37,"column":null}},"14":{"start":{"line":38,"column":22},"end":{"line":38,"column":null}},"15":{"start":{"line":39,"column":8},"end":{"line":42,"column":null}},"16":{"start":{"line":40,"column":10},"end":{"line":40,"column":null}},"17":{"start":{"line":41,"column":10},"end":{"line":41,"column":null}},"18":{"start":{"line":43,"column":8},"end":{"line":43,"column":null}},"19":{"start":{"line":44,"column":8},"end":{"line":44,"column":null}},"20":{"start":{"line":47,"column":6},"end":{"line":53,"column":null}},"21":{"start":{"line":48,"column":8},"end":{"line":52,"column":null}},"22":{"start":{"line":56,"column":4},"end":{"line":56,"column":null}},"23":{"start":{"line":59,"column":21},"end":{"line":71,"column":null}},"24":{"start":{"line":61,"column":8},"end":{"line":65,"column":null}},"25":{"start":{"line":62,"column":10},"end":{"line":64,"column":null}},"26":{"start":{"line":63,"column":12},"end":{"line":63,"column":null}},"27":{"start":{"line":73,"column":4},"end":{"line":77,"column":null}},"28":{"start":{"line":74,"column":6},"end":{"line":76,"column":null}},"29":{"start":{"line":75,"column":8},"end":{"line":75,"column":null}},"30":{"start":{"line":79,"column":4},"end":{"line":81,"column":null}},"31":{"start":{"line":80,"column":6},"end":{"line":80,"column":null}},"32":{"start":{"line":84,"column":2},"end":{"line":86,"column":null}},"33":{"start":{"line":85,"column":4},"end":{"line":85,"column":null}},"34":{"start":{"line":88,"column":26},"end":{"line":100,"column":null}},"35":{"start":{"line":89,"column":20},"end":{"line":89,"column":null}},"36":{"start":{"line":90,"column":4},"end":{"line":99,"column":null}},"37":{"start":{"line":91,"column":21},"end":{"line":91,"column":null}},"38":{"start":{"line":92,"column":30},"end":{"line":92,"column":null}},"39":{"start":{"line":93,"column":29},"end":{"line":93,"column":null}},"40":{"start":{"line":95,"column":6},"end":{"line":98,"column":null}},"41":{"start":{"line":102,"column":2},"end":{"line":126,"column":null}},"42":{"start":{"line":109,"column":10},"end":{"line":123,"column":null}},"43":{"start":{"line":116,"column":16},"end":{"line":116,"column":null}},"44":{"start":{"line":117,"column":16},"end":{"line":117,"column":null}}},"fnMap":{"0":{"name":"TableOfContents","decl":{"start":{"line":11,"column":24},"end":{"line":11,"column":42}},"loc":{"start":{"line":11,"column":42},"end":{"line":128,"column":null}},"line":11},"1":{"name":"(anonymous_1)","decl":{"start":{"line":15,"column":12},"end":{"line":15,"column":18}},"loc":{"start":{"line":15,"column":18},"end":{"line":82,"column":5}},"line":15},"2":{"name":"(anonymous_2)","decl":{"start":{"line":23,"column":28},"end":{"line":23,"column":29}},"loc":{"start":{"line":23,"column":41},"end":{"line":54,"column":5}},"line":23},"3":{"name":"(anonymous_3)","decl":{"start":{"line":60,"column":6},"end":{"line":60,"column":7}},"loc":{"start":{"line":60,"column":19},"end":{"line":66,"column":null}},"line":60},"4":{"name":"(anonymous_4)","decl":{"start":{"line":61,"column":24},"end":{"line":61,"column":25}},"loc":{"start":{"line":61,"column":35},"end":{"line":65,"column":9}},"line":61},"5":{"name":"(anonymous_5)","decl":{"start":{"line":73,"column":28},"end":{"line":73,"column":29}},"loc":{"start":{"line":73,"column":41},"end":{"line":77,"column":5}},"line":73},"6":{"name":"(anonymous_6)","decl":{"start":{"line":79,"column":11},"end":{"line":79,"column":17}},"loc":{"start":{"line":79,"column":17},"end":{"line":81,"column":null}},"line":79},"7":{"name":"(anonymous_7)","decl":{"start":{"line":88,"column":26},"end":{"line":88,"column":27}},"loc":{"start":{"line":88,"column":42},"end":{"line":100,"column":null}},"line":88},"8":{"name":"(anonymous_8)","decl":{"start":{"line":108,"column":22},"end":{"line":108,"column":23}},"loc":{"start":{"line":109,"column":10},"end":{"line":123,"column":null}},"line":109},"9":{"name":"(anonymous_9)","decl":{"start":{"line":115,"column":23},"end":{"line":115,"column":24}},"loc":{"start":{"line":115,"column":30},"end":{"line":118,"column":null}},"line":115}},"branchMap":{"0":{"loc":{"start":{"line":18,"column":4},"end":{"line":18,"column":null}},"type":"if","locations":[{"start":{"line":18,"column":4},"end":{"line":18,"column":null}},{"start":{},"end":{}}],"line":18},"1":{"loc":{"start":{"line":27,"column":6},"end":{"line":45,"column":null}},"type":"if","locations":[{"start":{"line":27,"column":6},"end":{"line":45,"column":null}},{"start":{},"end":{}}],"line":27},"2":{"loc":{"start":{"line":28,"column":21},"end":{"line":28,"column":null}},"type":"binary-expr","locations":[{"start":{"line":28,"column":21},"end":{"line":28,"column":44}},{"start":{"line":28,"column":44},"end":{"line":28,"column":null}}],"line":28},"3":{"loc":{"start":{"line":47,"column":6},"end":{"line":53,"column":null}},"type":"if","locations":[{"start":{"line":47,"column":6},"end":{"line":53,"column":null}},{"start":{},"end":{}}],"line":47},"4":{"loc":{"start":{"line":50,"column":16},"end":{"line":50,"column":null}},"type":"binary-expr","locations":[{"start":{"line":50,"column":16},"end":{"line":50,"column":39}},{"start":{"line":50,"column":39},"end":{"line":50,"column":null}}],"line":50},"5":{"loc":{"start":{"line":62,"column":10},"end":{"line":64,"column":null}},"type":"if","locations":[{"start":{"line":62,"column":10},"end":{"line":64,"column":null}},{"start":{},"end":{}}],"line":62},"6":{"loc":{"start":{"line":74,"column":6},"end":{"line":76,"column":null}},"type":"if","locations":[{"start":{"line":74,"column":6},"end":{"line":76,"column":null}},{"start":{},"end":{}}],"line":74},"7":{"loc":{"start":{"line":84,"column":2},"end":{"line":86,"column":null}},"type":"if","locations":[{"start":{"line":84,"column":2},"end":{"line":86,"column":null}},{"start":{},"end":{}}],"line":84},"8":{"loc":{"start":{"line":90,"column":4},"end":{"line":99,"column":null}},"type":"if","locations":[{"start":{"line":90,"column":4},"end":{"line":99,"column":null}},{"start":{},"end":{}}],"line":90},"9":{"loc":{"start":{"line":111,"column":62},"end":{"line":111,"column":101}},"type":"cond-expr","locations":[{"start":{"line":111,"column":88},"end":{"line":111,"column":99}},{"start":{"line":111,"column":99},"end":{"line":111,"column":101}}],"line":111}},"s":{"0":0,"1":0,"2":0,"3":0,"4":0,"5":0,"6":0,"7":0,"8":0,"9":0,"10":0,"11":0,"12":0,"13":0,"14":0,"15":0,"16":0,"17":0,"18":0,"19":0,"20":0,"21":0,"22":0,"23":0,"24":0,"25":0,"26":0,"27":0,"28":0,"29":0,"30":0,"31":0,"32":0,"33":0,"34":0,"35":0,"36":0,"37":0,"38":0,"39":0,"40":0,"41":0,"42":0,"43":0,"44":0},"f":{"0":0,"1":0,"2":0,"3":0,"4":0,"5":0,"6":0,"7":0,"8":0,"9":0},"b":{"0":[0,0],"1":[0,0],"2":[0,0],"3":[0,0],"4":[0,0],"5":[0,0],"6":[0,0],"7":[0,0],"8":[0,0],"9":[0,0]},"meta":{"lastBranch":10,"lastFunction":10,"lastStatement":45,"seen":{"f:11:24:11:42":0,"s:12:30:12:Infinity":0,"s:13:30:13:Infinity":1,"s:15:2:82:Infinity":2,"f:15:12:15:18":1,"s:17:27:17:Infinity":3,"b:18:4:18:Infinity:undefined:undefined:undefined:undefined":0,"s:18:4:18:Infinity":4,"s:18:25:18:Infinity":5,"s:20:28:20:Infinity":6,"s:21:41:21:Infinity":7,"s:23:4:54:Infinity":8,"f:23:28:23:29":2,"s:24:15:24:Infinity":9,"b:27:6:45:Infinity:undefined:undefined:undefined:undefined":1,"s:27:6:45:Infinity":10,"s:28:21:28:Infinity":11,"b:28:21:28:44:28:44:28:Infinity":2,"s:29:8:34:Infinity":12,"s:37:23:37:Infinity":13,"s:38:22:38:Infinity":14,"s:39:8:42:Infinity":15,"s:40:10:40:Infinity":16,"s:41:10:41:Infinity":17,"s:43:8:43:Infinity":18,"s:44:8:44:Infinity":19,"b:47:6:53:Infinity:undefined:undefined:undefined:undefined":3,"s:47:6:53:Infinity":20,"s:48:8:52:Infinity":21,"b:50:16:50:39:50:39:50:Infinity":4,"s:56:4:56:Infinity":22,"s:59:21:71:Infinity":23,"f:60:6:60:7":3,"s:61:8:65:Infinity":24,"f:61:24:61:25":4,"b:62:10:64:Infinity:undefined:undefined:undefined:undefined":5,"s:62:10:64:Infinity":25,"s:63:12:63:Infinity":26,"s:73:4:77:Infinity":27,"f:73:28:73:29":5,"b:74:6:76:Infinity:undefined:undefined:undefined:undefined":6,"s:74:6:76:Infinity":28,"s:75:8:75:Infinity":29,"s:79:4:81:Infinity":30,"f:79:11:79:17":6,"s:80:6:80:Infinity":31,"b:84:2:86:Infinity:undefined:undefined:undefined:undefined":7,"s:84:2:86:Infinity":32,"s:85:4:85:Infinity":33,"s:88:26:100:Infinity":34,"f:88:26:88:27":7,"s:89:20:89:Infinity":35,"b:90:4:99:Infinity:undefined:undefined:undefined:undefined":8,"s:90:4:99:Infinity":36,"s:91:21:91:Infinity":37,"s:92:30:92:Infinity":38,"s:93:29:93:Infinity":39,"s:95:6:98:Infinity":40,"s:102:2:126:Infinity":41,"f:108:22:108:23":8,"s:109:10:123:Infinity":42,"b:111:88:111:99:111:99:111:101":9,"f:115:23:115:24":9,"s:116:16:116:Infinity":43,"s:117:16:117:Infinity":44}}}
,"/Users/dilipkola/Workspace/sruja-lang/apps/website/src/features/content/utils/dates.ts": {"path":"/Users/dilipkola/Workspace/sruja-lang/apps/website/src/features/content/utils/dates.ts","statementMap":{"0":{"start":{"line":7,"column":2},"end":{"line":7,"column":null}},"1":{"start":{"line":7,"column":13},"end":{"line":7,"column":null}},"2":{"start":{"line":9,"column":2},"end":{"line":11,"column":null}},"3":{"start":{"line":10,"column":4},"end":{"line":10,"column":null}},"4":{"start":{"line":13,"column":2},"end":{"line":13,"column":null}},"5":{"start":{"line":20,"column":2},"end":{"line":20,"column":null}},"6":{"start":{"line":20,"column":13},"end":{"line":20,"column":null}},"7":{"start":{"line":22,"column":2},"end":{"line":24,"column":null}},"8":{"start":{"line":23,"column":4},"end":{"line":23,"column":null}},"9":{"start":{"line":26,"column":2},"end":{"line":26,"column":null}}},"fnMap":{"0":{"name":"formatContentDate","decl":{"start":{"line":6,"column":16},"end":{"line":6,"column":34}},"loc":{"start":{"line":6,"column":89},"end":{"line":14,"column":null}},"line":6},"1":{"name":"formatContentDateISO","decl":{"start":{"line":19,"column":16},"end":{"line":19,"column":37}},"loc":{"start":{"line":19,"column":92},"end":{"line":27,"column":null}},"line":19}},"branchMap":{"0":{"loc":{"start":{"line":7,"column":2},"end":{"line":7,"column":null}},"type":"if","locations":[{"start":{"line":7,"column":2},"end":{"line":7,"column":null}},{"start":{},"end":{}}],"line":7},"1":{"loc":{"start":{"line":9,"column":2},"end":{"line":11,"column":null}},"type":"if","locations":[{"start":{"line":9,"column":2},"end":{"line":11,"column":null}},{"start":{},"end":{}}],"line":9},"2":{"loc":{"start":{"line":20,"column":2},"end":{"line":20,"column":null}},"type":"if","locations":[{"start":{"line":20,"column":2},"end":{"line":20,"column":null}},{"start":{},"end":{}}],"line":20},"3":{"loc":{"start":{"line":22,"column":2},"end":{"line":24,"column":null}},"type":"if","locations":[{"start":{"line":22,"column":2},"end":{"line":24,"column":null}},{"start":{},"end":{}}],"line":22}},"s":{"0":1,"1":0,"2":1,"3":1,"4":0,"5":0,"6":0,"7":0,"8":0,"9":0},"f":{"0":1,"1":0},"b":{"0":[0,1],"1":[1,0],"2":[0,0],"3":[0,0]},"meta":{"lastBranch":4,"lastFunction":2,"lastStatement":10,"seen":{"f:6:16:6:34":0,"b:7:2:7:Infinity:undefined:undefined:undefined:undefined":0,"s:7:2:7:Infinity":0,"s:7:13:7:Infinity":1,"b:9:2:11:Infinity:undefined:undefined:undefined:undefined":1,"s:9:2:11:Infinity":2,"s:10:4:10:Infinity":3,"s:13:2:13:Infinity":4,"f:19:16:19:37":1,"b:20:2:20:Infinity:undefined:undefined:undefined:undefined":2,"s:20:2:20:Infinity":5,"s:20:13:20:Infinity":6,"b:22:2:24:Infinity:undefined:undefined:undefined:undefined":3,"s:22:2:24:Infinity":7,"s:23:4:23:Infinity":8,"s:26:2:26:Infinity":9}}}
,"/Users/dilipkola/Workspace/sruja-lang/apps/website/src/features/content/utils/paths.ts": {"path":"/Users/dilipkola/Workspace/sruja-lang/apps/website/src/features/content/utils/paths.ts","statementMap":{"0":{"start":{"line":30,"column":17},"end":{"line":30,"column":null}},"1":{"start":{"line":32,"column":2},"end":{"line":34,"column":null}},"2":{"start":{"line":33,"column":4},"end":{"line":33,"column":null}},"3":{"start":{"line":36,"column":17},"end":{"line":38,"column":null}},"4":{"start":{"line":40,"column":2},"end":{"line":60,"column":null}},"5":{"start":{"line":41,"column":37},"end":{"line":41,"column":null}},"6":{"start":{"line":42,"column":37},"end":{"line":42,"column":null}},"7":{"start":{"line":44,"column":21},"end":{"line":46,"column":null}},"8":{"start":{"line":47,"column":17},"end":{"line":49,"column":null}},"9":{"start":{"line":51,"column":30},"end":{"line":51,"column":null}},"10":{"start":{"line":52,"column":4},"end":{"line":59,"column":null}}},"fnMap":{"0":{"name":"generateContentPaths","decl":{"start":{"line":21,"column":16},"end":{"line":21,"column":null}},"loc":{"start":{"line":29,"column":3},"end":{"line":61,"column":null}},"line":29},"1":{"name":"(anonymous_1)","decl":{"start":{"line":40,"column":20},"end":{"line":40,"column":21}},"loc":{"start":{"line":40,"column":49},"end":{"line":60,"column":3}},"line":40}},"branchMap":{"0":{"loc":{"start":{"line":24,"column":2},"end":{"line":24,"column":null}},"type":"default-arg","locations":[{"start":{"line":24,"column":31},"end":{"line":24,"column":null}}],"line":24},"1":{"loc":{"start":{"line":32,"column":2},"end":{"line":34,"column":null}},"type":"if","locations":[{"start":{"line":32,"column":2},"end":{"line":34,"column":null}},{"start":{},"end":{}}],"line":32},"2":{"loc":{"start":{"line":36,"column":17},"end":{"line":38,"column":null}},"type":"cond-expr","locations":[{"start":{"line":36,"column":34},"end":{"line":37,"column":null}},{"start":{"line":37,"column":25},"end":{"line":38,"column":null}}],"line":36},"3":{"loc":{"start":{"line":41,"column":37},"end":{"line":41,"column":null}},"type":"cond-expr","locations":[{"start":{"line":41,"column":49},"end":{"line":41,"column":69}},{"start":{"line":41,"column":69},"end":{"line":41,"column":null}}],"line":41},"4":{"loc":{"start":{"line":42,"column":37},"end":{"line":42,"column":null}},"type":"cond-expr","locations":[{"start":{"line":42,"column":65},"end":{"line":42,"column":85}},{"start":{"line":42,"column":85},"end":{"line":42,"column":null}}],"line":42},"5":{"loc":{"start":{"line":44,"column":21},"end":{"line":46,"column":null}},"type":"cond-expr","locations":[{"start":{"line":45,"column":8},"end":{"line":45,"column":null}},{"start":{"line":46,"column":8},"end":{"line":46,"column":null}}],"line":44},"6":{"loc":{"start":{"line":47,"column":17},"end":{"line":49,"column":null}},"type":"cond-expr","locations":[{"start":{"line":48,"column":8},"end":{"line":48,"column":null}},{"start":{"line":49,"column":8},"end":{"line":49,"column":null}}],"line":47}},"s":{"0":2,"1":2,"2":1,"3":2,"4":2,"5":5,"6":5,"7":5,"8":5,"9":5,"10":5},"f":{"0":2,"1":5},"b":{"0":[2],"1":[1,1],"2":[1,1],"3":[3,2],"4":[3,2],"5":[3,2],"6":[3,2]},"meta":{"lastBranch":7,"lastFunction":2,"lastStatement":11,"seen":{"f:21:16:21:Infinity":0,"b:24:31:24:Infinity":0,"s:30:17:30:Infinity":0,"b:32:2:34:Infinity:undefined:undefined:undefined:undefined":1,"s:32:2:34:Infinity":1,"s:33:4:33:Infinity":2,"s:36:17:38:Infinity":3,"b:36:34:37:Infinity:37:25:38:Infinity":2,"s:40:2:60:Infinity":4,"f:40:20:40:21":1,"s:41:37:41:Infinity":5,"b:41:49:41:69:41:69:41:Infinity":3,"s:42:37:42:Infinity":6,"b:42:65:42:85:42:85:42:Infinity":4,"s:44:21:46:Infinity":7,"b:45:8:45:Infinity:46:8:46:Infinity":5,"s:47:17:49:Infinity":8,"b:48:8:48:Infinity:49:8:49:Infinity":6,"s:51:30:51:Infinity":9,"s:52:4:59:Infinity":10}}}
,"/Users/dilipkola/Workspace/sruja-lang/apps/website/src/features/content/utils/sorting.ts": {"path":"/Users/dilipkola/Workspace/sruja-lang/apps/website/src/features/content/utils/sorting.ts","statementMap":{"0":{"start":{"line":8,"column":2},"end":{"line":16,"column":null}},"1":{"start":{"line":9,"column":18},"end":{"line":11,"column":null}},"2":{"start":{"line":12,"column":18},"end":{"line":14,"column":null}},"3":{"start":{"line":15,"column":4},"end":{"line":15,"column":null}},"4":{"start":{"line":23,"column":2},"end":{"line":27,"column":null}},"5":{"start":{"line":24,"column":21},"end":{"line":24,"column":null}},"6":{"start":{"line":25,"column":21},"end":{"line":25,"column":null}},"7":{"start":{"line":26,"column":4},"end":{"line":26,"column":null}}},"fnMap":{"0":{"name":"sortByDate","decl":{"start":{"line":7,"column":16},"end":{"line":7,"column":59}},"loc":{"start":{"line":7,"column":78},"end":{"line":17,"column":null}},"line":7},"1":{"name":"(anonymous_1)","decl":{"start":{"line":8,"column":22},"end":{"line":8,"column":23}},"loc":{"start":{"line":8,"column":38},"end":{"line":16,"column":3}},"line":8},"2":{"name":"sortByWeight","decl":{"start":{"line":22,"column":16},"end":{"line":22,"column":61}},"loc":{"start":{"line":22,"column":80},"end":{"line":28,"column":null}},"line":22},"3":{"name":"(anonymous_3)","decl":{"start":{"line":23,"column":22},"end":{"line":23,"column":23}},"loc":{"start":{"line":23,"column":38},"end":{"line":27,"column":3}},"line":23}},"branchMap":{"0":{"loc":{"start":{"line":9,"column":18},"end":{"line":11,"column":null}},"type":"cond-expr","locations":[{"start":{"line":10,"column":9},"end":{"line":10,"column":null}},{"start":{"line":11,"column":8},"end":{"line":11,"column":null}}],"line":9},"1":{"loc":{"start":{"line":10,"column":9},"end":{"line":10,"column":null}},"type":"cond-expr","locations":[{"start":{"line":10,"column":46},"end":{"line":10,"column":73}},{"start":{"line":10,"column":73},"end":{"line":10,"column":null}}],"line":10},"2":{"loc":{"start":{"line":12,"column":18},"end":{"line":14,"column":null}},"type":"cond-expr","locations":[{"start":{"line":13,"column":9},"end":{"line":13,"column":null}},{"start":{"line":14,"column":8},"end":{"line":14,"column":null}}],"line":12},"3":{"loc":{"start":{"line":13,"column":9},"end":{"line":13,"column":null}},"type":"cond-expr","locations":[{"start":{"line":13,"column":46},"end":{"line":13,"column":73}},{"start":{"line":13,"column":73},"end":{"line":13,"column":null}}],"line":13},"4":{"loc":{"start":{"line":24,"column":21},"end":{"line":24,"column":null}},"type":"binary-expr","locations":[{"start":{"line":24,"column":21},"end":{"line":24,"column":46}},{"start":{"line":24,"column":46},"end":{"line":24,"column":null}}],"line":24},"5":{"loc":{"start":{"line":25,"column":21},"end":{"line":25,"column":null}},"type":"binary-expr","locations":[{"start":{"line":25,"column":21},"end":{"line":25,"column":46}},{"start":{"line":25,"column":46},"end":{"line":25,"column":null}}],"line":25}},"s":{"0":2,"1":4,"2":4,"3":4,"4":2,"5":6,"6":6,"7":6},"f":{"0":2,"1":4,"2":2,"3":6},"b":{"0":[2,2],"1":[2,0],"2":[4,0],"3":[4,0],"4":[6,2],"5":[6,0]},"meta":{"lastBranch":6,"lastFunction":4,"lastStatement":8,"seen":{"f:7:16:7:59":0,"s:8:2:16:Infinity":0,"f:8:22:8:23":1,"s:9:18:11:Infinity":1,"b:10:9:10:Infinity:11:8:11:Infinity":0,"b:10:46:10:73:10:73:10:Infinity":1,"s:12:18:14:Infinity":2,"b:13:9:13:Infinity:14:8:14:Infinity":2,"b:13:46:13:73:13:73:13:Infinity":3,"s:15:4:15:Infinity":3,"f:22:16:22:61":2,"s:23:2:27:Infinity":4,"f:23:22:23:23":3,"s:24:21:24:Infinity":5,"b:24:21:24:46:24:46:24:Infinity":4,"s:25:21:25:Infinity":6,"b:25:21:25:46:25:46:25:Infinity":5,"s:26:4:26:Infinity":7}}}
,"/Users/dilipkola/Workspace/sruja-lang/apps/website/src/features/content/utils/transform.ts": {"path":"/Users/dilipkola/Workspace/sruja-lang/apps/website/src/features/content/utils/transform.ts","statementMap":{"0":{"start":{"line":25,"column":44},"end":{"line":25,"column":null}},"1":{"start":{"line":27,"column":32},"end":{"line":32,"column":null}},"2":{"start":{"line":34,"column":2},"end":{"line":36,"column":null}},"3":{"start":{"line":35,"column":4},"end":{"line":35,"column":null}},"4":{"start":{"line":38,"column":2},"end":{"line":43,"column":null}},"5":{"start":{"line":39,"column":10},"end":{"line":39,"column":null}},"6":{"start":{"line":40,"column":4},"end":{"line":42,"column":null}},"7":{"start":{"line":41,"column":6},"end":{"line":41,"column":null}},"8":{"start":{"line":45,"column":2},"end":{"line":45,"column":null}},"9":{"start":{"line":59,"column":2},"end":{"line":59,"column":null}},"10":{"start":{"line":59,"column":30},"end":{"line":59,"column":82}}},"fnMap":{"0":{"name":"transformToContentListItem","decl":{"start":{"line":17,"column":16},"end":{"line":17,"column":null}},"loc":{"start":{"line":24,"column":19},"end":{"line":46,"column":null}},"line":24},"1":{"name":"transformToContentListItems","decl":{"start":{"line":51,"column":16},"end":{"line":51,"column":null}},"loc":{"start":{"line":58,"column":21},"end":{"line":60,"column":null}},"line":58},"2":{"name":"(anonymous_2)","decl":{"start":{"line":59,"column":21},"end":{"line":59,"column":30}},"loc":{"start":{"line":59,"column":30},"end":{"line":59,"column":82}},"line":59}},"branchMap":{"0":{"loc":{"start":{"line":20,"column":2},"end":{"line":23,"column":null}},"type":"default-arg","locations":[{"start":{"line":23,"column":6},"end":{"line":23,"column":null}}],"line":20},"1":{"loc":{"start":{"line":25,"column":20},"end":{"line":25,"column":40}},"type":"default-arg","locations":[{"start":{"line":25,"column":34},"end":{"line":25,"column":40}}],"line":25},"2":{"loc":{"start":{"line":34,"column":2},"end":{"line":36,"column":null}},"type":"if","locations":[{"start":{"line":34,"column":2},"end":{"line":36,"column":null}},{"start":{},"end":{}}],"line":34},"3":{"loc":{"start":{"line":38,"column":2},"end":{"line":43,"column":null}},"type":"if","locations":[{"start":{"line":38,"column":2},"end":{"line":43,"column":null}},{"start":{},"end":{}}],"line":38},"4":{"loc":{"start":{"line":38,"column":6},"end":{"line":38,"column":41}},"type":"binary-expr","locations":[{"start":{"line":38,"column":6},"end":{"line":38,"column":21}},{"start":{"line":38,"column":21},"end":{"line":38,"column":41}}],"line":38},"5":{"loc":{"start":{"line":40,"column":4},"end":{"line":42,"column":null}},"type":"if","locations":[{"start":{"line":40,"column":4},"end":{"line":42,"column":null}},{"start":{},"end":{}}],"line":40},"6":{"loc":{"start":{"line":54,"column":2},"end":{"line":57,"column":null}},"type":"default-arg","locations":[{"start":{"line":57,"column":6},"end":{"line":57,"column":null}}],"line":54}},"s":{"0":3,"1":3,"2":3,"3":1,"4":3,"5":1,"6":1,"7":1,"8":3,"9":1,"10":2},"f":{"0":3,"1":1,"2":2},"b":{"0":[3],"1":[3],"2":[1,2],"3":[1,2],"4":[3,1],"5":[1,0],"6":[1]},"meta":{"lastBranch":7,"lastFunction":3,"lastStatement":11,"seen":{"f:17:16:17:Infinity":0,"b:23:6:23:Infinity":0,"s:25:44:25:Infinity":0,"b:25:34:25:40":1,"s:27:32:32:Infinity":1,"b:34:2:36:Infinity:undefined:undefined:undefined:undefined":2,"s:34:2:36:Infinity":2,"s:35:4:35:Infinity":3,"b:38:2:43:Infinity:undefined:undefined:undefined:undefined":3,"s:38:2:43:Infinity":4,"b:38:6:38:21:38:21:38:41":4,"s:39:10:39:Infinity":5,"b:40:4:42:Infinity:undefined:undefined:undefined:undefined":5,"s:40:4:42:Infinity":6,"s:41:6:41:Infinity":7,"s:45:2:45:Infinity":8,"f:51:16:51:Infinity":1,"b:57:6:57:Infinity":6,"s:59:2:59:Infinity":9,"f:59:21:59:30":2,"s:59:30:59:82":10}}}
,"/Users/dilipkola/Workspace/sruja-lang/apps/website/src/features/courses/components/CoursesList.tsx": {"path":"/Users/dilipkola/Workspace/sruja-lang/apps/website/src/features/courses/components/CoursesList.tsx","statementMap":{"0":{"start":{"line":30,"column":29},"end":{"line":30,"column":null}},"1":{"start":{"line":32,"column":2},"end":{"line":36,"column":null}},"2":{"start":{"line":33,"column":4},"end":{"line":34,"column":null}},"3":{"start":{"line":38,"column":2},"end":{"line":95,"column":null}},"4":{"start":{"line":41,"column":31},"end":{"line":41,"column":null}},"5":{"start":{"line":42,"column":8},"end":{"line":92,"column":null}},"6":{"start":{"line":46,"column":29},"end":{"line":46,"column":null}},"7":{"start":{"line":50,"column":16},"end":{"line":53,"column":null}},"8":{"start":{"line":51,"column":18},"end":{"line":51,"column":null}},"9":{"start":{"line":52,"column":18},"end":{"line":52,"column":null}},"10":{"start":{"line":74,"column":18},"end":{"line":88,"column":null}},"11":{"start":{"line":78,"column":24},"end":{"line":85,"column":null}}},"fnMap":{"0":{"name":"CoursesList","decl":{"start":{"line":29,"column":24},"end":{"line":29,"column":36}},"loc":{"start":{"line":29,"column":67},"end":{"line":97,"column":null}},"line":29},"1":{"name":"(anonymous_1)","decl":{"start":{"line":40,"column":19},"end":{"line":40,"column":20}},"loc":{"start":{"line":40,"column":31},"end":{"line":94,"column":7}},"line":40},"2":{"name":"(anonymous_2)","decl":{"start":{"line":46,"column":23},"end":{"line":46,"column":29}},"loc":{"start":{"line":46,"column":29},"end":{"line":46,"column":null}},"line":46},"3":{"name":"(anonymous_3)","decl":{"start":{"line":49,"column":25},"end":{"line":49,"column":26}},"loc":{"start":{"line":49,"column":32},"end":{"line":54,"column":null}},"line":49},"4":{"name":"(anonymous_4)","decl":{"start":{"line":73,"column":36},"end":{"line":73,"column":37}},"loc":{"start":{"line":74,"column":18},"end":{"line":88,"column":null}},"line":74},"5":{"name":"(anonymous_5)","decl":{"start":{"line":77,"column":42},"end":{"line":77,"column":43}},"loc":{"start":{"line":78,"column":24},"end":{"line":85,"column":null}},"line":78}},"branchMap":{"0":{"loc":{"start":{"line":32,"column":2},"end":{"line":36,"column":null}},"type":"if","locations":[{"start":{"line":32,"column":2},"end":{"line":36,"column":null}},{"start":{},"end":{}}],"line":32},"1":{"loc":{"start":{"line":50,"column":16},"end":{"line":53,"column":null}},"type":"if","locations":[{"start":{"line":50,"column":16},"end":{"line":53,"column":null}},{"start":{},"end":{}}],"line":50},"2":{"loc":{"start":{"line":50,"column":20},"end":{"line":50,"column":56}},"type":"binary-expr","locations":[{"start":{"line":50,"column":20},"end":{"line":50,"column":41}},{"start":{"line":50,"column":41},"end":{"line":50,"column":56}}],"line":50},"3":{"loc":{"start":{"line":66,"column":42},"end":{"line":66,"column":74}},"type":"cond-expr","locations":[{"start":{"line":66,"column":59},"end":{"line":66,"column":72}},{"start":{"line":66,"column":72},"end":{"line":66,"column":74}}],"line":66},"4":{"loc":{"start":{"line":71,"column":13},"end":{"line":90,"column":null}},"type":"binary-expr","locations":[{"start":{"line":71,"column":13},"end":{"line":71,"column":null}},{"start":{"line":72,"column":14},"end":{"line":90,"column":null}}],"line":71},"5":{"loc":{"start":{"line":82,"column":27},"end":{"line":83,"column":null}},"type":"binary-expr","locations":[{"start":{"line":82,"column":27},"end":{"line":82,"column":null}},{"start":{"line":83,"column":28},"end":{"line":83,"column":null}}],"line":82}},"s":{"0":0,"1":0,"2":0,"3":0,"4":0,"5":0,"6":0,"7":0,"8":0,"9":0,"10":0,"11":0},"f":{"0":0,"1":0,"2":0,"3":0,"4":0,"5":0},"b":{"0":[0,0],"1":[0,0],"2":[0,0],"3":[0,0],"4":[0,0],"5":[0,0]},"meta":{"lastBranch":6,"lastFunction":6,"lastStatement":12,"seen":{"f:29:24:29:36":0,"s:30:29:30:Infinity":0,"b:32:2:36:Infinity:undefined:undefined:undefined:undefined":0,"s:32:2:36:Infinity":1,"s:33:4:34:Infinity":2,"s:38:2:95:Infinity":3,"f:40:19:40:20":1,"s:41:31:41:Infinity":4,"s:42:8:92:Infinity":5,"f:46:23:46:29":2,"s:46:29:46:Infinity":6,"f:49:25:49:26":3,"b:50:16:53:Infinity:undefined:undefined:undefined:undefined":1,"s:50:16:53:Infinity":7,"b:50:20:50:41:50:41:50:56":2,"s:51:18:51:Infinity":8,"s:52:18:52:Infinity":9,"b:66:59:66:72:66:72:66:74":3,"b:71:13:71:Infinity:72:14:90:Infinity":4,"f:73:36:73:37":4,"s:74:18:88:Infinity":10,"f:77:42:77:43":5,"s:78:24:85:Infinity":11,"b:82:27:82:Infinity:83:28:83:Infinity":5}}}
,"/Users/dilipkola/Workspace/sruja-lang/apps/website/src/features/home/components/HomeHero.tsx": {"path":"/Users/dilipkola/Workspace/sruja-lang/apps/website/src/features/home/components/HomeHero.tsx","statementMap":{"0":{"start":{"line":8,"column":34},"end":{"line":8,"column":null}},"1":{"start":{"line":10,"column":2},"end":{"line":23,"column":null}},"2":{"start":{"line":11,"column":26},"end":{"line":19,"column":null}},"3":{"start":{"line":12,"column":6},"end":{"line":15,"column":null}},"4":{"start":{"line":13,"column":8},"end":{"line":13,"column":null}},"5":{"start":{"line":14,"column":8},"end":{"line":14,"column":null}},"6":{"start":{"line":16,"column":6},"end":{"line":18,"column":null}},"7":{"start":{"line":17,"column":8},"end":{"line":17,"column":null}},"8":{"start":{"line":21,"column":4},"end":{"line":21,"column":null}},"9":{"start":{"line":22,"column":4},"end":{"line":22,"column":null}},"10":{"start":{"line":22,"column":17},"end":{"line":22,"column":null}},"11":{"start":{"line":25,"column":2},"end":{"line":53,"column":null}},"12":{"start":{"line":39,"column":50},"end":{"line":39,"column":89}},"13":{"start":{"line":42,"column":52},"end":{"line":42,"column":87}},"14":{"start":{"line":45,"column":49},"end":{"line":45,"column":70}},"15":{"start":{"line":51,"column":23},"end":{"line":51,"column":null}}},"fnMap":{"0":{"name":"HomeHero","decl":{"start":{"line":7,"column":24},"end":{"line":7,"column":35}},"loc":{"start":{"line":7,"column":35},"end":{"line":55,"column":null}},"line":7},"1":{"name":"(anonymous_1)","decl":{"start":{"line":10,"column":12},"end":{"line":10,"column":18}},"loc":{"start":{"line":10,"column":18},"end":{"line":23,"column":5}},"line":10},"2":{"name":"(anonymous_2)","decl":{"start":{"line":11,"column":26},"end":{"line":11,"column":27}},"loc":{"start":{"line":11,"column":48},"end":{"line":19,"column":null}},"line":11},"3":{"name":"(anonymous_3)","decl":{"start":{"line":22,"column":11},"end":{"line":22,"column":17}},"loc":{"start":{"line":22,"column":17},"end":{"line":22,"column":null}},"line":22},"4":{"name":"(anonymous_4)","decl":{"start":{"line":39,"column":43},"end":{"line":39,"column":50}},"loc":{"start":{"line":39,"column":50},"end":{"line":39,"column":89}},"line":39},"5":{"name":"(anonymous_5)","decl":{"start":{"line":42,"column":45},"end":{"line":42,"column":52}},"loc":{"start":{"line":42,"column":52},"end":{"line":42,"column":87}},"line":42},"6":{"name":"(anonymous_6)","decl":{"start":{"line":45,"column":43},"end":{"line":45,"column":49}},"loc":{"start":{"line":45,"column":49},"end":{"line":45,"column":70}},"line":45},"7":{"name":"(anonymous_7)","decl":{"start":{"line":51,"column":17},"end":{"line":51,"column":23}},"loc":{"start":{"line":51,"column":23},"end":{"line":51,"column":null}},"line":51}},"branchMap":{"0":{"loc":{"start":{"line":12,"column":6},"end":{"line":15,"column":null}},"type":"if","locations":[{"start":{"line":12,"column":6},"end":{"line":15,"column":null}},{"start":{},"end":{}}],"line":12},"1":{"loc":{"start":{"line":12,"column":6},"end":{"line":12,"column":53}},"type":"binary-expr","locations":[{"start":{"line":12,"column":11},"end":{"line":12,"column":24}},{"start":{"line":12,"column":24},"end":{"line":12,"column":38}},{"start":{"line":12,"column":38},"end":{"line":12,"column":53}}],"line":12},"2":{"loc":{"start":{"line":16,"column":6},"end":{"line":18,"column":null}},"type":"if","locations":[{"start":{"line":16,"column":6},"end":{"line":18,"column":null}},{"start":{},"end":{}}],"line":16},"3":{"loc":{"start":{"line":16,"column":10},"end":{"line":16,"column":44}},"type":"binary-expr","locations":[{"start":{"line":16,"column":10},"end":{"line":16,"column":32}},{"start":{"line":16,"column":32},"end":{"line":16,"column":44}}],"line":16}},"s":{"0":0,"1":0,"2":0,"3":0,"4":0,"5":0,"6":0,"7":0,"8":0,"9":0,"10":0,"11":0,"12":0,"13":0,"14":0,"15":0},"f":{"0":0,"1":0,"2":0,"3":0,"4":0,"5":0,"6":0,"7":0},"b":{"0":[0,0],"1":[0,0,0],"2":[0,0],"3":[0,0]},"meta":{"lastBranch":4,"lastFunction":8,"lastStatement":16,"seen":{"f:7:24:7:35":0,"s:8:34:8:Infinity":0,"s:10:2:23:Infinity":1,"f:10:12:10:18":1,"s:11:26:19:Infinity":2,"f:11:26:11:27":2,"b:12:6:15:Infinity:undefined:undefined:undefined:undefined":0,"s:12:6:15:Infinity":3,"b:12:11:12:24:12:24:12:38:12:38:12:53":1,"s:13:8:13:Infinity":4,"s:14:8:14:Infinity":5,"b:16:6:18:Infinity:undefined:undefined:undefined:undefined":2,"s:16:6:18:Infinity":6,"b:16:10:16:32:16:32:16:44":3,"s:17:8:17:Infinity":7,"s:21:4:21:Infinity":8,"s:22:4:22:Infinity":9,"f:22:11:22:17":3,"s:22:17:22:Infinity":10,"s:25:2:53:Infinity":11,"f:39:43:39:50":4,"s:39:50:39:89":12,"f:42:45:42:52":5,"s:42:52:42:87":13,"f:45:43:45:49":6,"s:45:49:45:70":14,"f:51:17:51:23":7,"s:51:23:51:Infinity":15}}}
[...]
,"/Users/dilipkola/Workspace/sruja-lang/apps/website/src/shared/utils/errors.ts": {"path":"/Users/dilipkola/Workspace/sruja-lang/apps/website/src/shared/utils/errors.ts","statementMap":{"0":{"start":{"line":7,"column":28},"end":{"line":7,"column":null}},"1":{"start":{"line":8,"column":12},"end":{"line":8,"column":null}},"2":{"start":{"line":9,"column":2},"end":{"line":9,"column":null}},"3":{"start":{"line":10,"column":16},"end":{"line":10,"column":null}},"4":{"start":{"line":11,"column":31},"end":{"line":11,"column":null}},"5":{"start":{"line":12,"column":30},"end":{"line":12,"column":null}},"6":{"start":{"line":13,"column":13},"end":{"line":13,"column":null}},"7":{"start":{"line":14,"column":13},"end":{"line":14,"column":null}},"8":{"start":{"line":15,"column":2},"end":{"line":15,"column":null}},"9":{"start":{"line":15,"column":19},"end":{"line":15,"column":null}},"10":{"start":{"line":16,"column":2},"end":{"line":16,"column":null}},"11":{"start":{"line":16,"column":30},"end":{"line":16,"column":61}},"12":{"start":{"line":16,"column":61},"end":{"line":16,"column":90}},"13":{"start":{"line":17,"column":2},"end":{"line":29,"column":null}},"14":{"start":{"line":18,"column":18},"end":{"line":18,"column":null}},"15":{"start":{"line":19,"column":16},"end":{"line":19,"column":null}},"16":{"start":{"line":20,"column":4},"end":{"line":24,"column":null}},"17":{"start":{"line":20,"column":17},"end":{"line":20,"column":24}},"18":{"start":{"line":21,"column":21},"end":{"line":21,"column":null}},"19":{"start":{"line":22,"column":19},"end":{"line":22,"column":null}},"20":{"start":{"line":23,"column":6},"end":{"line":23,"column":null}},"21":{"start":{"line":25,"column":4},"end":{"line":28,"column":null}},"22":{"start":{"line":26,"column":22},"end":{"line":26,"column":null}},"23":{"start":{"line":27,"column":6},"end":{"line":27,"column":null}},"24":{"start":{"line":30,"column":16},"end":{"line":30,"column":null}},"25":{"start":{"line":31,"column":2},"end":{"line":33,"column":null}},"26":{"start":{"line":32,"column":4},"end":{"line":32,"column":null}},"27":{"start":{"line":34,"column":2},"end":{"line":36,"column":null}},"28":{"start":{"line":35,"column":4},"end":{"line":35,"column":null}},"29":{"start":{"line":37,"column":2},"end":{"line":39,"column":null}},"30":{"start":{"line":38,"column":4},"end":{"line":38,"column":null}},"31":{"start":{"line":40,"column":2},"end":{"line":43,"column":null}},"32":{"start":{"line":40,"column":25},"end":{"line":40,"column":46}},"33":{"start":{"line":41,"column":28},"end":{"line":41,"column":null}},"34":{"start":{"line":41,"column":44},"end":{"line":41,"column":76}},"35":{"start":{"line":42,"column":4},"end":{"line":42,"column":null}},"36":{"start":{"line":42,"column":25},"end":{"line":42,"column":null}},"37":{"start":{"line":44,"column":2},"end":{"line":44,"column":null}}},"fnMap":{"0":{"name":"formatParseError","decl":{"start":{"line":6,"column":16},"end":{"line":6,"column":33}},"loc":{"start":{"line":6,"column":73},"end":{"line":45,"column":null}},"line":6},"1":{"name":"(anonymous_1)","decl":{"start":{"line":40,"column":20},"end":{"line":40,"column":25}},"loc":{"start":{"line":40,"column":25},"end":{"line":40,"column":46}},"line":40},"2":{"name":"(anonymous_2)","decl":{"start":{"line":41,"column":39},"end":{"line":41,"column":44}},"loc":{"start":{"line":41,"column":44},"end":{"line":41,"column":76}},"line":41}},"branchMap":{"0":{"loc":{"start":{"line":8,"column":12},"end":{"line":8,"column":null}},"type":"binary-expr","locations":[{"start":{"line":8,"column":12},"end":{"line":8,"column":23}},{"start":{"line":8,"column":23},"end":{"line":8,"column":null}}],"line":8},"1":{"loc":{"start":{"line":15,"column":2},"end":{"line":15,"column":null}},"type":"if","locations":[{"start":{"line":15,"column":2},"end":{"line":15,"column":null}},{"start":{},"end":{}}],"line":15},"2":{"loc":{"start":{"line":15,"column":6},"end":{"line":15,"column":19}},"type":"binary-expr","locations":[{"start":{"line":15,"column":6},"end":{"line":15,"column":12}},{"start":{"line":15,"column":12},"end":{"line":15,"column":19}}],"line":15},"3":{"loc":{"start":{"line":16,"column":2},"end":{"line":16,"column":null}},"type":"if","locations":[{"start":{"line":16,"column":2},"end":{"line":16,"column":null}},{"start":{},"end":{}}],"line":16},"4":{"loc":{"start":{"line":16,"column":6},"end":{"line":16,"column":28}},"type":"binary-expr","locations":[{"start":{"line":16,"column":6},"end":{"line":16,"column":12}},{"start":{"line":16,"column":12},"end":{"line":16,"column":21}},{"start":{"line":16,"column":21},"end":{"line":16,"column":28}}],"line":16},"5":{"loc":{"start":{"line":17,"column":2},"end":{"line":29,"column":null}},"type":"if","locations":[{"start":{"line":17,"column":2},"end":{"line":29,"column":null}},{"start":{},"end":{}}],"line":17},"6":{"loc":{"start":{"line":17,"column":6},"end":{"line":17,"column":58}},"type":"binary-expr","locations":[{"start":{"line":17,"column":6},"end":{"line":17,"column":17}},{"start":{"line":17,"column":17},"end":{"line":17,"column":33}},{"start":{"line":17,"column":33},"end":{"line":17,"column":58}}],"line":17},"7":{"loc":{"start":{"line":21,"column":21},"end":{"line":21,"column":null}},"type":"cond-expr","locations":[{"start":{"line":21,"column":37},"end":{"line":21,"column":43}},{"start":{"line":21,"column":43},"end":{"line":21,"column":null}}],"line":21},"8":{"loc":{"start":{"line":25,"column":4},"end":{"line":28,"column":null}},"type":"if","locations":[{"start":{"line":25,"column":4},"end":{"line":28,"column":null}},{"start":{},"end":{}}],"line":25},"9":{"loc":{"start":{"line":25,"column":8},"end":{"line":25,"column":73}},"type":"binary-expr","locations":[{"start":{"line":25,"column":8},"end":{"line":25,"column":18}},{"start":{"line":25,"column":18},"end":{"line":25,"column":32}},{"start":{"line":25,"column":32},"end":{"line":25,"column":48}},{"start":{"line":25,"column":48},"end":{"line":25,"column":73}}],"line":25},"10":{"loc":{"start":{"line":31,"column":2},"end":{"line":33,"column":null}},"type":"if","locations":[{"start":{"line":31,"column":2},"end":{"line":33,"column":null}},{"start":{},"end":{}}],"line":31},"11":{"loc":{"start":{"line":31,"column":6},"end":{"line":31,"column":117}},"type":"binary-expr","locations":[{"start":{"line":31,"column":6},"end":{"line":31,"column":47}},{"start":{"line":31,"column":47},"end":{"line":31,"column":82}},{"start":{"line":31,"column":82},"end":{"line":31,"column":117}}],"line":31},"12":{"loc":{"start":{"line":34,"column":2},"end":{"line":36,"column":null}},"type":"if","locations":[{"start":{"line":34,"column":2},"end":{"line":36,"column":null}},{"start":{},"end":{}}],"line":34},"13":{"loc":{"start":{"line":34,"column":6},"end":{"line":34,"column":115}},"type":"binary-expr","locations":[{"start":{"line":34,"column":6},"end":{"line":34,"column":42}},{"start":{"line":34,"column":42},"end":{"line":34,"column":85}},{"start":{"line":34,"column":85},"end":{"line":34,"column":115}}],"line":34},"14":{"loc":{"start":{"line":37,"column":2},"end":{"line":39,"column":null}},"type":"if","locations":[{"start":{"line":37,"column":2},"end":{"line":39,"column":null}},{"start":{},"end":{}}],"line":37},"15":{"loc":{"start":{"line":37,"column":6},"end":{"line":37,"column":85}},"type":"binary-expr","locations":[{"start":{"line":37,"column":6},"end":{"line":37,"column":46}},{"start":{"line":37,"column":46},"end":{"line":37,"column":85}}],"line":37},"16":{"loc":{"start":{"line":40,"column":2},"end":{"line":43,"column":null}},"type":"if","locations":[{"start":{"line":40,"column":2},"end":{"line":43,"column":null}},{"start":{},"end":{}}],"line":40},"17":{"loc":{"start":{"line":42,"column":4},"end":{"line":42,"column":null}},"type":"if","locations":[{"start":{"line":42,"column":4},"end":{"line":42,"column":null}},{"start":{},"end":{}}],"line":42}},"s":{"0":3,"1":3,"2":3,"3":3,"4":3,"5":3,"6":3,"7":3,"8":3,"9":1,"10":3,"11":1,"12":1,"13":3,"14":2,"15":2,"16":2,"17":2,"18":6,"19":6,"20":6,"21":2,"22":1,"23":1,"24":3,"25":3,"26":0,"27":3,"28":0,"29":3,"30":1,"31":3,"32":11,"33":2,"34":6,"35":2,"36":1,"37":3},"f":{"0":3,"1":11,"2":6},"b":{"0":[3,0],"1":[1,2],"2":[3,1],"3":[1,2],"4":[3,1,1],"5":[2,1],"6":[3,2,2],"7":[2,4],"8":[1,1],"9":[2,1,1,1],"10":[0,3],"11":[3,3,3],"12":[0,3],"13":[3,3,3],"14":[1,2],"15":[3,2],"16":[2,1],"17":[1,1]},"meta":{"lastBranch":18,"lastFunction":3,"lastStatement":38,"seen":{"f:6:16:6:33":0,"s:7:28:7:Infinity":0,"s:8:12:8:Infinity":1,"b:8:12:8:23:8:23:8:Infinity":0,"s:9:2:9:Infinity":2,"s:10:16:10:Infinity":3,"s:11:31:11:Infinity":4,"s:12:30:12:Infinity":5,"s:13:13:13:Infinity":6,"s:14:13:14:Infinity":7,"b:15:2:15:Infinity:undefined:undefined:undefined:undefined":1,"s:15:2:15:Infinity":8,"b:15:6:15:12:15:12:15:19":2,"s:15:19:15:Infinity":9,"b:16:2:16:Infinity:undefined:undefined:undefined:undefined":3,"s:16:2:16:Infinity":10,"b:16:6:16:12:16:12:16:21:16:21:16:28":4,"s:16:30:16:61":11,"s:16:61:16:90":12,"b:17:2:29:Infinity:undefined:undefined:undefined:undefined":5,"s:17:2:29:Infinity":13,"b:17:6:17:17:17:17:17:33:17:33:17:58":6,"s:18:18:18:Infinity":14,"s:19:16:19:Infinity":15,"s:20:4:24:Infinity":16,"s:20:17:20:24":17,"s:21:21:21:Infinity":18,"b:21:37:21:43:21:43:21:Infinity":7,"s:22:19:22:Infinity":19,"s:23:6:23:Infinity":20,"b:25:4:28:Infinity:undefined:undefined:undefined:undefined":8,"s:25:4:28:Infinity":21,"b:25:8:25:18:25:18:25:32:25:32:25:48:25:48:25:73":9,"s:26:22:26:Infinity":22,"s:27:6:27:Infinity":23,"s:30:16:30:Infinity":24,"b:31:2:33:Infinity:undefined:undefined:undefined:undefined":10,"s:31:2:33:Infinity":25,"b:31:6:31:47:31:47:31:82:31:82:31:117":11,"s:32:4:32:Infinity":26,"b:34:2:36:Infinity:undefined:undefined:undefined:undefined":12,"s:34:2:36:Infinity":27,"b:34:6:34:42:34:42:34:85:34:85:34:115":13,"s:35:4:35:Infinity":28,"b:37:2:39:Infinity:undefined:undefined:undefined:undefined":14,"s:37:2:39:Infinity":29,"b:37:6:37:46:37:46:37:85":15,"s:38:4:38:Infinity":30,"b:40:2:43:Infinity:undefined:undefined:undefined:undefined":16,"s:40:2:43:Infinity":31,"f:40:20:40:25":1,"s:40:25:40:46":32,"s:41:28:41:Infinity":33,"f:41:39:41:44":2,"s:41:44:41:76":34,"b:42:4:42:Infinity:undefined:undefined:undefined:undefined":17,"s:42:4:42:Infinity":35,"s:42:25:42:Infinity":36,"s:44:2:44:Infinity":37}}}
,"/Users/dilipkola/Workspace/sruja-lang/apps/website/src/shared/utils/storage.ts": {"path":"/Users/dilipkola/Workspace/sruja-lang/apps/website/src/shared/utils/storage.ts","statementMap":{"0":{"start":{"line":7,"column":2},"end":{"line":7,"column":null}},"1":{"start":{"line":7,"column":37},"end":{"line":7,"column":null}},"2":{"start":{"line":8,"column":2},"end":{"line":18,"column":null}},"3":{"start":{"line":9,"column":4},"end":{"line":9,"column":null}},"4":{"start":{"line":10,"column":4},"end":{"line":10,"column":null}},"5":{"start":{"line":12,"column":4},"end":{"line":16,"column":null}},"6":{"start":{"line":13,"column":6},"end":{"line":13,"column":null}},"7":{"start":{"line":15,"column":6},"end":{"line":15,"column":null}},"8":{"start":{"line":17,"column":4},"end":{"line":17,"column":null}},"9":{"start":{"line":25,"column":2},"end":{"line":25,"column":null}},"10":{"start":{"line":25,"column":37},"end":{"line":25,"column":null}},"11":{"start":{"line":26,"column":2},"end":{"line":31,"column":null}},"12":{"start":{"line":27,"column":4},"end":{"line":27,"column":null}},"13":{"start":{"line":29,"column":4},"end":{"line":29,"column":null}},"14":{"start":{"line":30,"column":4},"end":{"line":30,"column":null}},"15":{"start":{"line":38,"column":2},"end":{"line":38,"column":null}},"16":{"start":{"line":38,"column":37},"end":{"line":38,"column":null}},"17":{"start":{"line":39,"column":2},"end":{"line":45,"column":null}},"18":{"start":{"line":40,"column":4},"end":{"line":40,"column":null}},"19":{"start":{"line":41,"column":4},"end":{"line":41,"column":null}},"20":{"start":{"line":43,"column":4},"end":{"line":43,"column":null}},"21":{"start":{"line":44,"column":4},"end":{"line":44,"column":null}},"22":{"start":{"line":52,"column":2},"end":{"line":70,"column":null}},"23":{"start":{"line":54,"column":19},"end":{"line":54,"column":null}},"24":{"start":{"line":55,"column":6},"end":{"line":55,"column":null}},"25":{"start":{"line":55,"column":25},"end":{"line":55,"column":null}},"26":{"start":{"line":56,"column":6},"end":{"line":60,"column":null}},"27":{"start":{"line":57,"column":8},"end":{"line":57,"column":null}},"28":{"start":{"line":59,"column":8},"end":{"line":59,"column":null}},"29":{"start":{"line":63,"column":6},"end":{"line":67,"column":null}},"30":{"start":{"line":64,"column":8},"end":{"line":64,"column":null}},"31":{"start":{"line":66,"column":8},"end":{"line":66,"column":null}},"32":{"start":{"line":69,"column":27},"end":{"line":69,"column":null}},"33":{"start":{"line":77,"column":2},"end":{"line":85,"column":null}},"34":{"start":{"line":79,"column":6},"end":{"line":79,"column":null}},"35":{"start":{"line":82,"column":6},"end":{"line":82,"column":null}},"36":{"start":{"line":84,"column":27},"end":{"line":84,"column":null}}},"fnMap":{"0":{"name":"setStorageItem","decl":{"start":{"line":6,"column":16},"end":{"line":6,"column":31}},"loc":{"start":{"line":6,"column":68},"end":{"line":19,"column":null}},"line":6},"1":{"name":"getStorageItem","decl":{"start":{"line":24,"column":16},"end":{"line":24,"column":31}},"loc":{"start":{"line":24,"column":59},"end":{"line":32,"column":null}},"line":24},"2":{"name":"removeStorageItem","decl":{"start":{"line":37,"column":16},"end":{"line":37,"column":34}},"loc":{"start":{"line":37,"column":56},"end":{"line":46,"column":null}},"line":37},"3":{"name":"createStorage","decl":{"start":{"line":51,"column":16},"end":{"line":51,"column":33}},"loc":{"start":{"line":51,"column":63},"end":{"line":71,"column":null}},"line":51},"4":{"name":"(anonymous_4)","decl":{"start":{"line":53,"column":9},"end":{"line":53,"column":18}},"loc":{"start":{"line":53,"column":18},"end":{"line":61,"column":null}},"line":53},"5":{"name":"(anonymous_5)","decl":{"start":{"line":62,"column":9},"end":{"line":62,"column":10}},"loc":{"start":{"line":62,"column":32},"end":{"line":68,"column":null}},"line":62},"6":{"name":"(anonymous_6)","decl":{"start":{"line":69,"column":12},"end":{"line":69,"column":27}},"loc":{"start":{"line":69,"column":27},"end":{"line":69,"column":null}},"line":69},"7":{"name":"createStringStorage","decl":{"start":{"line":76,"column":16},"end":{"line":76,"column":36}},"loc":{"start":{"line":76,"column":76},"end":{"line":86,"column":null}},"line":76},"8":{"name":"(anonymous_8)","decl":{"start":{"line":78,"column":9},"end":{"line":78,"column":23}},"loc":{"start":{"line":78,"column":23},"end":{"line":80,"column":null}},"line":78},"9":{"name":"(anonymous_9)","decl":{"start":{"line":81,"column":9},"end":{"line":81,"column":10}},"loc":{"start":{"line":81,"column":37},"end":{"line":83,"column":null}},"line":81},"10":{"name":"(anonymous_10)","decl":{"start":{"line":84,"column":12},"end":{"line":84,"column":27}},"loc":{"start":{"line":84,"column":27},"end":{"line":84,"column":null}},"line":84}},"branchMap":{"0":{"loc":{"start":{"line":7,"column":2},"end":{"line":7,"column":null}},"type":"if","locations":[{"start":{"line":7,"column":2},"end":{"line":7,"column":null}},{"start":{},"end":{}}],"line":7},"1":{"loc":{"start":{"line":12,"column":4},"end":{"line":16,"column":null}},"type":"if","locations":[{"start":{"line":12,"column":4},"end":{"line":16,"column":null}},{"start":{"line":14,"column":11},"end":{"line":16,"column":null}}],"line":12},"2":{"loc":{"start":{"line":12,"column":8},"end":{"line":12,"column":70}},"type":"binary-expr","locations":[{"start":{"line":12,"column":8},"end":{"line":12,"column":37}},{"start":{"line":12,"column":37},"end":{"line":12,"column":70}}],"line":12},"3":{"loc":{"start":{"line":25,"column":2},"end":{"line":25,"column":null}},"type":"if","locations":[{"start":{"line":25,"column":2},"end":{"line":25,"column":null}},{"start":{},"end":{}}],"line":25},"4":{"loc":{"start":{"line":38,"column":2},"end":{"line":38,"column":null}},"type":"if","locations":[{"start":{"line":38,"column":2},"end":{"line":38,"column":null}},{"start":{},"end":{}}],"line":38},"5":{"loc":{"start":{"line":55,"column":6},"end":{"line":55,"column":null}},"type":"if","locations":[{"start":{"line":55,"column":6},"end":{"line":55,"column":null}},{"start":{},"end":{}}],"line":55},"6":{"loc":{"start":{"line":76,"column":49},"end":{"line":76,"column":76}},"type":"default-arg","locations":[{"start":{"line":76,"column":72},"end":{"line":76,"column":76}}],"line":76},"7":{"loc":{"start":{"line":79,"column":13},"end":{"line":79,"column":null}},"type":"binary-expr","locations":[{"start":{"line":79,"column":13},"end":{"line":79,"column":36}},{"start":{"line":79,"column":36},"end":{"line":79,"column":null}}],"line":79}},"s":{"0":11,"1":1,"2":10,"3":10,"4":10,"5":0,"6":0,"7":0,"8":0,"9":24,"10":0,"11":24,"12":24,"13":0,"14":0,"15":2,"16":0,"17":2,"18":2,"19":2,"20":0,"21":0,"22":11,"23":13,"24":13,"25":8,"26":5,"27":5,"28":1,"29":6,"30":6,"31":0,"32":1,"33":4,"34":9,"35":3,"36":0},"f":{"0":11,"1":24,"2":2,"3":11,"4":13,"5":6,"6":1,"7":4,"8":9,"9":3,"10":0},"b":{"0":[1,10],"1":[0,0],"2":[0,0],"3":[0,24],"4":[0,2],"5":[8,5],"6":[4],"7":[9,3]},"meta":{"lastBranch":8,"lastFunction":11,"lastStatement":37,"seen":{"f:6:16:6:31":0,"b:7:2:7:Infinity:undefined:undefined:undefined:undefined":0,"s:7:2:7:Infinity":0,"s:7:37:7:Infinity":1,"s:8:2:18:Infinity":2,"s:9:4:9:Infinity":3,"s:10:4:10:Infinity":4,"b:12:4:16:Infinity:14:11:16:Infinity":1,"s:12:4:16:Infinity":5,"b:12:8:12:37:12:37:12:70":2,"s:13:6:13:Infinity":6,"s:15:6:15:Infinity":7,"s:17:4:17:Infinity":8,"f:24:16:24:31":1,"b:25:2:25:Infinity:undefined:undefined:undefined:undefined":3,"s:25:2:25:Infinity":9,"s:25:37:25:Infinity":10,"s:26:2:31:Infinity":11,"s:27:4:27:Infinity":12,"s:29:4:29:Infinity":13,"s:30:4:30:Infinity":14,"f:37:16:37:34":2,"b:38:2:38:Infinity:undefined:undefined:undefined:undefined":4,"s:38:2:38:Infinity":15,"s:38:37:38:Infinity":16,"s:39:2:45:Infinity":17,"s:40:4:40:Infinity":18,"s:41:4:41:Infinity":19,"s:43:4:43:Infinity":20,"s:44:4:44:Infinity":21,"f:51:16:51:33":3,"s:52:2:70:Infinity":22,"f:53:9:53:18":4,"s:54:19:54:Infinity":23,"b:55:6:55:Infinity:undefined:undefined:undefined:undefined":5,"s:55:6:55:Infinity":24,"s:55:25:55:Infinity":25,"s:56:6:60:Infinity":26,"s:57:8:57:Infinity":27,"s:59:8:59:Infinity":28,"f:62:9:62:10":5,"s:63:6:67:Infinity":29,"s:64:8:64:Infinity":30,"s:66:8:66:Infinity":31,"f:69:12:69:27":6,"s:69:27:69:Infinity":32,"f:76:16:76:36":7,"b:76:72:76:76":6,"s:77:2:85:Infinity":33,"f:78:9:78:23":8,"s:79:6:79:Infinity":34,"b:79:13:79:36:79:36:79:Infinity":7,"f:81:9:81:10":9,"s:82:6:82:Infinity":35,"f:84:12:84:27":10,"s:84:27:84:Infinity":36}}}
}
