{"/Users/dilipkola/Workspace/sruja-lang/apps/viewer-core/app/utils/exportUtils.ts": {"path":"/Users/dilipkola/Workspace/sruja-lang/apps/viewer-core/app/utils/exportUtils.ts","statementMap":{"0":{"start":{"line":13,"column":2},"end":{"line":44,"column":null}},"1":{"start":{"line":14,"column":16},"end":{"line":14,"column":null}},"2":{"start":{"line":15,"column":20},"end":{"line":15,"column":null}},"3":{"start":{"line":16,"column":16},"end":{"line":16,"column":null}},"4":{"start":{"line":18,"column":4},"end":{"line":36,"column":null}},"5":{"start":{"line":19,"column":21},"end":{"line":19,"column":null}},"6":{"start":{"line":20,"column":6},"end":{"line":20,"column":null}},"7":{"start":{"line":21,"column":6},"end":{"line":21,"column":null}},"8":{"start":{"line":22,"column":18},"end":{"line":22,"column":null}},"9":{"start":{"line":24,"column":6},"end":{"line":27,"column":null}},"10":{"start":{"line":25,"column":8},"end":{"line":25,"column":null}},"11":{"start":{"line":26,"column":8},"end":{"line":26,"column":null}},"12":{"start":{"line":30,"column":6},"end":{"line":30,"column":null}},"13":{"start":{"line":31,"column":6},"end":{"line":31,"column":null}},"14":{"start":{"line":33,"column":22},"end":{"line":33,"column":null}},"15":{"start":{"line":34,"column":6},"end":{"line":34,"column":null}},"16":{"start":{"line":35,"column":6},"end":{"line":35,"column":null}},"17":{"start":{"line":38,"column":4},"end":{"line":41,"column":null}},"18":{"start":{"line":39,"column":6},"end":{"line":39,"column":null}},"19":{"start":{"line":40,"column":6},"end":{"line":40,"column":null}},"20":{"start":{"line":43,"column":4},"end":{"line":43,"column":null}},"21":{"start":{"line":55,"column":17},"end":{"line":55,"column":null}},"22":{"start":{"line":56,"column":2},"end":{"line":59,"column":null}},"23":{"start":{"line":57,"column":10},"end":{"line":57,"column":null}},"24":{"start":{"line":58,"column":4},"end":{"line":58,"column":null}},"25":{"start":{"line":60,"column":2},"end":{"line":60,"column":null}},"26":{"start":{"line":62,"column":2},"end":{"line":395,"column":null}},"27":{"start":{"line":65,"column":4},"end":{"line":82,"column":null}},"28":{"start":{"line":66,"column":6},"end":{"line":81,"column":null}},"29":{"start":{"line":67,"column":20},"end":{"line":67,"column":null}},"30":{"start":{"line":68,"column":8},"end":{"line":78,"column":null}},"31":{"start":{"line":69,"column":29},"end":{"line":69,"column":null}},"32":{"start":{"line":70,"column":23},"end":{"line":70,"column":null}},"33":{"start":{"line":71,"column":10},"end":{"line":71,"column":null}},"34":{"start":{"line":72,"column":10},"end":{"line":72,"column":null}},"35":{"start":{"line":73,"column":10},"end":{"line":73,"column":null}},"36":{"start":{"line":74,"column":10},"end":{"line":74,"column":null}},"37":{"start":{"line":75,"column":10},"end":{"line":75,"column":null}},"38":{"start":{"line":76,"column":10},"end":{"line":76,"column":null}},"39":{"start":{"line":77,"column":10},"end":{"line":77,"column":null}},"40":{"start":{"line":80,"column":8},"end":{"line":80,"column":null}},"41":{"start":{"line":85,"column":4},"end":{"line":102,"column":null}},"42":{"start":{"line":86,"column":28},"end":{"line":89,"column":null}},"43":{"start":{"line":90,"column":22},"end":{"line":90,"column":null}},"44":{"start":{"line":91,"column":6},"end":{"line":99,"column":null}},"45":{"start":{"line":92,"column":21},"end":{"line":92,"column":null}},"46":{"start":{"line":93,"column":8},"end":{"line":93,"column":null}},"47":{"start":{"line":94,"column":8},"end":{"line":94,"column":null}},"48":{"start":{"line":95,"column":8},"end":{"line":95,"column":null}},"49":{"start":{"line":96,"column":8},"end":{"line":96,"column":null}},"50":{"start":{"line":97,"column":8},"end":{"line":97,"column":null}},"51":{"start":{"line":98,"column":8},"end":{"line":98,"column":null}},"52":{"start":{"line":101,"column":6},"end":{"line":101,"column":null}},"53":{"start":{"line":103,"column":2},"end":{"line":395,"column":null}},"54":{"start":{"line":104,"column":4},"end":{"line":176,"column":null}},"55":{"start":{"line":105,"column":35},"end":{"line":105,"column":null}},"56":{"start":{"line":108,"column":6},"end":{"line":119,"column":null}},"57":{"start":{"line":109,"column":8},"end":{"line":118,"column":null}},"58":{"start":{"line":110,"column":10},"end":{"line":110,"column":null}},"59":{"start":{"line":112,"column":10},"end":{"line":117,"column":null}},"60":{"start":{"line":122,"column":6},"end":{"line":124,"column":null}},"61":{"start":{"line":123,"column":8},"end":{"line":123,"column":null}},"62":{"start":{"line":127,"column":6},"end":{"line":138,"column":null}},"63":{"start":{"line":128,"column":8},"end":{"line":137,"column":null}},"64":{"start":{"line":129,"column":10},"end":{"line":129,"column":null}},"65":{"start":{"line":131,"column":10},"end":{"line":136,"column":null}},"66":{"start":{"line":140,"column":6},"end":{"line":142,"column":null}},"67":{"start":{"line":141,"column":8},"end":{"line":141,"column":null}},"68":{"start":{"line":145,"column":6},"end":{"line":154,"column":null}},"69":{"start":{"line":146,"column":25},"end":{"line":151,"column":null}},"70":{"start":{"line":153,"column":8},"end":{"line":153,"column":null}},"71":{"start":{"line":153,"column":67},"end":{"line":153,"column":90}},"72":{"start":{"line":156,"column":6},"end":{"line":167,"column":null}},"73":{"start":{"line":157,"column":21},"end":{"line":157,"column":null}},"74":{"start":{"line":158,"column":20},"end":{"line":158,"column":null}},"75":{"start":{"line":159,"column":21},"end":{"line":159,"column":null}},"76":{"start":{"line":160,"column":8},"end":{"line":160,"column":null}},"77":{"start":{"line":161,"column":8},"end":{"line":161,"column":null}},"78":{"start":{"line":162,"column":8},"end":{"line":162,"column":null}},"79":{"start":{"line":163,"column":8},"end":{"line":163,"column":null}},"80":{"start":{"line":164,"column":8},"end":{"line":164,"column":null}},"81":{"start":{"line":165,"column":8},"end":{"line":165,"column":null}},"82":{"start":{"line":166,"column":8},"end":{"line":166,"column":null}},"83":{"start":{"line":169,"column":6},"end":{"line":174,"column":null}},"84":{"start":{"line":175,"column":6},"end":{"line":175,"column":null}},"85":{"start":{"line":177,"column":2},"end":{"line":395,"column":null}},"86":{"start":{"line":178,"column":4},"end":{"line":267,"column":null}},"87":{"start":{"line":179,"column":38},"end":{"line":179,"column":null}},"88":{"start":{"line":183,"column":6},"end":{"line":198,"column":null}},"89":{"start":{"line":184,"column":8},"end":{"line":197,"column":null}},"90":{"start":{"line":185,"column":22},"end":{"line":185,"column":null}},"91":{"start":{"line":186,"column":10},"end":{"line":189,"column":null}},"92":{"start":{"line":188,"column":12},"end":{"line":188,"column":null}},"93":{"start":{"line":191,"column":10},"end":{"line":196,"column":null}},"94":{"start":{"line":201,"column":6},"end":{"line":204,"column":null}},"95":{"start":{"line":202,"column":30},"end":{"line":202,"column":null}},"96":{"start":{"line":203,"column":8},"end":{"line":203,"column":null}},"97":{"start":{"line":206,"column":6},"end":{"line":209,"column":null}},"98":{"start":{"line":207,"column":8},"end":{"line":207,"column":null}},"99":{"start":{"line":208,"column":8},"end":{"line":208,"column":null}},"100":{"start":{"line":211,"column":18},"end":{"line":211,"column":null}},"101":{"start":{"line":212,"column":26},"end":{"line":215,"column":null}},"102":{"start":{"line":213,"column":8},"end":{"line":213,"column":null}},"103":{"start":{"line":213,"column":27},"end":{"line":213,"column":null}},"104":{"start":{"line":214,"column":8},"end":{"line":214,"column":null}},"105":{"start":{"line":216,"column":6},"end":{"line":216,"column":null}},"106":{"start":{"line":218,"column":21},"end":{"line":218,"column":null}},"107":{"start":{"line":219,"column":19},"end":{"line":219,"column":null}},"108":{"start":{"line":220,"column":19},"end":{"line":220,"column":null}},"109":{"start":{"line":222,"column":26},"end":{"line":222,"column":null}},"110":{"start":{"line":223,"column":18},"end":{"line":223,"column":null}},"111":{"start":{"line":224,"column":23},"end":{"line":224,"column":null}},"112":{"start":{"line":225,"column":20},"end":{"line":225,"column":null}},"113":{"start":{"line":226,"column":20},"end":{"line":226,"column":null}},"114":{"start":{"line":227,"column":21},"end":{"line":227,"column":null}},"115":{"start":{"line":228,"column":22},"end":{"line":228,"column":null}},"116":{"start":{"line":229,"column":22},"end":{"line":229,"column":null}},"117":{"start":{"line":230,"column":20},"end":{"line":230,"column":null}},"118":{"start":{"line":231,"column":20},"end":{"line":231,"column":null}},"119":{"start":{"line":232,"column":20},"end":{"line":232,"column":null}},"120":{"start":{"line":233,"column":12},"end":{"line":233,"column":null}},"121":{"start":{"line":234,"column":12},"end":{"line":234,"column":null}},"122":{"start":{"line":236,"column":6},"end":{"line":236,"column":null}},"123":{"start":{"line":239,"column":22},"end":{"line":239,"column":null}},"124":{"start":{"line":240,"column":6},"end":{"line":240,"column":null}},"125":{"start":{"line":241,"column":6},"end":{"line":241,"column":null}},"126":{"start":{"line":242,"column":6},"end":{"line":242,"column":null}},"127":{"start":{"line":245,"column":6},"end":{"line":255,"column":null}},"128":{"start":{"line":246,"column":25},"end":{"line":253,"column":null}},"129":{"start":{"line":254,"column":8},"end":{"line":254,"column":null}},"130":{"start":{"line":257,"column":6},"end":{"line":257,"column":null}},"131":{"start":{"line":258,"column":6},"end":{"line":258,"column":null}},"132":{"start":{"line":260,"column":6},"end":{"line":265,"column":null}},"133":{"start":{"line":266,"column":6},"end":{"line":266,"column":null}},"134":{"start":{"line":268,"column":2},"end":{"line":395,"column":null}},"135":{"start":{"line":269,"column":4},"end":{"line":281,"column":null}},"136":{"start":{"line":270,"column":22},"end":{"line":270,"column":null}},"137":{"start":{"line":271,"column":19},"end":{"line":271,"column":null}},"138":{"start":{"line":272,"column":18},"end":{"line":272,"column":null}},"139":{"start":{"line":273,"column":19},"end":{"line":273,"column":null}},"140":{"start":{"line":274,"column":6},"end":{"line":274,"column":null}},"141":{"start":{"line":275,"column":6},"end":{"line":275,"column":null}},"142":{"start":{"line":276,"column":6},"end":{"line":276,"column":null}},"143":{"start":{"line":277,"column":6},"end":{"line":277,"column":null}},"144":{"start":{"line":278,"column":6},"end":{"line":278,"column":null}},"145":{"start":{"line":279,"column":6},"end":{"line":279,"column":null}},"146":{"start":{"line":280,"column":6},"end":{"line":280,"column":null}},"147":{"start":{"line":282,"column":2},"end":{"line":395,"column":null}},"148":{"start":{"line":283,"column":4},"end":{"line":286,"column":null}},"149":{"start":{"line":284,"column":6},"end":{"line":284,"column":null}},"150":{"start":{"line":285,"column":6},"end":{"line":285,"column":null}},"151":{"start":{"line":287,"column":4},"end":{"line":313,"column":null}},"152":{"start":{"line":288,"column":21},"end":{"line":288,"column":null}},"153":{"start":{"line":289,"column":6},"end":{"line":304,"column":null}},"154":{"start":{"line":291,"column":25},"end":{"line":291,"column":null}},"155":{"start":{"line":292,"column":8},"end":{"line":292,"column":null}},"156":{"start":{"line":294,"column":21},"end":{"line":294,"column":null}},"157":{"start":{"line":295,"column":20},"end":{"line":295,"column":null}},"158":{"start":{"line":296,"column":21},"end":{"line":296,"column":null}},"159":{"start":{"line":297,"column":8},"end":{"line":297,"column":null}},"160":{"start":{"line":298,"column":8},"end":{"line":298,"column":null}},"161":{"start":{"line":299,"column":8},"end":{"line":299,"column":null}},"162":{"start":{"line":300,"column":8},"end":{"line":300,"column":null}},"163":{"start":{"line":301,"column":8},"end":{"line":301,"column":null}},"164":{"start":{"line":302,"column":8},"end":{"line":302,"column":null}},"165":{"start":{"line":303,"column":8},"end":{"line":303,"column":null}},"166":{"start":{"line":306,"column":6},"end":{"line":311,"column":null}},"167":{"start":{"line":312,"column":6},"end":{"line":312,"column":null}},"168":{"start":{"line":314,"column":2},"end":{"line":395,"column":null}},"169":{"start":{"line":315,"column":4},"end":{"line":318,"column":null}},"170":{"start":{"line":316,"column":6},"end":{"line":316,"column":null}},"171":{"start":{"line":317,"column":6},"end":{"line":317,"column":null}},"172":{"start":{"line":319,"column":4},"end":{"line":394,"column":null}},"173":{"start":{"line":320,"column":19},"end":{"line":320,"column":null}},"174":{"start":{"line":322,"column":26},"end":{"line":322,"column":null}},"175":{"start":{"line":323,"column":19},"end":{"line":362,"column":null}},"176":{"start":{"line":376,"column":19},"end":{"line":376,"column":null}},"177":{"start":{"line":377,"column":18},"end":{"line":377,"column":null}},"178":{"start":{"line":378,"column":19},"end":{"line":378,"column":null}},"179":{"start":{"line":379,"column":6},"end":{"line":379,"column":null}},"180":{"start":{"line":380,"column":6},"end":{"line":380,"column":null}},"181":{"start":{"line":381,"column":6},"end":{"line":381,"column":null}},"182":{"start":{"line":382,"column":6},"end":{"line":382,"column":null}},"183":{"start":{"line":383,"column":6},"end":{"line":383,"column":null}},"184":{"start":{"line":384,"column":6},"end":{"line":384,"column":null}},"185":{"start":{"line":385,"column":6},"end":{"line":385,"column":null}},"186":{"start":{"line":387,"column":6},"end":{"line":392,"column":null}},"187":{"start":{"line":393,"column":6},"end":{"line":393,"column":null}}},"fnMap":{"0":{"name":"svgToPng","decl":{"start":{"line":12,"column":15},"end":{"line":12,"column":24}},"loc":{"start":{"line":12,"column":79},"end":{"line":45,"column":null}},"line":12},"1":{"name":"(anonymous_1)","decl":{"start":{"line":13,"column":21},"end":{"line":13,"column":22}},"loc":{"start":{"line":13,"column":42},"end":{"line":44,"column":3}},"line":13},"2":{"name":"(anonymous_2)","decl":{"start":{"line":18,"column":17},"end":{"line":18,"column":23}},"loc":{"start":{"line":18,"column":23},"end":{"line":36,"column":null}},"line":18},"3":{"name":"(anonymous_3)","decl":{"start":{"line":38,"column":18},"end":{"line":38,"column":24}},"loc":{"start":{"line":38,"column":24},"end":{"line":41,"column":null}},"line":38},"4":{"name":"exportDiagram","decl":{"start":{"line":47,"column":22},"end":{"line":47,"column":null}},"loc":{"start":{"line":54,"column":2},"end":{"line":396,"column":null}},"line":54},"5":{"name":"(anonymous_5)","decl":{"start":{"line":153,"column":48},"end":{"line":153,"column":49}},"loc":{"start":{"line":153,"column":67},"end":{"line":153,"column":90}},"line":153},"6":{"name":"(anonymous_6)","decl":{"start":{"line":212,"column":56},"end":{"line":212,"column":57}},"loc":{"start":{"line":212,"column":77},"end":{"line":215,"column":7}},"line":212},"7":{"name":"(anonymous_7)","decl":{"start":{"line":213,"column":21},"end":{"line":213,"column":27}},"loc":{"start":{"line":213,"column":27},"end":{"line":213,"column":null}},"line":213}},"branchMap":{"0":{"loc":{"start":{"line":12,"column":43},"end":{"line":12,"column":79}},"type":"default-arg","locations":[{"start":{"line":12,"column":59},"end":{"line":12,"column":79}}],"line":12},"1":{"loc":{"start":{"line":24,"column":6},"end":{"line":27,"column":null}},"type":"if","locations":[{"start":{"line":24,"column":6},"end":{"line":27,"column":null}},{"start":{},"end":{}}],"line":24},"2":{"loc":{"start":{"line":56,"column":2},"end":{"line":59,"column":null}},"type":"if","locations":[{"start":{"line":56,"column":2},"end":{"line":59,"column":null}},{"start":{},"end":{}}],"line":56},"3":{"loc":{"start":{"line":62,"column":2},"end":{"line":395,"column":null}},"type":"if","locations":[{"start":{"line":62,"column":2},"end":{"line":395,"column":null}},{"start":{"line":103,"column":2},"end":{"line":395,"column":null}}],"line":62},"4":{"loc":{"start":{"line":65,"column":4},"end":{"line":82,"column":null}},"type":"if","locations":[{"start":{"line":65,"column":4},"end":{"line":82,"column":null}},{"start":{},"end":{}}],"line":65},"5":{"loc":{"start":{"line":65,"column":8},"end":{"line":65,"column":34}},"type":"binary-expr","locations":[{"start":{"line":65,"column":8},"end":{"line":65,"column":29}},{"start":{"line":65,"column":29},"end":{"line":65,"column":34}}],"line":65},"6":{"loc":{"start":{"line":68,"column":8},"end":{"line":78,"column":null}},"type":"if","locations":[{"start":{"line":68,"column":8},"end":{"line":78,"column":null}},{"start":{},"end":{}}],"line":68},"7":{"loc":{"start":{"line":85,"column":4},"end":{"line":102,"column":null}},"type":"if","locations":[{"start":{"line":85,"column":4},"end":{"line":102,"column":null}},{"start":{"line":100,"column":11},"end":{"line":102,"column":null}}],"line":85},"8":{"loc":{"start":{"line":91,"column":6},"end":{"line":99,"column":null}},"type":"if","locations":[{"start":{"line":91,"column":6},"end":{"line":99,"column":null}},{"start":{},"end":{}}],"line":91},"9":{"loc":{"start":{"line":103,"column":2},"end":{"line":395,"column":null}},"type":"if","locations":[{"start":{"line":103,"column":2},"end":{"line":395,"column":null}},{"start":{"line":177,"column":2},"end":{"line":395,"column":null}}],"line":103},"10":{"loc":{"start":{"line":108,"column":6},"end":{"line":119,"column":null}},"type":"if","locations":[{"start":{"line":108,"column":6},"end":{"line":119,"column":null}},{"start":{},"end":{}}],"line":108},"11":{"loc":{"start":{"line":108,"column":10},"end":{"line":108,"column":36}},"type":"binary-expr","locations":[{"start":{"line":108,"column":10},"end":{"line":108,"column":31}},{"start":{"line":108,"column":31},"end":{"line":108,"column":36}}],"line":108},"12":{"loc":{"start":{"line":115,"column":23},"end":{"line":115,"column":null}},"type":"cond-expr","locations":[{"start":{"line":115,"column":52},"end":{"line":115,"column":81}},{"start":{"line":115,"column":81},"end":{"line":115,"column":null}}],"line":115},"13":{"loc":{"start":{"line":116,"column":19},"end":{"line":116,"column":null}},"type":"cond-expr","locations":[{"start":{"line":116,"column":48},"end":{"line":116,"column":68}},{"start":{"line":116,"column":68},"end":{"line":116,"column":null}}],"line":116},"14":{"loc":{"start":{"line":122,"column":6},"end":{"line":124,"column":null}},"type":"if","locations":[{"start":{"line":122,"column":6},"end":{"line":124,"column":null}},{"start":{},"end":{}}],"line":122},"15":{"loc":{"start":{"line":122,"column":10},"end":{"line":122,"column":62}},"type":"binary-expr","locations":[{"start":{"line":122,"column":10},"end":{"line":122,"column":22}},{"start":{"line":122,"column":22},"end":{"line":122,"column":62}}],"line":122},"16":{"loc":{"start":{"line":127,"column":6},"end":{"line":138,"column":null}},"type":"if","locations":[{"start":{"line":127,"column":6},"end":{"line":138,"column":null}},{"start":{},"end":{}}],"line":127},"17":{"loc":{"start":{"line":127,"column":10},"end":{"line":127,"column":33}},"type":"binary-expr","locations":[{"start":{"line":127,"column":10},"end":{"line":127,"column":22}},{"start":{"line":127,"column":22},"end":{"line":127,"column":33}}],"line":127},"18":{"loc":{"start":{"line":134,"column":23},"end":{"line":134,"column":null}},"type":"cond-expr","locations":[{"start":{"line":134,"column":50},"end":{"line":134,"column":77}},{"start":{"line":134,"column":77},"end":{"line":134,"column":null}}],"line":134},"19":{"loc":{"start":{"line":135,"column":19},"end":{"line":135,"column":null}},"type":"cond-expr","locations":[{"start":{"line":135,"column":46},"end":{"line":135,"column":64}},{"start":{"line":135,"column":64},"end":{"line":135,"column":null}}],"line":135},"20":{"loc":{"start":{"line":140,"column":6},"end":{"line":142,"column":null}},"type":"if","locations":[{"start":{"line":140,"column":6},"end":{"line":142,"column":null}},{"start":{},"end":{}}],"line":140},"21":{"loc":{"start":{"line":145,"column":6},"end":{"line":154,"column":null}},"type":"if","locations":[{"start":{"line":145,"column":6},"end":{"line":154,"column":null}},{"start":{},"end":{}}],"line":145},"22":{"loc":{"start":{"line":145,"column":10},"end":{"line":145,"column":47}},"type":"binary-expr","locations":[{"start":{"line":145,"column":10},"end":{"line":145,"column":37}},{"start":{"line":145,"column":37},"end":{"line":145,"column":47}}],"line":145},"23":{"loc":{"start":{"line":148,"column":13},"end":{"line":148,"column":62}},"type":"binary-expr","locations":[{"start":{"line":148,"column":13},"end":{"line":148,"column":40}},{"start":{"line":148,"column":40},"end":{"line":148,"column":62}}],"line":148},"24":{"loc":{"start":{"line":151,"column":15},"end":{"line":151,"column":52}},"type":"binary-expr","locations":[{"start":{"line":151,"column":15},"end":{"line":151,"column":45}},{"start":{"line":151,"column":45},"end":{"line":151,"column":52}}],"line":151},"25":{"loc":{"start":{"line":156,"column":6},"end":{"line":167,"column":null}},"type":"if","locations":[{"start":{"line":156,"column":6},"end":{"line":167,"column":null}},{"start":{},"end":{}}],"line":156},"26":{"loc":{"start":{"line":172,"column":19},"end":{"line":172,"column":null}},"type":"cond-expr","locations":[{"start":{"line":172,"column":44},"end":{"line":172,"column":69}},{"start":{"line":172,"column":69},"end":{"line":172,"column":null}}],"line":172},"27":{"loc":{"start":{"line":173,"column":15},"end":{"line":173,"column":null}},"type":"cond-expr","locations":[{"start":{"line":173,"column":40},"end":{"line":173,"column":56}},{"start":{"line":173,"column":56},"end":{"line":173,"column":null}}],"line":173},"28":{"loc":{"start":{"line":177,"column":2},"end":{"line":395,"column":null}},"type":"if","locations":[{"start":{"line":177,"column":2},"end":{"line":395,"column":null}},{"start":{"line":268,"column":2},"end":{"line":395,"column":null}}],"line":177},"29":{"loc":{"start":{"line":183,"column":6},"end":{"line":198,"column":null}},"type":"if","locations":[{"start":{"line":183,"column":6},"end":{"line":198,"column":null}},{"start":{},"end":{}}],"line":183},"30":{"loc":{"start":{"line":183,"column":10},"end":{"line":183,"column":36}},"type":"binary-expr","locations":[{"start":{"line":183,"column":10},"end":{"line":183,"column":31}},{"start":{"line":183,"column":31},"end":{"line":183,"column":36}}],"line":183},"31":{"loc":{"start":{"line":186,"column":10},"end":{"line":189,"column":null}},"type":"if","locations":[{"start":{"line":186,"column":10},"end":{"line":189,"column":null}},{"start":{},"end":{}}],"line":186},"32":{"loc":{"start":{"line":194,"column":23},"end":{"line":194,"column":null}},"type":"cond-expr","locations":[{"start":{"line":194,"column":51},"end":{"line":194,"column":79}},{"start":{"line":194,"column":79},"end":{"line":194,"column":null}}],"line":194},"33":{"loc":{"start":{"line":195,"column":19},"end":{"line":195,"column":null}},"type":"cond-expr","locations":[{"start":{"line":195,"column":47},"end":{"line":195,"column":66}},{"start":{"line":195,"column":66},"end":{"line":195,"column":null}}],"line":195},"34":{"loc":{"start":{"line":201,"column":6},"end":{"line":204,"column":null}},"type":"if","locations":[{"start":{"line":201,"column":6},"end":{"line":204,"column":null}},{"start":{},"end":{}}],"line":201},"35":{"loc":{"start":{"line":201,"column":10},"end":{"line":201,"column":65}},"type":"binary-expr","locations":[{"start":{"line":201,"column":10},"end":{"line":201,"column":25}},{"start":{"line":201,"column":25},"end":{"line":201,"column":65}}],"line":201},"36":{"loc":{"start":{"line":206,"column":6},"end":{"line":209,"column":null}},"type":"if","locations":[{"start":{"line":206,"column":6},"end":{"line":209,"column":null}},{"start":{},"end":{}}],"line":206},"37":{"loc":{"start":{"line":222,"column":26},"end":{"line":222,"column":null}},"type":"cond-expr","locations":[{"start":{"line":222,"column":41},"end":{"line":222,"column":55}},{"start":{"line":222,"column":55},"end":{"line":222,"column":null}}],"line":222},"38":{"loc":{"start":{"line":245,"column":6},"end":{"line":255,"column":null}},"type":"if","locations":[{"start":{"line":245,"column":6},"end":{"line":255,"column":null}},{"start":{},"end":{}}],"line":245},"39":{"loc":{"start":{"line":245,"column":10},"end":{"line":245,"column":47}},"type":"binary-expr","locations":[{"start":{"line":245,"column":10},"end":{"line":245,"column":37}},{"start":{"line":245,"column":37},"end":{"line":245,"column":47}}],"line":245},"40":{"loc":{"start":{"line":247,"column":17},"end":{"line":247,"column":null}},"type":"binary-expr","locations":[{"start":{"line":247,"column":17},"end":{"line":247,"column":44}},{"start":{"line":247,"column":44},"end":{"line":247,"column":null}}],"line":247},"41":{"loc":{"start":{"line":263,"column":19},"end":{"line":263,"column":null}},"type":"cond-expr","locations":[{"start":{"line":263,"column":40},"end":{"line":263,"column":61}},{"start":{"line":263,"column":61},"end":{"line":263,"column":null}}],"line":263},"42":{"loc":{"start":{"line":264,"column":15},"end":{"line":264,"column":null}},"type":"cond-expr","locations":[{"start":{"line":264,"column":36},"end":{"line":264,"column":48}},{"start":{"line":264,"column":48},"end":{"line":264,"column":null}}],"line":264},"43":{"loc":{"start":{"line":268,"column":2},"end":{"line":395,"column":null}},"type":"if","locations":[{"start":{"line":268,"column":2},"end":{"line":395,"column":null}},{"start":{"line":282,"column":2},"end":{"line":395,"column":null}}],"line":268},"44":{"loc":{"start":{"line":269,"column":4},"end":{"line":281,"column":null}},"type":"if","locations":[{"start":{"line":269,"column":4},"end":{"line":281,"column":null}},{"start":{},"end":{}}],"line":269},"45":{"loc":{"start":{"line":282,"column":2},"end":{"line":395,"column":null}},"type":"if","locations":[{"start":{"line":282,"column":2},"end":{"line":395,"column":null}},{"start":{"line":314,"column":2},"end":{"line":395,"column":null}}],"line":282},"46":{"loc":{"start":{"line":283,"column":4},"end":{"line":286,"column":null}},"type":"if","locations":[{"start":{"line":283,"column":4},"end":{"line":286,"column":null}},{"start":{},"end":{}}],"line":283},"47":{"loc":{"start":{"line":289,"column":6},"end":{"line":304,"column":null}},"type":"if","locations":[{"start":{"line":289,"column":6},"end":{"line":304,"column":null}},{"start":{},"end":{}}],"line":289},"48":{"loc":{"start":{"line":309,"column":19},"end":{"line":309,"column":null}},"type":"cond-expr","locations":[{"start":{"line":309,"column":44},"end":{"line":309,"column":69}},{"start":{"line":309,"column":69},"end":{"line":309,"column":null}}],"line":309},"49":{"loc":{"start":{"line":310,"column":15},"end":{"line":310,"column":null}},"type":"cond-expr","locations":[{"start":{"line":310,"column":40},"end":{"line":310,"column":56}},{"start":{"line":310,"column":56},"end":{"line":310,"column":null}}],"line":310},"50":{"loc":{"start":{"line":314,"column":2},"end":{"line":395,"column":null}},"type":"if","locations":[{"start":{"line":314,"column":2},"end":{"line":395,"column":null}},{"start":{},"end":{}}],"line":314},"51":{"loc":{"start":{"line":315,"column":4},"end":{"line":318,"column":null}},"type":"if","locations":[{"start":{"line":315,"column":4},"end":{"line":318,"column":null}},{"start":{},"end":{}}],"line":315},"52":{"loc":{"start":{"line":328,"column":25},"end":{"line":328,"column":66}},"type":"binary-expr","locations":[{"start":{"line":328,"column":25},"end":{"line":328,"column":52}},{"start":{"line":328,"column":52},"end":{"line":328,"column":66}}],"line":328},"53":{"loc":{"start":{"line":390,"column":19},"end":{"line":390,"column":null}},"type":"cond-expr","locations":[{"start":{"line":390,"column":44},"end":{"line":390,"column":69}},{"start":{"line":390,"column":69},"end":{"line":390,"column":null}}],"line":390},"54":{"loc":{"start":{"line":391,"column":15},"end":{"line":391,"column":null}},"type":"cond-expr","locations":[{"start":{"line":391,"column":40},"end":{"line":391,"column":56}},{"start":{"line":391,"column":56},"end":{"line":391,"column":null}}],"line":391}},"s":{"0":0,"1":0,"2":0,"3":0,"4":0,"5":0,"6":0,"7":0,"8":0,"9":0,"10":0,"11":0,"12":0,"13":0,"14":0,"15":0,"16":0,"17":0,"18":0,"19":0,"20":0,"21":9,"22":9,"23":0,"24":0,"25":9,"26":9,"27":2,"28":0,"29":0,"30":0,"31":0,"32":0,"33":0,"34":0,"35":0,"36":0,"37":0,"38":0,"39":0,"40":0,"41":2,"42":1,"43":1,"44":1,"45":1,"46":1,"47":1,"48":1,"49":1,"50":1,"51":1,"52":1,"53":7,"54":3,"55":3,"56":3,"57":2,"58":2,"59":1,"60":3,"61":1,"62":3,"63":0,"64":0,"65":0,"66":3,"67":1,"68":2,"69":1,"70":1,"71":1,"72":2,"73":2,"74":2,"75":2,"76":2,"77":2,"78":2,"79":2,"80":2,"81":2,"82":2,"83":1,"84":1,"85":4,"86":0,"87":0,"88":0,"89":0,"90":0,"91":0,"92":0,"93":0,"94":0,"95":0,"96":0,"97":0,"98":0,"99":0,"100":0,"101":0,"102":0,"103":0,"104":0,"105":0,"106":0,"107":0,"108":0,"109":0,"110":0,"111":0,"112":0,"113":0,"114":0,"115":0,"116":0,"117":0,"118":0,"119":0,"120":0,"121":0,"122":0,"123":0,"124":0,"125":0,"126":0,"127":0,"128":0,"129":0,"130":0,"131":0,"132":0,"133":0,"134":4,"135":1,"136":1,"137":1,"138":1,"139":1,"140":1,"141":1,"142":1,"143":1,"144":1,"145":1,"146":1,"147":3,"148":2,"149":1,"150":1,"151":1,"152":1,"153":1,"154":1,"155":1,"156":1,"157":1,"158":1,"159":1,"160":1,"161":1,"162":1,"163":1,"164":1,"165":1,"166":0,"167":0,"168":1,"169":1,"170":0,"171":0,"172":1,"173":1,"174":1,"175":1,"176":1,"177":1,"178":1,"179":1,"180":1,"181":1,"182":1,"183":1,"184":1,"185":1,"186":0,"187":0},"f":{"0":0,"1":0,"2":0,"3":0,"4":9,"5":1,"6":0,"7":0},"b":{"0":[0],"1":[0,0],"2":[0,9],"3":[2,7],"4":[0,2],"5":[2,0],"6":[0,0],"7":[1,1],"8":[1,0],"9":[3,4],"10":[2,1],"11":[3,2],"12":[1,0],"13":[1,0],"14":[1,2],"15":[3,2],"16":[0,3],"17":[3,1],"18":[0,0],"19":[0,0],"20":[1,2],"21":[1,1],"22":[2,1],"23":[1,0],"24":[1,0],"25":[2,0],"26":[1,0],"27":[1,0],"28":[0,4],"29":[0,0],"30":[0,0],"31":[0,0],"32":[0,0],"33":[0,0],"34":[0,0],"35":[0,0],"36":[0,0],"37":[0,0],"38":[0,0],"39":[0,0],"40":[0,0],"41":[0,0],"42":[0,0],"43":[1,3],"44":[1,0],"45":[2,1],"46":[1,1],"47":[1,0],"48":[0,0],"49":[0,0],"50":[1,0],"51":[0,1],"52":[1,0],"53":[0,0],"54":[0,0]},"meta":{"lastBranch":55,"lastFunction":8,"lastStatement":188,"seen":{"f:12:15:12:24":0,"b:12:59:12:79":0,"s:13:2:44:Infinity":0,"f:13:21:13:22":1,"s:14:16:14:Infinity":1,"s:15:20:15:Infinity":2,"s:16:16:16:Infinity":3,"s:18:4:36:Infinity":4,"f:18:17:18:23":2,"s:19:21:19:Infinity":5,"s:20:6:20:Infinity":6,"s:21:6:21:Infinity":7,"s:22:18:22:Infinity":8,"b:24:6:27:Infinity:undefined:undefined:undefined:undefined":1,"s:24:6:27:Infinity":9,"s:25:8:25:Infinity":10,"s:26:8:26:Infinity":11,"s:30:6:30:Infinity":12,"s:31:6:31:Infinity":13,"s:33:22:33:Infinity":14,"s:34:6:34:Infinity":15,"s:35:6:35:Infinity":16,"s:38:4:41:Infinity":17,"f:38:18:38:24":3,"s:39:6:39:Infinity":18,"s:40:6:40:Infinity":19,"s:43:4:43:Infinity":20,"f:47:22:47:Infinity":4,"s:55:17:55:Infinity":21,"b:56:2:59:Infinity:undefined:undefined:undefined:undefined":2,"s:56:2:59:Infinity":22,"s:57:10:57:Infinity":23,"s:58:4:58:Infinity":24,"s:60:2:60:Infinity":25,"b:62:2:395:Infinity:103:2:395:Infinity":3,"s:62:2:395:Infinity":26,"b:65:4:82:Infinity:undefined:undefined:undefined:undefined":4,"s:65:4:82:Infinity":27,"b:65:8:65:29:65:29:65:34":5,"s:66:6:81:Infinity":28,"s:67:20:67:Infinity":29,"b:68:8:78:Infinity:undefined:undefined:undefined:undefined":6,"s:68:8:78:Infinity":30,"s:69:29:69:Infinity":31,"s:70:23:70:Infinity":32,"s:71:10:71:Infinity":33,"s:72:10:72:Infinity":34,"s:73:10:73:Infinity":35,"s:74:10:74:Infinity":36,"s:75:10:75:Infinity":37,"s:76:10:76:Infinity":38,"s:77:10:77:Infinity":39,"s:80:8:80:Infinity":40,"b:85:4:102:Infinity:100:11:102:Infinity":7,"s:85:4:102:Infinity":41,"s:86:28:89:Infinity":42,"s:90:22:90:Infinity":43,"b:91:6:99:Infinity:undefined:undefined:undefined:undefined":8,"s:91:6:99:Infinity":44,"s:92:21:92:Infinity":45,"s:93:8:93:Infinity":46,"s:94:8:94:Infinity":47,"s:95:8:95:Infinity":48,"s:96:8:96:Infinity":49,"s:97:8:97:Infinity":50,"s:98:8:98:Infinity":51,"s:101:6:101:Infinity":52,"b:103:2:395:Infinity:177:2:395:Infinity":9,"s:103:2:395:Infinity":53,"s:104:4:176:Infinity":54,"s:105:35:105:Infinity":55,"b:108:6:119:Infinity:undefined:undefined:undefined:undefined":10,"s:108:6:119:Infinity":56,"b:108:10:108:31:108:31:108:36":11,"s:109:8:118:Infinity":57,"s:110:10:110:Infinity":58,"s:112:10:117:Infinity":59,"b:115:52:115:81:115:81:115:Infinity":12,"b:116:48:116:68:116:68:116:Infinity":13,"b:122:6:124:Infinity:undefined:undefined:undefined:undefined":14,"s:122:6:124:Infinity":60,"b:122:10:122:22:122:22:122:62":15,"s:123:8:123:Infinity":61,"b:127:6:138:Infinity:undefined:undefined:undefined:undefined":16,"s:127:6:138:Infinity":62,"b:127:10:127:22:127:22:127:33":17,"s:128:8:137:Infinity":63,"s:129:10:129:Infinity":64,"s:131:10:136:Infinity":65,"b:134:50:134:77:134:77:134:Infinity":18,"b:135:46:135:64:135:64:135:Infinity":19,"b:140:6:142:Infinity:undefined:undefined:undefined:undefined":20,"s:140:6:142:Infinity":66,"s:141:8:141:Infinity":67,"b:145:6:154:Infinity:undefined:undefined:undefined:undefined":21,"s:145:6:154:Infinity":68,"b:145:10:145:37:145:37:145:47":22,"s:146:25:151:Infinity":69,"b:148:13:148:40:148:40:148:62":23,"b:151:15:151:45:151:45:151:52":24,"s:153:8:153:Infinity":70,"f:153:48:153:49":5,"s:153:67:153:90":71,"b:156:6:167:Infinity:undefined:undefined:undefined:undefined":25,"s:156:6:167:Infinity":72,"s:157:21:157:Infinity":73,"s:158:20:158:Infinity":74,"s:159:21:159:Infinity":75,"s:160:8:160:Infinity":76,"s:161:8:161:Infinity":77,"s:162:8:162:Infinity":78,"s:163:8:163:Infinity":79,"s:164:8:164:Infinity":80,"s:165:8:165:Infinity":81,"s:166:8:166:Infinity":82,"s:169:6:174:Infinity":83,"b:172:44:172:69:172:69:172:Infinity":26,"b:173:40:173:56:173:56:173:Infinity":27,"s:175:6:175:Infinity":84,"b:177:2:395:Infinity:268:2:395:Infinity":28,"s:177:2:395:Infinity":85,"s:178:4:267:Infinity":86,"s:179:38:179:Infinity":87,"b:183:6:198:Infinity:undefined:undefined:undefined:undefined":29,"s:183:6:198:Infinity":88,"b:183:10:183:31:183:31:183:36":30,"s:184:8:197:Infinity":89,"s:185:22:185:Infinity":90,"b:186:10:189:Infinity:undefined:undefined:undefined:undefined":31,"s:186:10:189:Infinity":91,"s:188:12:188:Infinity":92,"s:191:10:196:Infinity":93,"b:194:51:194:79:194:79:194:Infinity":32,"b:195:47:195:66:195:66:195:Infinity":33,"b:201:6:204:Infinity:undefined:undefined:undefined:undefined":34,"s:201:6:204:Infinity":94,"b:201:10:201:25:201:25:201:65":35,"s:202:30:202:Infinity":95,"s:203:8:203:Infinity":96,"b:206:6:209:Infinity:undefined:undefined:undefined:undefined":36,"s:206:6:209:Infinity":97,"s:207:8:207:Infinity":98,"s:208:8:208:Infinity":99,"s:211:18:211:Infinity":100,"s:212:26:215:Infinity":101,"f:212:56:212:57":6,"s:213:8:213:Infinity":102,"f:213:21:213:27":7,"s:213:27:213:Infinity":103,"s:214:8:214:Infinity":104,"s:216:6:216:Infinity":105,"s:218:21:218:Infinity":106,"s:219:19:219:Infinity":107,"s:220:19:220:Infinity":108,"s:222:26:222:Infinity":109,"b:222:41:222:55:222:55:222:Infinity":37,"s:223:18:223:Infinity":110,"s:224:23:224:Infinity":111,"s:225:20:225:Infinity":112,"s:226:20:226:Infinity":113,"s:227:21:227:Infinity":114,"s:228:22:228:Infinity":115,"s:229:22:229:Infinity":116,"s:230:20:230:Infinity":117,"s:231:20:231:Infinity":118,"s:232:20:232:Infinity":119,"s:233:12:233:Infinity":120,"s:234:12:234:Infinity":121,"s:236:6:236:Infinity":122,"s:239:22:239:Infinity":123,"s:240:6:240:Infinity":124,"s:241:6:241:Infinity":125,"s:242:6:242:Infinity":126,"b:245:6:255:Infinity:undefined:undefined:undefined:undefined":38,"s:245:6:255:Infinity":127,"b:245:10:245:37:245:37:245:47":39,"s:246:25:253:Infinity":128,"b:247:17:247:44:247:44:247:Infinity":40,"s:254:8:254:Infinity":129,"s:257:6:257:Infinity":130,"s:258:6:258:Infinity":131,"s:260:6:265:Infinity":132,"b:263:40:263:61:263:61:263:Infinity":41,"b:264:36:264:48:264:48:264:Infinity":42,"s:266:6:266:Infinity":133,"b:268:2:395:Infinity:282:2:395:Infinity":43,"s:268:2:395:Infinity":134,"b:269:4:281:Infinity:undefined:undefined:undefined:undefined":44,"s:269:4:281:Infinity":135,"s:270:22:270:Infinity":136,"s:271:19:271:Infinity":137,"s:272:18:272:Infinity":138,"s:273:19:273:Infinity":139,"s:274:6:274:Infinity":140,"s:275:6:275:Infinity":141,"s:276:6:276:Infinity":142,"s:277:6:277:Infinity":143,"s:278:6:278:Infinity":144,"s:279:6:279:Infinity":145,"s:280:6:280:Infinity":146,"b:282:2:395:Infinity:314:2:395:Infinity":45,"s:282:2:395:Infinity":147,"b:283:4:286:Infinity:undefined:undefined:undefined:undefined":46,"s:283:4:286:Infinity":148,"s:284:6:284:Infinity":149,"s:285:6:285:Infinity":150,"s:287:4:313:Infinity":151,"s:288:21:288:Infinity":152,"b:289:6:304:Infinity:undefined:undefined:undefined:undefined":47,"s:289:6:304:Infinity":153,"s:291:25:291:Infinity":154,"s:292:8:292:Infinity":155,"s:294:21:294:Infinity":156,"s:295:20:295:Infinity":157,"s:296:21:296:Infinity":158,"s:297:8:297:Infinity":159,"s:298:8:298:Infinity":160,"s:299:8:299:Infinity":161,"s:300:8:300:Infinity":162,"s:301:8:301:Infinity":163,"s:302:8:302:Infinity":164,"s:303:8:303:Infinity":165,"s:306:6:311:Infinity":166,"b:309:44:309:69:309:69:309:Infinity":48,"b:310:40:310:56:310:56:310:Infinity":49,"s:312:6:312:Infinity":167,"b:314:2:395:Infinity:undefined:undefined:undefined:undefined":50,"s:314:2:395:Infinity":168,"b:315:4:318:Infinity:undefined:undefined:undefined:undefined":51,"s:315:4:318:Infinity":169,"s:316:6:316:Infinity":170,"s:317:6:317:Infinity":171,"s:319:4:394:Infinity":172,"s:320:19:320:Infinity":173,"s:322:26:322:Infinity":174,"s:323:19:362:Infinity":175,"b:328:25:328:52:328:52:328:66":52,"s:376:19:376:Infinity":176,"s:377:18:377:Infinity":177,"s:378:19:378:Infinity":178,"s:379:6:379:Infinity":179,"s:380:6:380:Infinity":180,"s:381:6:381:Infinity":181,"s:382:6:382:Infinity":182,"s:383:6:383:Infinity":183,"s:384:6:384:Infinity":184,"s:385:6:385:Infinity":185,"s:387:6:392:Infinity":186,"b:390:44:390:69:390:69:390:Infinity":53,"b:391:40:391:56:391:56:391:Infinity":54,"s:393:6:393:Infinity":187}}}
,"/Users/dilipkola/Workspace/sruja-lang/apps/viewer-core/core/index.ts": {"path":"/Users/dilipkola/Workspace/sruja-lang/apps/viewer-core/core/index.ts","statementMap":{"0":{"start":{"line":12,"column":0},"end":{"line":17,"column":null}},"1":{"start":{"line":13,"column":3},"end":{"line":15,"column":null}},"2":{"start":{"line":16,"column":3},"end":{"line":16,"column":null}}},"fnMap":{},"branchMap":{"0":{"loc":{"start":{"line":12,"column":0},"end":{"line":17,"column":null}},"type":"if","locations":[{"start":{"line":12,"column":0},"end":{"line":17,"column":null}},{"start":{},"end":{}}],"line":12}},"s":{"0":0,"1":0,"2":0},"f":{},"b":{"0":[0,0]},"meta":{"lastBranch":1,"lastFunction":0,"lastStatement":3,"seen":{"b:12:0:17:Infinity:undefined:undefined:undefined:undefined":0,"s:12:0:17:Infinity":0,"s:13:3:15:Infinity":1,"s:16:3:16:Infinity":2}}}
,"/Users/dilipkola/Workspace/sruja-lang/apps/viewer-core/core/types.ts": {"path":"/Users/dilipkola/Workspace/sruja-lang/apps/viewer-core/core/types.ts","statementMap":{},"fnMap":{},"branchMap":{},"s":{},"f":{},"b":{},"meta":{"lastBranch":0,"lastFunction":0,"lastStatement":0,"seen":{}}}
,"/Users/dilipkola/Workspace/sruja-lang/apps/viewer-core/core/ui.ts": {"path":"/Users/dilipkola/Workspace/sruja-lang/apps/viewer-core/core/ui.ts","statementMap":{"0":{"start":{"line":21,"column":6},"end":{"line":23,"column":null}},"1":{"start":{"line":25,"column":4},"end":{"line":27,"column":null}},"2":{"start":{"line":26,"column":6},"end":{"line":26,"column":null}},"3":{"start":{"line":29,"column":4},"end":{"line":29,"column":null}},"4":{"start":{"line":30,"column":4},"end":{"line":30,"column":null}},"5":{"start":{"line":31,"column":4},"end":{"line":31,"column":null}},"6":{"start":{"line":38,"column":4},"end":{"line":38,"column":null}},"7":{"start":{"line":39,"column":4},"end":{"line":39,"column":null}},"8":{"start":{"line":40,"column":4},"end":{"line":40,"column":null}},"9":{"start":{"line":41,"column":4},"end":{"line":41,"column":null}},"10":{"start":{"line":42,"column":4},"end":{"line":42,"column":null}},"11":{"start":{"line":50,"column":4},"end":{"line":52,"column":null}},"12":{"start":{"line":51,"column":6},"end":{"line":51,"column":null}},"13":{"start":{"line":54,"column":24},"end":{"line":54,"column":null}},"14":{"start":{"line":55,"column":4},"end":{"line":55,"column":null}},"15":{"start":{"line":56,"column":4},"end":{"line":56,"column":null}},"16":{"start":{"line":59,"column":17},"end":{"line":59,"column":null}},"17":{"start":{"line":60,"column":4},"end":{"line":60,"column":null}},"18":{"start":{"line":61,"column":4},"end":{"line":61,"column":null}},"19":{"start":{"line":63,"column":23},"end":{"line":63,"column":null}},"20":{"start":{"line":64,"column":28},"end":{"line":64,"column":null}},"21":{"start":{"line":65,"column":20},"end":{"line":65,"column":null}},"22":{"start":{"line":66,"column":25},"end":{"line":66,"column":null}},"23":{"start":{"line":68,"column":4},"end":{"line":68,"column":null}},"24":{"start":{"line":69,"column":4},"end":{"line":69,"column":null}},"25":{"start":{"line":70,"column":4},"end":{"line":70,"column":null}},"26":{"start":{"line":71,"column":4},"end":{"line":71,"column":null}},"27":{"start":{"line":74,"column":20},"end":{"line":74,"column":null}},"28":{"start":{"line":75,"column":4},"end":{"line":75,"column":null}},"29":{"start":{"line":76,"column":4},"end":{"line":76,"column":null}},"30":{"start":{"line":79,"column":27},"end":{"line":79,"column":null}},"31":{"start":{"line":80,"column":4},"end":{"line":80,"column":null}},"32":{"start":{"line":81,"column":4},"end":{"line":81,"column":null}},"33":{"start":{"line":82,"column":4},"end":{"line":82,"column":null}},"34":{"start":{"line":85,"column":28},"end":{"line":85,"column":null}},"35":{"start":{"line":86,"column":4},"end":{"line":94,"column":null}},"36":{"start":{"line":88,"column":33},"end":{"line":88,"column":null}},"37":{"start":{"line":89,"column":6},"end":{"line":89,"column":null}},"38":{"start":{"line":90,"column":6},"end":{"line":90,"column":null}},"39":{"start":{"line":91,"column":6},"end":{"line":91,"column":null}},"40":{"start":{"line":93,"column":6},"end":{"line":93,"column":null}},"41":{"start":{"line":97,"column":23},"end":{"line":97,"column":null}},"42":{"start":{"line":98,"column":4},"end":{"line":98,"column":null}},"43":{"start":{"line":99,"column":4},"end":{"line":99,"column":null}},"44":{"start":{"line":100,"column":4},"end":{"line":100,"column":null}},"45":{"start":{"line":103,"column":23},"end":{"line":103,"column":null}},"46":{"start":{"line":104,"column":4},"end":{"line":104,"column":null}},"47":{"start":{"line":105,"column":4},"end":{"line":105,"column":null}},"48":{"start":{"line":106,"column":4},"end":{"line":106,"column":null}},"49":{"start":{"line":109,"column":28},"end":{"line":109,"column":null}},"50":{"start":{"line":110,"column":4},"end":{"line":110,"column":null}},"51":{"start":{"line":111,"column":4},"end":{"line":111,"column":null}},"52":{"start":{"line":112,"column":4},"end":{"line":112,"column":null}},"53":{"start":{"line":114,"column":4},"end":{"line":114,"column":null}},"54":{"start":{"line":115,"column":4},"end":{"line":115,"column":null}},"55":{"start":{"line":116,"column":4},"end":{"line":116,"column":null}},"56":{"start":{"line":117,"column":4},"end":{"line":117,"column":null}},"57":{"start":{"line":119,"column":4},"end":{"line":119,"column":null}},"58":{"start":{"line":120,"column":4},"end":{"line":120,"column":null}},"59":{"start":{"line":123,"column":4},"end":{"line":123,"column":null}},"60":{"start":{"line":124,"column":4},"end":{"line":124,"column":null}},"61":{"start":{"line":128,"column":16},"end":{"line":128,"column":null}},"62":{"start":{"line":129,"column":4},"end":{"line":129,"column":null}},"63":{"start":{"line":130,"column":4},"end":{"line":130,"column":null}},"64":{"start":{"line":131,"column":4},"end":{"line":131,"column":null}},"65":{"start":{"line":132,"column":4},"end":{"line":140,"column":null}},"66":{"start":{"line":143,"column":4},"end":{"line":143,"column":null}},"67":{"start":{"line":147,"column":17},"end":{"line":147,"column":null}},"68":{"start":{"line":148,"column":21},"end":{"line":148,"column":null}},"69":{"start":{"line":150,"column":4},"end":{"line":175,"column":null}},"70":{"start":{"line":151,"column":6},"end":{"line":174,"column":null}},"71":{"start":{"line":152,"column":22},"end":{"line":152,"column":null}},"72":{"start":{"line":155,"column":8},"end":{"line":159,"column":null}},"73":{"start":{"line":156,"column":10},"end":{"line":156,"column":null}},"74":{"start":{"line":157,"column":11},"end":{"line":157,"column":null}},"75":{"start":{"line":158,"column":11},"end":{"line":158,"column":null}},"76":{"start":{"line":160,"column":8},"end":{"line":160,"column":null}},"77":{"start":{"line":161,"column":9},"end":{"line":161,"column":null}},"78":{"start":{"line":162,"column":9},"end":{"line":162,"column":null}},"79":{"start":{"line":165,"column":8},"end":{"line":168,"column":null}},"80":{"start":{"line":166,"column":10},"end":{"line":166,"column":null}},"81":{"start":{"line":167,"column":11},"end":{"line":167,"column":null}},"82":{"start":{"line":169,"column":24},"end":{"line":169,"column":null}},"83":{"start":{"line":170,"column":8},"end":{"line":173,"column":null}},"84":{"start":{"line":171,"column":10},"end":{"line":171,"column":null}},"85":{"start":{"line":172,"column":11},"end":{"line":172,"column":null}},"86":{"start":{"line":179,"column":22},"end":{"line":179,"column":null}},"87":{"start":{"line":180,"column":4},"end":{"line":180,"column":null}},"88":{"start":{"line":180,"column":20},"end":{"line":180,"column":null}},"89":{"start":{"line":182,"column":17},"end":{"line":182,"column":null}},"90":{"start":{"line":183,"column":17},"end":{"line":183,"column":null}},"91":{"start":{"line":185,"column":4},"end":{"line":188,"column":null}},"92":{"start":{"line":186,"column":6},"end":{"line":186,"column":null}},"93":{"start":{"line":187,"column":6},"end":{"line":187,"column":null}},"94":{"start":{"line":190,"column":15},"end":{"line":190,"column":null}},"95":{"start":{"line":192,"column":4},"end":{"line":199,"column":null}},"96":{"start":{"line":193,"column":24},"end":{"line":193,"column":null}},"97":{"start":{"line":194,"column":20},"end":{"line":194,"column":null}},"98":{"start":{"line":195,"column":6},"end":{"line":195,"column":null}},"99":{"start":{"line":196,"column":6},"end":{"line":196,"column":null}},"100":{"start":{"line":197,"column":6},"end":{"line":197,"column":null}},"101":{"start":{"line":198,"column":6},"end":{"line":198,"column":null}},"102":{"start":{"line":201,"column":4},"end":{"line":201,"column":null}},"103":{"start":{"line":205,"column":22},"end":{"line":205,"column":null}},"104":{"start":{"line":206,"column":4},"end":{"line":206,"column":null}},"105":{"start":{"line":206,"column":20},"end":{"line":206,"column":null}},"106":{"start":{"line":208,"column":17},"end":{"line":208,"column":null}},"107":{"start":{"line":209,"column":17},"end":{"line":209,"column":null}},"108":{"start":{"line":211,"column":4},"end":{"line":214,"column":null}},"109":{"start":{"line":212,"column":6},"end":{"line":212,"column":null}},"110":{"start":{"line":213,"column":6},"end":{"line":213,"column":null}},"111":{"start":{"line":216,"column":15},"end":{"line":216,"column":null}},"112":{"start":{"line":218,"column":4},"end":{"line":236,"column":null}},"113":{"start":{"line":219,"column":25},"end":{"line":219,"column":null}},"114":{"start":{"line":220,"column":21},"end":{"line":220,"column":null}},"115":{"start":{"line":221,"column":6},"end":{"line":221,"column":null}},"116":{"start":{"line":222,"column":6},"end":{"line":222,"column":null}},"117":{"start":{"line":223,"column":6},"end":{"line":225,"column":null}},"118":{"start":{"line":224,"column":8},"end":{"line":224,"column":null}},"119":{"start":{"line":226,"column":6},"end":{"line":228,"column":null}},"120":{"start":{"line":227,"column":8},"end":{"line":227,"column":null}},"121":{"start":{"line":229,"column":6},"end":{"line":231,"column":null}},"122":{"start":{"line":230,"column":8},"end":{"line":230,"column":null}},"123":{"start":{"line":232,"column":6},"end":{"line":234,"column":null}},"124":{"start":{"line":233,"column":8},"end":{"line":233,"column":null}},"125":{"start":{"line":235,"column":6},"end":{"line":235,"column":null}},"126":{"start":{"line":238,"column":4},"end":{"line":238,"column":null}},"127":{"start":{"line":242,"column":22},"end":{"line":242,"column":null}},"128":{"start":{"line":243,"column":4},"end":{"line":243,"column":null}},"129":{"start":{"line":243,"column":20},"end":{"line":243,"column":null}},"130":{"start":{"line":245,"column":17},"end":{"line":245,"column":null}},"131":{"start":{"line":246,"column":22},"end":{"line":246,"column":null}},"132":{"start":{"line":248,"column":4},"end":{"line":251,"column":null}},"133":{"start":{"line":249,"column":6},"end":{"line":249,"column":null}},"134":{"start":{"line":250,"column":6},"end":{"line":250,"column":null}},"135":{"start":{"line":253,"column":15},"end":{"line":253,"column":null}},"136":{"start":{"line":255,"column":4},"end":{"line":279,"column":null}},"137":{"start":{"line":256,"column":20},"end":{"line":256,"column":null}},"138":{"start":{"line":257,"column":6},"end":{"line":257,"column":null}},"139":{"start":{"line":258,"column":6},"end":{"line":258,"column":null}},"140":{"start":{"line":259,"column":6},"end":{"line":261,"column":null}},"141":{"start":{"line":260,"column":8},"end":{"line":260,"column":null}},"142":{"start":{"line":262,"column":6},"end":{"line":262,"column":null}},"143":{"start":{"line":264,"column":6},"end":{"line":277,"column":null}},"144":{"start":{"line":265,"column":8},"end":{"line":265,"column":null}},"145":{"start":{"line":266,"column":8},"end":{"line":275,"column":null}},"146":{"start":{"line":267,"column":10},"end":{"line":267,"column":null}},"147":{"start":{"line":268,"column":10},"end":{"line":268,"column":null}},"148":{"start":{"line":269,"column":10},"end":{"line":269,"column":null}},"149":{"start":{"line":270,"column":10},"end":{"line":270,"column":null}},"150":{"start":{"line":271,"column":10},"end":{"line":273,"column":null}},"151":{"start":{"line":272,"column":12},"end":{"line":272,"column":null}},"152":{"start":{"line":274,"column":10},"end":{"line":274,"column":null}},"153":{"start":{"line":276,"column":8},"end":{"line":276,"column":null}},"154":{"start":{"line":278,"column":6},"end":{"line":278,"column":null}},"155":{"start":{"line":281,"column":4},"end":{"line":281,"column":null}},"156":{"start":{"line":286,"column":23},"end":{"line":286,"column":null}},"157":{"start":{"line":287,"column":4},"end":{"line":287,"column":null}},"158":{"start":{"line":287,"column":20},"end":{"line":287,"column":null}},"159":{"start":{"line":289,"column":4},"end":{"line":289,"column":null}},"160":{"start":{"line":293,"column":4},"end":{"line":295,"column":null}},"161":{"start":{"line":294,"column":6},"end":{"line":294,"column":null}},"162":{"start":{"line":300,"column":23},"end":{"line":300,"column":null}},"163":{"start":{"line":301,"column":4},"end":{"line":301,"column":null}},"164":{"start":{"line":301,"column":20},"end":{"line":301,"column":null}},"165":{"start":{"line":303,"column":4},"end":{"line":303,"column":null}},"166":{"start":{"line":306,"column":4},"end":{"line":308,"column":null}},"167":{"start":{"line":307,"column":6},"end":{"line":307,"column":null}},"168":{"start":{"line":313,"column":23},"end":{"line":313,"column":null}},"169":{"start":{"line":314,"column":4},"end":{"line":314,"column":null}},"170":{"start":{"line":314,"column":20},"end":{"line":314,"column":null}},"171":{"start":{"line":316,"column":4},"end":{"line":316,"column":null}},"172":{"start":{"line":318,"column":10},"end":{"line":318,"column":null}},"173":{"start":{"line":318,"column":72},"end":{"line":318,"column":91}},"174":{"start":{"line":320,"column":4},"end":{"line":360,"column":null}},"175":{"start":{"line":321,"column":17},"end":{"line":321,"column":null}},"176":{"start":{"line":322,"column":22},"end":{"line":322,"column":null}},"177":{"start":{"line":324,"column":6},"end":{"line":327,"column":null}},"178":{"start":{"line":325,"column":8},"end":{"line":325,"column":null}},"179":{"start":{"line":326,"column":8},"end":{"line":326,"column":null}},"180":{"start":{"line":330,"column":6},"end":{"line":359,"column":null}},"181":{"start":{"line":331,"column":8},"end":{"line":352,"column":null}},"182":{"start":{"line":333,"column":21},"end":{"line":333,"column":null}},"183":{"start":{"line":334,"column":10},"end":{"line":344,"column":null}},"184":{"start":{"line":336,"column":25},"end":{"line":336,"column":null}},"185":{"start":{"line":337,"column":12},"end":{"line":343,"column":null}},"186":{"start":{"line":338,"column":14},"end":{"line":342,"column":null}},"187":{"start":{"line":339,"column":36},"end":{"line":339,"column":null}},"188":{"start":{"line":340,"column":16},"end":{"line":340,"column":null}},"189":{"start":{"line":341,"column":16},"end":{"line":341,"column":null}},"190":{"start":{"line":341,"column":37},"end":{"line":341,"column":null}},"191":{"start":{"line":346,"column":10},"end":{"line":351,"column":null}},"192":{"start":{"line":347,"column":12},"end":{"line":347,"column":null}},"193":{"start":{"line":348,"column":12},"end":{"line":348,"column":null}},"194":{"start":{"line":349,"column":12},"end":{"line":349,"column":null}},"195":{"start":{"line":350,"column":12},"end":{"line":350,"column":null}},"196":{"start":{"line":355,"column":28},"end":{"line":355,"column":null}},"197":{"start":{"line":356,"column":8},"end":{"line":358,"column":null}},"198":{"start":{"line":357,"column":10},"end":{"line":357,"column":null}},"199":{"start":{"line":364,"column":4},"end":{"line":370,"column":null}},"200":{"start":{"line":365,"column":17},"end":{"line":365,"column":null}},"201":{"start":{"line":366,"column":6},"end":{"line":366,"column":null}},"202":{"start":{"line":367,"column":6},"end":{"line":367,"column":null}},"203":{"start":{"line":368,"column":6},"end":{"line":368,"column":null}},"204":{"start":{"line":369,"column":6},"end":{"line":369,"column":null}},"205":{"start":{"line":374,"column":4},"end":{"line":374,"column":null}},"206":{"start":{"line":374,"column":15},"end":{"line":374,"column":null}},"207":{"start":{"line":375,"column":16},"end":{"line":375,"column":null}},"208":{"start":{"line":376,"column":4},"end":{"line":376,"column":null}},"209":{"start":{"line":377,"column":4},"end":{"line":377,"column":null}}},"fnMap":{"0":{"name":"(anonymous_0)","decl":{"start":{"line":19,"column":2},"end":{"line":19,"column":14}},"loc":{"start":{"line":19,"column":34},"end":{"line":32,"column":null}},"line":19},"1":{"name":"(anonymous_1)","decl":{"start":{"line":37,"column":8},"end":{"line":37,"column":30}},"loc":{"start":{"line":37,"column":30},"end":{"line":43,"column":null}},"line":37},"2":{"name":"(anonymous_2)","decl":{"start":{"line":48,"column":10},"end":{"line":48,"column":27}},"loc":{"start":{"line":48,"column":27},"end":{"line":125,"column":null}},"line":48},"3":{"name":"(anonymous_3)","decl":{"start":{"line":127,"column":10},"end":{"line":127,"column":20}},"loc":{"start":{"line":127,"column":77},"end":{"line":144,"column":null}},"line":127},"4":{"name":"(anonymous_4)","decl":{"start":{"line":146,"column":10},"end":{"line":146,"column":28}},"loc":{"start":{"line":146,"column":28},"end":{"line":176,"column":null}},"line":146},"5":{"name":"(anonymous_5)","decl":{"start":{"line":150,"column":17},"end":{"line":150,"column":24}},"loc":{"start":{"line":150,"column":24},"end":{"line":175,"column":5}},"line":150},"6":{"name":"(anonymous_6)","decl":{"start":{"line":151,"column":36},"end":{"line":151,"column":42}},"loc":{"start":{"line":151,"column":42},"end":{"line":174,"column":7}},"line":151},"7":{"name":"(anonymous_7)","decl":{"start":{"line":155,"column":21},"end":{"line":155,"column":26}},"loc":{"start":{"line":155,"column":26},"end":{"line":159,"column":9}},"line":155},"8":{"name":"(anonymous_8)","decl":{"start":{"line":165,"column":25},"end":{"line":165,"column":30}},"loc":{"start":{"line":165,"column":30},"end":{"line":168,"column":9}},"line":165},"9":{"name":"(anonymous_9)","decl":{"start":{"line":178,"column":10},"end":{"line":178,"column":41}},"loc":{"start":{"line":178,"column":41},"end":{"line":202,"column":null}},"line":178},"10":{"name":"(anonymous_10)","decl":{"start":{"line":192,"column":17},"end":{"line":192,"column":24}},"loc":{"start":{"line":192,"column":24},"end":{"line":199,"column":5}},"line":192},"11":{"name":"(anonymous_11)","decl":{"start":{"line":204,"column":10},"end":{"line":204,"column":33}},"loc":{"start":{"line":204,"column":33},"end":{"line":239,"column":null}},"line":204},"12":{"name":"(anonymous_12)","decl":{"start":{"line":218,"column":17},"end":{"line":218,"column":24}},"loc":{"start":{"line":218,"column":24},"end":{"line":236,"column":5}},"line":218},"13":{"name":"(anonymous_13)","decl":{"start":{"line":241,"column":10},"end":{"line":241,"column":38}},"loc":{"start":{"line":241,"column":38},"end":{"line":282,"column":null}},"line":241},"14":{"name":"(anonymous_14)","decl":{"start":{"line":255,"column":22},"end":{"line":255,"column":34}},"loc":{"start":{"line":255,"column":34},"end":{"line":279,"column":5}},"line":255},"15":{"name":"(anonymous_15)","decl":{"start":{"line":266,"column":31},"end":{"line":266,"column":32}},"loc":{"start":{"line":266,"column":93},"end":{"line":275,"column":9}},"line":266},"16":{"name":"(anonymous_16)","decl":{"start":{"line":284,"column":2},"end":{"line":284,"column":23}},"loc":{"start":{"line":284,"column":44},"end":{"line":296,"column":null}},"line":284},"17":{"name":"(anonymous_17)","decl":{"start":{"line":293,"column":15},"end":{"line":293,"column":21}},"loc":{"start":{"line":293,"column":21},"end":{"line":295,"column":7}},"line":293},"18":{"name":"(anonymous_18)","decl":{"start":{"line":298,"column":2},"end":{"line":298,"column":15}},"loc":{"start":{"line":298,"column":36},"end":{"line":309,"column":null}},"line":298},"19":{"name":"(anonymous_19)","decl":{"start":{"line":306,"column":15},"end":{"line":306,"column":21}},"loc":{"start":{"line":306,"column":21},"end":{"line":308,"column":7}},"line":306},"20":{"name":"(anonymous_20)","decl":{"start":{"line":311,"column":2},"end":{"line":311,"column":24}},"loc":{"start":{"line":311,"column":50},"end":{"line":361,"column":null}},"line":311},"21":{"name":"(anonymous_21)","decl":{"start":{"line":318,"column":67},"end":{"line":318,"column":72}},"loc":{"start":{"line":318,"column":72},"end":{"line":318,"column":91}},"line":318},"22":{"name":"(anonymous_22)","decl":{"start":{"line":324,"column":29},"end":{"line":324,"column":30}},"loc":{"start":{"line":324,"column":69},"end":{"line":327,"column":7}},"line":324},"23":{"name":"(anonymous_23)","decl":{"start":{"line":330,"column":17},"end":{"line":330,"column":23}},"loc":{"start":{"line":330,"column":23},"end":{"line":359,"column":9}},"line":330},"24":{"name":"(anonymous_24)","decl":{"start":{"line":331,"column":24},"end":{"line":331,"column":34}},"loc":{"start":{"line":331,"column":34},"end":{"line":352,"column":9}},"line":331},"25":{"name":"(anonymous_25)","decl":{"start":{"line":363,"column":10},"end":{"line":363,"column":34}},"loc":{"start":{"line":363,"column":34},"end":{"line":371,"column":null}},"line":363},"26":{"name":"(anonymous_26)","decl":{"start":{"line":373,"column":10},"end":{"line":373,"column":21}},"loc":{"start":{"line":373,"column":55},"end":{"line":378,"column":null}},"line":373}},"branchMap":{"0":{"loc":{"start":{"line":21,"column":6},"end":{"line":23,"column":null}},"type":"cond-expr","locations":[{"start":{"line":22,"column":10},"end":{"line":22,"column":null}},{"start":{"line":23,"column":10},"end":{"line":23,"column":null}}],"line":21},"1":{"loc":{"start":{"line":25,"column":4},"end":{"line":27,"column":null}},"type":"if","locations":[{"start":{"line":25,"column":4},"end":{"line":27,"column":null}},{"start":{},"end":{}}],"line":25},"2":{"loc":{"start":{"line":25,"column":8},"end":{"line":25,"column":73}},"type":"binary-expr","locations":[{"start":{"line":25,"column":8},"end":{"line":25,"column":29}},{"start":{"line":25,"column":29},"end":{"line":25,"column":73}}],"line":25},"3":{"loc":{"start":{"line":50,"column":4},"end":{"line":52,"column":null}},"type":"if","locations":[{"start":{"line":50,"column":4},"end":{"line":52,"column":null}},{"start":{},"end":{}}],"line":50},"4":{"loc":{"start":{"line":85,"column":28},"end":{"line":85,"column":null}},"type":"binary-expr","locations":[{"start":{"line":85,"column":28},"end":{"line":85,"column":74}},{"start":{"line":85,"column":74},"end":{"line":85,"column":null}}],"line":85},"5":{"loc":{"start":{"line":86,"column":4},"end":{"line":94,"column":null}},"type":"if","locations":[{"start":{"line":86,"column":4},"end":{"line":94,"column":null}},{"start":{"line":92,"column":11},"end":{"line":94,"column":null}}],"line":86},"6":{"loc":{"start":{"line":129,"column":33},"end":{"line":129,"column":55}},"type":"cond-expr","locations":[{"start":{"line":129,"column":42},"end":{"line":129,"column":53}},{"start":{"line":129,"column":53},"end":{"line":129,"column":55}}],"line":129},"7":{"loc":{"start":{"line":136,"column":15},"end":{"line":136,"column":65}},"type":"cond-expr","locations":[{"start":{"line":136,"column":24},"end":{"line":136,"column":43}},{"start":{"line":136,"column":43},"end":{"line":136,"column":65}}],"line":136},"8":{"loc":{"start":{"line":140,"column":33},"end":{"line":140,"column":74}},"type":"cond-expr","locations":[{"start":{"line":140,"column":42},"end":{"line":140,"column":61}},{"start":{"line":140,"column":61},"end":{"line":140,"column":74}}],"line":140},"9":{"loc":{"start":{"line":170,"column":8},"end":{"line":173,"column":null}},"type":"if","locations":[{"start":{"line":170,"column":8},"end":{"line":173,"column":null}},{"start":{},"end":{}}],"line":170},"10":{"loc":{"start":{"line":180,"column":4},"end":{"line":180,"column":null}},"type":"if","locations":[{"start":{"line":180,"column":4},"end":{"line":180,"column":null}},{"start":{},"end":{}}],"line":180},"11":{"loc":{"start":{"line":182,"column":17},"end":{"line":182,"column":null}},"type":"binary-expr","locations":[{"start":{"line":182,"column":17},"end":{"line":182,"column":43}},{"start":{"line":182,"column":43},"end":{"line":182,"column":null}}],"line":182},"12":{"loc":{"start":{"line":183,"column":17},"end":{"line":183,"column":null}},"type":"binary-expr","locations":[{"start":{"line":183,"column":17},"end":{"line":183,"column":38}},{"start":{"line":183,"column":38},"end":{"line":183,"column":null}}],"line":183},"13":{"loc":{"start":{"line":185,"column":4},"end":{"line":188,"column":null}},"type":"if","locations":[{"start":{"line":185,"column":4},"end":{"line":188,"column":null}},{"start":{},"end":{}}],"line":185},"14":{"loc":{"start":{"line":193,"column":32},"end":{"line":193,"column":56}},"type":"binary-expr","locations":[{"start":{"line":193,"column":32},"end":{"line":193,"column":44}},{"start":{"line":193,"column":44},"end":{"line":193,"column":56}}],"line":193},"15":{"loc":{"start":{"line":194,"column":20},"end":{"line":194,"column":null}},"type":"binary-expr","locations":[{"start":{"line":194,"column":20},"end":{"line":194,"column":33}},{"start":{"line":194,"column":33},"end":{"line":194,"column":52}},{"start":{"line":194,"column":52},"end":{"line":194,"column":null}}],"line":194},"16":{"loc":{"start":{"line":197,"column":73},"end":{"line":197,"column":97}},"type":"binary-expr","locations":[{"start":{"line":197,"column":73},"end":{"line":197,"column":85}},{"start":{"line":197,"column":85},"end":{"line":197,"column":97}}],"line":197},"17":{"loc":{"start":{"line":206,"column":4},"end":{"line":206,"column":null}},"type":"if","locations":[{"start":{"line":206,"column":4},"end":{"line":206,"column":null}},{"start":{},"end":{}}],"line":206},"18":{"loc":{"start":{"line":208,"column":17},"end":{"line":208,"column":null}},"type":"binary-expr","locations":[{"start":{"line":208,"column":17},"end":{"line":208,"column":43}},{"start":{"line":208,"column":43},"end":{"line":208,"column":null}}],"line":208},"19":{"loc":{"start":{"line":209,"column":17},"end":{"line":209,"column":null}},"type":"binary-expr","locations":[{"start":{"line":209,"column":17},"end":{"line":209,"column":30}},{"start":{"line":209,"column":30},"end":{"line":209,"column":null}}],"line":209},"20":{"loc":{"start":{"line":211,"column":4},"end":{"line":214,"column":null}},"type":"if","locations":[{"start":{"line":211,"column":4},"end":{"line":214,"column":null}},{"start":{},"end":{}}],"line":211},"21":{"loc":{"start":{"line":219,"column":25},"end":{"line":219,"column":null}},"type":"binary-expr","locations":[{"start":{"line":219,"column":25},"end":{"line":219,"column":39}},{"start":{"line":219,"column":39},"end":{"line":219,"column":null}}],"line":219},"22":{"loc":{"start":{"line":222,"column":48},"end":{"line":222,"column":63}},"type":"binary-expr","locations":[{"start":{"line":222,"column":48},"end":{"line":222,"column":61}},{"start":{"line":222,"column":61},"end":{"line":222,"column":63}}],"line":222},"23":{"loc":{"start":{"line":223,"column":6},"end":{"line":225,"column":null}},"type":"if","locations":[{"start":{"line":223,"column":6},"end":{"line":225,"column":null}},{"start":{},"end":{}}],"line":223},"24":{"loc":{"start":{"line":226,"column":6},"end":{"line":228,"column":null}},"type":"if","locations":[{"start":{"line":226,"column":6},"end":{"line":228,"column":null}},{"start":{},"end":{}}],"line":226},"25":{"loc":{"start":{"line":229,"column":6},"end":{"line":231,"column":null}},"type":"if","locations":[{"start":{"line":229,"column":6},"end":{"line":231,"column":null}},{"start":{},"end":{}}],"line":229},"26":{"loc":{"start":{"line":232,"column":6},"end":{"line":234,"column":null}},"type":"if","locations":[{"start":{"line":232,"column":6},"end":{"line":234,"column":null}},{"start":{},"end":{}}],"line":232},"27":{"loc":{"start":{"line":243,"column":4},"end":{"line":243,"column":null}},"type":"if","locations":[{"start":{"line":243,"column":4},"end":{"line":243,"column":null}},{"start":{},"end":{}}],"line":243},"28":{"loc":{"start":{"line":245,"column":17},"end":{"line":245,"column":null}},"type":"binary-expr","locations":[{"start":{"line":245,"column":17},"end":{"line":245,"column":43}},{"start":{"line":245,"column":43},"end":{"line":245,"column":null}}],"line":245},"29":{"loc":{"start":{"line":246,"column":22},"end":{"line":246,"column":null}},"type":"binary-expr","locations":[{"start":{"line":246,"column":22},"end":{"line":246,"column":40}},{"start":{"line":246,"column":40},"end":{"line":246,"column":null}}],"line":246},"30":{"loc":{"start":{"line":248,"column":4},"end":{"line":251,"column":null}},"type":"if","locations":[{"start":{"line":248,"column":4},"end":{"line":251,"column":null}},{"start":{},"end":{}}],"line":248},"31":{"loc":{"start":{"line":256,"column":20},"end":{"line":256,"column":null}},"type":"binary-expr","locations":[{"start":{"line":256,"column":20},"end":{"line":256,"column":38}},{"start":{"line":256,"column":38},"end":{"line":256,"column":56}},{"start":{"line":256,"column":56},"end":{"line":256,"column":null}}],"line":256},"32":{"loc":{"start":{"line":259,"column":6},"end":{"line":261,"column":null}},"type":"if","locations":[{"start":{"line":259,"column":6},"end":{"line":261,"column":null}},{"start":{},"end":{}}],"line":259},"33":{"loc":{"start":{"line":264,"column":6},"end":{"line":277,"column":null}},"type":"if","locations":[{"start":{"line":264,"column":6},"end":{"line":277,"column":null}},{"start":{},"end":{}}],"line":264},"34":{"loc":{"start":{"line":264,"column":10},"end":{"line":264,"column":88}},"type":"binary-expr","locations":[{"start":{"line":264,"column":10},"end":{"line":264,"column":28}},{"start":{"line":264,"column":28},"end":{"line":264,"column":61}},{"start":{"line":264,"column":61},"end":{"line":264,"column":88}}],"line":264},"35":{"loc":{"start":{"line":271,"column":10},"end":{"line":273,"column":null}},"type":"if","locations":[{"start":{"line":271,"column":10},"end":{"line":273,"column":null}},{"start":{},"end":{}}],"line":271},"36":{"loc":{"start":{"line":287,"column":4},"end":{"line":287,"column":null}},"type":"if","locations":[{"start":{"line":287,"column":4},"end":{"line":287,"column":null}},{"start":{},"end":{}}],"line":287},"37":{"loc":{"start":{"line":301,"column":4},"end":{"line":301,"column":null}},"type":"if","locations":[{"start":{"line":301,"column":4},"end":{"line":301,"column":null}},{"start":{},"end":{}}],"line":301},"38":{"loc":{"start":{"line":314,"column":4},"end":{"line":314,"column":null}},"type":"if","locations":[{"start":{"line":314,"column":4},"end":{"line":314,"column":null}},{"start":{},"end":{}}],"line":314},"39":{"loc":{"start":{"line":318,"column":22},"end":{"line":318,"column":62}},"type":"binary-expr","locations":[{"start":{"line":318,"column":22},"end":{"line":318,"column":58}},{"start":{"line":318,"column":58},"end":{"line":318,"column":62}}],"line":318},"40":{"loc":{"start":{"line":320,"column":4},"end":{"line":360,"column":null}},"type":"if","locations":[{"start":{"line":320,"column":4},"end":{"line":360,"column":null}},{"start":{},"end":{}}],"line":320},"41":{"loc":{"start":{"line":320,"column":8},"end":{"line":320,"column":95}},"type":"binary-expr","locations":[{"start":{"line":320,"column":8},"end":{"line":320,"column":20}},{"start":{"line":320,"column":20},"end":{"line":320,"column":38}},{"start":{"line":320,"column":38},"end":{"line":320,"column":71}},{"start":{"line":320,"column":71},"end":{"line":320,"column":95}}],"line":320},"42":{"loc":{"start":{"line":334,"column":10},"end":{"line":344,"column":null}},"type":"if","locations":[{"start":{"line":334,"column":10},"end":{"line":344,"column":null}},{"start":{},"end":{}}],"line":334},"43":{"loc":{"start":{"line":337,"column":12},"end":{"line":343,"column":null}},"type":"if","locations":[{"start":{"line":337,"column":12},"end":{"line":343,"column":null}},{"start":{},"end":{}}],"line":337},"44":{"loc":{"start":{"line":341,"column":16},"end":{"line":341,"column":null}},"type":"if","locations":[{"start":{"line":341,"column":16},"end":{"line":341,"column":null}},{"start":{},"end":{}}],"line":341},"45":{"loc":{"start":{"line":346,"column":10},"end":{"line":351,"column":null}},"type":"if","locations":[{"start":{"line":346,"column":10},"end":{"line":351,"column":null}},{"start":{},"end":{}}],"line":346},"46":{"loc":{"start":{"line":346,"column":14},"end":{"line":346,"column":39}},"type":"binary-expr","locations":[{"start":{"line":346,"column":14},"end":{"line":346,"column":22}},{"start":{"line":346,"column":22},"end":{"line":346,"column":39}}],"line":346},"47":{"loc":{"start":{"line":356,"column":8},"end":{"line":358,"column":null}},"type":"if","locations":[{"start":{"line":356,"column":8},"end":{"line":358,"column":null}},{"start":{},"end":{}}],"line":356},"48":{"loc":{"start":{"line":364,"column":4},"end":{"line":370,"column":null}},"type":"if","locations":[{"start":{"line":364,"column":4},"end":{"line":370,"column":null}},{"start":{},"end":{}}],"line":364},"49":{"loc":{"start":{"line":374,"column":4},"end":{"line":374,"column":null}},"type":"if","locations":[{"start":{"line":374,"column":4},"end":{"line":374,"column":null}},{"start":{},"end":{}}],"line":374}},"s":{"0":3,"1":3,"2":0,"3":3,"4":3,"5":3,"6":3,"7":3,"8":3,"9":3,"10":3,"11":3,"12":0,"13":3,"14":3,"15":3,"16":3,"17":3,"18":3,"19":3,"20":3,"21":3,"22":3,"23":3,"24":3,"25":3,"26":3,"27":3,"28":3,"29":3,"30":3,"31":3,"32":3,"33":3,"34":3,"35":3,"36":3,"37":3,"38":3,"39":3,"40":0,"41":3,"42":3,"43":3,"44":3,"45":3,"46":3,"47":3,"48":3,"49":3,"50":3,"51":3,"52":3,"53":3,"54":3,"55":3,"56":3,"57":3,"58":3,"59":3,"60":3,"61":12,"62":12,"63":12,"64":12,"65":12,"66":12,"67":3,"68":3,"69":3,"70":12,"71":1,"72":1,"73":4,"74":4,"75":4,"76":1,"77":1,"78":1,"79":1,"80":4,"81":4,"82":1,"83":1,"84":1,"85":1,"86":3,"87":3,"88":0,"89":3,"90":3,"91":3,"92":1,"93":1,"94":2,"95":2,"96":2,"97":2,"98":2,"99":2,"100":2,"101":2,"102":2,"103":3,"104":3,"105":0,"106":3,"107":3,"108":3,"109":0,"110":0,"111":3,"112":3,"113":3,"114":3,"115":3,"116":3,"117":3,"118":2,"119":3,"120":1,"121":3,"122":0,"123":3,"124":0,"125":3,"126":3,"127":3,"128":3,"129":0,"130":3,"131":3,"132":3,"133":1,"134":1,"135":2,"136":2,"137":2,"138":2,"139":2,"140":2,"141":0,"142":2,"143":2,"144":2,"145":2,"146":2,"147":2,"148":2,"149":2,"150":2,"151":0,"152":2,"153":2,"154":2,"155":2,"156":0,"157":0,"158":0,"159":0,"160":0,"161":0,"162":0,"163":0,"164":0,"165":0,"166":0,"167":0,"168":0,"169":0,"170":0,"171":0,"172":0,"173":0,"174":0,"175":0,"176":0,"177":0,"178":0,"179":0,"180":0,"181":0,"182":0,"183":0,"184":0,"185":0,"186":0,"187":0,"188":0,"189":0,"190":0,"191":0,"192":0,"193":0,"194":0,"195":0,"196":0,"197":0,"198":0,"199":0,"200":0,"201":0,"202":0,"203":0,"204":0,"205":14,"206":0,"207":14,"208":14,"209":14},"f":{"0":3,"1":3,"2":3,"3":12,"4":3,"5":12,"6":1,"7":4,"8":4,"9":3,"10":2,"11":3,"12":3,"13":3,"14":2,"15":2,"16":0,"17":0,"18":0,"19":0,"20":0,"21":0,"22":0,"23":0,"24":0,"25":0,"26":14},"b":{"0":[0,3],"1":[0,3],"2":[3,3],"3":[0,3],"4":[3,3],"5":[3,0],"6":[3,9],"7":[3,9],"8":[3,9],"9":[1,0],"10":[0,3],"11":[3,0],"12":[3,1],"13":[1,2],"14":[2,2],"15":[2,0,0],"16":[2,2],"17":[0,3],"18":[3,0],"19":[3,0],"20":[0,3],"21":[3,1],"22":[3,0],"23":[2,1],"24":[1,2],"25":[0,3],"26":[0,3],"27":[0,3],"28":[3,0],"29":[3,1],"30":[1,2],"31":[2,2,2],"32":[0,2],"33":[2,0],"34":[2,2,2],"35":[0,2],"36":[0,0],"37":[0,0],"38":[0,0],"39":[0,0],"40":[0,0],"41":[0,0,0,0],"42":[0,0],"43":[0,0],"44":[0,0],"45":[0,0],"46":[0,0],"47":[0,0],"48":[0,0],"49":[0,14]},"meta":{"lastBranch":50,"lastFunction":27,"lastStatement":210,"seen":{"f:19:2:19:14":0,"s:21:6:23:Infinity":0,"b:22:10:22:Infinity:23:10:23:Infinity":0,"b:25:4:27:Infinity:undefined:undefined:undefined:undefined":1,"s:25:4:27:Infinity":1,"b:25:8:25:29:25:29:25:73":2,"s:26:6:26:Infinity":2,"s:29:4:29:Infinity":3,"s:30:4:30:Infinity":4,"s:31:4:31:Infinity":5,"f:37:8:37:30":1,"s:38:4:38:Infinity":6,"s:39:4:39:Infinity":7,"s:40:4:40:Infinity":8,"s:41:4:41:Infinity":9,"s:42:4:42:Infinity":10,"f:48:10:48:27":2,"b:50:4:52:Infinity:undefined:undefined:undefined:undefined":3,"s:50:4:52:Infinity":11,"s:51:6:51:Infinity":12,"s:54:24:54:Infinity":13,"s:55:4:55:Infinity":14,"s:56:4:56:Infinity":15,"s:59:17:59:Infinity":16,"s:60:4:60:Infinity":17,"s:61:4:61:Infinity":18,"s:63:23:63:Infinity":19,"s:64:28:64:Infinity":20,"s:65:20:65:Infinity":21,"s:66:25:66:Infinity":22,"s:68:4:68:Infinity":23,"s:69:4:69:Infinity":24,"s:70:4:70:Infinity":25,"s:71:4:71:Infinity":26,"s:74:20:74:Infinity":27,"s:75:4:75:Infinity":28,"s:76:4:76:Infinity":29,"s:79:27:79:Infinity":30,"s:80:4:80:Infinity":31,"s:81:4:81:Infinity":32,"s:82:4:82:Infinity":33,"s:85:28:85:Infinity":34,"b:85:28:85:74:85:74:85:Infinity":4,"b:86:4:94:Infinity:92:11:94:Infinity":5,"s:86:4:94:Infinity":35,"s:88:33:88:Infinity":36,"s:89:6:89:Infinity":37,"s:90:6:90:Infinity":38,"s:91:6:91:Infinity":39,"s:93:6:93:Infinity":40,"s:97:23:97:Infinity":41,"s:98:4:98:Infinity":42,"s:99:4:99:Infinity":43,"s:100:4:100:Infinity":44,"s:103:23:103:Infinity":45,"s:104:4:104:Infinity":46,"s:105:4:105:Infinity":47,"s:106:4:106:Infinity":48,"s:109:28:109:Infinity":49,"s:110:4:110:Infinity":50,"s:111:4:111:Infinity":51,"s:112:4:112:Infinity":52,"s:114:4:114:Infinity":53,"s:115:4:115:Infinity":54,"s:116:4:116:Infinity":55,"s:117:4:117:Infinity":56,"s:119:4:119:Infinity":57,"s:120:4:120:Infinity":58,"s:123:4:123:Infinity":59,"s:124:4:124:Infinity":60,"f:127:10:127:20":3,"s:128:16:128:Infinity":61,"s:129:4:129:Infinity":62,"b:129:42:129:53:129:53:129:55":6,"s:130:4:130:Infinity":63,"s:131:4:131:Infinity":64,"s:132:4:140:Infinity":65,"b:136:24:136:43:136:43:136:65":7,"b:140:42:140:61:140:61:140:74":8,"s:143:4:143:Infinity":66,"f:146:10:146:28":4,"s:147:17:147:Infinity":67,"s:148:21:148:Infinity":68,"s:150:4:175:Infinity":69,"f:150:17:150:24":5,"s:151:6:174:Infinity":70,"f:151:36:151:42":6,"s:152:22:152:Infinity":71,"s:155:8:159:Infinity":72,"f:155:21:155:26":7,"s:156:10:156:Infinity":73,"s:157:11:157:Infinity":74,"s:158:11:158:Infinity":75,"s:160:8:160:Infinity":76,"s:161:9:161:Infinity":77,"s:162:9:162:Infinity":78,"s:165:8:168:Infinity":79,"f:165:25:165:30":8,"s:166:10:166:Infinity":80,"s:167:11:167:Infinity":81,"s:169:24:169:Infinity":82,"b:170:8:173:Infinity:undefined:undefined:undefined:undefined":9,"s:170:8:173:Infinity":83,"s:171:10:171:Infinity":84,"s:172:11:172:Infinity":85,"f:178:10:178:41":9,"s:179:22:179:Infinity":86,"b:180:4:180:Infinity:undefined:undefined:undefined:undefined":10,"s:180:4:180:Infinity":87,"s:180:20:180:Infinity":88,"s:182:17:182:Infinity":89,"b:182:17:182:43:182:43:182:Infinity":11,"s:183:17:183:Infinity":90,"b:183:17:183:38:183:38:183:Infinity":12,"b:185:4:188:Infinity:undefined:undefined:undefined:undefined":13,"s:185:4:188:Infinity":91,"s:186:6:186:Infinity":92,"s:187:6:187:Infinity":93,"s:190:15:190:Infinity":94,"s:192:4:199:Infinity":95,"f:192:17:192:24":10,"s:193:24:193:Infinity":96,"b:193:32:193:44:193:44:193:56":14,"s:194:20:194:Infinity":97,"b:194:20:194:33:194:33:194:52:194:52:194:Infinity":15,"s:195:6:195:Infinity":98,"s:196:6:196:Infinity":99,"s:197:6:197:Infinity":100,"b:197:73:197:85:197:85:197:97":16,"s:198:6:198:Infinity":101,"s:201:4:201:Infinity":102,"f:204:10:204:33":11,"s:205:22:205:Infinity":103,"b:206:4:206:Infinity:undefined:undefined:undefined:undefined":17,"s:206:4:206:Infinity":104,"s:206:20:206:Infinity":105,"s:208:17:208:Infinity":106,"b:208:17:208:43:208:43:208:Infinity":18,"s:209:17:209:Infinity":107,"b:209:17:209:30:209:30:209:Infinity":19,"b:211:4:214:Infinity:undefined:undefined:undefined:undefined":20,"s:211:4:214:Infinity":108,"s:212:6:212:Infinity":109,"s:213:6:213:Infinity":110,"s:216:15:216:Infinity":111,"s:218:4:236:Infinity":112,"f:218:17:218:24":12,"s:219:25:219:Infinity":113,"b:219:25:219:39:219:39:219:Infinity":21,"s:220:21:220:Infinity":114,"s:221:6:221:Infinity":115,"s:222:6:222:Infinity":116,"b:222:48:222:61:222:61:222:63":22,"b:223:6:225:Infinity:undefined:undefined:undefined:undefined":23,"s:223:6:225:Infinity":117,"s:224:8:224:Infinity":118,"b:226:6:228:Infinity:undefined:undefined:undefined:undefined":24,"s:226:6:228:Infinity":119,"s:227:8:227:Infinity":120,"b:229:6:231:Infinity:undefined:undefined:undefined:undefined":25,"s:229:6:231:Infinity":121,"s:230:8:230:Infinity":122,"b:232:6:234:Infinity:undefined:undefined:undefined:undefined":26,"s:232:6:234:Infinity":123,"s:233:8:233:Infinity":124,"s:235:6:235:Infinity":125,"s:238:4:238:Infinity":126,"f:241:10:241:38":13,"s:242:22:242:Infinity":127,"b:243:4:243:Infinity:undefined:undefined:undefined:undefined":27,"s:243:4:243:Infinity":128,"s:243:20:243:Infinity":129,"s:245:17:245:Infinity":130,"b:245:17:245:43:245:43:245:Infinity":28,"s:246:22:246:Infinity":131,"b:246:22:246:40:246:40:246:Infinity":29,"b:248:4:251:Infinity:undefined:undefined:undefined:undefined":30,"s:248:4:251:Infinity":132,"s:249:6:249:Infinity":133,"s:250:6:250:Infinity":134,"s:253:15:253:Infinity":135,"s:255:4:279:Infinity":136,"f:255:22:255:34":14,"s:256:20:256:Infinity":137,"b:256:20:256:38:256:38:256:56:256:56:256:Infinity":31,"s:257:6:257:Infinity":138,"s:258:6:258:Infinity":139,"b:259:6:261:Infinity:undefined:undefined:undefined:undefined":32,"s:259:6:261:Infinity":140,"s:260:8:260:Infinity":141,"s:262:6:262:Infinity":142,"b:264:6:277:Infinity:undefined:undefined:undefined:undefined":33,"s:264:6:277:Infinity":143,"b:264:10:264:28:264:28:264:61:264:61:264:88":34,"s:265:8:265:Infinity":144,"s:266:8:275:Infinity":145,"f:266:31:266:32":15,"s:267:10:267:Infinity":146,"s:268:10:268:Infinity":147,"s:269:10:269:Infinity":148,"s:270:10:270:Infinity":149,"b:271:10:273:Infinity:undefined:undefined:undefined:undefined":35,"s:271:10:273:Infinity":150,"s:272:12:272:Infinity":151,"s:274:10:274:Inf
[...]
118:4:125:Infinity":33,"s:119:6:119:Infinity":34,"s:120:6:122:Infinity":35,"f:120:31:120:37":5,"s:121:8:121:Infinity":36,"b:121:8:121:19:121:19:121:Infinity":18,"s:124:6:124:Infinity":37,"f:131:8:131:13":6,"s:132:4:132:Infinity":38,"b:133:4:136:Infinity:undefined:undefined:undefined:undefined":19,"s:133:4:136:Infinity":39,"s:134:6:134:Infinity":40,"s:135:6:135:Infinity":41,"s:137:4:137:Infinity":42,"f:143:6:143:32":7,"s:144:4:144:Infinity":43,"f:150:2:150:18":8,"b:151:4:154:Infinity:undefined:undefined:undefined:undefined":20,"s:151:4:154:Infinity":44,"s:152:6:152:Infinity":45,"s:153:6:153:Infinity":46,"f:157:2:157:16":9,"b:158:4:158:Infinity:undefined:undefined:undefined:undefined":21,"s:158:4:158:Infinity":47,"s:158:18:158:Infinity":48,"s:159:15:159:Infinity":49,"s:160:4:160:Infinity":50,"s:161:4:161:Infinity":51,"s:162:4:162:Infinity":52,"s:163:4:163:Infinity":53,"s:164:4:164:Infinity":54,"s:165:4:165:Infinity":55,"s:166:4:166:Infinity":56,"s:167:4:167:Infinity":57,"s:168:4:168:Infinity":58,"s:169:4:169:Infinity":59,"f:175:10:175:29":10,"s:176:42:176:Infinity":60,"s:177:20:177:Infinity":61,"s:178:17:178:Infinity":62,"b:178:17:178:38:178:38:178:Infinity":22,"s:179:20:179:Infinity":63,"b:179:20:179:53:179:53:179:Infinity":23,"s:182:19:187:Infinity":64,"f:182:19:182:20":11,"b:183:6:185:Infinity:undefined:undefined:undefined:undefined":24,"s:183:6:185:Infinity":65,"s:184:8:184:Infinity":66,"s:186:6:186:Infinity":67,"b:190:4:203:Infinity:undefined:undefined:undefined:undefined":25,"s:190:4:203:Infinity":68,"s:191:6:202:Infinity":69,"s:192:8:192:Infinity":70,"s:193:8:201:Infinity":71,"b:196:19:196:35:196:35:196:Infinity":26,"b:206:4:272:Infinity:undefined:undefined:undefined:undefined":27,"s:206:4:272:Infinity":72,"s:207:6:271:Infinity":73,"s:208:8:208:Infinity":74,"s:209:8:217:Infinity":75,"b:212:19:212:35:212:35:212:Infinity":28,"b:220:8:235:Infinity:undefined:undefined:undefined:undefined":29,"s:220:8:235:Infinity":76,"s:221:10:234:Infinity":77,"s:222:32:222:Infinity":78,"s:223:12:223:Infinity":79,"s:224:12:233:Infinity":80,"b:227:23:227:42:227:42:227:Infinity":30,"b:238:8:253:Infinity:undefined:undefined:undefined:undefined":31,"s:238:8:253:Infinity":81,"s:239:10:252:Infinity":82,"s:240:25:240:Infinity":83,"s:241:12:241:Infinity":84,"s:242:12:251:Infinity":85,"b:245:23:245:35:245:35:245:Infinity":32,"b:256:8:270:Infinity:undefined:undefined:undefined:undefined":33,"s:256:8:270:Infinity":86,"s:257:10:269:Infinity":87,"s:258:24:258:Infinity":88,"s:259:12:259:Infinity":89,"s:260:12:268:Infinity":90,"b:263:23:263:38:263:38:263:Infinity":34,"b:275:4:287:Infinity:undefined:undefined:undefined:undefined":35,"s:275:4:287:Infinity":91,"s:276:6:286:Infinity":92,"s:277:8:277:Infinity":93,"s:278:8:285:Infinity":94,"b:281:19:281:38:281:38:281:Infinity":36,"b:290:4:302:Infinity:undefined:undefined:undefined:undefined":37,"s:290:4:302:Infinity":95,"s:291:6:301:Infinity":96,"s:292:8:292:Infinity":97,"s:293:8:300:Infinity":98,"b:296:19:296:31:296:31:296:Infinity":38,"b:305:4:317:Infinity:undefined:undefined:undefined:undefined":39,"s:305:4:317:Infinity":99,"s:306:6:316:Infinity":100,"s:307:8:307:Infinity":101,"s:308:8:315:Infinity":102,"b:311:19:311:34:311:34:311:Infinity":40,"b:320:4:333:Infinity:undefined:undefined:undefined:undefined":41,"s:320:4:333:Infinity":103,"s:321:6:332:Infinity":104,"s:322:8:322:Infinity":105,"s:323:8:331:Infinity":106,"b:326:19:326:32:326:32:326:Infinity":42,"b:336:4:349:Infinity:undefined:undefined:undefined:undefined":43,"s:336:4:349:Infinity":107,"s:337:6:348:Infinity":108,"s:338:8:338:Infinity":109,"s:339:8:347:Infinity":110,"b:342:19:342:32:342:32:342:Infinity":44,"b:352:4:365:Infinity:undefined:undefined:undefined:undefined":45,"s:352:4:365:Infinity":111,"s:353:6:364:Infinity":112,"s:354:8:354:Infinity":113,"s:355:8:363:Infinity":114,"b:358:19:358:33:358:33:358:Infinity":46,"s:368:26:399:Infinity":115,"f:368:26:368:27":12,"b:370:6:372:Infinity:undefined:undefined:undefined:undefined":47,"s:370:6:372:Infinity":116,"s:371:8:371:Infinity":117,"b:374:6:397:Infinity:undefined:undefined:undefined:undefined":48,"s:374:6:397:Infinity":118,"s:375:8:396:Infinity":119,"s:376:30:376:Infinity":120,"b:377:10:379:Infinity:undefined:undefined:undefined:undefined":49,"s:377:10:379:Infinity":121,"s:378:12:378:Infinity":122,"b:381:10:395:Infinity:undefined:undefined:undefined:undefined":50,"s:381:10:395:Infinity":123,"s:382:12:394:Infinity":124,"b:383:14:385:Infinity:undefined:undefined:undefined:undefined":51,"s:383:14:385:Infinity":125,"s:384:16:384:Infinity":126,"b:387:14:393:Infinity:undefined:undefined:undefined:undefined":52,"s:387:14:393:Infinity":127,"s:388:16:392:Infinity":128,"b:389:18:391:Infinity:undefined:undefined:undefined:undefined":53,"s:389:18:391:Infinity":129,"s:390:20:390:Infinity":130,"s:398:6:398:Infinity":131,"b:402:4:417:Infinity:undefined:undefined:undefined:undefined":54,"s:402:4:417:Infinity":132,"s:403:6:416:Infinity":133,"s:404:23:404:Infinity":134,"s:405:21:405:Infinity":135,"b:406:8:415:Infinity:undefined:undefined:undefined:undefined":55,"s:406:8:415:Infinity":136,"b:406:12:406:22:406:22:406:28":56,"s:407:10:414:Infinity":137,"b:412:21:412:39:412:39:412:56:412:56:412:Infinity":57,"b:420:4:439:Infinity:undefined:undefined:undefined:undefined":58,"s:420:4:439:Infinity":138,"s:421:6:438:Infinity":139,"b:422:8:437:Infinity:undefined:undefined:undefined:undefined":59,"s:422:8:437:Infinity":140,"s:423:10:436:Infinity":141,"s:424:27:424:Infinity":142,"s:425:25:425:Infinity":143,"b:426:12:435:Infinity:undefined:undefined:undefined:undefined":60,"s:426:12:435:Infinity":144,"b:426:16:426:39:426:39:426:58":61,"s:427:14:434:Infinity":145,"b:432:25:432:43:432:43:432:60:432:60:432:Infinity":62,"s:441:4:441:Infinity":146,"f:447:10:447:25":13,"s:449:20:449:Infinity":147,"s:450:4:450:Infinity":148,"f:456:10:456:23":14,"s:458:23:460:Infinity":149,"s:463:23:465:Infinity":150,"s:468:26:470:Infinity":151,"s:472:4:472:Infinity":152,"f:478:10:478:24":15,"s:479:4:489:Infinity":153,"s:480:19:480:Infinity":154,"b:481:6:481:Infinity:undefined:undefined:undefined:undefined":63,"s:481:6:481:Infinity":155,"b:481:10:481:19:481:19:481:41":64,"s:481:41:481:Infinity":156,"s:482:20:482:Infinity":157,"f:482:30:482:31":16,"s:482:42:482:60":158,"b:482:42:482:47:482:47:482:60":65,"b:483:6:483:Infinity:undefined:undefined:undefined:undefined":66,"s:483:6:483:Infinity":159,"s:483:18:483:Infinity":160,"s:484:20:484:Infinity":161,"s:486:6:486:Infinity":162,"b:486:45:486:53:486:53:486:Infinity":67,"b:486:13:486:30:486:30:486:45":68,"s:488:6:488:Infinity":163,"f:495:10:495:30":17,"s:496:4:519:Infinity":164,"s:497:23:497:Infinity":165,"b:498:6:501:Infinity:undefined:undefined:undefined:undefined":69,"s:498:6:501:Infinity":166,"b:498:10:498:23:498:23:498:53":70,"s:500:8:500:Infinity":167,"b:500:51:500:65:500:65:500:Infinity":71,"b:500:15:500:30:500:30:500:51":72,"s:503:20:503:Infinity":168,"b:506:8:506:Infinity:507:8:507:Infinity:508:8:508:Infinity:509:8:509:Infinity:510:8:510:Infinity:511:8:511:Infinity:512:8:512:Infinity:513:8:513:Infinity:514:8:514:Infinity":73,"s:505:6:515:Infinity":169,"s:506:23:506:75":170,"b:506:32:506:52:506:52:506:67:506:67:506:75":74,"s:506:75:506:Infinity":171,"s:507:23:507:75":172,"b:507:32:507:52:507:52:507:67:507:67:507:75":75,"s:507:75:507:Infinity":173,"s:508:26:508:81":174,"b:508:35:508:58:508:58:508:73:508:73:508:81":76,"s:508:81:508:Infinity":175,"s:509:25:509:423":176,"b:509:34:509:400:509:400:509:415:509:415:509:423":77,"s:509:423:509:Infinity":177,"s:510:22:510:331":178,"b:510:31:510:308:510:308:510:323:510:323:510:331":78,"s:510:331:510:Infinity":179,"s:511:23:511:482":180,"b:511:32:511:459:511:459:511:474:511:474:511:482":79,"s:511:482:511:Infinity":181,"s:512:23:512:379":182,"b:512:32:512:356:512:356:512:371:512:371:512:379":80,"s:512:379:512:Infinity":183,"s:513:24:513:416":184,"b:513:33:513:393:513:393:513:408:513:408:513:416":81,"s:513:416:513:Infinity":185,"s:514:17:514:Infinity":186,"b:514:62:514:76:514:76:514:Infinity":82,"b:514:26:514:41:514:41:514:62":83,"s:516:6:516:Infinity":187,"b:516:39:516:48:516:48:516:Infinity":84,"b:516:13:516:23:516:23:516:39":85,"s:518:6:518:Infinity":188,"b:518:49:518:63:518:63:518:Infinity":86,"b:518:13:518:28:518:28:518:49":87,"f:525:10:525:29":18,"s:526:18:526:Infinity":189,"b:526:18:526:39:526:39:526:Infinity":88,"s:527:17:527:Infinity":190,"s:528:22:528:Infinity":191,"s:529:25:529:Infinity":192,"b:529:45:529:52:529:52:529:Infinity":89,"b:529:72:529:78:529:78:529:Infinity":90,"s:530:23:530:Infinity":193,"s:531:22:531:Infinity":194,"s:534:19:534:Infinity":195,"b:536:6:538:Infinity:539:6:541:Infinity:542:6:547:Infinity:548:6:548:Infinity:549:6:551:Infinity:552:6:553:Infinity":91,"s:535:4:554:Infinity":196,"s:537:8:537:Infinity":197,"s:538:8:538:Infinity":198,"s:540:8:540:Infinity":199,"s:541:8:541:Infinity":200,"s:544:25:544:Infinity":201,"s:545:24:545:Infinity":202,"b:545:24:545:36:545:36:545:68:545:68:545:Infinity":92,"s:546:8:546:Infinity":203,"b:546:29:546:34:546:34:546:Infinity":93,"s:547:8:547:Infinity":204,"s:550:8:550:Infinity":205,"s:551:8:551:Infinity":206,"s:553:8:553:Infinity":207,"s:556:21:556:Infinity":208,"b:556:41:556:47:556:47:556:Infinity":94,"s:557:4:557:Infinity":209,"f:563:10:563:30":19,"s:564:18:564:Infinity":210,"b:564:18:564:39:564:39:564:Infinity":95,"s:565:17:565:Infinity":211,"s:566:22:566:Infinity":212,"s:567:25:567:Infinity":213,"b:567:45:567:52:567:52:567:Infinity":96,"b:567:72:567:78:567:78:567:Infinity":97,"s:568:23:568:Infinity":214,"s:571:18:571:Infinity":215,"s:572:20:572:Infinity":216,"s:573:25:573:Infinity":217,"s:576:4:584:Infinity":218,"s:577:22:577:Infinity":219,"b:578:6:583:Infinity:581:13:583:Infinity":98,"s:578:6:583:Infinity":220,"s:579:8:579:Infinity":221,"s:580:8:580:Infinity":222,"s:582:8:582:Infinity":223,"s:587:19:587:Infinity":224,"b:589:6:591:Infinity:592:6:594:Infinity:595:6:595:Infinity:596:6:596:Infinity:597:6:599:Infinity:600:6:601:Infinity":99,"s:588:4:602:Infinity":225,"s:590:8:590:Infinity":226,"s:591:8:591:Infinity":227,"s:593:8:593:Infinity":228,"s:594:8:594:Infinity":229,"s:598:8:598:Infinity":230,"s:599:8:599:Infinity":231,"s:601:8:601:Infinity":232,"s:604:22:604:Infinity":233,"b:604:42:604:48:604:48:604:Infinity":100,"b:604:68:604:73:604:73:604:Infinity":101,"s:605:4:605:Infinity":234,"f:611:10:611:35":20,"s:613:19:628:Infinity":235,"s:630:18:630:Infinity":236,"s:632:4:942:Infinity":237,"f:650:19:650:20":21,"s:650:33:650:Infinity":238,"f:651:20:651:21":22,"s:651:34:651:Infinity":239,"f:661:30:661:31":23,"s:661:44:661:Infinity":240,"b:661:44:661:101:661:101:661:Infinity":102,"f:665:19:665:20":24,"s:665:33:665:Infinity":241,"b:665:33:665:94:665:94:665:Infinity":103,"f:672:30:672:31":25,"s:672:44:672:Infinity":242,"b:672:44:672:95:672:95:672:Infinity":104,"f:692:30:692:31":26,"s:692:44:692:Infinity":243,"b:692:44:692:101:692:101:692:Infinity":105,"f:696:19:696:20":27,"s:696:33:696:Infinity":244,"b:696:33:696:94:696:94:696:Infinity":106,"f:703:30:703:31":28,"s:703:44:703:Infinity":245,"b:703:44:703:95:703:95:703:Infinity":107,"f:723:30:723:31":29,"s:723:44:723:Infinity":246,"b:723:44:723:104:723:104:723:Infinity":108,"f:727:19:727:20":30,"s:727:33:727:Infinity":247,"b:727:33:727:94:727:94:727:Infinity":109,"f:729:26:729:27":31,"s:731:29:731:Infinity":248,"s:732:28:732:Infinity":249,"b:732:28:732:40:732:40:732:72:732:72:732:Infinity":110,"s:733:12:733:Infinity":250,"b:733:29:733:34:733:34:733:Infinity":111,"f:739:30:739:31":32,"s:741:29:741:Infinity":251,"b:742:12:744:Infinity:undefined:undefined:undefined:undefined":112,"s:742:12:744:Infinity":252,"b:742:16:742:29:742:29:742:59":113,"s:743:14:743:Infinity":253,"s:745:12:745:Infinity":254,"f:752:25:752:26":33,"s:754:29:754:Infinity":255,"s:755:28:755:Infinity":256,"b:755:28:755:40:755:40:755:72:755:72:755:Infinity":114,"s:756:12:756:Infinity":257,"b:756:29:756:38:756:38:756:Infinity":115,"f:759:27:759:28":34,"s:761:29:761:Infinity":258,"s:762:28:762:Infinity":259,"b:762:28:762:40:762:40:762:72:762:72:762:Infinity":116,"s:763:12:763:Infinity":260,"b:763:29:763:33:763:33:763:Infinity":117,"f:773:30:773:31":35,"s:773:44:773:Infinity":261,"b:773:44:773:103:773:103:773:Infinity":118,"f:777:19:777:20":36,"s:777:33:777:Infinity":262,"b:777:33:777:85:777:85:777:Infinity":119,"f:785:30:785:31":37,"s:786:25:786:Infinity":263,"s:787:12:787:Infinity":264,"b:787:41:787:48:787:48:787:Infinity":120,"b:787:19:787:27:787:27:787:41":121,"f:805:30:805:31":38,"s:805:44:805:Infinity":265,"b:805:44:805:104:805:104:805:Infinity":122,"f:809:19:809:20":39,"s:809:33:809:Infinity":266,"b:809:33:809:94:809:94:809:Infinity":123,"f:816:30:816:31":40,"s:817:25:817:Infinity":267,"s:818:12:818:Infinity":268,"b:818:41:818:48:818:48:818:Infinity":124,"b:818:19:818:27:818:27:818:41":125,"f:950:2:950:10":41,"b:951:4:951:Infinity:undefined:undefined:undefined:undefined":126,"s:951:4:951:Infinity":269,"s:951:18:951:Infinity":270,"s:954:13:954:Infinity":271,"b:955:4:957:Infinity:undefined:undefined:undefined:undefined":127,"s:955:4:957:Infinity":272,"s:956:6:956:Infinity":273,"s:960:19:960:Infinity":274,"s:961:18:961:Infinity":275,"s:962:4:965:Infinity":276,"s:963:6:963:Infinity":277,"s:964:6:964:Infinity":278,"s:967:17:976:Infinity":279,"s:978:4:978:Infinity":280,"s:981:19:988:Infinity":281,"s:989:4:989:Infinity":282,"f:995:2:995:25":42,"b:996:4:996:Infinity:undefined:undefined:undefined:undefined":128,"s:996:4:996:Infinity":283,"s:996:18:996:Infinity":284,"s:997:21:997:Infinity":285,"b:998:4:1000:Infinity:undefined:undefined:undefined:undefined":129,"s:998:4:1000:Infinity":286,"s:999:6:999:Infinity":287,"f:1006:2:1006:13":43,"b:1007:4:1007:Infinity:undefined:undefined:undefined:undefined":130,"s:1007:4:1007:Infinity":288,"s:1007:18:1007:Infinity":289,"s:1008:17:1008:Infinity":290,"b:1009:4:1028:Infinity:undefined:undefined:undefined:undefined":131,"s:1009:4:1028:Infinity":291,"s:1011:6:1017:Infinity":292,"f:1011:31:1011:43":44,"b:1012:8:1016:Infinity:undefined:undefined:undefined:undefined":132,"s:1012:8:1016:Infinity":293,"s:1013:10:1013:Infinity":294,"s:1014:10:1014:Infinity":295,"s:1015:10:1015:Infinity":296,"s:1019:6:1019:Infinity":297,"s:1020:6:1020:Infinity":298,"s:1021:6:1027:Infinity":299,"f:1034:2:1034:17":45,"b:1035:4:1035:Infinity:undefined:undefined:undefined:undefined":133,"s:1035:4:1035:Infinity":300,"s:1035:18:1035:Infinity":301,"b:1039:4:1046:Infinity:1041:11:1046:Infinity":134,"s:1039:4:1046:Infinity":302,"s:1040:6:1040:Infinity":303,"s:1042:23:1042:Infinity":304,"b:1043:6:1045:Infinity:undefined:undefined:undefined:undefined":135,"s:1043:6:1045:Infinity":305,"s:1044:8:1044:Infinity":306,"b:1048:4:1048:Infinity:undefined:undefined:undefined:undefined":136,"s:1048:4:1048:Infinity":307,"b:1048:8:1048:17:1048:17:1048:36":137,"s:1048:36:1048:Infinity":308,"s:1051:21:1051:Infinity":309,"b:1052:4:1052:Infinity:undefined:undefined:undefined:undefined":138,"s:1052:4:1052:Infinity":310,"s:1052:31:1052:Infinity":311,"s:1054:24:1054:Infinity":312,"b:1056:4:1073:Infinity:1068:11:1073:Infinity":139,"s:1056:4:1073:Infinity":313,"s:1058:6:1058:Infinity":314,"s:1059:6:1059:Infinity":315,"s:1060:6:1060:Infinity":316,"s:1067:6:1067:Infinity":317,"s:1070:6:1070:Infinity":318,"s:1071:6:1071:Infinity":319,"s:1072:6:1072:Infinity":320,"f:1079:2:1079:11":46,"b:1080:4:1080:Infinity:undefined:undefined:undefined:undefined":140,"s:1080:4:1080:Infinity":321,"s:1080:18:1080:Infinity":322,"s:1082:15:1082:Infinity":323,"s:1083:4:1119:Infinity":324,"f:1083:13:1083:19":47,"s:1084:22:1084:Infinity":325,"s:1085:25:1085:Infinity":326,"b:1087:6:1118:Infinity:1094:6:1118:Infinity":141,"s:1087:6:1118:Infinity":327,"s:1089:8:1093:Infinity":328,"f:1089:24:1089:32":48,"s:1090:10:1090:Infinity":329,"s:1091:10:1091:Infinity":330,"s:1092:10:1092:Infinity":331,"b:1094:6:1118:Infinity:1106:6:1118:Infinity":142,"s:1094:6:1118:Infinity":332,"s:1096:8:1100:Infinity":333,"f:1096:24:1096:32":49,"s:1097:10:1097:Infinity":334,"s:1098:10:1098:Infinity":335,"s:1099:10:1099:Infinity":336,"s:1101:8:1105:Infinity":337,"f:1101:27:1101:35":50,"s:1102:10:1102:Infinity":338,"s:1103:10:1103:Infinity":339,"s:1104:10:1104:Infinity":340,"b:1106:6:1118:Infinity:undefined:undefined:undefined:undefined":143,"s:1106:6:1118:Infinity":341,"s:1108:8:1112:Infinity":342,"f:1108:24:1108:32":51,"s:1109:10:1109:Infinity":343,"s:1110:10:1110:Infinity":344,"s:1111:10:1111:Infinity":345,"s:1113:8:1117:Infinity":346,"f:1113:27:1113:35":52,"s:1114:10:1114:Infinity":347,"s:1115:10:1115:Infinity":348,"s:1116:10:1116:Infinity":349,"f:1125:2:1125:10":53,"b:1126:4:1126:Infinity:undefined:undefined:undefined:undefined":144,"s:1126:4:1126:Infinity":350,"s:1126:18:1126:Infinity":351,"s:1128:4:1135:Infinity":352,"f:1141:2:1141:12":54,"b:1142:4:1142:Infinity:undefined:undefined:undefined:undefined":145,"s:1142:4:1142:Infinity":353,"s:1142:18:1142:Infinity":354,"s:1144:4:1149:Infinity":355,"b:1148:13:1148:31:1148:31:1148:Infinity":146,"f:1155:2:1155:12":55,"b:1156:4:1156:Infinity:undefined:undefined:undefined:undefined":147,"s:1156:4:1156:Infinity":356,"s:1156:18:1156:Infinity":357,"s:1158:18:1158:Infinity":358,"b:1158:18:1158:36:1158:36:1158:Infinity":148,"s:1160:17:1160:Infinity":359,"s:1161:18:1161:Infinity":360,"s:1162:19:1162:Infinity":361,"s:1163:20:1163:Infinity":362,"s:1164:20:1164:Infinity":363,"s:1167:14:1167:Infinity":364,"s:1170:4:1170:Infinity":365,"s:1171:4:1171:Infinity":366,"s:1172:4:1172:Infinity":367,"s:1173:4:1173:Infinity":368,"s:1174:4:1174:Infinity":369,"s:1175:4:1175:Infinity":370,"s:1176:4:1176:Infinity":371,"s:1179:4:1179:Infinity":372,"s:1182:18:1182:Infinity":373,"s:1183:4:1213:Infinity":374,"f:1183:18:1183:26":56,"s:1184:21:1184:Infinity":375,"s:1185:21:1185:Infinity":376,"s:1186:27:1186:Infinity":377,"s:1187:27:1187:Infinity":378,"s:1188:24:1188:Infinity":379,"s:1189:24:1189:Infinity":380,"s:1192:17:1192:Infinity":381,"s:1193:17:1193:Infinity":382,"s:1194:19:1194:Infinity":383,"s:1195:24:1195:Infinity":384,"s:1197:24:1197:Infinity":385,"s:1198:24:1198:Infinity":386,"s:1199:24:1199:Infinity":387,"s:1200:24:1200:Infinity":388,"s:1202:19:1202:Infinity":389,"s:1204:6:1204:Infinity":390,"s:1207:20:1207:Infinity":391,"b:1208:6:1212:Infinity:undefined:undefined:undefined:undefined":149,"s:1208:6:1212:Infinity":392,"s:1209:14:1209:Infinity":393,"s:1210:14:1210:Infinity":394,"s:1211:8:1211:Infinity":395,"s:1216:18:1216:Infinity":396,"s:1217:4:1245:Infinity":397,"f:1217:18:1217:26":57,"s:1218:21:1218:Infinity":398,"s:1219:18:1219:Infinity":399,"s:1220:19:1220:Infinity":400,"s:1221:20:1221:Infinity":401,"s:1222:21:1222:Infinity":402,"s:1223:19:1223:Infinity":403,"b:1223:19:1223:32:1223:32:1223:Infinity":150,"s:1226:84:1232:Infinity":404,"s:1234:20:1234:Infinity":405,"b:1234:20:1234:37:1234:37:1234:Infinity":151,"s:1237:17:1237:Infinity":406,"b:1237:37:1237:49:1237:49:1237:Infinity":152,"s:1238:6:1238:Infinity":407,"s:1241:20:1241:Infinity":408,"b:1241:20:1241:34:1241:34:1241:Infinity":153,"b:1242:6:1244:Infinity:undefined:undefined:undefined:undefined":154,"s:1242:6:1244:Infinity":409,"s:1243:8:1243:Infinity":410,"s:1247:4:1247:Infinity":411,"s:1248:4:1248:Infinity":412,"f:1254:2:1254:12":58,"s:1255:4:1260:Infinity":413,"f:1266:2:1266:29":59,"b:1267:4:1267:Infinity:undefined:undefined:undefined:undefined":155,"s:1267:4:1267:Infinity":414,"s:1267:20:1267:Infinity":415,"s:1270:17:1270:Infinity":416,"b:1273:4:1275:Infinity:undefined:undefined:undefined:undefined":156,"s:1273:4:1275:Infinity":417,"s:1274:6:1274:Infinity":418,"s:1278:5:1278:Infinity":419,"s:1280:4:1280:Infinity":420,"f:1283:2:1283:42":60,"b:1284:4:1284:Infinity:undefined:undefined:undefined:undefined":157,"s:1284:4:1284:Infinity":421,"s:1284:18:1284:Infinity":422,"s:1286:47:1286:Infinity":423,"s:1288:4:1300:Infinity":424,"f:1288:28:1288:36":61,"s:1289:17:1289:Infinity":425,"s:1290:18:1290:Infinity":426,"s:1291:20:1291:Infinity":427,"s:1292:21:1292:Infinity":428,"s:1294:6:1299:Infinity":429,"s:1302:4:1302:Infinity":430,"f:1309:16:1309:29":62,"s:1310:2:1310:Infinity":431}}}
}
