{"/Users/dilipkola/Workspace/sruja-lang/packages/viewer/src/events.ts": {"path":"/Users/dilipkola/Workspace/sruja-lang/packages/viewer/src/events.ts","statementMap":{"0":{"start":{"line":5,"column":18},"end":{"line":5,"column":null}},"1":{"start":{"line":11,"column":2},"end":{"line":14,"column":null}},"2":{"start":{"line":34,"column":24},"end":{"line":39,"column":null}},"3":{"start":{"line":35,"column":17},"end":{"line":35,"column":null}},"4":{"start":{"line":36,"column":4},"end":{"line":38,"column":null}},"5":{"start":{"line":37,"column":6},"end":{"line":37,"column":null}},"6":{"start":{"line":41,"column":26},"end":{"line":46,"column":null}},"7":{"start":{"line":42,"column":21},"end":{"line":42,"column":null}},"8":{"start":{"line":43,"column":4},"end":{"line":45,"column":null}},"9":{"start":{"line":44,"column":6},"end":{"line":44,"column":null}},"10":{"start":{"line":48,"column":2},"end":{"line":48,"column":null}},"11":{"start":{"line":49,"column":2},"end":{"line":49,"column":null}},"12":{"start":{"line":52,"column":26},"end":{"line":74,"column":null}},"13":{"start":{"line":53,"column":17},"end":{"line":53,"column":null}},"14":{"start":{"line":54,"column":16},"end":{"line":54,"column":null}},"15":{"start":{"line":55,"column":20},"end":{"line":55,"column":null}},"16":{"start":{"line":56,"column":4},"end":{"line":56,"column":null}},"17":{"start":{"line":59,"column":4},"end":{"line":73,"column":null}},"18":{"start":{"line":60,"column":6},"end":{"line":62,"column":null}},"19":{"start":{"line":61,"column":8},"end":{"line":61,"column":null}},"20":{"start":{"line":63,"column":6},"end":{"line":68,"column":null}},"21":{"start":{"line":70,"column":6},"end":{"line":72,"column":null}},"22":{"start":{"line":71,"column":8},"end":{"line":71,"column":null}},"23":{"start":{"line":76,"column":2},"end":{"line":76,"column":null}},"24":{"start":{"line":79,"column":2},"end":{"line":83,"column":null}},"25":{"start":{"line":80,"column":4},"end":{"line":80,"column":null}},"26":{"start":{"line":81,"column":4},"end":{"line":81,"column":null}},"27":{"start":{"line":82,"column":4},"end":{"line":82,"column":null}}},"fnMap":{"0":{"name":"snapToGrid","decl":{"start":{"line":10,"column":9},"end":{"line":10,"column":20}},"loc":{"start":{"line":10,"column":77},"end":{"line":15,"column":null}},"line":10},"1":{"name":"initEvents","decl":{"start":{"line":28,"column":16},"end":{"line":28,"column":null}},"loc":{"start":{"line":32,"column":14},"end":{"line":84,"column":null}},"line":32},"2":{"name":"(anonymous_2)","decl":{"start":{"line":34,"column":24},"end":{"line":34,"column":25}},"loc":{"start":{"line":34,"column":44},"end":{"line":39,"column":null}},"line":34},"3":{"name":"(anonymous_3)","decl":{"start":{"line":41,"column":26},"end":{"line":41,"column":32}},"loc":{"start":{"line":41,"column":32},"end":{"line":46,"column":null}},"line":41},"4":{"name":"(anonymous_4)","decl":{"start":{"line":52,"column":26},"end":{"line":52,"column":27}},"loc":{"start":{"line":52,"column":46},"end":{"line":74,"column":null}},"line":52},"5":{"name":"(anonymous_5)","decl":{"start":{"line":79,"column":9},"end":{"line":79,"column":15}},"loc":{"start":{"line":79,"column":15},"end":{"line":83,"column":null}},"line":79}},"branchMap":{"0":{"loc":{"start":{"line":36,"column":4},"end":{"line":38,"column":null}},"type":"if","locations":[{"start":{"line":36,"column":4},"end":{"line":38,"column":null}},{"start":{},"end":{}}],"line":36},"1":{"loc":{"start":{"line":43,"column":4},"end":{"line":45,"column":null}},"type":"if","locations":[{"start":{"line":43,"column":4},"end":{"line":45,"column":null}},{"start":{},"end":{}}],"line":43},"2":{"loc":{"start":{"line":43,"column":8},"end":{"line":43,"column":52}},"type":"binary-expr","locations":[{"start":{"line":43,"column":8},"end":{"line":43,"column":33}},{"start":{"line":43,"column":33},"end":{"line":43,"column":52}}],"line":43},"3":{"loc":{"start":{"line":59,"column":4},"end":{"line":73,"column":null}},"type":"if","locations":[{"start":{"line":59,"column":4},"end":{"line":73,"column":null}},{"start":{},"end":{}}],"line":59},"4":{"loc":{"start":{"line":60,"column":6},"end":{"line":62,"column":null}},"type":"if","locations":[{"start":{"line":60,"column":6},"end":{"line":62,"column":null}},{"start":{},"end":{}}],"line":60},"5":{"loc":{"start":{"line":70,"column":6},"end":{"line":72,"column":null}},"type":"if","locations":[{"start":{"line":70,"column":6},"end":{"line":72,"column":null}},{"start":{},"end":{}}],"line":70}},"s":{"0":0,"1":0,"2":0,"3":0,"4":0,"5":0,"6":0,"7":0,"8":0,"9":0,"10":0,"11":0,"12":0,"13":0,"14":0,"15":0,"16":0,"17":0,"18":0,"19":0,"20":0,"21":0,"22":0,"23":0,"24":0,"25":0,"26":0,"27":0},"f":{"0":0,"1":0,"2":0,"3":0,"4":0,"5":0},"b":{"0":[0,0],"1":[0,0],"2":[0,0],"3":[0,0],"4":[0,0],"5":[0,0]},"meta":{"lastBranch":6,"lastFunction":6,"lastStatement":28,"seen":{"s:5:18:5:Infinity":0,"f:10:9:10:20":0,"s:11:2:14:Infinity":1,"f:28:16:28:Infinity":1,"s:34:24:39:Infinity":2,"f:34:24:34:25":2,"s:35:17:35:Infinity":3,"b:36:4:38:Infinity:undefined:undefined:undefined:undefined":0,"s:36:4:38:Infinity":4,"s:37:6:37:Infinity":5,"s:41:26:46:Infinity":6,"f:41:26:41:32":3,"s:42:21:42:Infinity":7,"b:43:4:45:Infinity:undefined:undefined:undefined:undefined":1,"s:43:4:45:Infinity":8,"b:43:8:43:33:43:33:43:52":2,"s:44:6:44:Infinity":9,"s:48:2:48:Infinity":10,"s:49:2:49:Infinity":11,"s:52:26:74:Infinity":12,"f:52:26:52:27":4,"s:53:17:53:Infinity":13,"s:54:16:54:Infinity":14,"s:55:20:55:Infinity":15,"s:56:4:56:Infinity":16,"b:59:4:73:Infinity:undefined:undefined:undefined:undefined":3,"s:59:4:73:Infinity":17,"b:60:6:62:Infinity:undefined:undefined:undefined:undefined":4,"s:60:6:62:Infinity":18,"s:61:8:61:Infinity":19,"s:63:6:68:Infinity":20,"b:70:6:72:Infinity:undefined:undefined:undefined:undefined":5,"s:70:6:72:Infinity":21,"s:71:8:71:Infinity":22,"s:76:2:76:Infinity":23,"s:79:2:83:Infinity":24,"f:79:9:79:15":5,"s:80:4:80:Infinity":25,"s:81:4:81:Infinity":26,"s:82:4:82:Infinity":27}}}
,"/Users/dilipkola/Workspace/sruja-lang/packages/viewer/src/export.ts": {"path":"/Users/dilipkola/Workspace/sruja-lang/packages/viewer/src/export.ts","statementMap":{"0":{"start":{"line":5,"column":2},"end":{"line":10,"column":null}},"1":{"start":{"line":14,"column":2},"end":{"line":19,"column":null}},"2":{"start":{"line":23,"column":16},"end":{"line":23,"column":null}},"3":{"start":{"line":24,"column":15},"end":{"line":24,"column":null}},"4":{"start":{"line":25,"column":16},"end":{"line":25,"column":null}},"5":{"start":{"line":26,"column":17},"end":{"line":26,"column":null}},"6":{"start":{"line":27,"column":18},"end":{"line":27,"column":null}},"7":{"start":{"line":28,"column":18},"end":{"line":28,"column":null}},"8":{"start":{"line":30,"column":12},"end":{"line":30,"column":null}},"9":{"start":{"line":31,"column":2},"end":{"line":31,"column":null}},"10":{"start":{"line":32,"column":2},"end":{"line":32,"column":null}},"11":{"start":{"line":33,"column":2},"end":{"line":33,"column":null}},"12":{"start":{"line":34,"column":2},"end":{"line":34,"column":null}},"13":{"start":{"line":35,"column":2},"end":{"line":35,"column":null}},"14":{"start":{"line":36,"column":2},"end":{"line":36,"column":null}},"15":{"start":{"line":37,"column":2},"end":{"line":37,"column":null}},"16":{"start":{"line":38,"column":2},"end":{"line":38,"column":null}},"17":{"start":{"line":40,"column":16},"end":{"line":40,"column":null}},"18":{"start":{"line":41,"column":2},"end":{"line":68,"column":null}},"19":{"start":{"line":42,"column":19},"end":{"line":42,"column":null}},"20":{"start":{"line":43,"column":19},"end":{"line":43,"column":null}},"21":{"start":{"line":44,"column":25},"end":{"line":44,"column":null}},"22":{"start":{"line":45,"column":25},"end":{"line":45,"column":null}},"23":{"start":{"line":46,"column":22},"end":{"line":46,"column":null}},"24":{"start":{"line":47,"column":22},"end":{"line":47,"column":null}},"25":{"start":{"line":49,"column":15},"end":{"line":49,"column":null}},"26":{"start":{"line":50,"column":15},"end":{"line":50,"column":null}},"27":{"start":{"line":51,"column":17},"end":{"line":51,"column":null}},"28":{"start":{"line":52,"column":22},"end":{"line":52,"column":null}},"29":{"start":{"line":54,"column":22},"end":{"line":54,"column":null}},"30":{"start":{"line":55,"column":22},"end":{"line":55,"column":null}},"31":{"start":{"line":56,"column":22},"end":{"line":56,"column":null}},"32":{"start":{"line":57,"column":22},"end":{"line":57,"column":null}},"33":{"start":{"line":59,"column":17},"end":{"line":59,"column":null}},"34":{"start":{"line":60,"column":4},"end":{"line":60,"column":null}},"35":{"start":{"line":62,"column":18},"end":{"line":62,"column":null}},"36":{"start":{"line":63,"column":4},"end":{"line":67,"column":null}},"37":{"start":{"line":64,"column":12},"end":{"line":64,"column":null}},"38":{"start":{"line":65,"column":12},"end":{"line":65,"column":null}},"39":{"start":{"line":66,"column":6},"end":{"line":66,"column":null}},"40":{"start":{"line":70,"column":16},"end":{"line":70,"column":null}},"41":{"start":{"line":71,"column":2},"end":{"line":95,"column":null}},"42":{"start":{"line":72,"column":19},"end":{"line":72,"column":null}},"43":{"start":{"line":73,"column":16},"end":{"line":73,"column":null}},"44":{"start":{"line":74,"column":17},"end":{"line":74,"column":null}},"45":{"start":{"line":75,"column":19},"end":{"line":75,"column":null}},"46":{"start":{"line":76,"column":20},"end":{"line":76,"column":null}},"47":{"start":{"line":77,"column":17},"end":{"line":77,"column":null}},"48":{"start":{"line":79,"column":80},"end":{"line":85,"column":null}},"49":{"start":{"line":86,"column":16},"end":{"line":86,"column":null}},"50":{"start":{"line":88,"column":15},"end":{"line":88,"column":null}},"51":{"start":{"line":89,"column":4},"end":{"line":89,"column":null}},"52":{"start":{"line":91,"column":18},"end":{"line":91,"column":null}},"53":{"start":{"line":92,"column":4},"end":{"line":94,"column":null}},"54":{"start":{"line":93,"column":6},"end":{"line":93,"column":null}},"55":{"start":{"line":97,"column":2},"end":{"line":97,"column":null}},"56":{"start":{"line":98,"column":2},"end":{"line":98,"column":null}}},"fnMap":{"0":{"name":"exportPNG","decl":{"start":{"line":4,"column":16},"end":{"line":4,"column":26}},"loc":{"start":{"line":4,"column":74},"end":{"line":11,"column":null}},"line":4},"1":{"name":"escapeXml","decl":{"start":{"line":13,"column":9},"end":{"line":13,"column":19}},"loc":{"start":{"line":13,"column":41},"end":{"line":20,"column":null}},"line":13},"2":{"name":"exportSVG","decl":{"start":{"line":22,"column":16},"end":{"line":22,"column":26}},"loc":{"start":{"line":22,"column":74},"end":{"line":99,"column":null}},"line":22},"3":{"name":"(anonymous_3)","decl":{"start":{"line":41,"column":16},"end":{"line":41,"column":24}},"loc":{"start":{"line":41,"column":24},"end":{"line":68,"column":3}},"line":41},"4":{"name":"(anonymous_4)","decl":{"start":{"line":71,"column":16},"end":{"line":71,"column":24}},"loc":{"start":{"line":71,"column":24},"end":{"line":95,"column":3}},"line":71}},"branchMap":{"0":{"loc":{"start":{"line":9,"column":11},"end":{"line":9,"column":null}},"type":"binary-expr","locations":[{"start":{"line":9,"column":11},"end":{"line":9,"column":29}},{"start":{"line":9,"column":29},"end":{"line":9,"column":null}}],"line":9},"1":{"loc":{"start":{"line":23,"column":16},"end":{"line":23,"column":null}},"type":"binary-expr","locations":[{"start":{"line":23,"column":16},"end":{"line":23,"column":34}},{"start":{"line":23,"column":34},"end":{"line":23,"column":null}}],"line":23},"2":{"loc":{"start":{"line":63,"column":4},"end":{"line":67,"column":null}},"type":"if","locations":[{"start":{"line":63,"column":4},"end":{"line":67,"column":null}},{"start":{},"end":{}}],"line":63},"3":{"loc":{"start":{"line":77,"column":17},"end":{"line":77,"column":null}},"type":"binary-expr","locations":[{"start":{"line":77,"column":17},"end":{"line":77,"column":30}},{"start":{"line":77,"column":30},"end":{"line":77,"column":null}}],"line":77},"4":{"loc":{"start":{"line":86,"column":16},"end":{"line":86,"column":null}},"type":"binary-expr","locations":[{"start":{"line":86,"column":16},"end":{"line":86,"column":33}},{"start":{"line":86,"column":33},"end":{"line":86,"column":null}}],"line":86},"5":{"loc":{"start":{"line":88,"column":15},"end":{"line":88,"column":null}},"type":"cond-expr","locations":[{"start":{"line":88,"column":35},"end":{"line":88,"column":48}},{"start":{"line":88,"column":48},"end":{"line":88,"column":null}}],"line":88},"6":{"loc":{"start":{"line":91,"column":18},"end":{"line":91,"column":null}},"type":"binary-expr","locations":[{"start":{"line":91,"column":18},"end":{"line":91,"column":32}},{"start":{"line":91,"column":32},"end":{"line":91,"column":null}}],"line":91},"7":{"loc":{"start":{"line":92,"column":4},"end":{"line":94,"column":null}},"type":"if","locations":[{"start":{"line":92,"column":4},"end":{"line":94,"column":null}},{"start":{},"end":{}}],"line":92}},"s":{"0":0,"1":0,"2":0,"3":0,"4":0,"5":0,"6":0,"7":0,"8":0,"9":0,"10":0,"11":0,"12":0,"13":0,"14":0,"15":0,"16":0,"17":0,"18":0,"19":0,"20":0,"21":0,"22":0,"23":0,"24":0,"25":0,"26":0,"27":0,"28":0,"29":0,"30":0,"31":0,"32":0,"33":0,"34":0,"35":0,"36":0,"37":0,"38":0,"39":0,"40":0,"41":0,"42":0,"43":0,"44":0,"45":0,"46":0,"47":0,"48":0,"49":0,"50":0,"51":0,"52":0,"53":0,"54":0,"55":0,"56":0},"f":{"0":0,"1":0,"2":0,"3":0,"4":0},"b":{"0":[0,0],"1":[0,0],"2":[0,0],"3":[0,0],"4":[0,0],"5":[0,0],"6":[0,0],"7":[0,0]},"meta":{"lastBranch":8,"lastFunction":5,"lastStatement":57,"seen":{"f:4:16:4:26":0,"s:5:2:10:Infinity":0,"b:9:11:9:29:9:29:9:Infinity":0,"f:13:9:13:19":1,"s:14:2:19:Infinity":1,"f:22:16:22:26":2,"s:23:16:23:Infinity":2,"b:23:16:23:34:23:34:23:Infinity":1,"s:24:15:24:Infinity":3,"s:25:16:25:Infinity":4,"s:26:17:26:Infinity":5,"s:27:18:27:Infinity":6,"s:28:18:28:Infinity":7,"s:30:12:30:Infinity":8,"s:31:2:31:Infinity":9,"s:32:2:32:Infinity":10,"s:33:2:33:Infinity":11,"s:34:2:34:Infinity":12,"s:35:2:35:Infinity":13,"s:36:2:36:Infinity":14,"s:37:2:37:Infinity":15,"s:38:2:38:Infinity":16,"s:40:16:40:Infinity":17,"s:41:2:68:Infinity":18,"f:41:16:41:24":3,"s:42:19:42:Infinity":19,"s:43:19:43:Infinity":20,"s:44:25:44:Infinity":21,"s:45:25:45:Infinity":22,"s:46:22:46:Infinity":23,"s:47:22:47:Infinity":24,"s:49:15:49:Infinity":25,"s:50:15:50:Infinity":26,"s:51:17:51:Infinity":27,"s:52:22:52:Infinity":28,"s:54:22:54:Infinity":29,"s:55:22:55:Infinity":30,"s:56:22:56:Infinity":31,"s:57:22:57:Infinity":32,"s:59:17:59:Infinity":33,"s:60:4:60:Infinity":34,"s:62:18:62:Infinity":35,"b:63:4:67:Infinity:undefined:undefined:undefined:undefined":2,"s:63:4:67:Infinity":36,"s:64:12:64:Infinity":37,"s:65:12:65:Infinity":38,"s:66:6:66:Infinity":39,"s:70:16:70:Infinity":40,"s:71:2:95:Infinity":41,"f:71:16:71:24":4,"s:72:19:72:Infinity":42,"s:73:16:73:Infinity":43,"s:74:17:74:Infinity":44,"s:75:19:75:Infinity":45,"s:76:20:76:Infinity":46,"s:77:17:77:Infinity":47,"b:77:17:77:30:77:30:77:Infinity":3,"s:79:80:85:Infinity":48,"s:86:16:86:Infinity":49,"b:86:16:86:33:86:33:86:Infinity":4,"s:88:15:88:Infinity":50,"b:88:35:88:48:88:48:88:Infinity":5,"s:89:4:89:Infinity":51,"s:91:18:91:Infinity":52,"b:91:18:91:32:91:32:91:Infinity":6,"b:92:4:94:Infinity:undefined:undefined:undefined:undefined":7,"s:92:4:94:Infinity":53,"s:93:6:93:Infinity":54,"s:97:2:97:Infinity":55,"s:98:2:98:Infinity":56}}}
,"/Users/dilipkola/Workspace/sruja-lang/packages/viewer/src/index.ts": {"path":"/Users/dilipkola/Workspace/sruja-lang/packages/viewer/src/index.ts","statementMap":{},"fnMap":{},"branchMap":{},"s":{},"f":{},"b":{},"meta":{"lastBranch":0,"lastFunction":0,"lastStatement":0,"seen":{}}}
,"/Users/dilipkola/Workspace/sruja-lang/packages/viewer/src/layout.ts": {"path":"/Users/dilipkola/Workspace/sruja-lang/packages/viewer/src/layout.ts","statementMap":{"0":{"start":{"line":6,"column":15},"end":{"line":6,"column":null}},"1":{"start":{"line":7,"column":2},"end":{"line":7,"column":null}},"2":{"start":{"line":7,"column":41},"end":{"line":7,"column":null}},"3":{"start":{"line":8,"column":2},"end":{"line":39,"column":null}},"4":{"start":{"line":9,"column":19},"end":{"line":9,"column":null}},"5":{"start":{"line":10,"column":18},"end":{"line":16,"column":null}},"6":{"start":{"line":11,"column":16},"end":{"line":11,"column":null}},"7":{"start":{"line":12,"column":6},"end":{"line":15,"column":null}},"8":{"start":{"line":13,"column":8},"end":{"line":13,"column":null}},"9":{"start":{"line":14,"column":8},"end":{"line":14,"column":null}},"10":{"start":{"line":17,"column":4},"end":{"line":38,"column":null}},"11":{"start":{"line":18,"column":17},"end":{"line":18,"column":null}},"12":{"start":{"line":18,"column":42},"end":{"line":18,"column":49}},"13":{"start":{"line":19,"column":6},"end":{"line":19,"column":null}},"14":{"start":{"line":20,"column":6},"end":{"line":20,"column":null}},"15":{"start":{"line":21,"column":6},"end":{"line":26,"column":null}},"16":{"start":{"line":22,"column":8},"end":{"line":25,"column":null}},"17":{"start":{"line":23,"column":10},"end":{"line":23,"column":null}},"18":{"start":{"line":24,"column":10},"end":{"line":24,"column":null}},"19":{"start":{"line":28,"column":21},"end":{"line":28,"column":null}},"20":{"start":{"line":29,"column":18},"end":{"line":29,"column":null}},"21":{"start":{"line":30,"column":17},"end":{"line":37,"column":null}},"22":{"start":{"line":31,"column":8},"end":{"line":31,"column":null}},"23":{"start":{"line":32,"column":8},"end":{"line":32,"column":null}},"24":{"start":{"line":33,"column":8},"end":{"line":36,"column":null}},"25":{"start":{"line":34,"column":10},"end":{"line":34,"column":null}},"26":{"start":{"line":35,"column":10},"end":{"line":35,"column":null}},"27":{"start":{"line":43,"column":2},"end":{"line":51,"column":null}},"28":{"start":{"line":44,"column":4},"end":{"line":50,"column":null}},"29":{"start":{"line":52,"column":15},"end":{"line":52,"column":null}},"30":{"start":{"line":53,"column":2},"end":{"line":62,"column":null}},"31":{"start":{"line":66,"column":16},"end":{"line":66,"column":null}},"32":{"start":{"line":67,"column":21},"end":{"line":67,"column":null}},"33":{"start":{"line":68,"column":2},"end":{"line":93,"column":null}},"34":{"start":{"line":69,"column":4},"end":{"line":69,"column":null}},"35":{"start":{"line":69,"column":31},"end":{"line":69,"column":null}},"36":{"start":{"line":70,"column":17},"end":{"line":70,"column":null}},"37":{"start":{"line":71,"column":4},"end":{"line":71,"column":null}},"38":{"start":{"line":72,"column":4},"end":{"line":92,"column":null}},"39":{"start":{"line":73,"column":6},"end":{"line":73,"column":null}},"40":{"start":{"line":74,"column":6},"end":{"line":74,"column":null}},"41":{"start":{"line":76,"column":6},"end":{"line":76,"column":null}},"42":{"start":{"line":77,"column":6},"end":{"line":81,"column":null}},"43":{"start":{"line":78,"column":8},"end":{"line":78,"column":null}},"44":{"start":{"line":79,"column":8},"end":{"line":79,"column":null}},"45":{"start":{"line":80,"column":8},"end":{"line":80,"column":null}},"46":{"start":{"line":82,"column":6},"end":{"line":82,"column":null}},"47":{"start":{"line":83,"column":6},"end":{"line":91,"column":null}},"48":{"start":{"line":84,"column":8},"end":{"line":90,"column":null}},"49":{"start":{"line":85,"column":28},"end":{"line":85,"column":null}},"50":{"start":{"line":86,"column":10},"end":{"line":89,"column":null}},"51":{"start":{"line":87,"column":12},"end":{"line":87,"column":null}},"52":{"start":{"line":88,"column":12},"end":{"line":88,"column":null}},"53":{"start":{"line":97,"column":15},"end":{"line":97,"column":null}},"54":{"start":{"line":98,"column":2},"end":{"line":101,"column":null}},"55":{"start":{"line":99,"column":4},"end":{"line":99,"column":null}},"56":{"start":{"line":100,"column":4},"end":{"line":100,"column":null}},"57":{"start":{"line":102,"column":2},"end":{"line":102,"column":null}},"58":{"start":{"line":103,"column":19},"end":{"line":103,"column":null}},"59":{"start":{"line":104,"column":21},"end":{"line":104,"column":null}},"60":{"start":{"line":105,"column":17},"end":{"line":117,"column":null}},"61":{"start":{"line":106,"column":4},"end":{"line":106,"column":null}},"62":{"start":{"line":106,"column":31},"end":{"line":106,"column":null}},"63":{"start":{"line":107,"column":4},"end":{"line":107,"column":null}},"64":{"start":{"line":108,"column":14},"end":{"line":108,"column":null}},"65":{"start":{"line":109,"column":4},"end":{"line":116,"column":null}},"66":{"start":{"line":110,"column":6},"end":{"line":110,"column":null}},"67":{"start":{"line":111,"column":4},"end":{"line":116,"column":null}},"68":{"start":{"line":112,"column":6},"end":{"line":112,"column":null}},"69":{"start":{"line":113,"column":6},"end":{"line":113,"column":null}},"70":{"start":{"line":115,"column":6},"end":{"line":115,"column":null}},"71":{"start":{"line":118,"column":2},"end":{"line":118,"column":null}}},"fnMap":{"0":{"name":"waitForContainerSize","decl":{"start":{"line":5,"column":22},"end":{"line":5,"column":43}},"loc":{"start":{"line":5,"column":75},"end":{"line":40,"column":null}},"line":5},"1":{"name":"(anonymous_1)","decl":{"start":{"line":8,"column":26},"end":{"line":8,"column":27}},"loc":{"start":{"line":8,"column":39},"end":{"line":39,"column":3}},"line":8},"2":{"name":"(anonymous_2)","decl":{"start":{"line":10,"column":18},"end":{"line":10,"column":24}},"loc":{"start":{"line":10,"column":24},"end":{"line":16,"column":null}},"line":10},"3":{"name":"(anonymous_3)","decl":{"start":{"line":18,"column":36},"end":{"line":18,"column":42}},"loc":{"start":{"line":18,"column":42},"end":{"line":18,"column":49}},"line":18},"4":{"name":"(anonymous_4)","decl":{"start":{"line":21,"column":17},"end":{"line":21,"column":23}},"loc":{"start":{"line":21,"column":23},"end":{"line":26,"column":9}},"line":21},"5":{"name":"(anonymous_5)","decl":{"start":{"line":30,"column":29},"end":{"line":30,"column":35}},"loc":{"start":{"line":30,"column":35},"end":{"line":37,"column":9}},"line":30},"6":{"name":"computeLayoutOptions","decl":{"start":{"line":42,"column":16},"end":{"line":42,"column":37}},"loc":{"start":{"line":42,"column":100},"end":{"line":63,"column":null}},"line":42},"7":{"name":"createLayoutStopHandler","decl":{"start":{"line":65,"column":16},"end":{"line":65,"column":40}},"loc":{"start":{"line":65,"column":106},"end":{"line":94,"column":null}},"line":65},"8":{"name":"(anonymous_8)","decl":{"start":{"line":68,"column":9},"end":{"line":68,"column":15}},"loc":{"start":{"line":68,"column":15},"end":{"line":93,"column":null}},"line":68},"9":{"name":"(anonymous_9)","decl":{"start":{"line":83,"column":17},"end":{"line":83,"column":23}},"loc":{"start":{"line":83,"column":23},"end":{"line":91,"column":9}},"line":83},"10":{"name":"fitPresetWithRetry","decl":{"start":{"line":96,"column":16},"end":{"line":96,"column":35}},"loc":{"start":{"line":96,"column":75},"end":{"line":119,"column":null}},"line":96},"11":{"name":"(anonymous_11)","decl":{"start":{"line":105,"column":17},"end":{"line":105,"column":23}},"loc":{"start":{"line":105,"column":23},"end":{"line":117,"column":null}},"line":105}},"branchMap":{"0":{"loc":{"start":{"line":7,"column":2},"end":{"line":7,"column":null}},"type":"if","locations":[{"start":{"line":7,"column":2},"end":{"line":7,"column":null}},{"start":{},"end":{}}],"line":7},"1":{"loc":{"start":{"line":7,"column":6},"end":{"line":7,"column":41}},"type":"binary-expr","locations":[{"start":{"line":7,"column":6},"end":{"line":7,"column":24}},{"start":{"line":7,"column":24},"end":{"line":7,"column":41}}],"line":7},"2":{"loc":{"start":{"line":12,"column":6},"end":{"line":15,"column":null}},"type":"if","locations":[{"start":{"line":12,"column":6},"end":{"line":15,"column":null}},{"start":{},"end":{}}],"line":12},"3":{"loc":{"start":{"line":12,"column":10},"end":{"line":12,"column":52}},"type":"binary-expr","locations":[{"start":{"line":12,"column":10},"end":{"line":12,"column":25}},{"start":{"line":12,"column":25},"end":{"line":12,"column":41}},{"start":{"line":12,"column":41},"end":{"line":12,"column":52}}],"line":12},"4":{"loc":{"start":{"line":17,"column":4},"end":{"line":38,"column":null}},"type":"if","locations":[{"start":{"line":17,"column":4},"end":{"line":38,"column":null}},{"start":{"line":27,"column":11},"end":{"line":38,"column":null}}],"line":17},"5":{"loc":{"start":{"line":22,"column":8},"end":{"line":25,"column":null}},"type":"if","locations":[{"start":{"line":22,"column":8},"end":{"line":25,"column":null}},{"start":{},"end":{}}],"line":22},"6":{"loc":{"start":{"line":33,"column":8},"end":{"line":36,"column":null}},"type":"if","locations":[{"start":{"line":33,"column":8},"end":{"line":36,"column":null}},{"start":{},"end":{}}],"line":33},"7":{"loc":{"start":{"line":33,"column":12},"end":{"line":33,"column":41}},"type":"binary-expr","locations":[{"start":{"line":33,"column":12},"end":{"line":33,"column":24}},{"start":{"line":33,"column":24},"end":{"line":33,"column":41}}],"line":33},"8":{"loc":{"start":{"line":43,"column":2},"end":{"line":51,"column":null}},"type":"if","locations":[{"start":{"line":43,"column":2},"end":{"line":51,"column":null}},{"start":{},"end":{}}],"line":43},"9":{"loc":{"start":{"line":52,"column":15},"end":{"line":52,"column":null}},"type":"cond-expr","locations":[{"start":{"line":52,"column":78},"end":{"line":52,"column":87}},{"start":{"line":52,"column":87},"end":{"line":52,"column":null}}],"line":52},"10":{"loc":{"start":{"line":52,"column":15},"end":{"line":52,"column":78}},"type":"binary-expr","locations":[{"start":{"line":52,"column":15},"end":{"line":52,"column":25}},{"start":{"line":52,"column":25},"end":{"line":52,"column":78}}],"line":52},"11":{"loc":{"start":{"line":69,"column":4},"end":{"line":69,"column":null}},"type":"if","locations":[{"start":{"line":69,"column":4},"end":{"line":69,"column":null}},{"start":{},"end":{}}],"line":69},"12":{"loc":{"start":{"line":69,"column":8},"end":{"line":69,"column":31}},"type":"binary-expr","locations":[{"start":{"line":69,"column":8},"end":{"line":69,"column":15}},{"start":{"line":69,"column":15},"end":{"line":69,"column":31}}],"line":69},"13":{"loc":{"start":{"line":72,"column":4},"end":{"line":92,"column":null}},"type":"if","locations":[{"start":{"line":72,"column":4},"end":{"line":92,"column":null}},{"start":{"line":75,"column":11},"end":{"line":92,"column":null}}],"line":72},"14":{"loc":{"start":{"line":72,"column":8},"end":{"line":72,"column":43}},"type":"binary-expr","locations":[{"start":{"line":72,"column":8},"end":{"line":72,"column":26}},{"start":{"line":72,"column":26},"end":{"line":72,"column":43}}],"line":72},"15":{"loc":{"start":{"line":77,"column":6},"end":{"line":81,"column":null}},"type":"if","locations":[{"start":{"line":77,"column":6},"end":{"line":81,"column":null}},{"start":{},"end":{}}],"line":77},"16":{"loc":{"start":{"line":84,"column":8},"end":{"line":90,"column":null}},"type":"if","locations":[{"start":{"line":84,"column":8},"end":{"line":90,"column":null}},{"start":{},"end":{}}],"line":84},"17":{"loc":{"start":{"line":84,"column":12},"end":{"line":84,"column":35}},"type":"binary-expr","locations":[{"start":{"line":84,"column":12},"end":{"line":84,"column":18}},{"start":{"line":84,"column":18},"end":{"line":84,"column":35}}],"line":84},"18":{"loc":{"start":{"line":86,"column":10},"end":{"line":89,"column":null}},"type":"if","locations":[{"start":{"line":86,"column":10},"end":{"line":89,"column":null}},{"start":{},"end":{}}],"line":86},"19":{"loc":{"start":{"line":86,"column":14},"end":{"line":86,"column":59}},"type":"binary-expr","locations":[{"start":{"line":86,"column":14},"end":{"line":86,"column":37}},{"start":{"line":86,"column":37},"end":{"line":86,"column":59}}],"line":86},"20":{"loc":{"start":{"line":98,"column":2},"end":{"line":101,"column":null}},"type":"if","locations":[{"start":{"line":98,"column":2},"end":{"line":101,"column":null}},{"start":{},"end":{}}],"line":98},"21":{"loc":{"start":{"line":98,"column":6},"end":{"line":98,"column":41}},"type":"binary-expr","locations":[{"start":{"line":98,"column":6},"end":{"line":98,"column":24}},{"start":{"line":98,"column":24},"end":{"line":98,"column":41}}],"line":98},"22":{"loc":{"start":{"line":106,"column":4},"end":{"line":106,"column":null}},"type":"if","locations":[{"start":{"line":106,"column":4},"end":{"line":106,"column":null}},{"start":{},"end":{}}],"line":106},"23":{"loc":{"start":{"line":106,"column":8},"end":{"line":106,"column":31}},"type":"binary-expr","locations":[{"start":{"line":106,"column":8},"end":{"line":106,"column":15}},{"start":{"line":106,"column":15},"end":{"line":106,"column":31}}],"line":106},"24":{"loc":{"start":{"line":109,"column":4},"end":{"line":116,"column":null}},"type":"if","locations":[{"start":{"line":109,"column":4},"end":{"line":116,"column":null}},{"start":{"line":111,"column":4},"end":{"line":116,"column":null}}],"line":109},"25":{"loc":{"start":{"line":109,"column":8},"end":{"line":109,"column":37}},"type":"binary-expr","locations":[{"start":{"line":109,"column":8},"end":{"line":109,"column":23}},{"start":{"line":109,"column":23},"end":{"line":109,"column":37}}],"line":109},"26":{"loc":{"start":{"line":111,"column":4},"end":{"line":116,"column":null}},"type":"if","locations":[{"start":{"line":111,"column":4},"end":{"line":116,"column":null}},{"start":{"line":114,"column":11},"end":{"line":116,"column":null}}],"line":111}},"s":{"0":1,"1":1,"2":0,"3":1,"4":1,"5":1,"6":2,"7":2,"8":1,"9":1,"10":1,"11":1,"12":1,"13":1,"14":1,"15":1,"16":0,"17":0,"18":0,"19":0,"20":0,"21":0,"22":0,"23":0,"24":0,"25":0,"26":0,"27":3,"28":1,"29":2,"30":3,"31":1,"32":1,"33":1,"34":1,"35":0,"36":1,"37":1,"38":1,"39":1,"40":1,"41":0,"42":0,"43":0,"44":0,"45":0,"46":0,"47":0,"48":0,"49":0,"50":0,"51":0,"52":0,"53":1,"54":1,"55":0,"56":0,"57":1,"58":1,"59":1,"60":1,"61":1,"62":0,"63":1,"64":1,"65":1,"66":1,"67":0,"68":0,"69":0,"70":0,"71":1},"f":{"0":1,"1":1,"2":2,"3":1,"4":0,"5":0,"6":3,"7":1,"8":1,"9":0,"10":1,"11":1},"b":{"0":[0,1],"1":[1,0],"2":[1,1],"3":[2,1,1],"4":[1,0],"5":[0,0],"6":[0,0],"7":[0,0],"8":[1,2],"9":[1,1],"10":[2,2],"11":[0,1],"12":[1,1],"13":[1,0],"14":[1,1],"15":[0,0],"16":[0,0],"17":[0,0],"18":[0,0],"19":[0,0],"20":[0,1],"21":[1,0],"22":[0,1],"23":[1,1],"24":[1,0],"25":[1,1],"26":[0,0]},"meta":{"lastBranch":27,"lastFunction":12,"lastStatement":72,"seen":{"f:5:22:5:43":0,"s:6:15:6:Infinity":0,"b:7:2:7:Infinity:undefined:undefined:undefined:undefined":0,"s:7:2:7:Infinity":1,"b:7:6:7:24:7:24:7:41":1,"s:7:41:7:Infinity":2,"s:8:2:39:Infinity":3,"f:8:26:8:27":1,"s:9:19:9:Infinity":4,"s:10:18:16:Infinity":5,"f:10:18:10:24":2,"s:11:16:11:Infinity":6,"b:12:6:15:Infinity:undefined:undefined:undefined:undefined":2,"s:12:6:15:Infinity":7,"b:12:10:12:25:12:25:12:41:12:41:12:52":3,"s:13:8:13:Infinity":8,"s:14:8:14:Infinity":9,"b:17:4:38:Infinity:27:11:38:Infinity":4,"s:17:4:38:Infinity":10,"s:18:17:18:Infinity":11,"f:18:36:18:42":3,"s:18:42:18:49":12,"s:19:6:19:Infinity":13,"s:20:6:20:Infinity":14,"s:21:6:26:Infinity":15,"f:21:17:21:23":4,"b:22:8:25:Infinity:undefined:undefined:undefined:undefined":5,"s:22:8:25:Infinity":16,"s:23:10:23:Infinity":17,"s:24:10:24:Infinity":18,"s:28:21:28:Infinity":19,"s:29:18:29:Infinity":20,"s:30:17:37:Infinity":21,"f:30:29:30:35":5,"s:31:8:31:Infinity":22,"s:32:8:32:Infinity":23,"b:33:8:36:Infinity:undefined:undefined:undefined:undefined":6,"s:33:8:36:Infinity":24,"b:33:12:33:24:33:24:33:41":7,"s:34:10:34:Infinity":25,"s:35:10:35:Infinity":26,"f:42:16:42:37":6,"b:43:2:51:Infinity:undefined:undefined:undefined:undefined":8,"s:43:2:51:Infinity":27,"s:44:4:50:Infinity":28,"s:52:15:52:Infinity":29,"b:52:78:52:87:52:87:52:Infinity":9,"b:52:15:52:25:52:25:52:78":10,"s:53:2:62:Infinity":30,"f:65:16:65:40":7,"s:66:16:66:Infinity":31,"s:67:21:67:Infinity":32,"s:68:2:93:Infinity":33,"f:68:9:68:15":8,"b:69:4:69:Infinity:undefined:undefined:undefined:undefined":11,"s:69:4:69:Infinity":34,"b:69:8:69:15:69:15:69:31":12,"s:69:31:69:Infinity":35,"s:70:17:70:Infinity":36,"s:71:4:71:Infinity":37,"b:72:4:92:Infinity:75:11:92:Infinity":13,"s:72:4:92:Infinity":38,"b:72:8:72:26:72:26:72:43":14,"s:73:6:73:Infinity":39,"s:74:6:74:Infinity":40,"s:76:6:76:Infinity":41,"b:77:6:81:Infinity:undefined:undefined:undefined:undefined":15,"s:77:6:81:Infinity":42,"s:78:8:78:Infinity":43,"s:79:8:79:Infinity":44,"s:80:8:80:Infinity":45,"s:82:6:82:Infinity":46,"s:83:6:91:Infinity":47,"f:83:17:83:23":9,"b:84:8:90:Infinity:undefined:undefined:undefined:undefined":16,"s:84:8:90:Infinity":48,"b:84:12:84:18:84:18:84:35":17,"s:85:28:85:Infinity":49,"b:86:10:89:Infinity:undefined:undefined:undefined:undefined":18,"s:86:10:89:Infinity":50,"b:86:14:86:37:86:37:86:59":19,"s:87:12:87:Infinity":51,"s:88:12:88:Infinity":52,"f:96:16:96:35":10,"s:97:15:97:Infinity":53,"b:98:2:101:Infinity:undefined:undefined:undefined:undefined":20,"s:98:2:101:Infinity":54,"b:98:6:98:24:98:24:98:41":21,"s:99:4:99:Infinity":55,"s:100:4:100:Infinity":56,"s:102:2:102:Infinity":57,"s:103:19:103:Infinity":58,"s:104:21:104:Infinity":59,"s:105:17:117:Infinity":60,"f:105:17:105:23":11,"b:106:4:106:Infinity:undefined:undefined:undefined:undefined":22,"s:106:4:106:Infinity":61,"b:106:8:106:15:106:15:106:31":23,"s:106:31:106:Infinity":62,"s:107:4:107:Infinity":63,"s:108:14:108:Infinity":64,"b:109:4:116:Infinity:111:4:116:Infinity":24,"s:109:4:116:Infinity":65,"b:109:8:109:23:109:23:109:37":25,"s:110:6:110:Infinity":66,"b:111:4:116:Infinity:114:11:116:Infinity":26,"s:111:4:116:Infinity":67,"s:112:6:112:Infinity":68,"s:113:6:113:Infinity":69,"s:115:6:115:Infinity":70,"s:118:2:118:Infinity":71}}}
,"/Users/dilipkola/Workspace/sruja-lang/packages/viewer/src/types.ts": {"path":"/Users/dilipkola/Workspace/sruja-lang/packages/viewer/src/types.ts","statementMap":{},"fnMap":{},"branchMap":{},"s":{},"f":{},"b":{},"meta":{"lastBranch":0,"lastFunction":0,"lastStatement":0,"seen":{}}}
,"/Users/dilipkola/Workspace/sruja-lang/packages/viewer/src/viewer.ts": {"path":"/Users/dilipkola/Workspace/sruja-lang/packages/viewer/src/viewer.ts","statementMap":{"0":{"start":{"line":9,"column":0},"end":{"line":14,"column":null}},"1":{"start":{"line":10,"column":2},"end":{"line":10,"column":null}},"2":{"start":{"line":11,"column":2},"end":{"line":11,"column":null}},"3":{"start":{"line":12,"column":2},"end":{"line":12,"column":null}},"4":{"start":{"line":13,"column":2},"end":{"line":13,"column":null}},"5":{"start":{"line":43,"column":27},"end":{"line":43,"column":null}},"6":{"start":{"line":48,"column":51},"end":{"line":48,"column":null}},"7":{"start":{"line":49,"column":46},"end":{"line":49,"column":null}},"8":{"start":{"line":52,"column":4},"end":{"line":52,"column":null}},"9":{"start":{"line":53,"column":4},"end":{"line":53,"column":null}},"10":{"start":{"line":54,"column":4},"end":{"line":54,"column":null}},"11":{"start":{"line":55,"column":4},"end":{"line":55,"column":null}},"12":{"start":{"line":62,"column":4},"end":{"line":64,"column":null}},"13":{"start":{"line":63,"column":6},"end":{"line":63,"column":null}},"14":{"start":{"line":67,"column":6},"end":{"line":69,"column":null}},"15":{"start":{"line":71,"column":4},"end":{"line":73,"column":null}},"16":{"start":{"line":72,"column":6},"end":{"line":72,"column":null}},"17":{"start":{"line":77,"column":24},"end":{"line":77,"column":null}},"18":{"start":{"line":78,"column":17},"end":{"line":78,"column":null}},"19":{"start":{"line":79,"column":4},"end":{"line":87,"column":null}},"20":{"start":{"line":80,"column":6},"end":{"line":85,"column":null}},"21":{"start":{"line":86,"column":6},"end":{"line":86,"column":null}},"22":{"start":{"line":89,"column":21},"end":{"line":89,"column":null}},"23":{"start":{"line":94,"column":21},"end":{"line":94,"column":null}},"24":{"start":{"line":95,"column":30},"end":{"line":95,"column":null}},"25":{"start":{"line":96,"column":25},"end":{"line":96,"column":null}},"26":{"start":{"line":96,"column":44},"end":{"line":96,"column":68}},"27":{"start":{"line":97,"column":22},"end":{"line":97,"column":null}},"28":{"start":{"line":99,"column":19},"end":{"line":99,"column":null}},"29":{"start":{"line":101,"column":10},"end":{"line":101,"column":null}},"30":{"start":{"line":103,"column":4},"end":{"line":116,"column":null}},"31":{"start":{"line":119,"column":4},"end":{"line":121,"column":null}},"32":{"start":{"line":124,"column":27},"end":{"line":124,"column":null}},"33":{"start":{"line":125,"column":4},"end":{"line":125,"column":null}},"34":{"start":{"line":128,"column":4},"end":{"line":130,"column":null}},"35":{"start":{"line":129,"column":6},"end":{"line":129,"column":null}},"36":{"start":{"line":134,"column":4},"end":{"line":146,"column":null}},"37":{"start":{"line":135,"column":6},"end":{"line":135,"column":null}},"38":{"start":{"line":137,"column":12},"end":{"line":141,"column":null}},"39":{"start":{"line":138,"column":8},"end":{"line":138,"column":null}},"40":{"start":{"line":138,"column":22},"end":{"line":138,"column":null}},"41":{"start":{"line":139,"column":8},"end":{"line":139,"column":null}},"42":{"start":{"line":140,"column":8},"end":{"line":140,"column":null}},"43":{"start":{"line":142,"column":6},"end":{"line":142,"column":null}},"44":{"start":{"line":143,"column":6},"end":{"line":143,"column":null}},"45":{"start":{"line":145,"column":6},"end":{"line":145,"column":null}},"46":{"start":{"line":153,"column":4},"end":{"line":153,"column":null}},"47":{"start":{"line":155,"column":4},"end":{"line":158,"column":null}},"48":{"start":{"line":156,"column":6},"end":{"line":156,"column":null}},"49":{"start":{"line":157,"column":6},"end":{"line":157,"column":null}},"50":{"start":{"line":159,"column":4},"end":{"line":162,"column":null}},"51":{"start":{"line":160,"column":6},"end":{"line":160,"column":null}},"52":{"start":{"line":161,"column":6},"end":{"line":161,"column":null}},"53":{"start":{"line":164,"column":4},"end":{"line":164,"column":null}},"54":{"start":{"line":171,"column":4},"end":{"line":171,"column":null}},"55":{"start":{"line":179,"column":4},"end":{"line":182,"column":null}},"56":{"start":{"line":180,"column":6},"end":{"line":180,"column":null}},"57":{"start":{"line":181,"column":6},"end":{"line":181,"column":null}},"58":{"start":{"line":184,"column":4},"end":{"line":187,"column":null}},"59":{"start":{"line":185,"column":6},"end":{"line":185,"column":null}},"60":{"start":{"line":186,"column":6},"end":{"line":186,"column":null}},"61":{"start":{"line":188,"column":4},"end":{"line":191,"column":null}},"62":{"start":{"line":189,"column":6},"end":{"line":189,"column":null}},"63":{"start":{"line":190,"column":6},"end":{"line":190,"column":null}},"64":{"start":{"line":195,"column":4},"end":{"line":195,"column":null}},"65":{"start":{"line":195,"column":18},"end":{"line":195,"column":null}},"66":{"start":{"line":196,"column":15},"end":{"line":196,"column":null}},"67":{"start":{"line":197,"column":4},"end":{"line":197,"column":null}},"68":{"start":{"line":198,"column":4},"end":{"line":198,"column":null}},"69":{"start":{"line":199,"column":4},"end":{"line":199,"column":null}},"70":{"start":{"line":200,"column":4},"end":{"line":200,"column":null}},"71":{"start":{"line":201,"column":4},"end":{"line":201,"column":null}},"72":{"start":{"line":202,"column":4},"end":{"line":202,"column":null}},"73":{"start":{"line":203,"column":4},"end":{"line":203,"column":null}},"74":{"start":{"line":204,"column":4},"end":{"line":204,"column":null}},"75":{"start":{"line":205,"column":4},"end":{"line":205,"column":null}},"76":{"start":{"line":207,"column":4},"end":{"line":207,"column":null}},"77":{"start":{"line":208,"column":4},"end":{"line":208,"column":null}},"78":{"start":{"line":215,"column":18},"end":{"line":215,"column":null}},"79":{"start":{"line":216,"column":21},"end":{"line":216,"column":null}},"80":{"start":{"line":217,"column":21},"end":{"line":217,"column":null}},"81":{"start":{"line":218,"column":20},"end":{"line":218,"column":null}},"82":{"start":{"line":218,"column":37},"end":{"line":218,"column":null}},"83":{"start":{"line":219,"column":10},"end":{"line":219,"column":null}},"84":{"start":{"line":220,"column":27},"end":{"line":220,"column":null}},"85":{"start":{"line":220,"column":28},"end":{"line":220,"column":null}},"86":{"start":{"line":221,"column":26},"end":{"line":224,"column":null}},"87":{"start":{"line":225,"column":4},"end":{"line":225,"column":null}},"88":{"start":{"line":232,"column":4},"end":{"line":232,"column":null}},"89":{"start":{"line":232,"column":18},"end":{"line":232,"column":null}},"90":{"start":{"line":235,"column":13},"end":{"line":235,"column":null}},"91":{"start":{"line":236,"column":4},"end":{"line":238,"column":null}},"92":{"start":{"line":237,"column":6},"end":{"line":237,"column":null}},"93":{"start":{"line":241,"column":19},"end":{"line":241,"column":null}},"94":{"start":{"line":242,"column":18},"end":{"line":242,"column":null}},"95":{"start":{"line":243,"column":4},"end":{"line":246,"column":null}},"96":{"start":{"line":244,"column":6},"end":{"line":244,"column":null}},"97":{"start":{"line":245,"column":6},"end":{"line":245,"column":null}},"98":{"start":{"line":248,"column":36},"end":{"line":257,"column":null}},"99":{"start":{"line":259,"column":4},"end":{"line":259,"column":null}},"100":{"start":{"line":262,"column":4},"end":{"line":275,"column":null}},"101":{"start":{"line":263,"column":40},"end":{"line":270,"column":null}},"102":{"start":{"line":271,"column":21},"end":{"line":271,"column":null}},"103":{"start":{"line":272,"column":6},"end":{"line":272,"column":null}},"104":{"start":{"line":274,"column":6},"end":{"line":274,"column":null}},"105":{"start":{"line":282,"column":4},"end":{"line":282,"column":null}},"106":{"start":{"line":282,"column":18},"end":{"line":282,"column":null}},"107":{"start":{"line":283,"column":21},"end":{"line":283,"column":null}},"108":{"start":{"line":284,"column":4},"end":{"line":286,"column":null}},"109":{"start":{"line":285,"column":6},"end":{"line":285,"column":null}},"110":{"start":{"line":293,"column":4},"end":{"line":293,"column":null}},"111":{"start":{"line":293,"column":18},"end":{"line":293,"column":null}},"112":{"start":{"line":294,"column":17},"end":{"line":294,"column":null}},"113":{"start":{"line":295,"column":4},"end":{"line":314,"column":null}},"114":{"start":{"line":297,"column":6},"end":{"line":303,"column":null}},"115":{"start":{"line":298,"column":8},"end":{"line":302,"column":null}},"116":{"start":{"line":299,"column":10},"end":{"line":299,"column":null}},"117":{"start":{"line":300,"column":10},"end":{"line":300,"column":null}},"118":{"start":{"line":301,"column":10},"end":{"line":301,"column":null}},"119":{"start":{"line":305,"column":6},"end":{"line":305,"column":null}},"120":{"start":{"line":306,"column":6},"end":{"line":306,"column":null}},"121":{"start":{"line":307,"column":6},"end":{"line":313,"column":null}},"122":{"start":{"line":321,"column":4},"end":{"line":321,"column":null}},"123":{"start":{"line":321,"column":18},"end":{"line":321,"column":null}},"124":{"start":{"line":323,"column":10},"end":{"line":323,"column":null}},"125":{"start":{"line":324,"column":4},"end":{"line":324,"column":null}},"126":{"start":{"line":324,"column":36},"end":{"line":324,"column":null}},"127":{"start":{"line":327,"column":21},"end":{"line":327,"column":null}},"128":{"start":{"line":328,"column":4},"end":{"line":328,"column":null}},"129":{"start":{"line":328,"column":31},"end":{"line":328,"column":null}},"130":{"start":{"line":330,"column":24},"end":{"line":330,"column":null}},"131":{"start":{"line":331,"column":4},"end":{"line":335,"column":null}},"132":{"start":{"line":332,"column":6},"end":{"line":332,"column":null}},"133":{"start":{"line":334,"column":6},"end":{"line":334,"column":null}},"134":{"start":{"line":342,"column":4},"end":{"line":342,"column":null}},"135":{"start":{"line":342,"column":18},"end":{"line":342,"column":null}},"136":{"start":{"line":344,"column":15},"end":{"line":344,"column":null}},"137":{"start":{"line":345,"column":4},"end":{"line":358,"column":null}},"138":{"start":{"line":346,"column":6},"end":{"line":357,"column":null}},"139":{"start":{"line":348,"column":8},"end":{"line":348,"column":null}},"140":{"start":{"line":349,"column":6},"end":{"line":357,"column":null}},"141":{"start":{"line":351,"column":8},"end":{"line":351,"column":null}},"142":{"start":{"line":352,"column":8},"end":{"line":352,"column":null}},"143":{"start":{"line":353,"column":6},"end":{"line":357,"column":null}},"144":{"start":{"line":355,"column":8},"end":{"line":355,"column":null}},"145":{"start":{"line":356,"column":8},"end":{"line":356,"column":null}},"146":{"start":{"line":365,"column":4},"end":{"line":365,"column":null}},"147":{"start":{"line":365,"column":18},"end":{"line":365,"column":null}},"148":{"start":{"line":366,"column":4},"end":{"line":366,"column":null}},"149":{"start":{"line":367,"column":4},"end":{"line":367,"column":null}},"150":{"start":{"line":374,"column":4},"end":{"line":374,"column":null}},"151":{"start":{"line":374,"column":18},"end":{"line":374,"column":null}},"152":{"start":{"line":376,"column":4},"end":{"line":383,"column":null}},"153":{"start":{"line":390,"column":4},"end":{"line":390,"column":null}},"154":{"start":{"line":390,"column":18},"end":{"line":390,"column":null}},"155":{"start":{"line":391,"column":4},"end":{"line":391,"column":null}},"156":{"start":{"line":398,"column":4},"end":{"line":398,"column":null}},"157":{"start":{"line":398,"column":18},"end":{"line":398,"column":null}},"158":{"start":{"line":399,"column":4},"end":{"line":399,"column":null}},"159":{"start":{"line":407,"column":4},"end":{"line":409,"column":null}},"160":{"start":{"line":408,"column":6},"end":{"line":408,"column":null}},"161":{"start":{"line":411,"column":35},"end":{"line":415,"column":null}},"162":{"start":{"line":418,"column":10},"end":{"line":418,"column":null}},"163":{"start":{"line":419,"column":5},"end":{"line":419,"column":null}},"164":{"start":{"line":422,"column":4},"end":{"line":422,"column":null}},"165":{"start":{"line":425,"column":4},"end":{"line":425,"column":null}},"166":{"start":{"line":427,"column":4},"end":{"line":427,"column":null}},"167":{"start":{"line":431,"column":4},"end":{"line":431,"column":null}},"168":{"start":{"line":431,"column":18},"end":{"line":431,"column":null}},"169":{"start":{"line":432,"column":4},"end":{"line":432,"column":null}},"170":{"start":{"line":440,"column":2},"end":{"line":440,"column":null}}},"fnMap":{"0":{"name":"(anonymous_0)","decl":{"start":{"line":51,"column":2},"end":{"line":51,"column":14}},"loc":{"start":{"line":51,"column":38},"end":{"line":56,"column":null}},"line":51},"1":{"name":"(anonymous_1)","decl":{"start":{"line":61,"column":8},"end":{"line":61,"column":30}},"loc":{"start":{"line":61,"column":30},"end":{"line":147,"column":null}},"line":61},"2":{"name":"(anonymous_2)","decl":{"start":{"line":96,"column":39},"end":{"line":96,"column":44}},"loc":{"start":{"line":96,"column":44},"end":{"line":96,"column":68}},"line":96},"3":{"name":"(anonymous_3)","decl":{"start":{"line":137,"column":88},"end":{"line":137,"column":94}},"loc":{"start":{"line":137,"column":94},"end":{"line":141,"column":7}},"line":137},"4":{"name":"(anonymous_4)","decl":{"start":{"line":152,"column":8},"end":{"line":152,"column":13}},"loc":{"start":{"line":152,"column":52},"end":{"line":165,"column":null}},"line":152},"5":{"name":"(anonymous_5)","decl":{"start":{"line":170,"column":6},"end":{"line":170,"column":32}},"loc":{"start":{"line":170,"column":32},"end":{"line":172,"column":null}},"line":170},"6":{"name":"(anonymous_6)","decl":{"start":{"line":177,"column":2},"end":{"line":177,"column":18}},"loc":{"start":{"line":177,"column":18},"end":{"line":192,"column":null}},"line":177},"7":{"name":"(anonymous_7)","decl":{"start":{"line":194,"column":2},"end":{"line":194,"column":16}},"loc":{"start":{"line":194,"column":16},"end":{"line":209,"column":null}},"line":194},"8":{"name":"(anonymous_8)","decl":{"start":{"line":214,"column":10},"end":{"line":214,"column":29}},"loc":{"start":{"line":214,"column":74},"end":{"line":226,"column":null}},"line":214},"9":{"name":"(anonymous_9)","decl":{"start":{"line":218,"column":20},"end":{"line":218,"column":21}},"loc":{"start":{"line":218,"column":37},"end":{"line":218,"column":null}},"line":218},"10":{"name":"(anonymous_10)","decl":{"start":{"line":220,"column":27},"end":{"line":220,"column":28}},"loc":{"start":{"line":220,"column":28},"end":{"line":220,"column":null}},"line":220},"11":{"name":"(anonymous_11)","decl":{"start":{"line":231,"column":2},"end":{"line":231,"column":10}},"loc":{"start":{"line":231,"column":101},"end":{"line":276,"column":null}},"line":231},"12":{"name":"(anonymous_12)","decl":{"start":{"line":281,"column":2},"end":{"line":281,"column":25}},"loc":{"start":{"line":281,"column":25},"end":{"line":287,"column":null}},"line":281},"13":{"name":"(anonymous_13)","decl":{"start":{"line":292,"column":2},"end":{"line":292,"column":13}},"loc":{"start":{"line":292,"column":31},"end":{"line":315,"column":null}},"line":292},"14":{"name":"(anonymous_14)","decl":{"start":{"line":297,"column":31},"end":{"line":297,"column":43}},"loc":{"start":{"line":297,"column":43},"end":{"line":303,"column":7}},"line":297},"15":{"name":"(anonymous_15)","decl":{"start":{"line":320,"column":2},"end":{"line":320,"column":17}},"loc":{"start":{"line":320,"column":36},"end":{"line":336,"column":null}},"line":320},"16":{"name":"(anonymous_16)","decl":{"start":{"line":341,"column":2},"end":{"line":341,"column":11}},"loc":{"start":{"line":341,"column":32},"end":{"line":359,"column":null}},"line":341},"17":{"name":"(anonymous_17)","decl":{"start":{"line":345,"column":13},"end":{"line":345,"column":19}},"loc":{"start":{"line":345,"column":19},"end":{"line":358,"column":5}},"line":345},"18":{"name":"(anonymous_18)","decl":{"start":{"line":364,"column":2},"end":{"line":364,"column":11}},"loc":{"start":{"line":364,"column":70},"end":{"line":368,"column":null}},"line":364},"19":{"name":"(anonymous_19)","decl":{"start":{"line":373,"column":2},"end":{"line":373,"column":10}},"loc":{"start":{"line":373,"column":68},"end":{"line":384,"column":null}},"line":373},"20":{"name":"(anonymous_20)","decl":{"start":{"line":389,"column":2},"end":{"line":389,"column":12}},"loc":{"start":{"line":389,"column":50},"end":{"line":392,"column":null}},"line":389},"21":{"name":"(anonymous_21)","decl":{"start":{"line":397,"column":2},"end":{"line":397,"column":12}},"loc":{"start":{"line":397,"column":50},"end":{"line":400,"column":null}},"line":397},"22":{"name":"(anonymous_22)","decl":{"start":{"line":406,"column":2},"end":{"line":406,"column":29}},"loc":{"start":{"line":406,"column":29},"end":{"line":428,"column":null}},"line":406},"23":{"name":"(anonymous_23)","decl":{"start":{"line":430,"column":2},"end":{"line":430,"column":42}},"loc":{"start":{"line":430,"column":42},"end":{"line":433,"column":null}},"line":430},"24":{"name":"createViewer","decl":{"start":{"line":439,"column":16},"end":{"line":439,"column":29}},"loc":{"start":{"line":439,"column":69},"end":{"line":441,"column":null}},"line":439}},"branchMap":{"0":{"loc":{"start":{"line":9,"column":0},"end":{"line":14,"column":null}},"type":"if","locations":[{"start":{"line":9,"column":0},"end":{"line":14,"column":null}},{"start":{},"end":{}}],"line":9},"1":{"loc":{"start":{"line":12,"column":15},"end":{"line":12,"column":null}},"type":"binary-expr","locations":[{"start":{"line":12,"column":15},"end":{"line":12,"column":30}},{"start":{"line":12,"column":30},"end":{"line":12,"column":null}}],"line":12},"2":{"loc":{"start":{"line":62,"column":4},"end":{"line":64,"column":null}},"type":"if","locations":[{"start":{"line":62,"column":4},"end":{"line":64,"column":null}},{"start":{},"end":{}}],"line":62},"3":{"loc":{"start":{"line":67,"column":6},"end":{"line":69,"column":null}},"type":"cond-expr","locations":[{"start":{"line":68,"column":10},"end":{"line":68,"column":null}},{"start":{"line":69,"column":10},"end":{"line":69,"column":null}}],"line":67},"4":{"loc":{"start":{"line":71,"column":4},"end":{"line":73,"column":null}},"type":"if","locations":[{"start":{"line":71,"column":4},"end":{"line":73,"column":null}},{"start":{},"end":{}}],"line":71},"5":{"loc":{"start":{"line":79,"column":4},"end":{"line":87,"column":null}},"type":"if","locations":[{"start":{"line":79,"column":4},"end":{"line":87,"column":null}},{"start":{},"end":{}}],"line":79},"6":{"loc":{"start":{"line":79,"column":8},"end":{"line":79,"column":47}},"type":"binary-expr","locations":[{"start":{"line":79,"column":8},"end":{"line":79,"column":28}},{"start":{"line":79,"column":28},"end":{"line":79,"column":47}}],"line":79},"7":{"loc":{"start":{"line":89,"column":21},"end":{"line":89,"column":null}},"type":"cond-expr","locations":[{"start":{"line":89,"column":33},"end":{"line":89,"column":70}},{"start":{"line":89,"column":70},"end":{"line":89,"column":null}}],"line":89},"8":{"loc":{"start":{"line":95,"column":33},"end":{"line":95,"column":null}},"type":"binary-expr","locations":[{"start":{"line":95,"column":33},"end":{"line":95,"column":45}},{"start":{"line":95,"column":45},"end":{"line":95,"column":null}}],"line":95},"9":{"loc":{"start":{"line":97,"column":22},"end":{"line":97,"column":null}},"type":"binary-expr","locations":[{"start":{"line":97,"column":22},"end":{"line":97,"column":43}},{"start":{"line":97,"column":43},"end":{"line":97,"column":null}}],"line":97},"10":{"loc":{"start":{"line":99,"column":19},"end":{"line":99,"column":null}},"type":"cond-expr","locations":[{"start":{"line":99,"column":75},"end":{"line":99,"column":99}},{"start":{"line":99,"column":99},"end":{"line":99,"column":null}}],"line":99},"11":{"loc":{"start":{"line":99,"column":19},"end":{"line":99,"column":75}},"type":"binary-expr","locations":[{"start":{"line":99,"column":19},"end":{"line":99,"column":31}},{"start":{"line":99,"column":31},"end":{"line":99,"column":75}}],"line":99},"12":{"loc":{"start":{"line":128,"column":4},"end":{"line":130,"column":null}},"type":"if","locations":[{"start":{"line":128,"column":4},"end":{"line":130,"column":null}},{"start":{},"end":{}}],"line":128},"13":{"loc":{"start":{"line":128,"column":8},"end":{"line":128,"column":43}},"type":"binary-expr","locations":[{"start":{"line":128,"column":8},"end":{"line":128,"column":34}},{"start":{"line":128,"column":34},"end":{"line":128,"column":43}}],"line":128},"14":{"loc":{"start":{"line":134,"column":4},"end":{"line":146,"column":null}},"type":"if","locations":[{"start":{"line":134,"column":4},"end":{"line":146,"column":null}},{"start":{"line":144,"column":11},"end":{"line":146,"column":null}}],"line":134},"15":{"loc":{"start":{"line":138,"column":8},"end":{"line":138,"column":null}},"type":"if","locations":[{"start":{"line":138,"column":8},"end":{"line":138,"column":null}},{"start":{},"end":{}}],"line":138},"16":{"loc":{"start":{"line":155,"column":4},"end":{"line":158,"column":null}},"type":"if","locations":[{"start":{"line":155,"column":4},"end":{"line":158,"column":null}},{"start":{},"end":{}}],"line":155},"17":{"loc":{"start":{"line":155,"column":8},"end":{"line":155,"column":43}},"type":"binary-expr","locations":[{"start":{"line":155,"column":8},"end":{"line":155,"column":34}},{"start":{"line":155,"column":34},"end":{"line":155,"column":43}}],"line":155},"18":{"loc":{"start":{"line":159,"column":4},"end":{"line":162,"column":null}},"type":"if","locations":[{"start":{"line":159,"column":4},"end":{"line":162,"column":null}},{"start":{},"end":{}}],"line":159},"19":{"loc":{"start":{"line":179,"column":4},"end":{"line":182,"column":null}},"type":"if","locations":[{"start":{"line":179,"column":4},"end":{"line":182,"column":null}},{"start":{},"end":{}}],"line":179},"20":{"loc":{"start":{"line":184,"column":4},"end":{"line":187,"column":null}},"type":"if","locations":[{"start":{"line":184,"column":4},"end":{"line":187,"column":null}},{"start":{},"end":{}}],"line":184},"21":{"loc":{"start":{"line":184,"column":8},"end":{"line":184,"column":43}},"type":"binary-expr","locations":[{"start":{"line":184,"column":8},"end":{"line":184,"column":34}},{"start":{"line":184,"column":34},"end":{"line":184,"column":43}}],"line":184},"22":{"loc":{"start":{"line":188,"column":4},"end":{"line":191,"column":null}},"type":"if","locations":[{"start":{"line":188,"column":4},"end":{"line":191,"column":null}},{"start":{},"end":{}}],"line":188},"23":{"loc":{"start":{"line":195,"column":4},"end":{"line":195,"column":null}},"type":"if","locations":[{"start":{"line":195,"column":4},"end":{"line":195,"column":null}},{"start":{},"end":{}}],"line":195},"24":{"loc":{"start":{"line":215,"column":18},"end":{"line":215,"column":null}},"type":"binary-expr","locations":[{"start":{"line":215,"column":18},"end":{"line":215,"column":39}},{"start":{"line":215,"column":39},"end":{"line":215,"column":null}}],"line":215},"25":{"loc":{"start":{"line":216,"column":21},"end":{"line":216,"column":null}},"type":"binary-expr","locations":[{"start":{"line":216,"column":21},"end":{"line":216,"column":63}},{"start":{"line":216,"column":63},"end":{"line":216,"column":null}}],"line":216},"26":{"loc":{"start":{"line":218,"column":37},"end":{"line":218,"column":null}},"type":"cond-expr","locations":[{"start":{"line":218,"column":51},"end":{"line":218,"column":92}},{"start":{"line":218,"column":92},"end":{"line":218,"column":null}}],"line":218},"27":{"loc":{"start":{"line":232,"column":4},"end":{"line":232,"column":null}},"type":"if","locations":[{"start":{"line":232,"column":4},"end":{"line":232,"column":null}},{"start":{},"end":{}}],"line":232},"28":{"loc":{"start":{"line":236,"column":4},"end":{"line":238,"column":null}},"type":"if","locations":[{"start":{"line":236,"column":4},"end":{"line":238,"column":null}},{"start":{},"end":{}}],"line":236},"29":{"loc":{"start":{"line":274,"column":55},"end":{"line":274,"column":98}},"type":"cond-expr","locations":[{"start":{"line":274,"column":76},"end":{"line":274,"column":88}},{"start":{"line":274,"column":88},"end":{"line":274,"column":98}}],"line":274},"30":{"loc":{"start":{"line":282,"column":4},"end":{"line":282,"column":null}},"type":"if","locations":[{"start":{"line":282,"column":4},"end":{"line":282,"column":null}},{"start":{},"end":{}}],"line":282},"31":{"loc":{"start":{"line":284,"column":4},"end":{"line":286,"column":null}},"type":"if","locations":[{"start":{"line":284,"column":4},"end":{"line":286,"column":null}},{"start":{},"end":{}}],"line":284},"32":{"loc":{"start":{"line":293,"column":4},"end":{"line":293,"column":null}},"type":"if","locations":[{"start":{"line":293,"column":4},"end":{"line":293,"column":null}},{"start":{},"end":{}}],"line":293},"33":{"loc":{"start":{"line":295,"column":4},"end":{"line":314,"column":null}},"type":"if","locations":[{"start":{"line":295,"column":4},"end":{"line":314,"column":null}},{"start":{},"end":{}}],"line":295},"34":{"loc":{"start":{"line":298,"column":8},"end":{"line":302,"column":null}},"type":"if","locations":[{"start":{"line":298,"column":8},"end":{"line":302,"column":null}},{"start":{},"end":{}}],"line":298},"35":{"loc":{"start":{"line":321,"column":4},"end":{"line":321,"column":null}},"type":"if","locations":[{"start":{"line":321,"column":4},"end":{"line":321,"column":null}},{"start":{},"end":{}}],"line":321},"36":{"loc":{"start":{"line":324,"column":4},"end":{"line":324,"column":null}},"type":"if","locations":[{"start":{"line":324,"column":4},"end":{"line":324,"column":null}},{"start":{},"end":{}}],"line":324},"37":{"loc":{"start":{"line":324,"column":8},"end":{"line":324,"column":36}},"type":"binary-expr","locations":[{"start":{"line":324,"column":8},"end":{"line":324,"column":17}},{"start":{"line":324,"column":17},"end":{"line":324,"column":36}}],"line":324},"38":{"loc":{"start":{"line":328,"column":4},"end":{"line":328,"column":null}},"type":"if","locations":[{"start":{"line":328,"column":4},"end":{"line":328,"column":null}},{"start":{},"end":{}}],"line":328},"39":{"loc":{"start":{"line":331,"column":4},"end":{"line":335,"column":null}},"type":"if","locations":[{"start":{"line":331,"column":4},"end":{"line":335,"column":null}},{"start":{"line":333,"column":11},"end":{"line":335,"column":null}}],"line":331},"40":{"loc":{"start":{"line":342,"column":4},"end":{"line":342,"column":null}},"type":"if","locations":[{"start":{"line":342,"column":4},"end":{"line":342,"column":null}},{"start":{},"end":{}}],"line":342},"41":{"loc":{"start":{"line":346,"column":6},"end":{"line":357,"column":null}},"type":"if","locations":[{"start":{"line":346,"column":6},"end":{"line":357,"column":null}},{"start":{"line":349,"column":6},"end":{"line":357,"column":null}}],"line":346},"42":{"loc":{"start":{"line":349,"column":6},"end":{"line":357,"column":null}},"type":"if","locations":[{"start":{"line":349,"column":6},"end":{"line":357,"column":null}},{"start":{"line":353,"column":6},"end":{"line":357,"column":null}}],"line":349},"43":{"loc":{"start":{"line":353,"column":6},"end":{"line":357,"column":null}},"type":"if","locations":[{"start":{"line":353,"column":6},"end":{"line":357,"column":null}},{"start":{},"end":{}}],"line":353},"44":{"loc":{"start":{"line":365,"column":4},"end":{"line":365,"column":null}},"type":"if","locations":[{"start":{"line":365,"column":4},"end":{"line":365,"column":null}},{"start":{},"end":{}}],"line":365},"45":{"loc":{"start":{"line":367,"column":31},"end":{"line":367,"column":42}},"type":"binary-expr","locations":[{"start":{"line":367,"column":31},"end":{"line":367,"column":40}},{"start":{"line":367,"column":40},"end":{"line":367,"column":42}}],"line":367},"46":{"loc":{"start":{"line":374,"column":4},"end":{"line":374,"column":null}},"type":"if","locations":[{"start":{"line":374,"column":4},"end":{"line":374,"column":null}},{"start":{},"end":{}}],"line":374},"47":{"loc":{"start":{"line":390,"column":4},"end":{"line":390,"column":null}},"type":"if","locations":[{"start":{"line":390,"column":4},"end":{"line":390,"column":null}},{"start":{},"end":{}}],"line":390},"48":{"loc":{"start":{"line":398,"column":4},"end":{"line":398,"column":null}},"type":"if","locations":[{"start":{"line":398,"column":4},"end":{"line":398,"column":null}},{"start":{},"end":{}}],"line":398},"49":{"loc":{"start":{"line":407,"column":4},"end":{"line":409,"column":null}},"type":"if","locations":[{"start":{"line":407,"column":4},"end":{"line":409,"column":null}},{"start":{},"end":{}}],"line":407},"50":{"loc":{"start":{"line":408,"column":13},"end":{"line":408,"column":null}},"type":"binary-expr","locations":[{"start":{"line":408,"column":13},"end":{"line":408,"column":26}},{"start":{"line":408,"column":26},"end":{"line":408,"column":null}}],"line":408},"51":{"loc":{"start":{"line":431,"column":4},"end":{"line":431,"column":null}},"type":"if","locations":[{"start":{"line":431,"column":4},"end":{"line":431,"column":null}},{"start":{},"end":{}}],"line":431}},"s":{"0":0,"1":0,"2":0,"3":0,"4":0,"5":0,"6":0,"7":0,"8":0,"9":0,"10":0,"11":0,"12":0,"13":0,"14":0,"15":0,"16":0,"17":0,"18":0,"19":0,"20":0,"21":0,"22":0,"23":0,"24":0,"25":0,"26":0,"27":0,"28":0,"29":0,"30":0,"31":0,"32":0,"33":0,"34":0,"35":0,"36":0,"37":0,"38":0,"39":0,"40":0,"41":0,"42":0,"43":0,"44":0,"45":0,"46":0,"47":0,"48":0,"49":0,"50":0,"51":0,"52":0,"53":0,"54":0,"55":0,"56":0,"57":0,"58":0,"59":0,"60":0,"61":0,"62":0,"63":0,"64":0,"65":0,"66":0,"67":0,"68":0,"69":0,"70":0,"71":0,"72":0,"73":0,"74":0,"75":0,"76":0,"77":0,"78":0,"79":0,"80":0,"81":0,"82":0,"83":0,"84":0,"85":0,"86":0,"87":0,"88":0,"89":0,"90":0,"91":0,"92":0,"93":0,"94":0,"95":0,"96":0,"97":0,"98":0,"99":0,"100":0,"101":0,"102":0,"103":0,"104":0,"105":0,"106":0,"107":0,"108":0,"109":0,"110":0,"111":0,"112":0,"113":0,"114":0,"115":0,"116":0,"117":0,"118":0,"119":0,"120":0,"121":0,"122":0,"123":0,"124":0,"125":0,"126":0,"127":0,"128":0,"129":0,"130":0,"131":0,"132":0,"133":0,"134":0,"135":0,"136":0,"137":0,"138":0,"139":0,"140":0,"141":0,"142":0,"143":0,"144":0,"145":0,"146":0,"147":0,"148":0,"149":0,"150":0,"151":0,"152":0,"153":0,"154":0,"155":0,"156":0,"157":0,"158":0,"159":0,"160":0,"161":0,"162":0,"163":0,"164":0,"165":0,"166":0,"167":0,"168":0,"169":0,"170":0},"f":{"0":0,"1":0,"2":0,"3":0,"4":0,"5":0,"6":0,"7":0,"8":0,"9":0,"10":0,"11":0,"12":0,"13":0,"14":0,"15":0,"16":0,"17":0,"18":0,"19":0,"20":0,"21":0,"22":0,"23":0,"24":0},"b":{"0":[0,0],"1":[0,0],"2":[0,0],"3":[0,0],"4":[0,0],"5":[0,0],"6":[0,0],"7":[0,0],"8":[0,0],"9":[0,0],"10":[0,0],"11":[0,0],"12":[0,0],"13":[0,0],"14":[0,0],"15":[0,0],"16":[0,0],"17":[0,0],"18":[0,0],"19":[0,0],"20":[0,0],"21":[0,0],"22":[0,0],"23":[0,0],"24":[0,0],"25":[0,0],"26":[0,0],"27":[0,0],"28":[0,0],"29":[0,0],"30":[0,0],"31":[0,0],"32":[0,0],"33":[0,0],"34":[0,0],"35":[0,0],"36":[0,0],"37":[0,0],"38":[0,0],"39":[0,0],"40":[0,0],"41":[0,0],"42":[0,0],"43":[0,0],"44":[0,0],"45":[0,0],"46":[0,0],"47":[0,0],"48":[0,0],"49":[0,0],"50":[0,0],"51":[0,0]},"meta":{"lastBranch":52,"lastFunction":25,"lastStatement":171,"seen":{"b:9:0:14:Infinity:undefined:undefined:undefined:undefined":0,"s:9:0:14:Infinity":0,"s:10:2:10:Infinity":1,"s:11:2:11:Infinity":2,"s:12:2:12:Infinity":3,"b:12:15:12:30:12:30:12:Infinity":1,"s:13:2:13:Infinity":4,"s:43:27:43:Infinity":5,"s:48:51:48:Infinity":6,"s:49:46:49:Infinity":7,"f:51:2:51:14":0,"s:52:4:52:Infinity":8,"s:53:4:53:Infinity":9,"s:54:4:54:Infinity":10,"s:55:4:55:Infinity":11,"f:61:8:61:30":1,"b:62:4:64:Infinity:undefined:undefined:undefined:undefined":2,"s:62:4:64:Infinity":12,"s:63:6:63:Infinity":13,"s:67:6:69:Infinity":14,"b:68:10:68:Infinity:69:10:69:Infinity":3,"b:71:4:73:Infinity:undefined:undefined:undefined:undefined":4,"s:71:4:73:Infinity":15,"s:72:6:72:Infinity":16,"s:77:24:77:Infinity":17,"s:78:17:78:Infinity":18,"b:79:4:87:Infinity:undefined:undefined:undefined:undefined":5,"s:79:4:87:Infinity":19,"b:79:8:79:28:79:28:79:47":6,"s:80:6:85:Infinity":20,"s:86:6:86:Infinity":21,"s:89:21:89:Infinity":22,"b:89:33:89:70:89:70:89:Infinity":7,"s:94:21:94:Infinity":23,"s:95:30:95:Infinity":24,"b:95:33:95:45:95:45:95:Infinity":8,"s:96:25:96:Infinity":25,"f:96:39:96:44":2,"s:96:44:96:68":26,"s:97:22:97:Infinity":27,"b:97:22:97:43:97:43:97:Infinity":9,"s:99:19:99:Infinity":28,"b:99:75:99:99:99:99:99:Infinity":10,"b:99:19:99:31:99:31:99:75":11,"s:101:10:101:Infinity":29,"s:103:4:116:Infinity":30,"s:119:4:121:Infinity":31,"s:124:27:124:Infinity":32,"s:125:4:125:Infinity":33,"b:128:4:130:Infinity:undefined:undefined:undefined:undefined":12,"s:128:4:130:Infinity":34,"b:128:8:128:34:128:34:128:43":13,"s:129:6:129:Infinity":35,"b:134:4:146:Infinity:144:11:146:Infinity":14,"s:134:4:146:Infinity":36,"s:135:6:135:Infinity":37,"s:137:12:141:Infinity":38,"f:137:88:137:94":3,"b:138:8:138:Infinity:undefined:undefined:undefined:undefined":15,"s:138:8:138:Infinity":39,"s:138:22:138:Infinity":40,"s:139:8:139:Infinity":41,"s:140:8:140:Infinity":42,"s:142:6:142:Infinity":43,"s:143:6:143:Infinity":44,"s:145:6:145:Infinity":45,"f:152:8:152:13":4,"s:153:4:153:Infinity":46,"b:155:4:158:Infinity:undefined:undefined:undefined:undefined":16,"s:155:4:158:Infinity":47,"b:155:8:155:34:155:34:155:43":17,"s:156:6:156:Infinity":48,"s:157:6:157:Infinity":49,"b:159:4:162:Infinity:undefined:undefined:undefined:undefined":18,"s:159:4:162:Infinity":50,"s:160:6:160:Infinity":51,"s:161:6:161:Infinity":52,"s:164:4:164:Infinity":53,"f:170:6:170:32":5,"s:171:4:171:Infinity":54,"f:177:2:177:18":6,"b:179:4:182:Infinity:undefined:undefined:undefined:undefined":19,"s:179:4:182:Infinity":55,"s:180:6:180:Infinity":56,"s:181:6:181:Infinity":57,"b:184:4:187:Infinity:undefined:undefined:undefined:undefined":20,"s:184:4:187:Infinity":58,"b:184:8:184:34:184:34:184:43":21,"s:185:6:185:Infinity":59,"s:186:6:186:Infinity":60,"b:188:4:191:Infinity:undefined:undefined:undefined:undefined":22,"s:188:4:191:Infinity":61,"s:189:6:189:Infinity":62,"s:190:6:190:Infinity":63,"f:194:2:194:16":7,"b:195:4:195:Infinity:undefined:undefined:undefined:undefined":23,"s:195:4:195:Infinity":64,"s:195:18:195:Infinity":65,"s:196:15:196:Infinity":66,"s:197:4:197:Infinity":67,"s:198:4:198:Infinity":68,"s:199:4:199:Infinity":69,"s:200:4:200:Infinity":70,"s:201:4:201:Infinity":71,"s:202:4:202:Infinity":72,"s:203:4:203:Infinity":73,"s:204:4:204:Infinity":74,"s:205:4:205:Infinity":75,"s:207:4:207:Infinity":76,"s:208:4:208:Infinity":77,"f:214:10:214:29":8,"s:215:18:215:Infinity":78,"b:215:18:215:39:215:39:215:Infinity":24,"s:216:21:216:Infinity":79,"b:216:21:216:63:216:63:216:Infinity":25,"s:217:21:217:Infinity":80,"s:218:20:218:Infinity":81,"f:218:20:218:21":9,"s:218:37:218:Infinity":82,"b:218:51:218:92:218:92:218:Infinity":26,"s:219:10:219:Infinity":83,"s:220:27:220:Infinity":84,"f:220:27:220:28":10,"s:220:28:220:Infinity":85,"s:221:26:224:Infinity":86,"s:225:4:225:Infinity":87,"f:231:2:231:10":11,"b:232:4:232:Infinity:undefined:undefined:undefined:undefined":27,"s:232:4:232:Infinity":88,"s:232:18:232:Infinity":89,"s:235:13:235:Infinity":90,"b:236:4:238:Infinity:undefined:undefined:undefined:undefined":28,"s:236:4:238:Infinity":91,"s:237:6:237:Infinity":92,"s:241:19:241:Infinity":93,"s:242:18:242:Infinity":94,"s:243:4:246:Infinity":95,"s:244:6:244:Infinity":96,"s:245:6:245:Infinity":97,"s:248:36:257:Infinity":98,"s:259:4:259:Infinity":99,"s:262:4:275:Infinity":100,"s:263:40:270:Infinity":101,"s:271:21:271:Infinity":102,"s:272:6:272:Infinity":103,"s:274:6:274:Infinity":104,"b:274:76:274:88:274:88:274:98":29,"f:281:2:281:25":12,"b:282:4:282:Infinity:undefined:undefined:undefined:undefined":30,"s:282:4:282:Infinity":105,"s:282:18:282:Infinity":106,"s:283:21:283:Infinity":107,"b:284:4:286:Infinity:undefined:undefined:undefined:undefined":31,"s:284:4:286:Infinity":108,"s:285:6:285:Infinity":109,"f:292:2:292:13":13,"b:293:4:293:Infinity:undefined:undefined:undefined:undefined":32,"s:293:4:293:Infinity":110,"s:293:18:293:Infinity":111,"s:294:17:294:Infinity":112,"b:295:4:314:Infinity:undefined:undefined:undefined:undefined":33,"s:295:4:314:Infinity":113,"s:297:6:303:Infinity":114,"f:297:31:297:43":14,"b:298:8:302:Infinity:undefined:undefined:undefined:undefined":34,"s:298:8:302:Infinity":115,"s:299:10:299:Infinity":116,"s:300:10:300:Infinity":117,"s:301:10:301:Infinity":118,"s:305:6:305:Infinity":119,"s:306:6:306:Infinity":120,"s:307:6:313:Infinity":121,"f:320:2:320:17":15,"b:321:4:321:Infinity:undefined:undefined:undefined:undefined":35,"s:321:4:321:Infinity":122,"s:321:18:321:Infinity":123,"s:323:10:323:Infinity":124,"b:324:4:324:Infinity:undefined:undefined:undefined:undefined":36,"s:324:4:324:Infinity":125,"b:324:8:324:17:324:17:324:36":37,"s:324:36:324:Infinity":126,"s:327:21:327:Infinity":127,"b:328:4:328:Infinity:undefined:undefined:undefined:undefined":38,"s:328:4:328:Infinity":128,"s:328:31:328:Infinity":129,"s:330:24:330:Infinity":130,"b:331:4:335:Infinity:333:11:335:Infinity":39,"s:331:4:335:Infinity":131,"s:332:6:332:Infinity":132,"s:334:6:334:Infinity":133,"f:341:2:341:11":16,"b:342:4:342:Infinity:undefined:undefined:undefined:undefined":40,"s:342:4:342:Infinity":134,"s:342:18:342:Infinity":135,"s:344:15:344:Infinity":136,"s:345:4:358:Infinity":137,"f:345:13:345:19":17,"b:346:6:357:Infinity:349:6:357:Infinity":41,"s:346:6:357:Infinity":138,"s:348:8:348:Infinity":139,"b:349:6:357:Infinity:353:6:357:Infinity":42,"s:349:6:357:Infinity":140,"s:351:8:351:Infinity":141,"s:352:8:352:Infinity":142,"b:353:6:357:Infinity:undefined:undefined:undefined:undefined":43,"s:353:6:357:Infinity":143,"s:355:8:355:Infinity":144,"s:356:8:356:Infinity":145,"f:364:2:364:11":18,"b:365:4:365:Infinity:undefined:undefined:undefined:undefined":44,"s:365:4:365:Infinity":146,"s:365:18:365:Infinity":147,"s:366:4:366:Infinity":148,"s:367:4:367:Infinity":149,"b:367:31:367:40:367:40:367:42":45,"f:373:2:373:10":19,"b:374:4:374:Infinity:undefined:undefined:undefined:undefined":46,"s:374:4:374:Infinity":150,"s:374:18:374:Infinity":151,"s:376:4:383:Infinity":152,"f:389:2:389:12":20,"b:390:4:390:Infinity:undefined:undefined:undefined:undefined":47,"s:390:4:390:Infinity":153,"s:390:18:390:Infinity":154,"s:391:4:391:Infinity":155,"f:397:2:397:12":21,"b:398:4:398:Infinity:undefined:undefined:undefined:undefined":48,"s:398:4:398:Infinity":156,"s:398:18:398:Infinity":157,"s:399:4:399:Infinity":158,"f:406:2:406:29":22,"b:407:4:409:Infinity:undefined:undefined:undefined:undefined":49,"s:407:4:409:Infinity":159,"s:408:6:408:Infinity":160,"b:408:13:408:26:408:26:408:Infinity":50,"s:411:35:415:Infinity":161,"s:418:10:418:Infinity":162,"s:419:5:419:Infinity":163,"s:422:4:422:Infinity":164,"s:425:4:425:Infinity":165,"s:427:4:427:Infinity":166,"f:430:2:430:42":23,"b:431:4:431:Infinity:undefined:undefined:undefined:undefined":51,"s:431:4:431:Infinity":167,"s:431:18:431:Infinity":168,"s:432:4:432:Infinity":169,"f:439:16:439:29":24,"s:440:2:440:Infinity":170}}}
,"/Users/dilipkola/Workspace/sruja-lang/packages/viewer/src/graph/builders.ts": {"path":"/Users/dilipkola/Workspace/sruja-lang/packages/viewer/src/graph/builders.ts","statementMap":{"0":{"start":{"line":5,"column":40},"end":{"line":5,"column":null}},"1":{"start":{"line":7,"column":2},"end":{"line":15,"column":null}},"2":{"start":{"line":8,"column":4},"end":{"line":14,"column":null}},"3":{"start":{"line":9,"column":6},"end":{"line":9,"column":null}},"4":{"start":{"line":10,"column":6},"end":{"line":13,"column":null}},"5":{"start":{"line":17,"column":2},"end":{"line":51,"column":null}},"6":{"start":{"line":18,"column":4},"end":{"line":50,"column":null}},"7":{"start":{"line":19,"column":6},"end":{"line":19,"column":null}},"8":{"start":{"line":20,"column":6},"end":{"line":20,"column":null}},"9":{"start":{"line":22,"column":6},"end":{"line":35,"column":null}},"10":{"start":{"line":23,"column":8},"end":{"line":34,"column":null}},"11":{"start":{"line":24,"column":21},"end":{"line":24,"column":null}},"12":{"start":{"line":25,"column":10},"end":{"line":25,"column":null}},"13":{"start":{"line":26,"column":10},"end":{"line":26,"column":null}},"14":{"start":{"line":27,"column":10},"end":{"line":33,"column":null}},"15":{"start":{"line":28,"column":12},"end":{"line":32,"column":null}},"16":{"start":{"line":29,"column":26},"end":{"line":29,"column":null}},"17":{"start":{"line":30,"column":14},"end":{"line":30,"column":null}},"18":{"start":{"line":31,"column":14},"end":{"line":31,"column":null}},"19":{"start":{"line":36,"column":6},"end":{"line":42,"column":null}},"20":{"start":{"line":37,"column":8},"end":{"line":41,"column":null}},"21":{"start":{"line":38,"column":21},"end":{"line":38,"column":null}},"22":{"start":{"line":39,"column":10},"end":{"line":39,"column":null}},"23":{"start":{"line":40,"column":10},"end":{"line":40,"column":null}},"24":{"start":{"line":43,"column":6},"end":{"line":49,"column":null}},"25":{"start":{"line":44,"column":8},"end":{"line":48,"column":null}},"26":{"start":{"line":45,"column":21},"end":{"line":45,"column":null}},"27":{"start":{"line":46,"column":10},"end":{"line":46,"column":null}},"28":{"start":{"line":47,"column":10},"end":{"line":47,"column":null}},"29":{"start":{"line":53,"column":2},"end":{"line":65,"column":null}},"30":{"start":{"line":54,"column":4},"end":{"line":64,"column":null}},"31":{"start":{"line":55,"column":6},"end":{"line":55,"column":null}},"32":{"start":{"line":56,"column":6},"end":{"line":56,"column":null}},"33":{"start":{"line":57,"column":6},"end":{"line":63,"column":null}},"34":{"start":{"line":58,"column":8},"end":{"line":62,"column":null}},"35":{"start":{"line":59,"column":21},"end":{"line":59,"column":null}},"36":{"start":{"line":60,"column":10},"end":{"line":60,"column":null}},"37":{"start":{"line":61,"column":10},"end":{"line":61,"column":null}},"38":{"start":{"line":67,"column":2},"end":{"line":72,"column":null}},"39":{"start":{"line":68,"column":4},"end":{"line":71,"column":null}},"40":{"start":{"line":69,"column":6},"end":{"line":69,"column":null}},"41":{"start":{"line":70,"column":6},"end":{"line":70,"column":null}},"42":{"start":{"line":74,"column":2},"end":{"line":79,"column":null}},"43":{"start":{"line":75,"column":4},"end":{"line":78,"column":null}},"44":{"start":{"line":76,"column":6},"end":{"line":76,"column":null}},"45":{"start":{"line":77,"column":6},"end":{"line":77,"column":null}},"46":{"start":{"line":81,"column":2},"end":{"line":86,"column":null}},"47":{"start":{"line":82,"column":4},"end":{"line":85,"column":null}},"48":{"start":{"line":83,"column":6},"end":{"line":83,"column":null}},"49":{"start":{"line":84,"column":6},"end":{"line":84,"column":null}},"50":{"start":{"line":88,"column":2},"end":{"line":93,"column":null}},"51":{"start":{"line":89,"column":4},"end":{"line":92,"column":null}},"52":{"start":{"line":90,"column":6},"end":{"line":90,"column":null}},"53":{"start":{"line":91,"column":6},"end":{"line":91,"column":null}},"54":{"start":{"line":95,"column":2},"end":{"line":100,"column":null}},"55":{"start":{"line":96,"column":4},"end":{"line":99,"column":null}},"56":{"start":{"line":97,"column":6},"end":{"line":97,"column":null}},"57":{"start":{"line":98,"column":6},"end":{"line":98,"column":null}},"58":{"start":{"line":102,"column":2},"end":{"line":102,"column":null}},"59":{"start":{"line":106,"column":37},"end":{"line":106,"column":null}},"60":{"start":{"line":107,"column":2},"end":{"line":115,"column":null}},"61":{"start":{"line":108,"column":4},"end":{"line":114,"column":null}},"62":{"start":{"line":109,"column":21},"end":{"line":109,"column":null}},"63":{"start":{"line":110,"column":19},"end":{"line":110,"column":null}},"64":{"start":{"line":111,"column":6},"end":{"line":113,"column":null}},"65":{"start":{"line":112,"column":8},"end":{"line":112,"column":null}},"66":{"start":{"line":116,"column":2},"end":{"line":116,"column":null}},"67":{"start":{"line":120,"column":37},"end":{"line":120,"column":null}},"68":{"start":{"line":121,"column":2},"end":{"line":133,"column":null}},"69":{"start":{"line":122,"column":4},"end":{"line":132,"column":null}},"70":{"start":{"line":123,"column":6},"end":{"line":131,"column":null}},"71":{"start":{"line":124,"column":8},"end":{"line":130,"column":null}},"72":{"start":{"line":125,"column":25},"end":{"line":125,"column":null}},"73":{"start":{"line":126,"column":23},"end":{"line":126,"column":null}},"74":{"start":{"line":127,"column":10},"end":{"line":129,"column":null}},"75":{"start":{"line":128,"column":12},"end":{"line":128,"column":null}},"76":{"start":{"line":134,"column":2},"end":{"line":134,"column":null}}},"fnMap":{"0":{"name":"buildNodes","decl":{"start":{"line":4,"column":16},"end":{"line":4,"column":27}},"loc":{"start":{"line":4,"column":172},"end":{"line":103,"column":null}},"line":4},"1":{"name":"buildTopLevelRelations","decl":{"start":{"line":105,"column":16},"end":{"line":105,"column":39}},"loc":{"start":{"line":105,"column":140},"end":{"line":117,"column":null}},"line":105},"2":{"name":"buildSystemRelations","decl":{"start":{"line":119,"column":16},"end":{"line":119,"column":37}},"loc":{"start":{"line":119,"column":120},"end":{"line":135,"column":null}},"line":119}},"branchMap":{"0":{"loc":{"start":{"line":7,"column":2},"end":{"line":15,"column":null}},"type":"if","locations":[{"start":{"line":7,"column":2},"end":{"line":15,"column":null}},{"start":{},"end":{}}],"line":7},"1":{"loc":{"start":{"line":11,"column":38},"end":{"line":11,"column":65}},"type":"binary-expr","locations":[{"start":{"line":11,"column":38},"end":{"line":11,"column":54}},{"start":{"line":11,"column":54},"end":{"line":11,"column":65}}],"line":11},"2":{"loc":{"start":{"line":17,"column":2},"end":{"line":51,"column":null}},"type":"if","locations":[{"start":{"line":17,"column":2},"end":{"line":51,"column":null}},{"start":{},"end":{}}],"line":17},"3":{"loc":{"start":{"line":20,"column":52},"end":{"line":20,"column":79}},"type":"binary-expr","locations":[{"start":{"line":20,"column":52},"end":{"line":20,"column":68}},{"start":{"line":20,"column":68},"end":{"line":20,"column":79}}],"line":20},"4":{"loc":{"start":{"line":22,"column":6},"end":{"line":35,"column":null}},"type":"if","locations":[{"start":{"line":22,"column":6},"end":{"line":35,"column":null}},{"start":{},"end":{}}],
[...]
,"end":{"line":209,"column":null}},"type":"binary-expr","locations":[{"start":{"line":208,"column":16},"end":{"line":209,"column":64}},{"start":{"line":209,"column":64},"end":{"line":209,"column":null}}],"line":208},"22":{"loc":{"start":{"line":218,"column":15},"end":{"line":218,"column":null}},"type":"cond-expr","locations":[{"start":{"line":218,"column":37},"end":{"line":218,"column":44}},{"start":{"line":218,"column":44},"end":{"line":218,"column":null}}],"line":218},"23":{"loc":{"start":{"line":218,"column":15},"end":{"line":218,"column":37}},"type":"binary-expr","locations":[{"start":{"line":218,"column":15},"end":{"line":218,"column":23}},{"start":{"line":218,"column":23},"end":{"line":218,"column":37}}],"line":218}},"s":{"0":0,"1":0,"2":0,"3":0,"4":0,"5":0,"6":0,"7":0,"8":0,"9":0,"10":0,"11":0,"12":0,"13":0,"14":0,"15":0,"16":0,"17":0,"18":0,"19":0,"20":0,"21":0,"22":0,"23":0,"24":0,"25":0,"26":0,"27":0,"28":0,"29":0,"30":0,"31":0,"32":0,"33":0,"34":0,"35":0,"36":0,"37":0,"38":0,"39":0,"40":0,"41":0,"42":0},"f":{"0":0,"1":0,"2":0,"3":0,"4":0,"5":0,"6":0,"7":0,"8":0,"9":0,"10":0,"11":0,"12":0,"13":0,"14":0,"15":0,"16":0,"17":0,"18":0,"19":0,"20":0,"21":0,"22":0,"23":0,"24":0,"25":0,"26":0,"27":0,"28":0,"29":0},"b":{"0":[0,0],"1":[0,0],"2":[0,0],"3":[0,0],"4":[0,0],"5":[0,0],"6":[0,0],"7":[0,0],"8":[0,0,0],"9":[0,0],"10":[0,0],"11":[0,0],"12":[0,0,0],"13":[0,0],"14":[0,0,0],"15":[0,0],"16":[0,0],"17":[0,0],"18":[0,0],"19":[0,0],"20":[0,0],"21":[0,0],"22":[0,0],"23":[0,0]},"meta":{"lastBranch":24,"lastFunction":30,"lastStatement":43,"seen":{"f:11:16:11:37":0,"s:12:2:31:Infinity":0,"f:26:15:26:16":1,"s:26:16:26:Infinity":1,"f:27:16:27:17":2,"s:27:17:27:Infinity":2,"f:37:16:37:35":3,"s:38:8:38:Infinity":3,"s:39:2:66:Infinity":4,"f:42:26:42:27":4,"s:42:27:43:Infinity":5,"b:42:27:43:60:43:60:43:Infinity":0,"f:47:15:47:16":5,"s:47:16:48:Infinity":6,"b:47:16:48:64:48:64:48:Infinity":1,"f:51:26:51:27":6,"s:51:27:52:Infinity":7,"b:51:27:52:69:52:69:52:Infinity":2,"f:72:16:72:35":7,"s:73:8:73:Infinity":8,"s:74:2:105:Infinity":9,"f:77:26:77:27":8,"s:77:27:78:Infinity":10,"b:77:27:78:60:78:60:78:Infinity":3,"f:82:15:82:16":9,"s:82:16:83:Infinity":11,"b:82:16:83:64:83:64:83:Infinity":4,"f:90:26:90:27":10,"s:90:27:91:Infinity":12,"b:90:27:91:69:91:69:91:Infinity":5,"f:111:16:111:38":11,"s:112:2:155:Infinity":13,"f:115:26:115:27":12,"s:115:27:116:Infinity":14,"b:115:27:116:63:116:63:116:Infinity":6,"f:120:15:120:16":13,"s:120:16:121:Infinity":15,"b:120:16:121:64:121:64:121:Infinity":7,"f:123:22:123:23":14,"s:124:14:124:Infinity":16,"s:125:24:125:Infinity":17,"b:125:24:125:36:125:36:125:68:125:68:125:Infinity":8,"s:126:8:126:Infinity":18,"b:126:25:126:30:126:30:126:Infinity":9,"f:132:26:132:27":15,"s:133:14:133:Infinity":19,"b:134:8:134:Infinity:undefined:undefined:undefined:undefined":10,"s:134:8:134:Infinity":20,"b:134:12:134:25:134:25:134:55":11,"s:134:55:134:Infinity":21,"s:135:8:135:Infinity":22,"f:142:21:142:22":16,"s:143:14:143:Infinity":23,"s:144:24:144:Infinity":24,"b:144:24:144:36:144:36:144:68:144:68:144:Infinity":12,"s:145:8:145:Infinity":25,"b:145:25:145:34:145:34:145:Infinity":13,"f:148:23:148:24":17,"s:149:14:149:Infinity":26,"s:150:24:150:Infinity":27,"b:150:24:150:36:150:36:150:68:150:68:150:Infinity":14,"s:151:8:151:Infinity":28,"b:151:25:151:29:151:29:151:Infinity":15,"f:161:16:161:38":18,"s:162:2:193:Infinity":29,"f:165:26:165:27":19,"s:165:27:166:Infinity":30,"b:165:27:166:62:166:62:166:Infinity":16,"f:170:15:170:16":20,"s:170:16:171:Infinity":31,"b:170:16:171:55:171:55:171:Infinity":17,"f:179:26:179:27":21,"s:180:14:180:Infinity":32,"s:181:8:181:Infinity":33,"b:181:37:181:44:181:44:181:Infinity":18,"b:181:15:181:23:181:23:181:37":19,"f:199:16:199:34":22,"s:200:2:230:Infinity":34,"f:203:26:203:27":23,"s:203:27:204:Infinity":35,"b:203:27:204:63:204:63:204:Infinity":20,"f:208:15:208:16":24,"s:208:16:209:Infinity":36,"b:208:16:209:64:209:64:209:Infinity":21,"f:216:26:216:27":25,"s:217:14:217:Infinity":37,"s:218:8:218:Infinity":38,"b:218:37:218:44:218:44:218:Infinity":22,"b:218:15:218:23:218:23:218:37":23,"f:236:16:236:33":26,"s:237:2:257:Infinity":39,"f:263:16:263:41":27,"s:264:2:290:Infinity":40,"f:296:16:296:36":28,"s:297:2:328:Infinity":41,"f:334:16:334:40":29,"s:335:2:338:Infinity":42}}}
,"/Users/dilipkola/Workspace/sruja-lang/packages/viewer/src/types/externals.d.ts": {"path":"/Users/dilipkola/Workspace/sruja-lang/packages/viewer/src/types/externals.d.ts","statementMap":{},"fnMap":{},"branchMap":{},"s":{},"f":{},"b":{},"meta":{"lastBranch":0,"lastFunction":0,"lastStatement":0,"seen":{}}}
,"/Users/dilipkola/Workspace/sruja-lang/packages/viewer/src/types/global.d.ts": {"path":"/Users/dilipkola/Workspace/sruja-lang/packages/viewer/src/types/global.d.ts","statementMap":{},"fnMap":{},"branchMap":{},"s":{},"f":{},"b":{},"meta":{"lastBranch":0,"lastFunction":0,"lastStatement":0,"seen":{}}}
,"/Users/dilipkola/Workspace/sruja-lang/packages/viewer/src/types/layout.ts": {"path":"/Users/dilipkola/Workspace/sruja-lang/packages/viewer/src/types/layout.ts","statementMap":{},"fnMap":{},"branchMap":{},"s":{},"f":{},"b":{},"meta":{"lastBranch":0,"lastFunction":0,"lastStatement":0,"seen":{}}}
,"/Users/dilipkola/Workspace/sruja-lang/packages/viewer/src/utils/id.ts": {"path":"/Users/dilipkola/Workspace/sruja-lang/packages/viewer/src/utils/id.ts","statementMap":{"0":{"start":{"line":4,"column":2},"end":{"line":4,"column":null}},"1":{"start":{"line":4,"column":23},"end":{"line":4,"column":null}},"2":{"start":{"line":5,"column":2},"end":{"line":20,"column":null}},"3":{"start":{"line":6,"column":4},"end":{"line":19,"column":null}},"4":{"start":{"line":7,"column":26},"end":{"line":7,"column":null}},"5":{"start":{"line":8,"column":6},"end":{"line":8,"column":null}},"6":{"start":{"line":8,"column":36},"end":{"line":8,"column":null}},"7":{"start":{"line":9,"column":6},"end":{"line":18,"column":null}},"8":{"start":{"line":10,"column":8},"end":{"line":17,"column":null}},"9":{"start":{"line":11,"column":10},"end":{"line":11,"column":null}},"10":{"start":{"line":11,"column":35},"end":{"line":11,"column":null}},"11":{"start":{"line":12,"column":10},"end":{"line":16,"column":null}},"12":{"start":{"line":13,"column":12},"end":{"line":15,"column":null}},"13":{"start":{"line":14,"column":14},"end":{"line":14,"column":null}},"14":{"start":{"line":14,"column":39},"end":{"line":14,"column":null}},"15":{"start":{"line":21,"column":2},"end":{"line":21,"column":null}}},"fnMap":{"0":{"name":"resolveNodeId","decl":{"start":{"line":3,"column":16},"end":{"line":3,"column":30}},"loc":{"start":{"line":3,"column":119},"end":{"line":22,"column":null}},"line":3}},"branchMap":{"0":{"loc":{"start":{"line":4,"column":2},"end":{"line":4,"column":null}},"type":"if","locations":[{"start":{"line":4,"column":2},"end":{"line":4,"column":null}},{"start":{},"end":{}}],"line":4},"1":{"loc":{"start":{"line":5,"column":2},"end":{"line":20,"column":null}},"type":"if","locations":[{"start":{"line":5,"column":2},"end":{"line":20,"column":null}},{"start":{},"end":{}}],"line":5},"2":{"loc":{"start":{"line":8,"column":6},"end":{"line":8,"column":null}},"type":"if","locations":[{"start":{"line":8,"column":6},"end":{"line":8,"column":null}},{"start":{},"end":{}}],"line":8},"3":{"loc":{"start":{"line":9,"column":6},"end":{"line":18,"column":null}},"type":"if","locations":[{"start":{"line":9,"column":6},"end":{"line":18,"column":null}},{"start":{},"end":{}}],"line":9},"4":{"loc":{"start":{"line":11,"column":10},"end":{"line":11,"column":null}},"type":"if","locations":[{"start":{"line":11,"column":10},"end":{"line":11,"column":null}},{"start":{},"end":{}}],"line":11},"5":{"loc":{"start":{"line":12,"column":10},"end":{"line":16,"column":null}},"type":"if","locations":[{"start":{"line":12,"column":10},"end":{"line":16,"column":null}},{"start":{},"end":{}}],"line":12},"6":{"loc":{"start":{"line":14,"column":14},"end":{"line":14,"column":null}},"type":"if","locations":[{"start":{"line":14,"column":14},"end":{"line":14,"column":null}},{"start":{},"end":{}}],"line":14}},"s":{"0":4,"1":1,"2":3,"3":3,"4":3,"5":3,"6":1,"7":2,"8":2,"9":3,"10":0,"11":3,"12":2,"13":2,"14":1,"15":1},"f":{"0":4},"b":{"0":[1,3],"1":[3,0],"2":[1,2],"3":[2,0],"4":[0,3],"5":[2,1],"6":[1,1]},"meta":{"lastBranch":7,"lastFunction":1,"lastStatement":16,"seen":{"f:3:16:3:30":0,"b:4:2:4:Infinity:undefined:undefined:undefined:undefined":0,"s:4:2:4:Infinity":0,"s:4:23:4:Infinity":1,"b:5:2:20:Infinity:undefined:undefined:undefined:undefined":1,"s:5:2:20:Infinity":2,"s:6:4:19:Infinity":3,"s:7:26:7:Infinity":4,"b:8:6:8:Infinity:undefined:undefined:undefined:undefined":2,"s:8:6:8:Infinity":5,"s:8:36:8:Infinity":6,"b:9:6:18:Infinity:undefined:undefined:undefined:undefined":3,"s:9:6:18:Infinity":7,"s:10:8:17:Infinity":8,"b:11:10:11:Infinity:undefined:undefined:undefined:undefined":4,"s:11:10:11:Infinity":9,"s:11:35:11:Infinity":10,"b:12:10:16:Infinity:undefined:undefined:undefined:undefined":5,"s:12:10:16:Infinity":11,"s:13:12:15:Infinity":12,"b:14:14:14:Infinity:undefined:undefined:undefined:undefined":6,"s:14:14:14:Infinity":13,"s:14:39:14:Infinity":14,"s:21:2:21:Infinity":15}}}
,"/Users/dilipkola/Workspace/sruja-lang/packages/viewer/src/utils/node-operations.ts": {"path":"/Users/dilipkola/Workspace/sruja-lang/packages/viewer/src/utils/node-operations.ts","statementMap":{"0":{"start":{"line":4,"column":30},"end":{"line":4,"column":null}},"1":{"start":{"line":5,"column":29},"end":{"line":5,"column":null}},"2":{"start":{"line":6,"column":27},"end":{"line":6,"column":null}},"3":{"start":{"line":12,"column":15},"end":{"line":12,"column":null}},"4":{"start":{"line":13,"column":2},"end":{"line":13,"column":null}},"5":{"start":{"line":13,"column":25},"end":{"line":13,"column":null}},"6":{"start":{"line":15,"column":2},"end":{"line":15,"column":null}},"7":{"start":{"line":16,"column":2},"end":{"line":16,"column":null}},"8":{"start":{"line":17,"column":2},"end":{"line":17,"column":null}},"9":{"start":{"line":24,"column":15},"end":{"line":24,"column":null}},"10":{"start":{"line":25,"column":2},"end":{"line":25,"column":null}},"11":{"start":{"line":25,"column":25},"end":{"line":25,"column":null}},"12":{"start":{"line":27,"column":2},"end":{"line":27,"column":null}},"13":{"start":{"line":28,"column":2},"end":{"line":28,"column":null}},"14":{"start":{"line":29,"column":2},"end":{"line":29,"column":null}},"15":{"start":{"line":36,"column":16},"end":{"line":36,"column":null}},"16":{"start":{"line":37,"column":2},"end":{"line":39,"column":null}},"17":{"start":{"line":38,"column":4},"end":{"line":38,"column":null}},"18":{"start":{"line":46,"column":16},"end":{"line":46,"column":null}},"19":{"start":{"line":47,"column":2},"end":{"line":49,"column":null}},"20":{"start":{"line":48,"column":4},"end":{"line":48,"column":null}},"21":{"start":{"line":59,"column":2},"end":{"line":62,"column":null}},"22":{"start":{"line":61,"column":4},"end":{"line":61,"column":null}},"23":{"start":{"line":63,"column":2},"end":{"line":66,"column":null}},"24":{"start":{"line":65,"column":4},"end":{"line":65,"column":null}},"25":{"start":{"line":67,"column":2},"end":{"line":67,"column":null}},"26":{"start":{"line":78,"column":2},"end":{"line":78,"column":null}},"27":{"start":{"line":80,"column":2},"end":{"line":82,"column":null}},"28":{"start":{"line":81,"column":4},"end":{"line":81,"column":null}},"29":{"start":{"line":85,"column":2},"end":{"line":89,"column":null}},"30":{"start":{"line":86,"column":15},"end":{"line":86,"column":null}},"31":{"start":{"line":87,"column":20},"end":{"line":87,"column":null}},"32":{"start":{"line":88,"column":4},"end":{"line":88,"column":null}},"33":{"start":{"line":92,"column":2},"end":{"line":99,"column":null}},"34":{"start":{"line":93,"column":16},"end":{"line":93,"column":null}},"35":{"start":{"line":94,"column":16},"end":{"line":94,"column":null}},"36":{"start":{"line":95,"column":18},"end":{"line":95,"column":null}},"37":{"start":{"line":96,"column":18},"end":{"line":96,"column":null}},"38":{"start":{"line":97,"column":21},"end":{"line":97,"column":null}},"39":{"start":{"line":98,"column":4},"end":{"line":98,"column":null}},"40":{"start":{"line":106,"column":2},"end":{"line":108,"column":null}},"41":{"start":{"line":107,"column":4},"end":{"line":107,"column":null}},"42":{"start":{"line":109,"column":19},"end":{"line":109,"column":null}},"43":{"start":{"line":110,"column":2},"end":{"line":110,"column":null}}},"fnMap":{"0":{"name":"collapseNode","decl":{"start":{"line":11,"column":16},"end":{"line":11,"column":29}},"loc":{"start":{"line":11,"column":61},"end":{"line":18,"column":null}},"line":11},"1":{"name":"expandNode","decl":{"start":{"line":23,"column":16},"end":{"line":23,"column":27}},"loc":{"start":{"line":23,"column":59},"end":{"line":30,"column":null}},"line":23},"2":{"name":"collapseNodesByType","decl":{"start":{"line":35,"column":16},"end":{"line":35,"column":36}},"loc":{"start":{"line":35,"column":70},"end":{"line":40,"column":null}},"line":35},"3":{"name":"(anonymous_3)","decl":{"start":{"line":37,"column":16},"end":{"line":37,"column":24}},"loc":{"start":{"line":37,"column":24},"end":{"line":39,"column":3}},"line":37},"4":{"name":"expandNodesByType","decl":{"start":{"line":45,"column":16},"end":{"line":45,"column":34}},"loc":{"start":{"line":45,"column":68},"end":{"line":50,"column":null}},"line":45},"5":{"name":"(anonymous_5)","decl":{"start":{"line":47,"column":16},"end":{"line":47,"column":24}},"loc":{"start":{"line":47,"column":24},"end":{"line":49,"column":3}},"line":47},"6":{"name":"isNodeInFocus","decl":{"start":{"line":55,"column":16},"end":{"line":55,"column":null}},"loc":{"start":{"line":58,"column":11},"end":{"line":68,"column":null}},"line":58},"7":{"name":"applyFocusDimming","decl":{"start":{"line":73,"column":16},"end":{"line":73,"column":null}},"loc":{"start":{"line":76,"column":8},"end":{"line":100,"column":null}},"line":76},"8":{"name":"(anonymous_8)","decl":{"start":{"line":85,"column":21},"end":{"line":85,"column":26}},"loc":{"start":{"line":85,"column":26},"end":{"line":89,"column":3}},"line":85},"9":{"name":"(anonymous_9)","decl":{"start":{"line":92,"column":21},"end":{"line":92,"column":26}},"loc":{"start":{"line":92,"column":26},"end":{"line":99,"column":3}},"line":92},"10":{"name":"getNode","decl":{"start":{"line":105,"column":16},"end":{"line":105,"column":24}},"loc":{"start":{"line":105,"column":92},"end":{"line":111,"column":null}},"line":105}},"branchMap":{"0":{"loc":{"start":{"line":13,"column":2},"end":{"line":13,"column":null}},"type":"if","locations":[{"start":{"line":13,"column":2},"end":{"line":13,"column":null}},{"start":{},"end":{}}],"line":13},"1":{"loc":{"start":{"line":25,"column":2},"end":{"line":25,"column":null}},"type":"if","locations":[{"start":{"line":25,"column":2},"end":{"line":25,"column":null}},{"start":{},"end":{}}],"line":25},"2":{"loc":{"start":{"line":59,"column":2},"end":{"line":62,"column":null}},"type":"if","locations":[{"start":{"line":59,"column":2},"end":{"line":62,"column":null}},{"start":{},"end":{}}],"line":59},"3":{"loc":{"start":{"line":61,"column":11},"end":{"line":61,"column":null}},"type":"binary-expr","locations":[{"start":{"line":61,"column":11},"end":{"line":61,"column":57}},{"start":{"line":61,"column":57},"end":{"line":61,"column":null}}],"line":61},"4":{"loc":{"start":{"line":63,"column":2},"end":{"line":66,"column":null}},"type":"if","locations":[{"start":{"line":63,"column":2},"end":{"line":66,"column":null}},{"start":{},"end":{}}],"line":63},"5":{"loc":{"start":{"line":65,"column":11},"end":{"line":65,"column":null}},"type":"binary-expr","locations":[{"start":{"line":65,"column":11},"end":{"line":65,"column":40}},{"start":{"line":65,"column":40},"end":{"line":65,"column":null}}],"line":65},"6":{"loc":{"start":{"line":80,"column":2},"end":{"line":82,"column":null}},"type":"if","locations":[{"start":{"line":80,"column":2},"end":{"line":82,"column":null}},{"start":{},"end":{}}],"line":80},"7":{"loc":{"start":{"line":80,"column":6},"end":{"line":80,"column":57}},"type":"binary-expr","locations":[{"start":{"line":80,"column":6},"end":{"line":80,"column":17}},{"start":{"line":80,"column":17},"end":{"line":80,"column":36}},{"start":{"line":80,"column":36},"end":{"line":80,"column":57}}],"line":80},"8":{"loc":{"start":{"line":87,"column":20},"end":{"line":87,"column":null}},"type":"cond-expr","locations":[{"start":{"line":87,"column":47},"end":{"line":87,"column":68}},{"start":{"line":87,"column":68},"end":{"line":87,"column":null}}],"line":87},"9":{"loc":{"start":{"line":97,"column":21},"end":{"line":97,"column":null}},"type":"cond-expr","locations":[{"start":{"line":97,"column":39},"end":{"line":97,"column":60}},{"start":{"line":97,"column":60},"end":{"line":97,"column":null}}],"line":97},"10":{"loc":{"start":{"line":97,"column":21},"end":{"line":97,"column":39}},"type":"binary-expr","locations":[{"start":{"line":97,"column":21},"end":{"line":97,"column":30}},{"start":{"line":97,"column":30},"end":{"line":97,"column":39}}],"line":97},"11":{"loc":{"start":{"line":106,"column":2},"end":{"line":108,"column":null}},"type":"if","locations":[{"start":{"line":106,"column":2},"end":{"line":108,"column":null}},{"start":{},"end":{}}],"line":106},"12":{"loc":{"start":{"line":110,"column":9},"end":{"line":110,"column":null}},"type":"cond-expr","locations":[{"start":{"line":110,"column":33},"end":{"line":110,"column":47}},{"start":{"line":110,"column":47},"end":{"line":110,"column":null}}],"line":110}},"s":{"0":1,"1":1,"2":1,"3":3,"4":3,"5":0,"6":3,"7":3,"8":3,"9":3,"10":3,"11":0,"12":3,"13":3,"14":3,"15":1,"16":1,"17":2,"18":1,"19":1,"20":2,"21":12,"22":3,"23":9,"24":9,"25":0,"26":1,"27":1,"28":0,"29":1,"30":3,"31":3,"32":3,"33":1,"34":2,"35":2,"36":2,"37":2,"38":2,"39":2,"40":2,"41":1,"42":1,"43":1},"f":{"0":3,"1":3,"2":1,"3":2,"4":1,"5":2,"6":12,"7":1,"8":3,"9":2,"10":2},"b":{"0":[0,3],"1":[0,3],"2":[3,9],"3":[3,2],"4":[9,0],"5":[9,9],"6":[0,1],"7":[1,1,0],"8":[2,1],"9":[2,0],"10":[2,1],"11":[1,1],"12":[1,0]},"meta":{"lastBranch":13,"lastFunction":11,"lastStatement":44,"seen":{"s:4:30:4:Infinity":0,"s:5:29:5:Infinity":1,"s:6:27:6:Infinity":2,"f:11:16:11:29":0,"s:12:15:12:Infinity":3,"b:13:2:13:Infinity:undefined:undefined:undefined:undefined":0,"s:13:2:13:Infinity":4,"s:13:25:13:Infinity":5,"s:15:2:15:Infinity":6,"s:16:2:16:Infinity":7,"s:17:2:17:Infinity":8,"f:23:16:23:27":1,"s:24:15:24:Infinity":9,"b:25:2:25:Infinity:undefined:undefined:undefined:undefined":1,"s:25:2:25:Infinity":10,"s:25:25:25:Infinity":11,"s:27:2:27:Infinity":12,"s:28:2:28:Infinity":13,"s:29:2:29:Infinity":14,"f:35:16:35:36":2,"s:36:16:36:Infinity":15,"s:37:2:39:Infinity":16,"f:37:16:37:24":3,"s:38:4:38:Infinity":17,"f:45:16:45:34":4,"s:46:16:46:Infinity":18,"s:47:2:49:Infinity":19,"f:47:16:47:24":5,"s:48:4:48:Infinity":20,"f:55:16:55:Infinity":6,"b:59:2:62:Infinity:undefined:undefined:undefined:undefined":2,"s:59:2:62:Infinity":21,"s:61:4:61:Infinity":22,"b:61:11:61:57:61:57:61:Infinity":3,"b:63:2:66:Infinity:undefined:undefined:undefined:undefined":4,"s:63:2:66:Infinity":23,"s:65:4:65:Infinity":24,"b:65:11:65:40:65:40:65:Infinity":5,"s:67:2:67:Infinity":25,"f:73:16:73:Infinity":7,"s:78:2:78:Infinity":26,"b:80:2:82:Infinity:undefined:undefined:undefined:undefined":6,"s:80:2:82:Infinity":27,"b:80:6:80:17:80:17:80:36:80:36:80:57":7,"s:81:4:81:Infinity":28,"s:85:2:89:Infinity":29,"f:85:21:85:26":8,"s:86:15:86:Infinity":30,"s:87:20:87:Infinity":31,"b:87:47:87:68:87:68:87:Infinity":8,"s:88:4:88:Infinity":32,"s:92:2:99:Infinity":33,"f:92:21:92:26":9,"s:93:16:93:Infinity":34,"s:94:16:94:Infinity":35,"s:95:18:95:Infinity":36,"s:96:18:96:Infinity":37,"s:97:21:97:Infinity":38,"b:97:39:97:60:97:60:97:Infinity":9,"b:97:21:97:30:97:30:97:39":10,"s:98:4:98:Infinity":39,"f:105:16:105:24":10,"b:106:2:108:Infinity:undefined:undefined:undefined:undefined":11,"s:106:2:108:Infinity":40,"s:107:4:107:Infinity":41,"s:109:19:109:Infinity":42,"s:110:2:110:Infinity":43,"b:110:33:110:47:110:47:110:Infinity":12}}}
}
