{"/Users/dilipkola/Workspace/sruja-lang/packages/shared/src/analytics/errorTracking.ts": {"path":"/Users/dilipkola/Workspace/sruja-lang/packages/shared/src/analytics/errorTracking.ts","statementMap":{"0":{"start":{"line":18,"column":2},"end":{"line":37,"column":null}},"1":{"start":{"line":19,"column":18},"end":{"line":19,"column":null}},"2":{"start":{"line":22,"column":30},"end":{"line":30,"column":null}},"3":{"start":{"line":32,"column":4},"end":{"line":34,"column":null}},"4":{"start":{"line":33,"column":6},"end":{"line":33,"column":null}},"5":{"start":{"line":36,"column":4},"end":{"line":36,"column":null}},"6":{"start":{"line":39,"column":2},"end":{"line":39,"column":null}},"7":{"start":{"line":50,"column":23},"end":{"line":50,"column":null}},"8":{"start":{"line":51,"column":20},"end":{"line":51,"column":null}},"9":{"start":{"line":52,"column":21},"end":{"line":52,"column":null}},"10":{"start":{"line":55,"column":46},"end":{"line":59,"column":null}},"11":{"start":{"line":62,"column":2},"end":{"line":64,"column":null}},"12":{"start":{"line":63,"column":4},"end":{"line":63,"column":null}},"13":{"start":{"line":67,"column":2},"end":{"line":72,"column":null}},"14":{"start":{"line":68,"column":4},"end":{"line":68,"column":null}},"15":{"start":{"line":69,"column":4},"end":{"line":69,"column":null}},"16":{"start":{"line":70,"column":4},"end":{"line":70,"column":null}},"17":{"start":{"line":71,"column":4},"end":{"line":71,"column":null}},"18":{"start":{"line":75,"column":20},"end":{"line":77,"column":null}},"19":{"start":{"line":80,"column":2},"end":{"line":80,"column":null}},"20":{"start":{"line":83,"column":46},"end":{"line":87,"column":null}},"21":{"start":{"line":89,"column":2},"end":{"line":91,"column":null}},"22":{"start":{"line":90,"column":4},"end":{"line":90,"column":null}},"23":{"start":{"line":93,"column":19},"end":{"line":93,"column":null}},"24":{"start":{"line":94,"column":2},"end":{"line":100,"column":null}},"25":{"start":{"line":95,"column":4},"end":{"line":95,"column":null}},"26":{"start":{"line":96,"column":2},"end":{"line":100,"column":null}},"27":{"start":{"line":97,"column":4},"end":{"line":97,"column":null}},"28":{"start":{"line":99,"column":4},"end":{"line":99,"column":null}},"29":{"start":{"line":111,"column":20},"end":{"line":111,"column":null}},"30":{"start":{"line":113,"column":50},"end":{"line":117,"column":null}},"31":{"start":{"line":120,"column":2},"end":{"line":122,"column":null}},"32":{"start":{"line":121,"column":4},"end":{"line":121,"column":null}},"33":{"start":{"line":124,"column":2},"end":{"line":124,"column":null}},"34":{"start":{"line":125,"column":2},"end":{"line":125,"column":null}},"35":{"start":{"line":137,"column":20},"end":{"line":137,"column":null}},"36":{"start":{"line":139,"column":2},"end":{"line":144,"column":null}},"37":{"start":{"line":146,"column":2},"end":{"line":146,"column":null}}},"fnMap":{"0":{"name":"sanitizeError","decl":{"start":{"line":17,"column":9},"end":{"line":17,"column":23}},"loc":{"start":{"line":17,"column":47},"end":{"line":40,"column":null}},"line":17},"1":{"name":"(anonymous_1)","decl":{"start":{"line":32,"column":30},"end":{"line":32,"column":31}},"loc":{"start":{"line":32,"column":43},"end":{"line":34,"column":5}},"line":32},"2":{"name":"trackError","decl":{"start":{"line":46,"column":16},"end":{"line":46,"column":null}},"loc":{"start":{"line":49,"column":8},"end":{"line":101,"column":null}},"line":49},"3":{"name":"trackInteraction","decl":{"start":{"line":106,"column":16},"end":{"line":106,"column":null}},"loc":{"start":{"line":110,"column":8},"end":{"line":126,"column":null}},"line":110},"4":{"name":"trackPerformance","decl":{"start":{"line":131,"column":16},"end":{"line":131,"column":null}},"loc":{"start":{"line":136,"column":8},"end":{"line":147,"column":null}},"line":136}},"branchMap":{"0":{"loc":{"start":{"line":18,"column":2},"end":{"line":37,"column":null}},"type":"if","locations":[{"start":{"line":18,"column":2},"end":{"line":37,"column":null}},{"start":{},"end":{}}],"line":18},"1":{"loc":{"start":{"line":48,"column":2},"end":{"line":48,"column":null}},"type":"default-arg","locations":[{"start":{"line":48,"column":26},"end":{"line":48,"column":null}}],"line":48},"2":{"loc":{"start":{"line":51,"column":20},"end":{"line":51,"column":null}},"type":"cond-expr","locations":[{"start":{"line":51,"column":45},"end":{"line":51,"column":70}},{"start":{"line":51,"column":70},"end":{"line":51,"column":null}}],"line":51},"3":{"loc":{"start":{"line":52,"column":21},"end":{"line":52,"column":null}},"type":"cond-expr","locations":[{"start":{"line":52,"column":46},"end":{"line":52,"column":60}},{"start":{"line":52,"column":60},"end":{"line":52,"column":null}}],"line":52},"4":{"loc":{"start":{"line":62,"column":2},"end":{"line":64,"column":null}},"type":"if","locations":[{"start":{"line":62,"column":2},"end":{"line":64,"column":null}},{"start":{},"end":{}}],"line":62},"5":{"loc":{"start":{"line":67,"column":2},"end":{"line":72,"column":null}},"type":"if","locations":[{"start":{"line":67,"column":2},"end":{"line":72,"column":null}},{"start":{},"end":{}}],"line":67},"6":{"loc":{"start":{"line":75,"column":20},"end":{"line":77,"column":null}},"type":"cond-expr","locations":[{"start":{"line":76,"column":6},"end":{"line":76,"column":null}},{"start":{"line":77,"column":6},"end":{"line":77,"column":null}}],"line":75},"7":{"loc":{"start":{"line":76,"column":36},"end":{"line":76,"column":63}},"type":"binary-expr","locations":[{"start":{"line":76,"column":36},"end":{"line":76,"column":54}},{"start":{"line":76,"column":54},"end":{"line":76,"column":63}}],"line":76},"8":{"loc":{"start":{"line":89,"column":2},"end":{"line":91,"column":null}},"type":"if","locations":[{"start":{"line":89,"column":2},"end":{"line":91,"column":null}},{"start":{},"end":{}}],"line":89},"9":{"loc":{"start":{"line":93,"column":19},"end":{"line":93,"column":null}},"type":"binary-expr","locations":[{"start":{"line":93,"column":19},"end":{"line":93,"column":39}},{"start":{"line":93,"column":39},"end":{"line":93,"column":null}}],"line":93},"10":{"loc":{"start":{"line":94,"column":2},"end":{"line":100,"column":null}},"type":"if","locations":[{"start":{"line":94,"column":2},"end":{"line":100,"column":null}},{"start":{"line":96,"column":2},"end":{"line":100,"column":null}}],"line":94},"11":{"loc":{"start":{"line":95,"column":21},"end":{"line":95,"column":51}},"type":"binary-expr","locations":[{"start":{"line":95,"column":21},"end":{"line":95,"column":42}},{"start":{"line":95,"column":42},"end":{"line":95,"column":51}}],"line":95},"12":{"loc":{"start":{"line":95,"column":56},"end":{"line":95,"column":81}},"type":"binary-expr","locations":[{"start":{"line":95,"column":56},"end":{"line":95,"column":74}},{"start":{"line":95,"column":74},"end":{"line":95,"column":81}}],"line":95},"13":{"loc":{"start":{"line":96,"column":2},"end":{"line":100,"column":null}},"type":"if","locations":[{"start":{"line":96,"column":2},"end":{"line":100,"column":null}},{"start":{"line":98,"column":9},"end":{"line":100,"column":null}}],"line":96},"14":{"loc":{"start":{"line":97,"column":20},"end":{"line":97,"column":50}},"type":"binary-expr","locations":[{"start":{"line":97,"column":20},"end":{"line":97,"column":41}},{"start":{"line":97,"column":41},"end":{"line":97,"column":50}}],"line":97},"15":{"loc":{"start":{"line":97,"column":55},"end":{"line":97,"column":82}},"type":"binary-expr","locations":[{"start":{"line":97,"column":55},"end":{"line":97,"column":73}},{"start":{"line":97,"column":73},"end":{"line":97,"column":82}}],"line":97},"16":{"loc":{"start":{"line":99,"column":20},"end":{"line":99,"column":50}},"type":"binary-expr","locations":[{"start":{"line":99,"column":20},"end":{"line":99,"column":41}},{"start":{"line":99,"column":41},"end":{"line":99,"column":50}}],"line":99},"17":{"loc":{"start":{"line":99,"column":55},"end":{"line":99,"column":79}},"type":"binary-expr","locations":[{"start":{"line":99,"column":55},"end":{"line":99,"column":73}},{"start":{"line":99,"column":73},"end":{"line":99,"column":79}}],"line":99},"18":{"loc":{"start":{"line":109,"column":2},"end":{"line":109,"column":null}},"type":"default-arg","locations":[{"start":{"line":109,"column":40},"end":{"line":109,"column":null}}],"line":109},"19":{"loc":{"start":{"line":120,"column":2},"end":{"line":122,"column":null}},"type":"if","locations":[{"start":{"line":120,"column":2},"end":{"line":122,"column":null}},{"start":{},"end":{}}],"line":120},"20":{"loc":{"start":{"line":134,"column":2},"end":{"line":134,"column":null}},"type":"default-arg","locations":[{"start":{"line":134,"column":17},"end":{"line":134,"column":null}}],"line":134},"21":{"loc":{"start":{"line":135,"column":2},"end":{"line":135,"column":null}},"type":"default-arg","locations":[{"start":{"line":135,"column":37},"end":{"line":135,"column":null}}],"line":135}},"s":{"0":4,"1":3,"2":3,"3":3,"4":21,"5":3,"6":1,"7":4,"8":4,"9":4,"10":4,"11":4,"12":3,"13":4,"14":4,"15":4,"16":4,"17":4,"18":4,"19":4,"20":4,"21":4,"22":3,"23":4,"24":4,"25":4,"26":0,"27":0,"28":0,"29":2,"30":2,"31":2,"32":2,"33":2,"34":2,"35":2,"36":2,"37":2},"f":{"0":4,"1":21,"2":4,"3":2,"4":2},"b":{"0":[3,1],"1":[4],"2":[3,1],"3":[3,1],"4":[3,1],"5":[4,0],"6":[4,0],"7":[4,0],"8":[3,1],"9":[4,4],"10":[4,0],"11":[4,0],"12":[4,0],"13":[0,0],"14":[0,0],"15":[0,0],"16":[0,0],"17":[0,0],"18":[2],"19":[2,0],"20":[2],"21":[2]},"meta":{"lastBranch":22,"lastFunction":5,"lastStatement":38,"seen":{"f:17:9:17:23":0,"b:18:2:37:Infinity:undefined:undefined:undefined:undefined":0,"s:18:2:37:Infinity":0,"s:19:18:19:Infinity":1,"s:22:30:30:Infinity":2,"s:32:4:34:Infinity":3,"f:32:30:32:31":1,"s:33:6:33:Infinity":4,"s:36:4:36:Infinity":5,"s:39:2:39:Infinity":6,"f:46:16:46:Infinity":2,"b:48:26:48:Infinity":1,"s:50:23:50:Infinity":7,"s:51:20:51:Infinity":8,"b:51:45:51:70:51:70:51:Infinity":2,"s:52:21:52:Infinity":9,"b:52:46:52:60:52:60:52:Infinity":3,"s:55:46:59:Infinity":10,"b:62:2:64:Infinity:undefined:undefined:undefined:undefined":4,"s:62:2:64:Infinity":11,"s:63:4:63:Infinity":12,"b:67:2:72:Infinity:undefined:undefined:undefined:undefined":5,"s:67:2:72:Infinity":13,"s:68:4:68:Infinity":14,"s:69:4:69:Infinity":15,"s:70:4:70:Infinity":16,"s:71:4:71:Infinity":17,"s:75:20:77:Infinity":18,"b:76:6:76:Infinity:77:6:77:Infinity":6,"b:76:36:76:54:76:54:76:63":7,"s:80:2:80:Infinity":19,"s:83:46:87:Infinity":20,"b:89:2:91:Infinity:undefined:undefined:undefined:undefined":8,"s:89:2:91:Infinity":21,"s:90:4:90:Infinity":22,"s:93:19:93:Infinity":23,"b:93:19:93:39:93:39:93:Infinity":9,"b:94:2:100:Infinity:96:2:100:Infinity":10,"s:94:2:100:Infinity":24,"s:95:4:95:Infinity":25,"b:95:21:95:42:95:42:95:51":11,"b:95:56:95:74:95:74:95:81":12,"b:96:2:100:Infinity:98:9:100:Infinity":13,"s:96:2:100:Infinity":26,"s:97:4:97:Infinity":27,"b:97:20:97:41:97:41:97:50":14,"b:97:55:97:73:97:73:97:82":15,"s:99:4:99:Infinity":28,"b:99:20:99:41:99:41:99:50":16,"b:99:55:99:73:99:73:99:79":17,"f:106:16:106:Infinity":3,"b:109:40:109:Infinity":18,"s:111:20:111:Infinity":29,"s:113:50:117:Infinity":30,"b:120:2:122:Infinity:undefined:undefined:undefined:undefined":19,"s:120:2:122:Infinity":31,"s:121:4:121:Infinity":32,"s:124:2:124:Infinity":33,"s:125:2:125:Infinity":34,"f:131:16:131:Infinity":4,"b:134:17:134:Infinity":20,"b:135:37:135:Infinity":21,"s:137:20:137:Infinity":35,"s:139:2:144:Infinity":36,"s:146:2:146:Infinity":37}}}
,"/Users/dilipkola/Workspace/sruja-lang/packages/shared/src/analytics/posthog.ts": {"path":"/Users/dilipkola/Workspace/sruja-lang/packages/shared/src/analytics/posthog.ts","statementMap":{"0":{"start":{"line":1,"column":18},"end":{"line":1,"column":null}},"1":{"start":{"line":2,"column":12},"end":{"line":2,"column":null}},"2":{"start":{"line":11,"column":2},"end":{"line":11,"column":null}},"3":{"start":{"line":11,"column":37},"end":{"line":11,"column":null}},"4":{"start":{"line":14,"column":2},"end":{"line":17,"column":null}},"5":{"start":{"line":15,"column":4},"end":{"line":15,"column":null}},"6":{"start":{"line":16,"column":4},"end":{"line":16,"column":null}},"7":{"start":{"line":19,"column":2},"end":{"line":24,"column":null}},"8":{"start":{"line":20,"column":5},"end":{"line":20,"column":null}},"9":{"start":{"line":21,"column":4},"end":{"line":21,"column":null}},"10":{"start":{"line":22,"column":4},"end":{"line":22,"column":null}},"11":{"start":{"line":23,"column":4},"end":{"line":23,"column":null}},"12":{"start":{"line":25,"column":14},"end":{"line":25,"column":null}},"13":{"start":{"line":26,"column":2},"end":{"line":35,"column":null}},"14":{"start":{"line":27,"column":4},"end":{"line":27,"column":null}},"15":{"start":{"line":28,"column":4},"end":{"line":28,"column":null}},"16":{"start":{"line":29,"column":2},"end":{"line":35,"column":null}},"17":{"start":{"line":30,"column":4},"end":{"line":30,"column":null}},"18":{"start":{"line":31,"column":4},"end":{"line":31,"column":null}},"19":{"start":{"line":33,"column":4},"end":{"line":33,"column":null}},"20":{"start":{"line":34,"column":4},"end":{"line":34,"column":null}},"21":{"start":{"line":36,"column":2},"end":{"line":36,"column":null}},"22":{"start":{"line":37,"column":2},"end":{"line":37,"column":null}},"23":{"start":{"line":41,"column":2},"end":{"line":41,"column":null}},"24":{"start":{"line":41,"column":64},"end":{"line":41,"column":null}},"25":{"start":{"line":42,"column":2},"end":{"line":42,"column":null}},"26":{"start":{"line":46,"column":13},"end":{"line":46,"column":null}},"27":{"start":{"line":47,"column":2},"end":{"line":47,"column":null}},"28":{"start":{"line":47,"column":46},"end":{"line":47,"column":null}},"29":{"start":{"line":51,"column":13},"end":{"line":51,"column":null}},"30":{"start":{"line":52,"column":2},"end":{"line":52,"column":null}},"31":{"start":{"line":52,"column":47},"end":{"line":52,"column":null}},"32":{"start":{"line":56,"column":2},"end":{"line":56,"column":null}}},"fnMap":{"0":{"name":"initPosthog","decl":{"start":{"line":10,"column":22},"end":{"line":10,"column":34}},"loc":{"start":{"line":10,"column":52},"end":{"line":38,"column":null}},"line":10},"1":{"name":"getPosthog","decl":{"start":{"line":40,"column":16},"end":{"line":40,"column":29}},"loc":{"start":{"line":40,"column":29},"end":{"line":43,"column":null}},"line":40},"2":{"name":"capture","decl":{"start":{"line":45,"column":16},"end":{"line":45,"column":24}},"loc":{"start":{"line":45,"column":73},"end":{"line":48,"column":null}},"line":45},"3":{"name":"identify","decl":{"start":{"line":50,"column":16},"end":{"line":50,"column":25}},"loc":{"start":{"line":50,"column":71},"end":{"line":53,"column":null}},"line":50},"4":{"name":"isReady","decl":{"start":{"line":55,"column":16},"end":{"line":55,"column":26}},"loc":{"start":{"line":55,"column":26},"end":{"line":57,"column":null}},"line":55}},"branchMap":{"0":{"loc":{"start":{"line":11,"column":2},"end":{"line":11,"column":null}},"type":"if","locations":[{"start":{"line":11,"column":2},"end":{"line":11,"column":null}},{"start":{},"end":{}}],"line":11},"1":{"loc":{"start":{"line":14,"column":2},"end":{"line":17,"column":null}},"type":"if","locations":[{"start":{"line":14,"column":2},"end":{"line":17,"column":null}},{"start":{},"end":{}}],"line":14},"2":{"loc":{"start":{"line":14,"column":6},"end":{"line":14,"column":47}},"type":"binary-expr","locations":[{"start":{"line":14,"column":6},"end":{"line":14,"column":21}},{"start":{"line":14,"column":21},"end":{"line":14,"column":47}}],"line":14},"3":{"loc":{"start":{"line":19,"column":2},"end":{"line":24,"column":null}},"type":"if","locations":[{"start":{"line":19,"column":2},"end":{"line":24,"column":null}},{"start":{},"end":{}}],"line":19},"4":{"loc":{"start":{"line":19,"column":7},"end":{"line":19,"column":85}},"type":"binary-expr","locations":[{"start":{"line":19,"column":7},"end":{"line":19,"column":33}},{"start":{"line":19,"column":33},"end":{"line":19,"column":85}}],"line":19},"5":{"loc":{"start":{"line":20,"column":71},"end":{"line":20,"column":90}},"type":"binary-expr","locations":[{"start":{"line":20,"column":71},"end":{"line":20,"column":86}},{"start":{"line":20,"column":86},"end":{"line":20,"column":90}}],"line":20},"6":{"loc":{"start":{"line":26,"column":2},"end":{"line":35,"column":null}},"type":"if","locations":[{"start":{"line":26,"column":2},"end":{"line":35,"column":null}},{"start":{"line":29,"column":2},"end":{"line":35,"column":null}}],"line":26},"7":{"loc":{"start":{"line":26,"column":6},"end":{"line":26,"column":61}},"type":"binary-expr","locations":[{"start":{"line":26,"column":6},"end":{"line":26,"column":21}},{"start":{"line":26,"column":21},"end":{"line":26,"column":61}}],"line":26},"8":{"loc":{"start":{"line":27,"column":59},"end":{"line":27,"column":78}},"type":"binary-expr","locations":[{"start":{"line":27,"column":59},"end":{"line":27,"column":74}},{"start":{"line":27,"column":74},"end":{"line":27,"column":78}}],"line":27},"9":{"loc":{"start":{"line":29,"column":2},"end":{"line":35,"column":null}},"type":"if","locations":[{"start":{"line":29,"column":2},"end":{"line":35,"column":null}},{"start":{"line":32,"column":9},"end":{"line":35,"column":null}}],"line":29},"10":{"loc":{"start":{"line":29,"column":13},"end":{"line":29,"column":68}},"type":"binary-expr","locations":[{"start":{"line":29,"column":13},"end":{"line":29,"column":28}},{"start":{"line":29,"column":28},"end":{"line":29,"column":68}}],"line":29},"11":{"loc":{"start":{"line":30,"column":59},"end":{"line":30,"column":78}},"type":"binary-expr","locations":[{"start":{"line":30,"column":59},"end":{"line":30,"column":74}},{"start":{"line":30,"column":74},"end":{"line":30,"column":78}}],"line":30},"12":{"loc":{"start":{"line":41,"column":2},"end":{"line":41,"column":null}},"type":"if","locations":[{"start":{"line":41,"column":2},"end":{"line":41,"column":null}},{"start":{},"end":{}}],"line":41},"13":{"loc":{"start":{"line":41,"column":6},"end":{"line":41,"column":64}},"type":"binary-expr","locations":[{"start":{"line":41,"column":6},"end":{"line":41,"column":40}},{"start":{"line":41,"column":40},"end":{"line":41,"column":64}}],"line":41},"14":{"loc":{"start":{"line":47,"column":2},"end":{"line":47,"column":null}},"type":"if","locations":[{"start":{"line":47,"column":2},"end":{"line":47,"column":null}},{"start":{},"end":{}}],"line":47},"15":{"loc":{"start":{"line":47,"column":6},"end":{"line":47,"column":46}},"type":"binary-expr","locations":[{"start":{"line":47,"column":6},"end":{"line":47,"column":12}},{"start":{"line":47,"column":12},"end":{"line":47,"column":46}}],"line":47},"16":{"loc":{"start":{"line":47,"column":64},"end":{"line":47,"column":80}},"type":"binary-expr","locations":[{"start":{"line":47,"column":64},"end":{"line":47,"column":78}},{"start":{"line":47,"column":78},"end":{"line":47,"column":80}}],"line":47},"17":{"loc":{"start":{"line":52,"column":2},"end":{"line":52,"column":null}},"type":"if","locations":[{"start":{"line":52,"column":2},"end":{"line":52,"column":null}},{"start":{},"end":{}}],"line":52},"18":{"loc":{"start":{"line":52,"column":6},"end":{"line":52,"column":47}},"type":"binary-expr","locations":[{"start":{"line":52,"column":6},"end":{"line":52,"column":12}},{"start":{"line":52,"column":12},"end":{"line":52,"column":47}}],"line":52},"19":{"loc":{"start":{"line":52,"column":63},"end":{"line":52,"column":79}},"type":"binary-expr","locations":[{"start":{"line":52,"column":63},"end":{"line":52,"column":77}},{"start":{"line":52,"column":77},"end":{"line":52,"column":79}}],"line":52},"20":{"loc":{"start":{"line":56,"column":9},"end":{"line":56,"column":null}},"type":"binary-expr","locations":[{"start":{"line":56,"column":9},"end":{"line":56,"column":19}},{"start":{"line":56,"column":19},"end":{"line":56,"column":52}},{"start":{"line":56,"column":52},"end":{"line":56,"column":null}}],"line":56}},"s":{"0":1,"1":1,"2":0,"3":0,"4":0,"5":0,"6":0,"7":0,"8":0,"9":0,"10":0,"11":0,"12":0,"13":0,"14":0,"15":0,"16":0,"17":0,"18":0,"19":0,"20":0,"21":0,"22":0,"23":3,"24":0,"25":3,"26":3,"27":3,"28":0,"29":0,"30":0,"31":0,"32":0},"f":{"0":0,"1":3,"2":3,"3":0,"4":0},"b":{"0":[0,0],"1":[0,0],"2":[0,0],"3":[0,0],"4":[0,0],"5":[0,0],"6":[0,0],"7":[0,0],"8":[0,0],"9":[0,0],"10":[0,0],"11":[0,0],"12":[0,3],"13":[3,3],"14":[0,3],"15":[3,0],"16":[0,0],"17":[0,0],"18":[0,0],"19":[0,0],"20":[0,0,0]},"meta":{"lastBranch":21,"lastFunction":5,"lastStatement":33,"seen":{"s:1:18:1:Infinity":0,"s:2:12:2:Infinity":1,"f:10:22:10:34":0,"b:11:2:11:Infinity:undefined:undefined:undefined:undefined":0,"s:11:2:11:Infinity":2,"s:11:37:11:Infinity":3,"b:14:2:17:Infinity:undefined:undefined:undefined:undefined":1,"s:14:2:17:Infinity":4,"b:14:6:14:21:14:21:14:47":2,"s:15:4:15:Infinity":5,"s:16:4:16:Infinity":6,"b:19:2:24:Infinity:undefined:undefined:undefined:undefined":3,"s:19:2:24:Infinity":7,"b:19:7:19:33:19:33:19:85":4,"s:20:5:20:Infinity":8,"b:20:71:20:86:20:86:20:90":5,"s:21:4:21:Infinity":9,"s:22:4:22:Infinity":10,"s:23:4:23:Infinity":11,"s:25:14:25:Infinity":12,"b:26:2:35:Infinity:29:2:35:Infinity":6,"s:26:2:35:Infinity":13,"b:26:6:26:21:26:21:26:61":7,"s:27:4:27:Infinity":14,"b:27:59:27:74:27:74:27:78":8,"s:28:4:28:Infinity":15,"b:29:2:35:Infinity:32:9:35:Infinity":9,"s:29:2:35:Infinity":16,"b:29:13:29:28:29:28:29:68":10,"s:30:4:30:Infinity":17,"b:30:59:30:74:30:74:30:78":11,"s:31:4:31:Infinity":18,"s:33:4:33:Infinity":19,"s:34:4:34:Infinity":20,"s:36:2:36:Infinity":21,"s:37:2:37:Infinity":22,"f:40:16:40:29":1,"b:41:2:41:Infinity:undefined:undefined:undefined:undefined":12,"s:41:2:41:Infinity":23,"b:41:6:41:40:41:40:41:64":13,"s:41:64:41:Infinity":24,"s:42:2:42:Infinity":25,"f:45:16:45:24":2,"s:46:13:46:Infinity":26,"b:47:2:47:Infinity:undefined:undefined:undefined:undefined":14,"s:47:2:47:Infinity":27,"b:47:6:47:12:47:12:47:46":15,"s:47:46:47:Infinity":28,"b:47:64:47:78:47:78:47:80":16,"f:50:16:50:25":3,"s:51:13:51:Infinity":29,"b:52:2:52:Infinity:undefined:undefined:undefined:undefined":17,"s:52:2:52:Infinity":30,"b:52:6:52:12:52:12:52:47":18,"s:52:47:52:Infinity":31,"b:52:63:52:77:52:77:52:79":19,"f:55:16:55:26":4,"s:56:2:56:Infinity":32,"b:56:9:56:19:56:19:56:52:56:52:56:Infinity":20}}}
,"/Users/dilipkola/Workspace/sruja-lang/packages/shared/src/storage/indexedStore.ts": {"path":"/Users/dilipkola/Workspace/sruja-lang/packages/shared/src/storage/indexedStore.ts","statementMap":{"0":{"start":{"line":7,"column":2},"end":{"line":16,"column":null}},"1":{"start":{"line":9,"column":6},"end":{"line":9,"column":null}},"2":{"start":{"line":9,"column":41},"end":{"line":9,"column":null}},"3":{"start":{"line":10,"column":6},"end":{"line":10,"column":null}},"4":{"start":{"line":13,"column":6},"end":{"line":13,"column":null}},"5":{"start":{"line":13,"column":41},"end":{"line":13,"column":null}},"6":{"start":{"line":14,"column":6},"end":{"line":14,"column":null}},"7":{"start":{"line":20,"column":2},"end":{"line":51,"column":null}},"8":{"start":{"line":21,"column":4},"end":{"line":21,"column":null}},"9":{"start":{"line":21,"column":42},"end":{"line":21,"column":null}},"10":{"start":{"line":22,"column":16},"end":{"line":22,"column":null}},"11":{"start":{"line":23,"column":4},"end":{"line":26,"column":null}},"12":{"start":{"line":24,"column":17},"end":{"line":24,"column":null}},"13":{"start":{"line":25,"column":6},"end":{"line":25,"column":null}},"14":{"start":{"line":25,"column":47},"end":{"line":25,"column":null}},"15":{"start":{"line":27,"column":4},"end":{"line":49,"column":null}},"16":{"start":{"line":28,"column":17},"end":{"line":28,"column":null}},"17":{"start":{"line":29,"column":6},"end":{"line":48,"column":null}},"18":{"start":{"line":31,"column":10},"end":{"line":37,"column":null}},"19":{"start":{"line":32,"column":23},"end":{"line":32,"column":null}},"20":{"start":{"line":33,"column":26},"end":{"line":33,"column":null}},"21":{"start":{"line":34,"column":22},"end":{"line":34,"column":null}},"22":{"start":{"line":35,"column":12},"end":{"line":35,"column":null}},"23":{"start":{"line":35,"column":32},"end":{"line":35,"column":null}},"24":{"start":{"line":36,"column":12},"end":{"line":36,"column":null}},"25":{"start":{"line":36,"column":30},"end":{"line":36,"column":null}},"26":{"start":{"line":40,"column":10},"end":{"line":46,"column":null}},"27":{"start":{"line":41,"column":23},"end":{"line":41,"column":null}},"28":{"start":{"line":42,"column":26},"end":{"line":42,"column":null}},"29":{"start":{"line":43,"column":22},"end":{"line":43,"column":null}},"30":{"start":{"line":44,"column":12},"end":{"line":44,"column":null}},"31":{"start":{"line":44,"column":32},"end":{"line":44,"column":null}},"32":{"start":{"line":45,"column":12},"end":{"line":45,"column":null}},"33":{"start":{"line":45,"column":30},"end":{"line":45,"column":null}},"34":{"start":{"line":50,"column":4},"end":{"line":50,"column":null}},"35":{"start":{"line":50,"column":24},"end":{"line":50,"column":null}},"36":{"start":{"line":54,"column":36},"end":{"line":54,"column":null}},"37":{"start":{"line":57,"column":2},"end":{"line":57,"column":null}},"38":{"start":{"line":57,"column":18},"end":{"line":57,"column":null}},"39":{"start":{"line":58,"column":2},"end":{"line":58,"column":null}},"40":{"start":{"line":62,"column":12},"end":{"line":62,"column":null}},"41":{"start":{"line":63,"column":2},"end":{"line":63,"column":null}},"42":{"start":{"line":67,"column":12},"end":{"line":67,"column":null}},"43":{"start":{"line":68,"column":2},"end":{"line":68,"column":null}}},"fnMap":{"0":{"name":"createLocal","decl":{"start":{"line":6,"column":9},"end":{"line":6,"column":27}},"loc":{"start":{"line":6,"column":27},"end":{"line":17,"column":null}},"line":6},"1":{"name":"(anonymous_1)","decl":{"start":{"line":8,"column":10},"end":{"line":8,"column":14}},"loc":{"start":{"line":8,"column":19},"end":{"line":11,"column":null}},"line":8},"2":{"name":"(anonymous_2)","decl":{"start":{"line":12,"column":10},"end":{"line":12,"column":14}},"loc":{"start":{"line":12,"column":26},"end":{"line":15,"column":null}},"line":12},"3":{"name":"createIndexed","decl":{"start":{"line":19,"column":9},"end":{"line":19,"column":38}},"loc":{"start":{"line":19,"column":38},"end":{"line":52,"column":null}},"line":19},"4":{"name":"(anonymous_4)","decl":{"start":{"line":20,"column":21},"end":{"line":20,"column":22}},"loc":{"start":{"line":20,"column":34},"end":{"line":51,"column":3}},"line":20},"5":{"name":"(anonymous_5)","decl":{"start":{"line":23,"column":26},"end":{"line":23,"column":32}},"loc":{"start":{"line":23,"column":32},"end":{"line":26,"column":null}},"line":23},"6":{"name":"(anonymous_6)","decl":{"start":{"line":27,"column":20},"end":{"line":27,"column":26}},"loc":{"start":{"line":27,"column":26},"end":{"line":49,"column":null}},"line":27},"7":{"name":"(anonymous_7)","decl":{"start":{"line":30,"column":14},"end":{"line":30,"column":18}},"loc":{"start":{"line":30,"column":23},"end":{"line":38,"column":null}},"line":30},"8":{"name":"(anonymous_8)","decl":{"start":{"line":31,"column":29},"end":{"line":31,"column":30}},"loc":{"start":{"line":31,"column":38},"end":{"line":37,"column":11}},"line":31},"9":{"name":"(anonymous_9)","decl":{"start":{"line":35,"column":26},"end":{"line":35,"column":32}},"loc":{"start":{"line":35,"column":32},"end":{"line":35,"column":null}},"line":35},"10":{"name":"(anonymous_10)","decl":{"start":{"line":36,"column":24},"end":{"line":36,"column":30}},"loc":{"start":{"line":36,"column":30},"end":{"line":36,"column":null}},"line":36},"11":{"name":"(anonymous_11)","decl":{"start":{"line":39,"column":14},"end":{"line":39,"column":18}},"loc":{"start":{"line":39,"column":30},"end":{"line":47,"column":null}},"line":39},"12":{"name":"(anonymous_12)","decl":{"start":{"line":40,"column":29},"end":{"line":40,"column":30}},"loc":{"start":{"line":40,"column":38},"end":{"line":46,"column":11}},"line":40},"13":{"name":"(anonymous_13)","decl":{"start":{"line":44,"column":26},"end":{"line":44,"column":32}},"loc":{"start":{"line":44,"column":32},"end":{"line":44,"column":null}},"line":44},"14":{"name":"(anonymous_14)","decl":{"start":{"line":45,"column":24},"end":{"line":45,"column":30}},"loc":{"start":{"line":45,"column":30},"end":{"line":45,"column":null}},"line":45},"15":{"name":"(anonymous_15)","decl":{"start":{"line":50,"column":18},"end":{"line":50,"column":24}},"loc":{"start":{"line":50,"column":24},"end":{"line":50,"column":null}},"line":50},"16":{"name":"getStore","decl":{"start":{"line":56,"column":22},"end":{"line":56,"column":46}},"loc":{"start":{"line":56,"column":46},"end":{"line":59,"column":null}},"line":56},"17":{"name":"storeSet","decl":{"start":{"line":61,"column":22},"end":{"line":61,"column":31}},"loc":{"start":{"line":61,"column":59},"end":{"line":64,"column":null}},"line":61},"18":{"name":"storeGet","decl":{"start":{"line":66,"column":22},"end":{"line":66,"column":31}},"loc":{"start":{"line":66,"column":44},"end":{"line":69,"column":null}},"line":66}},"branchMap":{"0":{"loc":{"start":{"line":9,"column":6},"end":{"line":9,"column":null}},"type":"if","locations":[{"start":{"line":9,"column":6},"end":{"line":9,"column":null}},{"start":{},"end":{}}],"line":9},"1":{"loc":{"start":{"line":13,"column":6},"end":{"line":13,"column":null}},"type":"if","locations":[{"start":{"line":13,"column":6},"end":{"line":13,"column":null}},{"start":{},"end":{}}],"line":13},"2":{"loc":{"start":{"line":21,"column":4},"end":{"line":21,"column":null}},"type":"if","locations":[{"start":{"line":21,"column":4},"end":{"line":21,"column":null}},{"start":{},"end":{}}],"line":21},"3":{"loc":{"start":{"line":25,"column":6},"end":{"line":25,"column":null}},"type":"if","locations":[{"start":{"line":25,"column":6},"end":{"line":25,"column":null}},{"start":{},"end":{}}],"line":25},"4":{"loc":{"start":{"line":35,"column":37},"end":{"line":35,"column":64}},"type":"binary-expr","locations":[{"start":{"line":35,"column":37},"end":{"line":35,"column":60}},{"start":{"line":35,"column":60},"end":{"line":35,"column":64}}],"line":35},"5":{"loc":{"start":{"line":57,"column":2},"end":{"line":57,"column":null}},"type":"if","locations":[{"start":{"line":57,"column":2},"end":{"line":57,"column":null}},{"start":{},"end":{}}],"line":57}},"s":{"0":1,"1":4,"2":0,"3":4,"4":4,"5":0,"6":4,"7":1,"8":1,"9":1,"10":0,"11":0,"12":0,"13":0,"14":0,"15":0,"16":0,"17":0,"18":0,"19":0,"20":0,"21":0,"22":0,"23":0,"24":0,"25":0,"26":0,"27":0,"28":0,"29":0,"30":0,"31":0,"32":0,"33":0,"34":0,"35":0,"36":1,"37":8,"38":1,"39":8,"40":4,"41":4,"42":4,"43":4},"f":{"0":1,"1":4,"2":4,"3":1,"4":1,"5":0,"6":0,"7":0,"8":0,"9":0,"10":0,"11":0,"12":0,"13":0,"14":0,"15":0,"16":8,"17":4,"18":4},"b":{"0":[0,4],"1":[0,4],"2":[1,0],"3":[0,0],"4":[0,0],"5":[1,7]},"meta":{"lastBranch":6,"lastFunction":19,"lastStatement":44,"seen":{"f:6:9:6:27":0,"s:7:2:16:Infinity":0,"f:8:10:8:14":1,"b:9:6:9:Infinity:undefined:undefined:undefined:undefined":0,"s:9:6:9:Infinity":1,"s:9:41:9:Infinity":2,"s:10:6:10:Infinity":3,"f:12:10:12:14":2,"b:13:6:13:Infinity:undefined:undefined:undefined:undefined":1,"s:13:6:13:Infinity":4,"s:13:41:13:Infinity":5,"s:14:6:14:Infinity":6,"f:19:9:19:38":3,"s:20:2:51:Infinity":7,"f:20:21:20:22":4,"b:21:4:21:Infinity:undefined:undefined:undefined:undefined":2,"s:21:4:21:Infinity":8,"s:21:42:21:Infinity":9,"s:22:16:22:Infinity":10,"s:23:4:26:Infinity":11,"f:23:26:23:32":5,"s:24:17:24:Infinity":12,"b:25:6:25:Infinity:undefined:undefined:undefined:undefined":3,"s:25:6:25:Infinity":13,"s:25:47:25:Infinity":14,"s:27:4:49:Infinity":15,"f:27:20:27:26":6,"s:28:17:28:Infinity":16,"s:29:6:48:Infinity":17,"f:30:14:30:18":7,"s:31:10:37:Infinity":18,"f:31:29:31:30":8,"s:32:23:32:Infinity":19,"s:33:26:33:Infinity":20,"s:34:22:34:Infinity":21,"s:35:12:35:Infinity":22,"f:35:26:35:32":9,"s:35:32:35:Infinity":23,"b:35:37:35:60:35:60:35:64":4,"s:36:12:36:Infinity":24,"f:36:24:36:30":10,"s:36:30:36:Infinity":25,"f:39:14:39:18":11,"s:40:10:46:Infinity":26,"f:40:29:40:30":12,"s:41:23:41:Infinity":27,"s:42:26:42:Infinity":28,"s:43:22:43:Infinity":29,"s:44:12:44:Infinity":30,"f:44:26:44:32":13,"s:44:32:44:Infinity":31,"s:45:12:45:Infinity":32,"f:45:24:45:30":14,"s:45:30:45:Infinity":33,"s:50:4:50:Infinity":34,"f:50:18:50:24":15,"s:50:24:50:Infinity":35,"s:54:36:54:Infinity":36,"f:56:22:56:46":16,"b:57:2:57:Infinity:undefined:undefined:undefined:undefined":5,"s:57:2:57:Infinity":37,"s:57:18:57:Infinity":38,"s:58:2:58:Infinity":39,"f:61:22:61:31":17,"s:62:12:62:Infinity":40,"s:63:2:63:Infinity":41,"f:66:22:66:31":18,"s:67:12:67:Infinity":42,"s:68:2:68:Infinity":43}}}
,"/Users/dilipkola/Workspace/sruja-lang/packages/shared/src/utils/logger.ts": {"path":"/Users/dilipkola/Workspace/sruja-lang/packages/shared/src/utils/logger.ts","statementMap":{"0":{"start":{"line":18,"column":19},"end":{"line":18,"column":null}},"1":{"start":{"line":21,"column":15},"end":{"line":21,"column":null}},"2":{"start":{"line":24,"column":2},"end":{"line":24,"column":null}},"3":{"start":{"line":24,"column":20},"end":{"line":24,"column":null}},"4":{"start":{"line":25,"column":2},"end":{"line":32,"column":null}},"5":{"start":{"line":26,"column":15},"end":{"line":26,"column":null}},"6":{"start":{"line":27,"column":4},"end":{"line":27,"column":null}},"7":{"start":{"line":27,"column":32},"end":{"line":27,"column":null}},"8":{"start":{"line":28,"column":4},"end":{"line":31,"column":null}},"9":{"start":{"line":29,"column":17},"end":{"line":29,"column":null}},"10":{"start":{"line":30,"column":6},"end":{"line":30,"column":null}},"11":{"start":{"line":30,"column":25},"end":{"line":30,"column":null}},"12":{"start":{"line":33,"column":2},"end":{"line":33,"column":null}},"13":{"start":{"line":37,"column":16},"end":{"line":42,"column":null}},"14":{"start":{"line":44,"column":2},"end":{"line":44,"column":null}},"15":{"start":{"line":48,"column":46},"end":{"line":52,"column":null}},"16":{"start":{"line":54,"column":2},"end":{"line":56,"column":null}},"17":{"start":{"line":55,"column":4},"end":{"line":55,"column":null}},"18":{"start":{"line":58,"column":2},"end":{"line":60,"column":null}},"19":{"start":{"line":59,"column":4},"end":{"line":59,"column":null}},"20":{"start":{"line":62,"column":2},"end":{"line":62,"column":null}},"21":{"start":{"line":66,"column":8},"end":{"line":66,"column":null}},"22":{"start":{"line":67,"column":26},"end":{"line":73,"column":null}},"23":{"start":{"line":76,"column":2},"end":{"line":109,"column":null}},"24":{"start":{"line":77,"column":22},"end":{"line":77,"column":null}},"25":{"start":{"line":78,"column":4},"end":{"line":107,"column":null}},"26":{"start":{"line":79,"column":6},"end":{"line":79,"column":null}},"27":{"start":{"line":82,"column":6},"end":{"line":104,"column":null}},"28":{"start":{"line":83,"column":27},"end":{"line":83,"column":null}},"29":{"start":{"line":84,"column":24},"end":{"line":84,"column":null}},"30":{"start":{"line":85,"column":26},"end":{"line":85,"column":null}},"31":{"start":{"line":87,"column":52},"end":{"line":91,"column":null}},"32":{"start":{"line":94,"column":8},"end":{"line":99,"column":null}},"33":{"start":{"line":95,"column":10},"end":{"line":95,"column":null}},"34":{"start":{"line":96,"column":10},"end":{"line":96,"column":null}},"35":{"start":{"line":97,"column":10},"end":{"line":97,"column":null}},"36":{"start":{"line":98,"column":10},"end":{"line":98,"column":null}},"37":{"start":{"line":101,"column":8},"end":{"line":101,"column":null}},"38":{"start":{"line":106,"column":6},"end":{"line":106,"column":null}},"39":{"start":{"line":108,"column":4},"end":{"line":108,"column":null}},"40":{"start":{"line":112,"column":2},"end":{"line":112,"column":null}},"41":{"start":{"line":112,"column":18},"end":{"line":112,"column":null}},"42":{"start":{"line":114,"column":20},"end":{"line":114,"column":null}},"43":{"start":{"line":115,"column":2},"end":{"line":119,"column":null}},"44":{"start":{"line":116,"column":4},"end":{"line":116,"column":null}},"45":{"start":{"line":118,"column":4},"end":{"line":118,"column":null}},"46":{"start":{"line":122,"column":22},"end":{"line":171,"column":null}},"47":{"start":{"line":127,"column":4},"end":{"line":127,"column":null}},"48":{"start":{"line":134,"column":4},"end":{"line":134,"column":null}},"49":{"start":{"line":141,"column":4},"end":{"line":141,"column":null}},"50":{"start":{"line":148,"column":4},"end":{"line":148,"column":null}},"51":{"start":{"line":155,"column":4},"end":{"line":155,"column":null}},"52":{"start":{"line":162,"column":4},"end":{"line":162,"column":null}},"53":{"start":{"line":169,"column":4},"end":{"line":169,"column":null}}},"fnMap":{"0":{"name":"isDebug","decl":{"start":{"line":23,"column":9},"end":{"line":23,"column":28}},"loc":{"start":{"line":23,"column":28},"end":{"line":34,"column":null}},"line":23},"1":{"name":"formatLogEntry","decl":{"start":{"line":36,"column":9},"end":{"line":36,"column":24}},"loc":{"start":{"line":36,"column":49},"end":{"line":45,"column":null}},"line":36},"2":{"name":"formatStructured","decl":{"start":{"line":47,"column":9},"end":{"line":47,"column":26}},"loc":{"start":{"line":47,"column":51},"end":{"line":63,"column":null}},"line":47},"3":{"name":"log","decl":{"start":{"line":65,"column":9},"end":{"line":65,"column":13}},"loc":{"start":{"line":65,"column":75},"end":{"line":120,"column":null}},"line":65},"4":{"name":"(anonymous_4)","decl":{"start":{"line":126,"column":2},"end":{"line":126,"column":13}},"loc":{"start":{"line":126,"column":33},"end":{"line":128,"column":null}},"line":126},"5":{"name":"(anonymous_5)","decl":{"start":{"line":133,"column":2},"end":{"line":133,"column":22}},"loc":{"start":{"line":133,"column":22},"end":{"line":135,"column":null}},"line":133},"6":{"name":"(anonymous_6)","decl":{"start":{"line":140,"column":2},"end":{"line":140,"column":23}},"loc":{"start":{"line":140,"column":23},"end":{"line":142,"column":null}},"line":140},"7":{"name":"(anonymous_7)","decl":{"start":{"line":147,"column":2},"end":{"line":147,"column":8}},"loc":{"start":{"line":147,"column":53},"end":{"line":149,"column":null}},"line":147},"8":{"name":"(anonymous_8)","decl":{"start":{"line":154,"column":2},"end":{"line":154,"column":7}},"loc":{"start":{"line":154,"column":52},"end":{"line":156,"column":null}},"line":154},"9":{"name":"(anonymous_9)","decl":{"start":{"line":161,"column":2},"end":{"line":161,"column":7}},"loc":{"start":{"line":161,"column":52},"end":{"line":163,"column":null}},"line":161},"10":{"name":"(anonymous_10)","decl":{"start":{"line":168,"column":2},"end":{"line":168,"column":8}},"loc":{"start":{"line":168,"column":53},"end":{"line":170,"column":null}},"line":168}},"branchMap":{"0":{"loc":{"start":{"line":21,"column":15},"end":{"line":21,"column":null}},"type":"binary-expr","locations":[{"start":{"line":21,"column":15},"end":{"line":21,"column":49}},{"start":{"line":21,"column":49},"end":{"line":21,"column":64}},{"start":{"line":21,"column":64},"end":{"line":21,"column":null}}],"line":21},"1":{"loc":{"start":{"line":24,"column":2},"end":{"line":24,"column":null}},"type":"if","locations":[{"start":{"line":24,"column":2},"end":{"line":24,"column":null}},{"start":{},"end":{}}],"line":24},"2":{"loc":{"start":{"line":25,"column":2},"end":{"line":32,"column":null}},"type":"if","locations":[{"start":{"line":25,"column":2},"end":{"line":32,"column":null}},{"start":{},"end":{}}],"line":25},"3":{"loc":{"start":{"line":27,"column":4},"end":{"line":27,"column":null}},"type":"if","locations":[{"start":{"line":27,"column":4},"end":{"line":27,"column":null}},{"start":{},"end":{}}],"line":27},"4":{"loc":{"start":{"line":30,"column":6},"end":{"line":30,"column":null}},"type":"if","locations":[{"start":{"line":30,"column":6},"end":{"line":30,"column":null}},{"start":{},"end":{}}],"line":30},"5":{"loc":{"start":{"line":40,"column":4},"end":{"line":40,"column":null}},"type":"cond-expr","locations":[{"start":{"line":40,"column":20},"end":{"line":40,"column":43}},{"start":{"line":40,"column":43},"end":{"line":40,"column":null}}],"line":40},"6":{"loc":{"start":{"line":54,"column":2},"end":{"line":56,"column":null}},"type":"if","locations":[{"start":{"line":54,"column":2},"end":{"line":56,"column":null}},{"start":{},"end":{}}],"line":54},"7":{"loc":{"start":{"line":58,"column":2},"end":{"line":60,"column":null}},"type":"if","locations":[{"start":{"line":58,"column":2},"end":{"line":60,"column":null}},{"start":{},"end":{}}],"line":58},"8":{"loc":{"start":{"line":58,"column":6},"end":{"line":58,"column":62}},"type":"binary-expr","locations":[{"start":{"line":58,"column":6},"end":{"line":58,"column":23}},{"start":{"line":58,"column":23},"end":{"line":58,"column":62}}],"line":58},"9":{"loc":{"start":{"line":76,"column":2},"end":{"line":109,"column":null}},"type":"if","locations":[{"start":{"line":76,"column":2},"end":{"line":109,"column":null}},{"start":{},"end":{}}],"line":76},"10":{"loc":{"start":{"line":76,"column":6},"end":{"line":76,"column":45}},"type":"binary-expr","locations":[{"start":{"line":76,"column":6},"end":{"line":76,"column":27}},{"start":{"line":76,"column":27},"end":{"line":76,"column":45}}],"line":76},"11":{"loc":{"start":{"line":77,"column":22},"end":{"line":77,"column":null}},"type":"cond-expr","locations":[{"start":{"line":77,"column":31},"end":{"line":77,"column":57}},{"start":{"line":77,"column":57},"end":{"line":77,"column":null}}],"line":77},"12":{"loc":{"start":{"line":78,"column":4},"end":{"line":107,"column":null}},"type":"if","locations":[{"start":{"line":78,"column":4},"end":{"line":107,"column":null}},{"start":{"line":105,"column":11},"end":{"line":107,"column":null}}],"line":78},"13":{"loc":{"start":{"line":79,"column":31},"end":{"line":79,"column":78}},"type":"cond-expr","locations":[{"start":{"line":79,"column":41},"end":{"line":79,"column":76}},{"start":{"line":79,"column":76},"end":{"line":79,"column":78}}],"line":79},"14":{"loc":{"start":{"line":83,"column":27},"end":{"line":83,"column":null}},"type":"binary-expr","locations":[{"start":{"line":83,"column":27},"end":{"line":83,"column":60}},{"start":{"line":83,"column":60},"end":{"line":83,"column":null}}],"line":83},"15":{"loc":{"start":{"line":84,"column":24},"end":{"line":84,"column":null}},"type":"binary-expr","locations":[{"start":{"line":84,"column":24},"end":{"line":84,"column":54}},{"start":{"line":84,"column":54},"end":{"line":84,"column":null}}],"line":84},"16":{"loc":{"start":{"line":89,"column":23},"end":{"line":89,"column":null}},"type":"binary-expr","locations":[{"start":{"line":89,"column":23},"end":{"line":89,"column":56}},{"start":{"line":89,"column":56},"end":{"line":89,"column":null}}],"line":89},"17":{"loc":{"start":{"line":94,"column":8},"end":{"line":99,"column":null}},"type":"if","locations":[{"start":{"line":94,"column":8},"end":{"line":99,"column":null}},{"start":{},"end":{}}],"line":94},"18":{"loc":{"start":{"line":106,"column":30},"end":{"line":106,"column":77}},"type":"cond-expr","locations":[{"start":{"line":106,"column":40},"end":{"line":106,"column":75}},{"start":{"line":106,"column":75},"end":{"line":106,"column":77}}],"line":106},"19":{"loc":{"start":{"line":112,"column":2},"end":{"line":112,"column":null}},"type":"if","locations":[{"start":{"line":112,"column":2},"end":{"line":112,"column":null}},{"start":{},"end":{}}],"line":112},"20":{"loc":{"start":{"line":114,"column":20},"end":{"line":114,"column":null}},"type":"cond-expr","locations":[{"start":{"line":114,"column":29},"end":{"line":114,"column":55}},{"start":{"line":114,"column":55},"end":{"line":114,"column":null}}],"line":114},"21":{"loc":{"start":{"line":115,"column":2},"end":{"line":119,"column":null}},"type":"if","locations":[{"start":{"line":115,"column":2},"end":{"line":119,"column":null}},{"start":{"line":117,"column":9},"end":{"line":119,"column":null}}],"line":115},"22":{"loc":{"start":{"line":116,"column":28},"end":{"line":116,"column":75}},"type":"cond-expr","locations":[{"start":{"line":116,"column":38},"end":{"line":116,"column":73}},{"start":{"line":116,"column":73},"end":{"line":116,"column":75}}],"line":116},"23":{"loc":{"start":{"line":118,"column":29},"end":{"line":118,"column":76}},"type":"cond-expr","locations":[{"start":{"line":118,"column":39},"end":{"line":118,"column":74}},{"start":{"line":118,"column":74},"end":{"line":118,"column":76}}],"line":118}},"s":{"0":1,"1":1,"2":6,"3":6,"4":0,"5":0,"6":0,"7":0,"8":0,"9":0,"10":0,"11":0,"12":0,"13":10,"14":10,"15":0,"16":0,"17":0,"18":0,"19":0,"20":0,"21":10,"22":10,"23":10,"24":4,"25":4,"26":3,"27":3,"28":3,"29":3,"30":3,"31":3,"32":3,"33":3,"34":3,"35":3,"36":3,"37":3,"38":1,"39":4,"40":6,"41":0,"42":6,"43":10,"44":2,"45":4,"46":1,"47":11,"48":6,"49":11,"50":4,"51":2,"52":1,"53":3},"f":{"0":6,"1":10,"2":0,"3":10,"4":11,"5":6,"6":11,"7":4,"8":2,"9":1,"10":3},"b":{"0":[1,1,1],"1":[6,0],"2":[0,0],"3":[0,0],"4":[0,0],"5":[10,0],"6":[0,0],"7":[0,0],"8":[0,0],"9":[4,6],"10":[10,7],"11":[0,4],"12":[3,1],"13":[2,1],"14":[3,1],"15":[3,1],"16":[3,3],"17":[3,0],"18":[0,1],"19":[0,6],"20":[0,6],"21":[2,4],"22":[0,2],"23":[0,4]},"meta":{"lastBranch":24,"lastFunction":11,"lastStatement":54,"seen":{"s:18:19:18:Infinity":0,"s:21:15:21:Infinity":1,"b:21:15:21:49:21:49:21:64:21:64:21:Infinity":0,"f:23:9:23:28":0,"b:24:2:24:Infinity:undefined:undefined:undefined:undefined":1,"s:24:2:24:Infinity":2,"s:24:20:24:Infinity":3,"b:25:2:32:Infinity:undefined:undefined:undefined:undefined":2,"s:25:2:32:Infinity":4,"s:26:15:26:Infinity":5,"b:27:4:27:Infinity:undefined:undefined:undefined:undefined":3,"s:27:4:27:Infinity":6,"s:27:32:27:Infinity":7,"s:28:4:31:Infinity":8,"s:29:17:29:Infinity":9,"b:30:6:30:Infinity:undefined:undefined:undefined:undefined":4,"s:30:6:30:Infinity":10,"s:30:25:30:Infinity":11,"s:33:2:33:Infinity":12,"f:36:9:36:24":1,"s:37:16:42:Infinity":13,"b:40:20:40:43:40:43:40:Infinity":5,"s:44:2:44:Infinity":14,"f:47:9:47:26":2,"s:48:46:52:Infinity":15,"b:54:2:56:Infinity:undefined:undefined:undefined:undefined":6,"s:54:2:56:Infinity":16,"s:55:4:55:Infinity":17,"b:58:2:60:Infinity:undefined:undefined:undefined:undefined":7,"s:58:2:60:Infinity":18,"b:58:6:58:23:58:23:58:62":8,"s:59:4:59:Infinity":19,"s:62:2:62:Infinity":20,"f:65:9:65:13":3,"s:66:8:66:Infinity":21,"s:67:26:73:Infinity":22,"b:76:2:109:Infinity:undefined:undefined:undefined:undefined":9,"s:76:2:109:Infinity":23,"b:76:6:76:27:76:27:76:45":10,"s:77:22:77:Infinity":24,"b:77:31:77:57:77:57:77:Infinity":11,"b:78:4:107:Infinity:105:11:107:Infinity":12,"s:78:4:107:Infinity":25,"s:79:6:79:Infinity":26,"b:79:41:79:76:79:76:79:78":13,"s:82:6:104:Infinity":27,"s:83:27:83:Infinity":28,"b:83:27:83:60:83:60:83:Infinity":14,"s:84:24:84:Infinity":29,"b:84:24:84:54:84:54:84:Infinity":15,"s:85:26:85:Infinity":30,"s:87:52:91:Infinity":31,"b:89:23:89:56:89:56:89:Infinity":16,"b:94:8:99:Infinity:undefined:undefined:undefined:undefined":17,"s:94:8:99:Infinity":32,"s:95:10:95:Infinity":33,"s:96:10:96:Infinity":34,"s:97:10:97:Infinity":35,"s:98:10:98:Infinity":36,"s:101:8:101:Infinity":37,"s:106:6:106:Infinity":38,"b:106:40:106:75:106:75:106:77":18,"s:108:4:108:Infinity":39,"b:112:2:112:Infinity:undefined:undefined:undefined:undefined":19,"s:112:2:112:Infinity":40,"s:112:18:112:Infinity":41,"s:114:20:114:Infinity":42,"b:114:29:114:55:114:55:114:Infinity":20,"b:115:2:119:Infinity:117:9:119:Infinity":21,"s:115:2:119:Infinity":43,"s:116:4:116:Infinity":44,"b:116:38:116:73:116:73:116:75":22,"s:118:4:118:Infinity":45,"b:118:39:118:74:118:74:118:76":23,"s:122:22:171:Infinity":46,"f:126:2:126:13":4,"s:127:4:127:Infinity":47,"f:133:2:133:22":5,"s:134:4:134:Infinity":48,"f:140:2:140:23":6,"s:141:4:141:Infinity":49,"f:147:2:147:8":7,"s:148:4:148:Infinity":50,"f:154:2:154:7":8,"s:155:4:155:Infinity":51,"f:161:2:161:7":9,"s:162:4:162:Infinity":52,"f:168:2:168:8":10,"s:169:4:169:Infinity":53}}}
}
