TN:
SF:src/analytics/errorTracking.ts
FN:17,sanitizeError
FN:32,(anonymous_1)
FN:46,trackError
FN:106,trackInteraction
FN:131,trackPerformance
FNF:5
FNH:5
FNDA:4,sanitizeError
FNDA:21,(anonymous_1)
FNDA:4,trackError
FNDA:2,trackInteraction
FNDA:2,trackPerformance
DA:18,4
DA:19,3
DA:22,3
DA:32,3
DA:33,21
DA:36,3
DA:39,1
DA:50,4
DA:51,4
DA:52,4
DA:55,4
DA:62,4
DA:63,3
DA:67,4
DA:68,4
DA:69,4
DA:70,4
DA:71,4
DA:75,4
DA:80,4
DA:83,4
DA:89,4
DA:90,3
DA:93,4
DA:94,4
DA:95,4
DA:96,0
DA:97,0
DA:99,0
DA:111,2
DA:113,2
DA:120,2
DA:121,2
DA:124,2
DA:125,2
DA:137,2
DA:139,2
DA:146,2
LF:38
LH:35
BRDA:18,0,0,3
BRDA:18,0,1,1
BRDA:48,1,0,4
BRDA:51,2,0,3
BRDA:51,2,1,1
BRDA:52,3,0,3
BRDA:52,3,1,1
BRDA:62,4,0,3
BRDA:62,4,1,1
BRDA:67,5,0,4
BRDA:67,5,1,0
BRDA:75,6,0,4
BRDA:75,6,1,0
BRDA:76,7,0,4
BRDA:76,7,1,0
BRDA:89,8,0,3
BRDA:89,8,1,1
BRDA:93,9,0,4
BRDA:93,9,1,4
BRDA:94,10,0,4
BRDA:94,10,1,0
BRDA:95,11,0,4
BRDA:95,11,1,0
BRDA:95,12,0,4
BRDA:95,12,1,0
BRDA:96,13,0,0
BRDA:96,13,1,0
BRDA:97,14,0,0
BRDA:97,14,1,0
BRDA:97,15,0,0
BRDA:97,15,1,0
BRDA:99,16,0,0
BRDA:99,16,1,0
BRDA:99,17,0,0
BRDA:99,17,1,0
BRDA:109,18,0,2
BRDA:120,19,0,2
BRDA:120,19,1,0
BRDA:134,20,0,2
BRDA:135,21,0,2
BRF:40
BRH:23
end_of_record
TN:
SF:src/analytics/posthog.ts
FN:10,initPosthog
FN:40,getPosthog
FN:45,capture
FN:50,identify
FN:55,isReady
FNF:5
FNH:2
FNDA:0,initPosthog
FNDA:3,getPosthog
FNDA:3,capture
FNDA:0,identify
FNDA:0,isReady
DA:1,1
DA:2,1
DA:11,0
DA:14,0
DA:15,0
DA:16,0
DA:19,0
DA:20,0
DA:21,0
DA:22,0
DA:23,0
DA:25,0
DA:26,0
DA:27,0
DA:28,0
DA:29,0
DA:30,0
DA:31,0
DA:33,0
DA:34,0
DA:36,0
DA:37,0
DA:41,3
DA:42,3
DA:46,3
DA:47,3
DA:51,0
DA:52,0
DA:56,0
LF:29
LH:6
BRDA:11,0,0,0
BRDA:11,0,1,0
BRDA:14,1,0,0
BRDA:14,1,1,0
BRDA:14,2,0,0
BRDA:14,2,1,0
BRDA:19,3,0,0
BRDA:19,3,1,0
BRDA:19,4,0,0
BRDA:19,4,1,0
BRDA:20,5,0,0
BRDA:20,5,1,0
BRDA:26,6,0,0
BRDA:26,6,1,0
BRDA:26,7,0,0
BRDA:26,7,1,0
BRDA:27,8,0,0
BRDA:27,8,1,0
BRDA:29,9,0,0
BRDA:29,9,1,0
BRDA:29,10,0,0
BRDA:29,10,1,0
BRDA:30,11,0,0
BRDA:30,11,1,0
BRDA:41,12,0,0
BRDA:41,12,1,3
BRDA:41,13,0,3
BRDA:41,13,1,3
BRDA:47,14,0,0
BRDA:47,14,1,3
BRDA:47,15,0,3
BRDA:47,15,1,0
BRDA:47,16,0,0
BRDA:47,16,1,0
BRDA:52,17,0,0
BRDA:52,17,1,0
BRDA:52,18,0,0
BRDA:52,18,1,0
BRDA:52,19,0,0
BRDA:52,19,1,0
BRDA:56,20,0,0
BRDA:56,20,1,0
BRDA:56,20,2,0
BRF:43
BRH:5
end_of_record
TN:
SF:src/storage/indexedStore.ts
FN:6,createLocal
FN:8,(anonymous_1)
FN:12,(anonymous_2)
FN:19,createIndexed
FN:20,(anonymous_4)
FN:23,(anonymous_5)
FN:27,(anonymous_6)
FN:30,(anonymous_7)
FN:31,(anonymous_8)
FN:35,(anonymous_9)
FN:36,(anonymous_10)
FN:39,(anonymous_11)
FN:40,(anonymous_12)
FN:44,(anonymous_13)
FN:45,(anonymous_14)
FN:50,(anonymous_15)
FN:56,getStore
FN:61,storeSet
FN:66,storeGet
FNF:19
FNH:8
FNDA:1,createLocal
FNDA:4,(anonymous_1)
FNDA:4,(anonymous_2)
FNDA:1,createIndexed
FNDA:1,(anonymous_4)
FNDA:0,(anonymous_5)
FNDA:0,(anonymous_6)
FNDA:0,(anonymous_7)
FNDA:0,(anonymous_8)
FNDA:0,(anonymous_9)
FNDA:0,(anonymous_10)
FNDA:0,(anonymous_11)
FNDA:0,(anonymous_12)
FNDA:0,(anonymous_13)
FNDA:0,(anonymous_14)
FNDA:0,(anonymous_15)
FNDA:8,getStore
FNDA:4,storeSet
FNDA:4,storeGet
DA:7,1
DA:9,4
DA:10,4
DA:13,4
DA:14,4
DA:20,1
DA:21,1
DA:22,0
DA:23,0
DA:24,0
DA:25,0
DA:27,0
DA:28,0
DA:29,0
DA:31,0
DA:32,0
DA:33,0
DA:34,0
DA:35,0
DA:36,0
DA:40,0
DA:41,0
DA:42,0
DA:43,0
DA:44,0
DA:45,0
DA:50,0
DA:54,1
DA:57,8
DA:58,8
DA:62,4
DA:63,4
DA:67,4
DA:68,4
LF:34
LH:14
BRDA:9,0,0,0
BRDA:9,0,1,4
BRDA:13,1,0,0
BRDA:13,1,1,4
BRDA:21,2,0,1
BRDA:21,2,1,0
BRDA:25,3,0,0
BRDA:25,3,1,0
BRDA:35,4,0,0
BRDA:35,4,1,0
BRDA:57,5,0,1
BRDA:57,5,1,7
BRF:12
BRH:5
end_of_record
TN:
SF:src/utils/logger.ts
FN:23,isDebug
FN:36,formatLogEntry
FN:47,formatStructured
FN:65,log
FN:126,(anonymous_4)
FN:133,(anonymous_5)
FN:140,(anonymous_6)
FN:147,(anonymous_7)
FN:154,(anonymous_8)
FN:161,(anonymous_9)
FN:168,(anonymous_10)
FNF:11
FNH:10
FNDA:6,isDebug
FNDA:10,formatLogEntry
FNDA:0,formatStructured
FNDA:10,log
FNDA:11,(anonymous_4)
FNDA:6,(anonymous_5)
FNDA:11,(anonymous_6)
FNDA:4,(anonymous_7)
FNDA:2,(anonymous_8)
FNDA:1,(anonymous_9)
FNDA:3,(anonymous_10)
DA:18,1
DA:21,1
DA:24,6
DA:25,0
DA:26,0
DA:27,0
DA:28,0
DA:29,0
DA:30,0
DA:33,0
DA:37,10
DA:44,10
DA:48,0
DA:54,0
DA:55,0
DA:58,0
DA:59,0
DA:62,0
DA:66,10
DA:67,10
DA:76,10
DA:77,4
DA:78,4
DA:79,3
DA:82,3
DA:83,3
DA:84,3
DA:85,3
DA:87,3
DA:94,3
DA:95,3
DA:96,3
DA:97,3
DA:98,3
DA:101,3
DA:106,1
DA:108,4
DA:112,6
DA:114,6
DA:115,10
DA:116,2
DA:118,4
DA:122,1
DA:127,11
DA:134,6
DA:141,11
DA:148,4
DA:155,2
DA:162,1
DA:169,3
LF:50
LH:37
BRDA:21,0,0,1
BRDA:21,0,1,1
BRDA:21,0,2,1
BRDA:24,1,0,6
BRDA:24,1,1,0
BRDA:25,2,0,0
BRDA:25,2,1,0
BRDA:27,3,0,0
BRDA:27,3,1,0
BRDA:30,4,0,0
BRDA:30,4,1,0
BRDA:40,5,0,10
BRDA:40,5,1,0
BRDA:54,6,0,0
BRDA:54,6,1,0
BRDA:58,7,0,0
BRDA:58,7,1,0
BRDA:58,8,0,0
BRDA:58,8,1,0
BRDA:76,9,0,4
BRDA:76,9,1,6
BRDA:76,10,0,10
BRDA:76,10,1,7
BRDA:77,11,0,0
BRDA:77,11,1,4
BRDA:78,12,0,3
BRDA:78,12,1,1
BRDA:79,13,0,2
BRDA:79,13,1,1
BRDA:83,14,0,3
BRDA:83,14,1,1
BRDA:84,15,0,3
BRDA:84,15,1,1
BRDA:89,16,0,3
BRDA:89,16,1,3
BRDA:94,17,0,3
BRDA:94,17,1,0
BRDA:106,18,0,0
BRDA:106,18,1,1
BRDA:112,19,0,0
BRDA:112,19,1,6
BRDA:114,20,0,0
BRDA:114,20,1,6
BRDA:115,21,0,2
BRDA:115,21,1,4
BRDA:116,22,0,0
BRDA:116,22,1,2
BRDA:118,23,0,0
BRDA:118,23,1,4
BRF:49
BRH:28
end_of_record
