TN:
SF:src/analytics/auto.ts
FN:12,textOf
FN:17,propsFrom
FN:40,isClickable
FN:53,isChangeTarget
FN:63,onChange
FN:84,onClick
FN:97,capturePage
FN:104,enablePageviews
FN:108,(anonymous_8)
FN:113,(anonymous_9)
FN:118,(anonymous_10)
FN:121,enableAutoTracking
FN:128,(anonymous_12)
FN:130,(anonymous_13)
FNF:14
FNH:13
FNDA:34,textOf
FNDA:34,propsFrom
FNDA:20,isClickable
FNDA:20,isChangeTarget
FNDA:28,onChange
FNDA:26,onClick
FNDA:9,capturePage
FNDA:3,enablePageviews
FNDA:3,(anonymous_8)
FNDA:0,(anonymous_9)
FNDA:3,(anonymous_10)
FNDA:20,enableAutoTracking
FNDA:26,(anonymous_12)
FNDA:28,(anonymous_13)
DA:10,4
DA:13,34
DA:14,34
DA:18,34
DA:19,34
DA:20,40
DA:21,34
DA:22,34
DA:23,34
DA:24,34
DA:25,34
DA:26,34
DA:27,34
DA:41,20
DA:42,20
DA:43,4
DA:44,4
DA:45,4
DA:46,2
DA:47,2
DA:48,2
DA:50,2
DA:54,20
DA:55,20
DA:56,16
DA:57,16
DA:58,16
DA:60,0
DA:64,28
DA:65,28
DA:66,28
DA:67,28
DA:68,28
DA:69,20
DA:70,16
DA:71,28
DA:72,28
DA:73,28
DA:74,28
DA:76,12
DA:77,12
DA:78,4
DA:80,16
DA:81,28
DA:85,26
DA:86,26
DA:87,26
DA:88,26
DA:89,26
DA:90,26
DA:91,20
DA:92,18
DA:93,26
DA:94,26
DA:98,9
DA:105,3
DA:106,3
DA:107,3
DA:108,3
DA:109,3
DA:110,3
DA:111,3
DA:113,3
DA:114,0
DA:115,0
DA:116,0
DA:118,3
DA:122,20
DA:123,4
DA:124,4
DA:125,20
DA:126,20
DA:127,20
DA:128,26
DA:129,4
DA:130,28
LF:76
LH:72
BRDA:13,0,0,34
BRDA:13,0,1,34
BRDA:13,0,2,22
BRDA:19,1,0,34
BRDA:19,1,1,0
BRDA:22,2,0,34
BRDA:22,2,1,32
BRDA:23,3,0,34
BRDA:23,3,1,28
BRDA:23,3,2,28
BRDA:24,4,0,34
BRDA:24,4,1,30
BRDA:24,4,2,30
BRDA:25,5,0,34
BRDA:25,5,1,30
BRDA:26,6,0,34
BRDA:26,6,1,30
BRDA:34,7,0,34
BRDA:34,7,1,0
BRDA:36,8,0,34
BRDA:36,8,1,0
BRDA:42,9,0,16
BRDA:42,9,1,4
BRDA:42,10,0,20
BRDA:42,10,1,6
BRDA:42,10,2,4
BRDA:43,11,0,0
BRDA:43,11,1,4
BRDA:45,12,0,2
BRDA:45,12,1,2
BRDA:45,13,0,4
BRDA:45,13,1,2
BRDA:45,13,2,2
BRDA:46,14,0,2
BRDA:46,14,1,0
BRDA:48,15,0,0
BRDA:48,15,1,2
BRDA:55,16,0,4
BRDA:55,16,1,16
BRDA:56,17,0,16
BRDA:56,17,1,0
BRDA:58,18,0,16
BRDA:58,18,1,12
BRDA:58,18,2,8
BRDA:58,18,3,8
BRDA:65,19,0,0
BRDA:65,19,1,28
BRDA:66,20,0,28
BRDA:66,20,1,4
BRDA:68,21,0,8
BRDA:68,21,1,20
BRDA:69,22,0,4
BRDA:69,22,1,16
BRDA:69,23,0,20
BRDA:69,23,1,8
BRDA:70,24,0,16
BRDA:70,24,1,16
BRDA:71,25,0,28
BRDA:71,25,1,0
BRDA:74,26,0,4
BRDA:74,26,1,12
BRDA:74,27,0,12
BRDA:74,27,1,0
BRDA:77,28,0,8
BRDA:77,28,1,4
BRDA:77,29,0,12
BRDA:77,29,1,8
BRDA:80,30,0,16
BRDA:80,30,1,16
BRDA:80,30,2,16
BRDA:86,31,0,0
BRDA:86,31,1,26
BRDA:87,32,0,26
BRDA:87,32,1,2
BRDA:87,32,2,2
BRDA:88,33,0,0
BRDA:88,33,1,26
BRDA:90,34,0,6
BRDA:90,34,1,20
BRDA:91,35,0,2
BRDA:91,35,1,18
BRDA:92,36,0,18
BRDA:92,36,1,16
BRDA:93,37,0,26
BRDA:93,37,1,0
BRDA:121,38,0,20
BRDA:122,39,0,16
BRDA:122,39,1,4
BRDA:122,40,0,20
BRDA:122,40,1,19
BRDA:124,41,0,4
BRDA:124,41,1,4
BRDA:128,42,0,4
BRDA:128,42,1,16
BRDA:129,43,0,3
BRDA:129,43,1,1
BRDA:130,44,0,4
BRDA:130,44,1,0
BRF:98
BRH:84
end_of_record
TN:
SF:src/analytics/errorTracking.ts
FN:17,sanitizeError
FN:32,(anonymous_1)
FN:46,trackError
FN:106,trackInteraction
FN:131,trackPerformance
FNF:5
FNH:5
FNDA:4,sanitizeError
FNDA:21,(anonymous_1)
FNDA:4,trackError
FNDA:2,trackInteraction
FNDA:2,trackPerformance
DA:18,4
DA:19,3
DA:22,3
DA:32,3
DA:33,21
DA:36,3
DA:39,1
DA:50,4
DA:51,4
DA:52,4
DA:55,4
DA:62,4
DA:63,3
DA:67,4
DA:68,4
DA:69,4
DA:70,4
DA:71,4
DA:75,4
DA:80,4
DA:83,4
DA:89,4
DA:90,3
DA:93,4
DA:94,4
DA:95,4
DA:96,0
DA:97,0
DA:99,0
DA:111,2
DA:113,2
DA:120,2
DA:121,2
DA:124,2
DA:125,2
DA:137,2
DA:139,2
DA:146,2
LF:38
LH:35
BRDA:18,0,0,3
BRDA:18,0,1,1
BRDA:48,1,0,4
BRDA:51,2,0,3
BRDA:51,2,1,1
BRDA:52,3,0,3
BRDA:52,3,1,1
BRDA:62,4,0,3
BRDA:62,4,1,1
BRDA:67,5,0,4
BRDA:67,5,1,0
BRDA:75,6,0,4
BRDA:75,6,1,0
BRDA:76,7,0,4
BRDA:76,7,1,0
BRDA:89,8,0,3
BRDA:89,8,1,1
BRDA:93,9,0,4
BRDA:93,9,1,4
BRDA:94,10,0,4
BRDA:94,10,1,0
BRDA:95,11,0,4
BRDA:95,11,1,0
BRDA:95,12,0,4
BRDA:95,12,1,0
BRDA:96,13,0,0
BRDA:96,13,1,0
BRDA:97,14,0,0
BRDA:97,14,1,0
BRDA:97,15,0,0
BRDA:97,15,1,0
BRDA:99,16,0,0
BRDA:99,16,1,0
BRDA:99,17,0,0
BRDA:99,17,1,0
BRDA:109,18,0,2
BRDA:120,19,0,2
BRDA:120,19,1,0
BRDA:134,20,0,2
BRDA:135,21,0,2
BRF:40
BRH:23
end_of_record
TN:
SF:src/analytics/posthog.ts
FN:10,initPosthog
FN:40,getPosthog
FN:45,capture
FN:50,identify
FN:55,isReady
FNF:5
FNH:5
FNDA:15,initPosthog
FNDA:50,getPosthog
FNDA:43,capture
FNDA:4,identify
FNDA:3,isReady
DA:1,8
DA:2,8
DA:11,15
DA:14,14
DA:15,2
DA:16,2
DA:19,12
DA:20,11
DA:21,11
DA:22,11
DA:23,11
DA:25,1
DA:26,1
DA:27,1
DA:28,1
DA:29,0
DA:30,0
DA:31,0
DA:33,0
DA:34,0
DA:36,1
DA:37,1
DA:41,50
DA:42,43
DA:46,43
DA:47,43
DA:51,4
DA:52,4
DA:56,3
LF:29
LH:24
BRDA:11,0,0,1
BRDA:11,0,1,14
BRDA:14,1,0,2
BRDA:14,1,1,12
BRDA:14,2,0,14
BRDA:14,2,1,13
BRDA:19,3,0,11
BRDA:19,3,1,1
BRDA:19,4,0,12
BRDA:19,4,1,11
BRDA:20,5,0,11
BRDA:20,5,1,10
BRDA:26,6,0,1
BRDA:26,6,1,0
BRDA:26,7,0,1
BRDA:26,7,1,1
BRDA:27,8,0,1
BRDA:27,8,1,1
BRDA:29,9,0,0
BRDA:29,9,1,0
BRDA:29,10,0,0
BRDA:29,10,1,0
BRDA:30,11,0,0
BRDA:30,11,1,0
BRDA:41,12,0,7
BRDA:41,12,1,43
BRDA:41,13,0,50
BRDA:41,13,1,50
BRDA:47,14,0,3
BRDA:47,14,1,40
BRDA:47,15,0,43
BRDA:47,15,1,4
BRDA:47,16,0,3
BRDA:47,16,1,2
BRDA:52,17,0,3
BRDA:52,17,1,1
BRDA:52,18,0,4
BRDA:52,18,1,4
BRDA:52,19,0,3
BRDA:52,19,1,2
BRDA:56,20,0,3
BRDA:56,20,1,1
BRDA:56,20,2,1
BRF:43
BRH:36
end_of_record
TN:
SF:src/storage/indexedStore.ts
FN:6,createLocal
FN:8,(anonymous_1)
FN:12,(anonymous_2)
FN:19,createIndexed
FN:20,(anonymous_4)
FN:23,(anonymous_5)
FN:27,(anonymous_6)
FN:30,(anonymous_7)
FN:31,(anonymous_8)
FN:35,(anonymous_9)
FN:36,(anonymous_10)
FN:39,(anonymous_11)
FN:40,(anonymous_12)
FN:44,(anonymous_13)
FN:45,(anonymous_14)
FN:50,(anonymous_15)
FN:56,getStore
FN:61,storeSet
FN:66,storeGet
FNF:19
FNH:13
FNDA:2,createLocal
FNDA:8,(anonymous_1)
FNDA:7,(anonymous_2)
FNDA:4,createIndexed
FNDA:4,(anonymous_4)
FNDA:0,(anonymous_5)
FNDA:3,(anonymous_6)
FNDA:1,(anonymous_7)
FNDA:1,(anonymous_8)
FNDA:0,(anonymous_9)
FNDA:1,(anonymous_10)
FNDA:0,(anonymous_11)
FNDA:0,(anonymous_12)
FNDA:0,(anonymous_13)
FNDA:0,(anonymous_14)
FNDA:1,(anonymous_15)
FNDA:18,getStore
FNDA:6,storeSet
FNDA:8,storeGet
DA:7,2
DA:9,8
DA:10,6
DA:13,7
DA:14,6
DA:20,4
DA:21,4
DA:22,3
DA:23,3
DA:24,0
DA:25,0
DA:27,3
DA:28,3
DA:29,3
DA:31,1
DA:32,1
DA:33,1
DA:34,1
DA:35,1
DA:36,1
DA:40,0
DA:41,0
DA:42,0
DA:43,0
DA:44,0
DA:45,0
DA:50,3
DA:54,4
DA:57,18
DA:58,18
DA:62,6
DA:63,6
DA:67,8
DA:68,8
LF:34
LH:26
BRDA:9,0,0,2
BRDA:9,0,1,6
BRDA:13,1,0,1
BRDA:13,1,1,6
BRDA:21,2,0,1
BRDA:21,2,1,3
BRDA:25,3,0,0
BRDA:25,3,1,0
BRDA:35,4,0,0
BRDA:35,4,1,0
BRDA:57,5,0,4
BRDA:57,5,1,14
BRF:12
BRH:8
end_of_record
TN:
SF:src/utils/cssVars.ts
FN:1,getCssVar
FN:8,(anonymous_1)
FN:9,(anonymous_2)
FN:10,(anonymous_3)
FN:11,(anonymous_4)
FN:12,(anonymous_5)
FN:13,(anonymous_6)
FN:14,(anonymous_7)
FN:15,(anonymous_8)
FN:16,(anonymous_9)
FN:17,(anonymous_10)
FN:18,(anonymous_11)
FN:19,(anonymous_12)
FN:20,(anonymous_13)
FNF:14
FNH:14
FNDA:18,getCssVar
FNDA:2,(anonymous_1)
FNDA:1,(anonymous_2)
FNDA:1,(anonymous_3)
FNDA:1,(anonymous_4)
FNDA:1,(anonymous_5)
FNDA:1,(anonymous_6)
FNDA:1,(anonymous_7)
FNDA:1,(anonymous_8)
FNDA:1,(anonymous_9)
FNDA:1,(anonymous_10)
FNDA:1,(anonymous_11)
FNDA:1,(anonymous_12)
FNDA:1,(anonymous_13)
DA:2,18
DA:3,17
DA:4,17
DA:7,1
DA:8,2
DA:9,1
DA:10,1
DA:11,1
DA:12,1
DA:13,1
DA:14,1
DA:15,1
DA:16,1
DA:17,1
DA:18,1
DA:19,1
DA:20,1
LF:17
LH:17
BRDA:2,0,0,1
BRDA:2,0,1,17
BRF:2
BRH:2
end_of_record
TN:
SF:src/utils/logger.ts
FN:23,isDebug
FN:36,formatLogEntry
FN:47,formatStructured
FN:65,log
FN:126,(anonymous_4)
FN:133,(anonymous_5)
FN:140,(anonymous_6)
FN:147,(anonymous_7)
FN:154,(anonymous_8)
FN:161,(anonymous_9)
FN:168,(anonymous_10)
FNF:11
FNH:10
FNDA:12,isDebug
FNDA:23,formatLogEntry
FNDA:0,formatStructured
FNDA:23,log
FNDA:25,(anonymous_4)
FNDA:8,(anonymous_5)
FNDA:28,(anonymous_6)
FNDA:8,(anonymous_7)
FNDA:4,(anonymous_8)
FNDA:1,(anonymous_9)
FNDA:10,(anonymous_10)
DA:18,1
DA:21,1
DA:24,12
DA:25,4
DA:26,4
DA:27,4
DA:28,3
DA:29,3
DA:30,4
DA:33,2
DA:37,23
DA:44,23
DA:48,0
DA:54,0
DA:55,0
DA:58,0
DA:59,0
DA:62,0
DA:66,23
DA:67,23
DA:76,23
DA:77,11
DA:78,11
DA:79,10
DA:82,10
DA:83,10
DA:84,10
DA:85,10
DA:87,10
DA:94,10
DA:95,10
DA:96,10
DA:97,10
DA:98,10
DA:101,10
DA:106,1
DA:108,11
DA:112,12
DA:114,12
DA:115,23
DA:116,4
DA:118,8
DA:122,1
DA:127,25
DA:134,8
DA:141,28
DA:148,8
DA:155,4
DA:162,1
DA:169,10
LF:50
LH:44
BRDA:21,0,0,1
BRDA:21,0,1,1
BRDA:21,0,2,1
BRDA:24,1,0,8
BRDA:24,1,1,4
BRDA:25,2,0,4
BRDA:25,2,1,0
BRDA:27,3,0,1
BRDA:27,3,1,3
BRDA:30,4,0,1
BRDA:30,4,1,3
BRDA:40,5,0,23
BRDA:40,5,1,0
BRDA:54,6,0,0
BRDA:54,6,1,0
BRDA:58,7,0,0
BRDA:58,7,1,0
BRDA:58,8,0,0
BRDA:58,8,1,0
BRDA:76,9,0,11
BRDA:76,9,1,12
BRDA:76,10,0,23
BRDA:76,10,1,13
BRDA:77,11,0,0
BRDA:77,11,1,11
BRDA:78,12,0,10
BRDA:78,12,1,1
BRDA:79,13,0,7
BRDA:79,13,1,3
BRDA:83,14,0,10
BRDA:83,14,1,4
BRDA:84,15,0,10
BRDA:84,15,1,4
BRDA:89,16,0,10
BRDA:89,16,1,9
BRDA:94,17,0,10
BRDA:94,17,1,0
BRDA:106,18,0,0
BRDA:106,18,1,1
BRDA:112,19,0,0
BRDA:112,19,1,12
BRDA:114,20,0,0
BRDA:114,20,1,12
BRDA:115,21,0,4
BRDA:115,21,1,8
BRDA:116,22,0,1
BRDA:116,22,1,3
BRDA:118,23,0,0
BRDA:118,23,1,8
BRF:49
BRH:35
end_of_record
